2025-05-29 03:48:45 - INFO - Обробка URL: https://www.olx.pl/elektronika/sprzet-audio/glosniki-i-kolumny/q-magnat/?courier=1, JSON: magnat.json, Thread ID: 2
2025-05-29 03:48:45 - INFO - Знайдено старих оголошень: 638
2025-05-29 03:48:57 - INFO - Last page 4 is the same as this page. Stopping.
2025-05-29 03:48:57 - INFO - Знайдено актуальних оголошень: 0
2025-05-29 03:48:57 - INFO - ✅ HTML файл збережено: magnat.html
2025-05-29 03:48:57 - INFO - Обробка URL: https://www.olx.pl/elektronika/sprzet-audio/q-wzmaczniacz/?courier=1, JSON: wzmaczniacz.json, Thread ID: 5
2025-05-29 03:48:57 - INFO - Знайдено старих оголошень: 241
2025-05-29 03:49:14 - INFO - Знайдено актуальних оголошень: 0
2025-05-29 03:49:14 - INFO - ✅ HTML файл збережено: wzmaczniacz.html
2025-05-29 06:37:22 - INFO - Обробка URL: https://www.olx.pl/elektronika/sprzet-audio/glosniki-i-kolumny/q-magnat/?courier=1, JSON: magnat.json, Thread ID: 2
2025-05-29 06:37:22 - INFO - Знайдено старих оголошень: 638
2025-05-29 06:37:33 - INFO - Last page 4 is the same as this page. Stopping.
2025-05-29 06:37:33 - INFO - Знайдено актуальних оголошень: 0
2025-05-29 06:37:33 - INFO - ✅ HTML файл збережено: magnat.html
2025-05-29 06:37:33 - INFO - Обробка URL: https://www.olx.pl/elektronika/sprzet-audio/q-wzmaczniacz/?courier=1, JSON: wzmaczniacz.json, Thread ID: 5
2025-05-29 06:37:33 - INFO - Знайдено старих оголошень: 241
2025-05-29 06:37:48 - INFO - Знайдено актуальних оголошень: 0
2025-05-29 06:37:48 - INFO - ✅ HTML файл збережено: wzmaczniacz.html
2025-05-29 07:25:33 - INFO - Обробка URL: https://www.olx.pl/elektronika/sprzet-audio/glosniki-i-kolumny/q-magnat/?courier=1, JSON: magnat.json, Thread ID: 2
2025-05-29 07:25:33 - INFO - Знайдено старих оголошень: 638
2025-05-29 07:25:44 - INFO - Last page 4 is the same as this page. Stopping.
2025-05-29 07:25:44 - INFO - Знайдено актуальних оголошень: 0
2025-05-29 07:25:44 - INFO - ✅ HTML файл збережено: magnat.html
2025-05-29 07:25:44 - INFO - Обробка URL: https://www.olx.pl/elektronika/sprzet-audio/q-wzmaczniacz/?courier=1, JSON: wzmaczniacz.json, Thread ID: 5
2025-05-29 07:25:44 - INFO - Знайдено старих оголошень: 241
2025-05-29 07:25:59 - INFO - Знайдено актуальних оголошень: 0
2025-05-29 07:26:00 - INFO - ✅ HTML файл збережено: wzmaczniacz.html
2025-05-29 08:34:16 - INFO - Обробка URL: https://www.olx.pl/elektronika/sprzet-audio/glosniki-i-kolumny/q-magnat/?courier=1, JSON: magnat.json, Thread ID: 2
2025-05-29 08:34:16 - INFO - Знайдено старих оголошень: 638
2025-05-29 08:34:28 - INFO - Last page 4 is the same as this page. Stopping.
2025-05-29 08:34:28 - INFO - Знайдено актуальних оголошень: 0
2025-05-29 08:34:28 - INFO - ✅ HTML файл збережено: magnat.html
2025-05-29 08:34:28 - INFO - Обробка URL: https://www.olx.pl/elektronika/sprzet-audio/q-wzmaczniacz/?courier=1, JSON: wzmaczniacz.json, Thread ID: 5
2025-05-29 08:34:28 - INFO - Знайдено старих оголошень: 241
2025-05-29 08:34:44 - INFO - Знайдено актуальних оголошень: 0
2025-05-29 08:34:44 - INFO - ✅ HTML файл збережено: wzmaczniacz.html
