2025-06-03 03:49:49 - INFO - Обробка URL: https://www.olx.pl/elektronika/sprzet-audio/glosniki-i-kolumny/q-magnat/?courier=1, JSON: magnat.json, Thread ID: 2
2025-06-03 03:49:49 - INFO - Знайдено старих оголошень: 648
2025-06-03 03:50:01 - INFO - Last page 4 is the same as this page. Stopping.
2025-06-03 03:50:01 - INFO - Знайдено актуальних оголошень: 0
2025-06-03 03:50:01 - INFO - ✅ HTML файл збережено: magnat.html
2025-06-03 03:50:01 - INFO - Обробка URL: https://www.olx.pl/elektronika/sprzet-audio/q-wzmaczniacz/?courier=1, JSON: wzmaczniacz.json, Thread ID: 5
2025-06-03 03:50:01 - INFO - Знайдено старих оголошень: 257
2025-06-03 03:50:16 - INFO - Знайдено актуальних оголошень: 0
2025-06-03 03:50:16 - INFO - ✅ HTML файл збережено: wzmaczniacz.html
2025-06-03 06:38:54 - INFO - Обробка URL: https://www.olx.pl/elektronika/sprzet-audio/glosniki-i-kolumny/q-magnat/?courier=1, JSON: magnat.json, Thread ID: 2
2025-06-03 06:38:54 - INFO - Знайдено старих оголошень: 648
2025-06-03 06:39:05 - INFO - Last page 4 is the same as this page. Stopping.
2025-06-03 06:39:05 - INFO - Знайдено актуальних оголошень: 0
2025-06-03 06:39:05 - INFO - ✅ HTML файл збережено: magnat.html
2025-06-03 06:39:05 - INFO - Обробка URL: https://www.olx.pl/elektronika/sprzet-audio/q-wzmaczniacz/?courier=1, JSON: wzmaczniacz.json, Thread ID: 5
2025-06-03 06:39:05 - INFO - Знайдено старих оголошень: 257
2025-06-03 06:39:20 - INFO - Знайдено актуальних оголошень: 0
2025-06-03 06:39:20 - INFO - ✅ HTML файл збережено: wzmaczniacz.html
2025-06-03 07:26:51 - INFO - Обробка URL: https://www.olx.pl/elektronika/sprzet-audio/glosniki-i-kolumny/q-magnat/?courier=1, JSON: magnat.json, Thread ID: 2
2025-06-03 07:26:51 - INFO - Знайдено старих оголошень: 648
2025-06-03 07:27:03 - INFO - Last page 4 is the same as this page. Stopping.
2025-06-03 07:27:03 - INFO - Знайдено актуальних оголошень: 0
2025-06-03 07:27:03 - INFO - ✅ HTML файл збережено: magnat.html
2025-06-03 07:27:03 - INFO - Обробка URL: https://www.olx.pl/elektronika/sprzet-audio/q-wzmaczniacz/?courier=1, JSON: wzmaczniacz.json, Thread ID: 5
2025-06-03 07:27:03 - INFO - Знайдено старих оголошень: 257
2025-06-03 07:27:19 - INFO - Знайдено актуальних оголошень: 0
2025-06-03 07:27:19 - INFO - ✅ HTML файл збережено: wzmaczniacz.html
2025-06-03 08:35:53 - INFO - Обробка URL: https://www.olx.pl/elektronika/sprzet-audio/glosniki-i-kolumny/q-magnat/?courier=1, JSON: magnat.json, Thread ID: 2
2025-06-03 08:35:53 - INFO - Знайдено старих оголошень: 648
2025-06-03 08:36:05 - INFO - Last page 4 is the same as this page. Stopping.
2025-06-03 08:36:05 - INFO - Знайдено актуальних оголошень: 0
2025-06-03 08:36:05 - INFO - ✅ HTML файл збережено: magnat.html
2025-06-03 08:36:05 - INFO - Обробка URL: https://www.olx.pl/elektronika/sprzet-audio/q-wzmaczniacz/?courier=1, JSON: wzmaczniacz.json, Thread ID: 5
2025-06-03 08:36:05 - INFO - Знайдено старих оголошень: 257
2025-06-03 08:36:22 - INFO - Знайдено актуальних оголошень: 0
2025-06-03 08:36:22 - INFO - ✅ HTML файл збережено: wzmaczniacz.html
2025-06-03 09:28:35 - INFO - Обробка URL: https://www.olx.pl/elektronika/sprzet-audio/glosniki-i-kolumny/q-magnat/?courier=1, JSON: magnat.json, Thread ID: 2
2025-06-03 09:28:35 - INFO - Знайдено старих оголошень: 648
2025-06-03 09:28:47 - INFO - Last page 4 is the same as this page. Stopping.
2025-06-03 09:28:47 - INFO - Знайдено актуальних оголошень: 0
2025-06-03 09:28:47 - INFO - ✅ HTML файл збережено: magnat.html
2025-06-03 09:28:47 - INFO - Обробка URL: https://www.olx.pl/elektronika/sprzet-audio/q-wzmaczniacz/?courier=1, JSON: wzmaczniacz.json, Thread ID: 5
2025-06-03 09:28:47 - INFO - Знайдено старих оголошень: 257
2025-06-03 09:29:04 - INFO - Знайдено актуальних оголошень: 0
2025-06-03 09:29:04 - INFO - ✅ HTML файл збережено: wzmaczniacz.html
2025-06-03 10:29:38 - INFO - Обробка URL: https://www.olx.pl/elektronika/sprzet-audio/glosniki-i-kolumny/q-magnat/?courier=1, JSON: magnat.json, Thread ID: 2
2025-06-03 10:29:38 - INFO - Знайдено старих оголошень: 648
2025-06-03 10:29:51 - INFO - Last page 4 is the same as this page. Stopping.
2025-06-03 10:29:51 - INFO - Знайдено актуальних оголошень: 0
2025-06-03 10:29:51 - INFO - ✅ HTML файл збережено: magnat.html
2025-06-03 10:29:51 - INFO - Обробка URL: https://www.olx.pl/elektronika/sprzet-audio/q-wzmaczniacz/?courier=1, JSON: wzmaczniacz.json, Thread ID: 5
2025-06-03 10:29:51 - INFO - Знайдено старих оголошень: 257
2025-06-03 10:30:08 - INFO - Знайдено актуальних оголошень: 0
2025-06-03 10:30:08 - INFO - ✅ HTML файл збережено: wzmaczniacz.html
2025-06-03 11:22:45 - INFO - Обробка URL: https://www.olx.pl/elektronika/sprzet-audio/glosniki-i-kolumny/q-magnat/?courier=1, JSON: magnat.json, Thread ID: 2
2025-06-03 11:22:45 - INFO - Знайдено старих оголошень: 648
2025-06-03 11:22:57 - INFO - Last page 4 is the same as this page. Stopping.
2025-06-03 11:22:57 - INFO - Знайдено актуальних оголошень: 0
2025-06-03 11:22:58 - INFO - ✅ HTML файл збережено: magnat.html
2025-06-03 11:22:58 - INFO - Обробка URL: https://www.olx.pl/elektronika/sprzet-audio/q-wzmaczniacz/?courier=1, JSON: wzmaczniacz.json, Thread ID: 5
2025-06-03 11:22:58 - INFO - Знайдено старих оголошень: 257
2025-06-03 11:23:14 - INFO - Знайдено актуальних оголошень: 0
2025-06-03 11:23:14 - INFO - ✅ HTML файл збережено: wzmaczniacz.html
2025-06-03 12:55:30 - INFO - Обробка URL: https://www.olx.pl/elektronika/sprzet-audio/glosniki-i-kolumny/q-magnat/?courier=1, JSON: magnat.json, Thread ID: 2
2025-06-03 12:55:30 - INFO - Знайдено старих оголошень: 648
2025-06-03 12:55:42 - INFO - Last page 4 is the same as this page. Stopping.
2025-06-03 12:55:42 - INFO - Знайдено актуальних оголошень: 0
2025-06-03 12:55:42 - INFO - ✅ HTML файл збережено: magnat.html
2025-06-03 12:55:42 - INFO - Обробка URL: https://www.olx.pl/elektronika/sprzet-audio/q-wzmaczniacz/?courier=1, JSON: wzmaczniacz.json, Thread ID: 5
2025-06-03 12:55:42 - INFO - Знайдено старих оголошень: 257
2025-06-03 12:55:49 - INFO - NEW {'title': 'Amplituner wzmacniacz Pioneer 5.1 HDMI ARC', 'link': 'https://www.olx.pl/d/oferta/amplituner-wzmacniacz-pioneer-5-1-hdmi-arc-CID99-ID162dm3.html?reason=extended_search_extended_s2v', 'price': '520 zł', 'status': 'active', 'date_found': '2025-06-03 12:55', 'date_removed': None, 'description': 'Sprzedam amplituner 5.1 Pioneer  VSX-322-KWszystko sprawne, ładny dźwięk. pilot w zestawie.', 'images': ['https://ireland.apollo.olxcdn.com:443/v1/files/uaturwf0wxai-PL/image;s=1020x768', 'https://ireland.apollo.olxcdn.com:443/v1/files/d3rozzjuhxbs-PL/image;s=1020x768', 'https://ireland.apollo.olxcdn.com:443/v1/files/al2dd526x5rl3-PL/image;s=1020x768', 'https://ireland.apollo.olxcdn.com:443/v1/files/xb3qzueokp471-PL/image;s=1020x768', 'https://ireland.apollo.olxcdn.com:443/v1/files/3cvwal4uw8542-PL/image;s=1020x768', 'https://ireland.apollo.olxcdn.com:443/v1/files/r4c27oeudyav2-PL/image;s=1020x768', 'https://ireland.apollo.olxcdn.com:443/v1/files/wglf76yp0u8k3-PL/image;s=1020x768', 'https://ireland.apollo.olxcdn.com:443/v1/files/18tel7d03uyf3-PL/image;s=1020x768'], 'published_date': '29 maja 2025', 'location': ''}
2025-06-03 12:55:49 - INFO - Parsed page 2, found 1 new ads.
2025-06-03 12:55:59 - INFO - Знайдено актуальних оголошень: 1
2025-06-03 12:55:59 - INFO - Додаємо https://www.olx.pl/d/oferta/amplituner-wzmacniacz-pioneer-5-1-hdmi-arc-CID99-ID162dm3.html?reason=extended_search_extended_s2v.
2025-06-03 12:56:10 - INFO - Successfully sent message for ad: Amplituner wzmacniacz Pioneer 5.1 HDMI ARC
2025-06-03 12:56:10 - INFO - ✅ HTML файл збережено: wzmaczniacz.html
2025-06-03 13:38:41 - INFO - Обробка URL: https://www.olx.pl/elektronika/sprzet-audio/glosniki-i-kolumny/q-magnat/?courier=1, JSON: magnat.json, Thread ID: 2
2025-06-03 13:38:41 - INFO - Знайдено старих оголошень: 648
2025-06-03 13:38:51 - INFO - Last page 4 is the same as this page. Stopping.
2025-06-03 13:38:51 - INFO - Знайдено актуальних оголошень: 0
2025-06-03 13:38:51 - INFO - ✅ HTML файл збережено: magnat.html
2025-06-03 13:38:51 - INFO - Обробка URL: https://www.olx.pl/elektronika/sprzet-audio/q-wzmaczniacz/?courier=1, JSON: wzmaczniacz.json, Thread ID: 5
2025-06-03 13:38:51 - INFO - Знайдено старих оголошень: 258
2025-06-03 13:39:06 - INFO - Знайдено актуальних оголошень: 0
2025-06-03 13:39:06 - INFO - ✅ HTML файл збережено: wzmaczniacz.html
