2025-06-18 03:51:21 - INFO - Обробка URL: https://www.olx.pl/elektronika/sprzet-audio/glosniki-i-kolumny/q-magnat/?courier=1, JSON: magnat.json, Thread ID: 2
2025-06-18 03:51:21 - INFO - Знайдено старих оголошень: 672
2025-06-18 03:51:32 - INFO - Last page 4 is the same as this page. Stopping.
2025-06-18 03:51:32 - INFO - Знайдено актуальних оголошень: 0
2025-06-18 03:51:32 - INFO - ✅ HTML файл збережено: magnat.html
2025-06-18 03:51:32 - INFO - Обробка URL: https://www.olx.pl/elektronika/sprzet-audio/q-wzmaczniacz/?courier=1, JSON: wzmaczniacz.json, Thread ID: 5
2025-06-18 03:51:32 - INFO - Знайдено старих оголошень: 298
2025-06-18 03:51:51 - INFO - Знайдено актуальних оголошень: 0
2025-06-18 03:51:51 - INFO - ✅ HTML файл збережено: wzmaczniacz.html
2025-06-18 06:38:05 - INFO - Обробка URL: https://www.olx.pl/elektronika/sprzet-audio/glosniki-i-kolumny/q-magnat/?courier=1, JSON: magnat.json, Thread ID: 2
2025-06-18 06:38:05 - INFO - Знайдено старих оголошень: 672
2025-06-18 06:38:18 - INFO - Last page 4 is the same as this page. Stopping.
2025-06-18 06:38:18 - INFO - Знайдено актуальних оголошень: 0
2025-06-18 06:38:18 - INFO - ✅ HTML файл збережено: magnat.html
2025-06-18 06:38:18 - INFO - Обробка URL: https://www.olx.pl/elektronika/sprzet-audio/q-wzmaczniacz/?courier=1, JSON: wzmaczniacz.json, Thread ID: 5
2025-06-18 06:38:18 - INFO - Знайдено старих оголошень: 298
2025-06-18 06:38:25 - INFO - NEW {'title': 'Głośnik 12" YDHA-B300', 'link': 'https://www.olx.pl/d/oferta/glosnik-12-ydha-b300-CID99-ID16cptx.html?reason=extended_search_extended_s2v', 'price': '150 zł', 'status': 'active', 'date_found': '2025-06-18 06:38', 'date_removed': None, 'description': 'Sprzedam używany głośnik YDBH-B300 o przekątnej 12 cali. Doskonały dźwięk.', 'images': ['https://ireland.apollo.olxcdn.com:443/v1/files/4td0qwayfavq3-PL/image;s=765x1020', 'https://ireland.apollo.olxcdn.com:443/v1/files/5tmpul969vj33-PL/image;s=765x1020'], 'published_date': '11 czerwca 2025', 'location': ''}
2025-06-18 06:38:25 - INFO - Parsed page 2, found 1 new ads.
2025-06-18 06:38:36 - INFO - Знайдено актуальних оголошень: 1
2025-06-18 06:38:36 - INFO - Додаємо https://www.olx.pl/d/oferta/glosnik-12-ydha-b300-CID99-ID16cptx.html?reason=extended_search_extended_s2v.
2025-06-18 06:38:44 - INFO - Successfully sent message for ad: Głośnik 12" YDHA-B300
2025-06-18 06:38:44 - INFO - ✅ HTML файл збережено: wzmaczniacz.html
2025-06-18 07:26:09 - INFO - Обробка URL: https://www.olx.pl/elektronika/sprzet-audio/glosniki-i-kolumny/q-magnat/?courier=1, JSON: magnat.json, Thread ID: 2
2025-06-18 07:26:09 - INFO - Знайдено старих оголошень: 672
2025-06-18 07:26:21 - INFO - Last page 4 is the same as this page. Stopping.
2025-06-18 07:26:21 - INFO - Знайдено актуальних оголошень: 0
2025-06-18 07:26:21 - INFO - ✅ HTML файл збережено: magnat.html
2025-06-18 07:26:21 - INFO - Обробка URL: https://www.olx.pl/elektronika/sprzet-audio/q-wzmaczniacz/?courier=1, JSON: wzmaczniacz.json, Thread ID: 5
2025-06-18 07:26:21 - INFO - Знайдено старих оголошень: 299
2025-06-18 07:26:41 - INFO - Знайдено актуальних оголошень: 0
2025-06-18 07:26:41 - INFO - ✅ HTML файл збережено: wzmaczniacz.html
2025-06-18 08:34:54 - INFO - Обробка URL: https://www.olx.pl/elektronika/sprzet-audio/glosniki-i-kolumny/q-magnat/?courier=1, JSON: magnat.json, Thread ID: 2
2025-06-18 08:34:54 - INFO - Знайдено старих оголошень: 672
2025-06-18 08:35:06 - INFO - Last page 4 is the same as this page. Stopping.
2025-06-18 08:35:06 - INFO - Знайдено актуальних оголошень: 0
2025-06-18 08:35:06 - INFO - ✅ HTML файл збережено: magnat.html
2025-06-18 08:35:06 - INFO - Обробка URL: https://www.olx.pl/elektronika/sprzet-audio/q-wzmaczniacz/?courier=1, JSON: wzmaczniacz.json, Thread ID: 5
2025-06-18 08:35:06 - INFO - Знайдено старих оголошень: 299
2025-06-18 08:35:15 - INFO - Знайдено актуальних оголошень: 0
2025-06-18 08:35:15 - INFO - ✅ HTML файл збережено: wzmaczniacz.html
2025-06-18 09:29:21 - INFO - Обробка URL: https://www.olx.pl/elektronika/sprzet-audio/glosniki-i-kolumny/q-magnat/?courier=1, JSON: magnat.json, Thread ID: 2
2025-06-18 09:29:21 - INFO - Знайдено старих оголошень: 672
2025-06-18 09:29:33 - INFO - Last page 4 is the same as this page. Stopping.
2025-06-18 09:29:33 - INFO - Знайдено актуальних оголошень: 0
2025-06-18 09:29:33 - INFO - ✅ HTML файл збережено: magnat.html
2025-06-18 09:29:33 - INFO - Обробка URL: https://www.olx.pl/elektronika/sprzet-audio/q-wzmaczniacz/?courier=1, JSON: wzmaczniacz.json, Thread ID: 5
2025-06-18 09:29:33 - INFO - Знайдено старих оголошень: 299
2025-06-18 09:29:49 - INFO - Знайдено актуальних оголошень: 0
2025-06-18 09:29:49 - INFO - ✅ HTML файл збережено: wzmaczniacz.html
2025-06-18 10:28:45 - INFO - Обробка URL: https://www.olx.pl/elektronika/sprzet-audio/glosniki-i-kolumny/q-magnat/?courier=1, JSON: magnat.json, Thread ID: 2
2025-06-18 10:28:45 - INFO - Знайдено старих оголошень: 672
2025-06-18 10:28:56 - INFO - Last page 4 is the same as this page. Stopping.
2025-06-18 10:28:56 - INFO - Знайдено актуальних оголошень: 0
2025-06-18 10:28:56 - INFO - ✅ HTML файл збережено: magnat.html
2025-06-18 10:28:56 - INFO - Обробка URL: https://www.olx.pl/elektronika/sprzet-audio/q-wzmaczniacz/?courier=1, JSON: wzmaczniacz.json, Thread ID: 5
2025-06-18 10:28:56 - INFO - Знайдено старих оголошень: 299
2025-06-18 10:29:11 - INFO - Знайдено актуальних оголошень: 0
2025-06-18 10:29:11 - INFO - ✅ HTML файл збережено: wzmaczniacz.html
2025-06-18 11:22:50 - INFO - Обробка URL: https://www.olx.pl/elektronika/sprzet-audio/glosniki-i-kolumny/q-magnat/?courier=1, JSON: magnat.json, Thread ID: 2
2025-06-18 11:22:50 - INFO - Знайдено старих оголошень: 672
2025-06-18 11:23:01 - INFO - Last page 4 is the same as this page. Stopping.
2025-06-18 11:23:01 - INFO - Знайдено актуальних оголошень: 0
2025-06-18 11:23:01 - INFO - ✅ HTML файл збережено: magnat.html
2025-06-18 11:23:01 - INFO - Обробка URL: https://www.olx.pl/elektronika/sprzet-audio/q-wzmaczniacz/?courier=1, JSON: wzmaczniacz.json, Thread ID: 5
2025-06-18 11:23:01 - INFO - Знайдено старих оголошень: 299
2025-06-18 11:23:21 - INFO - Знайдено актуальних оголошень: 0
2025-06-18 11:23:21 - INFO - ✅ HTML файл збережено: wzmaczniacz.html
2025-06-18 12:55:42 - INFO - Обробка URL: https://www.olx.pl/elektronika/sprzet-audio/glosniki-i-kolumny/q-magnat/?courier=1, JSON: magnat.json, Thread ID: 2
2025-06-18 12:55:42 - INFO - Знайдено старих оголошень: 672
2025-06-18 12:55:55 - INFO - Last page 4 is the same as this page. Stopping.
2025-06-18 12:55:55 - INFO - Знайдено актуальних оголошень: 0
2025-06-18 12:55:55 - INFO - ✅ HTML файл збережено: magnat.html
2025-06-18 12:55:55 - INFO - Обробка URL: https://www.olx.pl/elektronika/sprzet-audio/q-wzmaczniacz/?courier=1, JSON: wzmaczniacz.json, Thread ID: 5
2025-06-18 12:55:55 - INFO - Знайдено старих оголошень: 299
2025-06-18 12:56:12 - INFO - Знайдено актуальних оголошень: 0
2025-06-18 12:56:12 - INFO - ✅ HTML файл збережено: wzmaczniacz.html
2025-06-18 13:38:51 - INFO - Обробка URL: https://www.olx.pl/elektronika/sprzet-audio/glosniki-i-kolumny/q-magnat/?courier=1, JSON: magnat.json, Thread ID: 2
2025-06-18 13:38:51 - INFO - Знайдено старих оголошень: 672
2025-06-18 13:39:05 - INFO - Last page 4 is the same as this page. Stopping.
2025-06-18 13:39:05 - INFO - Знайдено актуальних оголошень: 0
2025-06-18 13:39:05 - INFO - ✅ HTML файл збережено: magnat.html
2025-06-18 13:39:05 - INFO - Обробка URL: https://www.olx.pl/elektronika/sprzet-audio/q-wzmaczniacz/?courier=1, JSON: wzmaczniacz.json, Thread ID: 5
2025-06-18 13:39:05 - INFO - Знайдено старих оголошень: 299
2025-06-18 13:39:23 - INFO - Знайдено актуальних оголошень: 0
2025-06-18 13:39:23 - INFO - ✅ HTML файл збережено: wzmaczniacz.html
2025-06-18 14:27:25 - INFO - Обробка URL: https://www.olx.pl/elektronika/sprzet-audio/glosniki-i-kolumny/q-magnat/?courier=1, JSON: magnat.json, Thread ID: 2
2025-06-18 14:27:25 - INFO - Знайдено старих оголошень: 672
2025-06-18 14:27:36 - INFO - Last page 4 is the same as this page. Stopping.
2025-06-18 14:27:36 - INFO - Знайдено актуальних оголошень: 0
2025-06-18 14:27:36 - INFO - ✅ HTML файл збережено: magnat.html
2025-06-18 14:27:36 - INFO - Обробка URL: https://www.olx.pl/elektronika/sprzet-audio/q-wzmaczniacz/?courier=1, JSON: wzmaczniacz.json, Thread ID: 5
2025-06-18 14:27:36 - INFO - Знайдено старих оголошень: 299
2025-06-18 14:27:55 - INFO - Знайдено актуальних оголошень: 0
2025-06-18 14:27:55 - INFO - ✅ HTML файл збережено: wzmaczniacz.html
2025-06-18 15:29:36 - INFO - Обробка URL: https://www.olx.pl/elektronika/sprzet-audio/glosniki-i-kolumny/q-magnat/?courier=1, JSON: magnat.json, Thread ID: 2
2025-06-18 15:29:36 - INFO - Знайдено старих оголошень: 672
2025-06-18 15:29:47 - INFO - Last page 4 is the same as this page. Stopping.
2025-06-18 15:29:47 - INFO - Знайдено актуальних оголошень: 0
2025-06-18 15:29:47 - INFO - ✅ HTML файл збережено: magnat.html
2025-06-18 15:29:47 - INFO - Обробка URL: https://www.olx.pl/elektronika/sprzet-audio/q-wzmaczniacz/?courier=1, JSON: wzmaczniacz.json, Thread ID: 5
2025-06-18 15:29:47 - INFO - Знайдено старих оголошень: 299
2025-06-18 15:30:03 - INFO - Знайдено актуальних оголошень: 0
2025-06-18 15:30:03 - INFO - ✅ HTML файл збережено: wzmaczniacz.html
2025-06-18 16:34:10 - INFO - Обробка URL: https://www.olx.pl/elektronika/sprzet-audio/glosniki-i-kolumny/q-magnat/?courier=1, JSON: magnat.json, Thread ID: 2
2025-06-18 16:34:10 - INFO - Знайдено старих оголошень: 672
2025-06-18 16:34:22 - INFO - Last page 4 is the same as this page. Stopping.
2025-06-18 16:34:22 - INFO - Знайдено актуальних оголошень: 0
2025-06-18 16:34:22 - INFO - ✅ HTML файл збережено: magnat.html
2025-06-18 16:34:22 - INFO - Обробка URL: https://www.olx.pl/elektronika/sprzet-audio/q-wzmaczniacz/?courier=1, JSON: wzmaczniacz.json, Thread ID: 5
2025-06-18 16:34:22 - INFO - Знайдено старих оголошень: 299
2025-06-18 16:34:39 - INFO - Знайдено актуальних оголошень: 0
2025-06-18 16:34:39 - INFO - ✅ HTML файл збережено: wzmaczniacz.html
2025-06-18 17:24:53 - INFO - Обробка URL: https://www.olx.pl/elektronika/sprzet-audio/glosniki-i-kolumny/q-magnat/?courier=1, JSON: magnat.json, Thread ID: 2
2025-06-18 17:24:53 - INFO - Знайдено старих оголошень: 672
2025-06-18 17:25:02 - INFO - Last page 4 is the same as this page. Stopping.
2025-06-18 17:25:02 - INFO - Знайдено актуальних оголошень: 0
2025-06-18 17:25:02 - INFO - ✅ HTML файл збережено: magnat.html
2025-06-18 17:25:02 - INFO - Обробка URL: https://www.olx.pl/elektronika/sprzet-audio/q-wzmaczniacz/?courier=1, JSON: wzmaczniacz.json, Thread ID: 5
2025-06-18 17:25:02 - INFO - Знайдено старих оголошень: 299
2025-06-18 17:25:17 - INFO - Знайдено актуальних оголошень: 0
2025-06-18 17:25:17 - INFO - ✅ HTML файл збережено: wzmaczniacz.html
2025-06-18 18:37:10 - INFO - Обробка URL: https://www.olx.pl/elektronika/sprzet-audio/glosniki-i-kolumny/q-magnat/?courier=1, JSON: magnat.json, Thread ID: 2
2025-06-18 18:37:10 - INFO - Знайдено старих оголошень: 672
2025-06-18 18:37:20 - INFO - Last page 4 is the same as this page. Stopping.
2025-06-18 18:37:20 - INFO - Знайдено актуальних оголошень: 0
2025-06-18 18:37:20 - INFO - ✅ HTML файл збережено: magnat.html
2025-06-18 18:37:20 - INFO - Обробка URL: https://www.olx.pl/elektronika/sprzet-audio/q-wzmaczniacz/?courier=1, JSON: wzmaczniacz.json, Thread ID: 5
2025-06-18 18:37:20 - INFO - Знайдено старих оголошень: 299
2025-06-18 18:37:28 - INFO - NEW {'title': 'Wzmacniacz/końc. mocy  TOPPING LA 90Discrete  2x120W/ 1x200W', 'link': 'https://www.olx.pl/d/oferta/wzmacniacz-konc-mocy-topping-la-90discrete-2x120w-1x200w-CID99-ID15Cd4E.html?reason=extended_search_extended_s2v', 'price': '3 050 zł', 'status': 'active', 'date_found': '2025-06-18 18:37', 'date_removed': None, 'description': 'Oferuję do sprzedaży używany wzmacniacz zintegrowany/końcówkę mocy Topping LA 90 Discrete. Jest to  wydajny wzmacniacz, który może pracować w trybie stereo jako wzmacniacz zintegrowany, w trybie stereo jako koncówka mocy ( po wyłączeniu osobnym przełącznikiem obwodu regulacji głośności), a  także  - po zmostkowaniu dodatkowo wyjść - jako końcówka mocy mono. W pierwszym i drugim przypadku jest w stanie dostarczyć moc 2x120W przy obciążeniu 4Ω (1% THD+N), w trzecim będzie w stanie dostarczyć moc 220W przy obciążeniu 8Ω (1% THD+N) i jest to minimalne wymagane obciążenie w tym trybie.Ten wzmacniacz to prawdziwy NOKAUT dla europejskich i amerykańskich produkcji. LA90 oferuje zupełnie nowy poziom wydajności, ujawniając niesamowitą dokładność i klarowność reprodukcji, z liniową reakcją i wyjątkowo niskim poziomem szumów - 141 dB !. Poziom wyrafinowania dźwięku i jego szlachetna barwa mogą z powodzeniem konkurować z produktami 2-krotnie i 3 -krotnie droższymi. Przy tym jest lekki i mały - mimo, że pracuje w klasie AB. Sprzedaję tylko dlatego, ze używałem 2 sztuk zmostkowanych  jako monobloki z kolumnami 8 Ohm. Aktualnie zmieniłem kolumny na 4 Ohm.LA90 Discrete  jest wyposażony w precyzyjnie obrabianą aluminiową obudowę. Obudowa ta nadaje wzmacniaczowi nowoczesny design, jednocześnie skutecznie chroniąc komponenty urządzenia. Boki LA90 Discrete  wyposażone są w duże radiatory, które skutecznie rozpraszają ciepło emitowane przez wewnętrzną elektronikę.Niezwykle niskie zniekształcenia THD+N mierzone są na poziomie zaledwie 0,00009% przy 8Ω 5W i 0,00009% przy 4Ω 5W. Te osiągi pozwalają LA90 Discrete na wierne odtworzenie sygnału źródłowego.LA90 Discrete posiada trzy zbalansowane, przełączane wejścia stereo. Mają one łączony format, co pozwala na użycie zarówno kabli XLR, jak i wtyków  jack 6.35 mm (TRS).Aby dostosować się do większości systemów audio, w tym najbardziej wymagających, LA90 Discrete  oferuje regulowane wzmocnienie na dwóch poziomach. Pierwszy, Low Gain, oferuje wzmocnienie +6,7dB, podczas gdy drugi, High Gain, zapewnia wzmocnienie +19dB.Wzmacniacz jest w bardzo dobrym stanie technicznym ( 100 % sprawny ) jak i wizualnym. Możliwa wysyłka w fabrycznym opakowaniu.Tel 50*******21DANEMoc ciągła (RMS): \t2x120W/4Ω, 2x 66W/8Ω, 1x220W/8ΩTyp: \tTranzystorowyKlasa: \tABTHD+N: \t 0.00009%Kontrola tonów: \tNIEWbudowany DAC: \tNIEPrzedwzm. gramofonowy: \tNIEStosunek sygnał/szum: \t141dBPasmo przenoszenia: \t20Hz-40kHzWi-Fi: \tNIEAirPlay: \tNIEWejście USB Apple iPhone/iPod: \tNIEWejścia 2xXLR: \t3Trigger: \tTAK 1Wyjście subwooferowe: \tNIEWyjścia głośnikowe: \t1 kompletINNE: \t3 komplety wejść Jack 6,35 mm TRSPilot: \tNIEWysokość: \t9cmSzerokość: \t22cmGłębokość: \t20.5cm', 'images': ['https://ireland.apollo.olxcdn.com:443/v1/files/daahg5255lvp1-PL/image;s=5472x3648', 'https://ireland.apollo.olxcdn.com:443/v1/files/4k908fvxx92m-PL/image;s=5472x3648', 'https://ireland.apollo.olxcdn.com:443/v1/files/l95f59y3qvld1-PL/image;s=5472x3648', 'https://ireland.apollo.olxcdn.com:443/v1/files/yarvh0jyw6us2-PL/image;s=5472x3648', 'https://ireland.apollo.olxcdn.com:443/v1/files/f7ts6xfxk7yu2-PL/image;s=5472x3648', 'https://ireland.apollo.olxcdn.com:443/v1/files/v5ahvl7d8cw92-PL/image;s=5472x3648', 'https://ireland.apollo.olxcdn.com:443/v1/files/psrfppnyl9su1-PL/image;s=5472x3648', 'https://ireland.apollo.olxcdn.com:443/v1/files/e308dmhteu9u-PL/image;s=5472x3648'], 'published_date': '30 maja 2025', 'location': ''}
2025-06-18 18:37:28 - INFO - Parsed page 3, found 1 new ads.
2025-06-18 18:37:34 - INFO - Знайдено актуальних оголошень: 1
2025-06-18 18:37:34 - INFO - Додаємо https://www.olx.pl/d/oferta/wzmacniacz-konc-mocy-topping-la-90discrete-2x120w-1x200w-CID99-ID15Cd4E.html?reason=extended_search_extended_s2v.
2025-06-18 18:37:46 - INFO - Successfully sent message for ad: Wzmacniacz/końc. mocy  TOPPING LA 90Discrete  2x120W/ 1x200W
2025-06-18 18:37:46 - INFO - ✅ HTML файл збережено: wzmaczniacz.html
2025-06-18 19:20:49 - INFO - Обробка URL: https://www.olx.pl/elektronika/sprzet-audio/glosniki-i-kolumny/q-magnat/?courier=1, JSON: magnat.json, Thread ID: 2
2025-06-18 19:20:49 - INFO - Знайдено старих оголошень: 672
2025-06-18 19:21:01 - INFO - Last page 4 is the same as this page. Stopping.
2025-06-18 19:21:01 - INFO - Знайдено актуальних оголошень: 0
2025-06-18 19:21:01 - INFO - ✅ HTML файл збережено: magnat.html
2025-06-18 19:21:01 - INFO - Обробка URL: https://www.olx.pl/elektronika/sprzet-audio/q-wzmaczniacz/?courier=1, JSON: wzmaczniacz.json, Thread ID: 5
2025-06-18 19:21:01 - INFO - Знайдено старих оголошень: 300
2025-06-18 19:21:04 - INFO - NEW {'title': 'Wzmaczniacz Technics A 700 Mk 2', 'link': 'https://www.olx.pl/d/oferta/wzmaczniacz-technics-a-700-mk-2-CID99-ID16hN2f.html', 'price': '800 zł', 'status': 'active', 'date_found': '2025-06-18 19:21', 'date_removed': None, 'description': 'Wzmaczniascz Technics  A 700 Mk2  normalne slady uzytkowania w komplecie pilot i kabel.sieciowy .odbior osobisty w Krakowie,  mozna sprawdzic na miejscu zapraszam do zakupu,', 'images': ['https://ireland.apollo.olxcdn.com:443/v1/files/8up2rnjakcbl2-PL/image;s=3024x4032', 'https://ireland.apollo.olxcdn.com:443/v1/files/h3jgl79tclso1-PL/image;s=3024x4032', 'https://ireland.apollo.olxcdn.com:443/v1/files/q2jywdjkgxth3-PL/image;s=3024x4032'], 'published_date': '2025-06-18 o 10:42', 'location': ''}
2025-06-18 19:21:04 - INFO - Parsed page 1, found 1 new ads.
2025-06-18 19:21:19 - INFO - Знайдено актуальних оголошень: 1
2025-06-18 19:21:19 - INFO - Додаємо https://www.olx.pl/d/oferta/wzmaczniacz-technics-a-700-mk-2-CID99-ID16hN2f.html.
2025-06-18 19:21:27 - INFO - Successfully sent message for ad: Wzmaczniacz Technics A 700 Mk 2
2025-06-18 19:21:27 - INFO - ✅ HTML файл збережено: wzmaczniacz.html
2025-06-18 20:30:09 - INFO - Обробка URL: https://www.olx.pl/elektronika/sprzet-audio/glosniki-i-kolumny/q-magnat/?courier=1, JSON: magnat.json, Thread ID: 2
2025-06-18 20:30:09 - INFO - Знайдено старих оголошень: 672
2025-06-18 20:30:23 - INFO - Last page 4 is the same as this page. Stopping.
2025-06-18 20:30:23 - INFO - Знайдено актуальних оголошень: 0
2025-06-18 20:30:23 - INFO - ✅ HTML файл збережено: magnat.html
2025-06-18 20:30:23 - INFO - Обробка URL: https://www.olx.pl/elektronika/sprzet-audio/q-wzmaczniacz/?courier=1, JSON: wzmaczniacz.json, Thread ID: 5
2025-06-18 20:30:23 - INFO - Знайдено старих оголошень: 301
2025-06-18 20:30:41 - INFO - Знайдено актуальних оголошень: 0
2025-06-18 20:30:41 - INFO - ✅ HTML файл збережено: wzmaczniacz.html
