2025-06-16 03:55:55 - INFO - Обробка URL: https://www.olx.pl/elektronika/sprzet-audio/glosniki-i-kolumny/q-magnat/?courier=1, JSON: magnat.json, Thread ID: 2
2025-06-16 03:55:55 - INFO - Знайдено старих оголошень: 666
2025-06-16 03:56:07 - INFO - Last page 4 is the same as this page. Stopping.
2025-06-16 03:56:07 - INFO - Знайдено актуальних оголошень: 0
2025-06-16 03:56:07 - INFO - ✅ HTML файл збережено: magnat.html
2025-06-16 03:56:07 - INFO - Обробка URL: https://www.olx.pl/elektronika/sprzet-audio/q-wzmaczniacz/?courier=1, JSON: wzmaczniacz.json, Thread ID: 5
2025-06-16 03:56:07 - INFO - Знайдено старих оголошень: 292
2025-06-16 03:56:24 - INFO - Знайдено актуальних оголошень: 0
2025-06-16 03:56:24 - INFO - ✅ HTML файл збережено: wzmaczniacz.html
2025-06-16 06:39:47 - INFO - Обробка URL: https://www.olx.pl/elektronika/sprzet-audio/glosniki-i-kolumny/q-magnat/?courier=1, JSON: magnat.json, Thread ID: 2
2025-06-16 06:39:47 - INFO - Знайдено старих оголошень: 666
2025-06-16 06:40:06 - INFO - Last page 4 is the same as this page. Stopping.
2025-06-16 06:40:06 - INFO - Знайдено актуальних оголошень: 0
2025-06-16 06:40:06 - INFO - ✅ HTML файл збережено: magnat.html
2025-06-16 06:40:06 - INFO - Обробка URL: https://www.olx.pl/elektronika/sprzet-audio/q-wzmaczniacz/?courier=1, JSON: wzmaczniacz.json, Thread ID: 5
2025-06-16 06:40:06 - INFO - Знайдено старих оголошень: 292
2025-06-16 06:40:38 - INFO - Знайдено актуальних оголошень: 0
2025-06-16 06:40:38 - INFO - ✅ HTML файл збережено: wzmaczniacz.html
2025-06-16 07:27:22 - INFO - Обробка URL: https://www.olx.pl/elektronika/sprzet-audio/glosniki-i-kolumny/q-magnat/?courier=1, JSON: magnat.json, Thread ID: 2
2025-06-16 07:27:22 - INFO - Знайдено старих оголошень: 666
2025-06-16 07:27:35 - INFO - Last page 4 is the same as this page. Stopping.
2025-06-16 07:27:35 - INFO - Знайдено актуальних оголошень: 0
2025-06-16 07:27:35 - INFO - ✅ HTML файл збережено: magnat.html
2025-06-16 07:27:35 - INFO - Обробка URL: https://www.olx.pl/elektronika/sprzet-audio/q-wzmaczniacz/?courier=1, JSON: wzmaczniacz.json, Thread ID: 5
2025-06-16 07:27:35 - INFO - Знайдено старих оголошень: 292
2025-06-16 07:27:52 - INFO - Знайдено актуальних оголошень: 0
2025-06-16 07:27:52 - INFO - ✅ HTML файл збережено: wzmaczniacz.html
2025-06-16 08:36:13 - INFO - Обробка URL: https://www.olx.pl/elektronika/sprzet-audio/glosniki-i-kolumny/q-magnat/?courier=1, JSON: magnat.json, Thread ID: 2
2025-06-16 08:36:13 - INFO - Знайдено старих оголошень: 666
2025-06-16 08:36:16 - INFO - NEW {'title': 'Subwoofer aktywny Magnat', 'link': 'https://www.olx.pl/d/oferta/subwoofer-aktywny-magnat-CID99-ID16fzjd.html', 'price': '289 zł', 'status': 'active', 'date_found': '2025-06-16 08:36', 'date_removed': None, 'description': 'Aktywny subwoofer Magnat używany. Doskonałe rozszerzenie systemu audio o niskie częstotliwości, zapewniające głęboki i mocny dźwięk. Idealny do kina domowego lub systemu stereo.Mocny bas.wysylka  lub odbiór.tel. 50*****67', 'images': ['https://ireland.apollo.olxcdn.com:443/v1/files/l4n9f292ohzg1-PL/image;s=1200x1600', 'https://ireland.apollo.olxcdn.com:443/v1/files/7y8lf2fabeea-PL/image;s=1200x1600', 'https://ireland.apollo.olxcdn.com:443/v1/files/ggwl4wj4mjfe-PL/image;s=1600x1200'], 'published_date': '2025-06-16 o 08:03', 'location': ''}
2025-06-16 08:36:16 - INFO - Parsed page 1, found 1 new ads.
2025-06-16 08:36:25 - INFO - Last page 4 is the same as this page. Stopping.
2025-06-16 08:36:25 - INFO - Знайдено актуальних оголошень: 1
2025-06-16 08:36:25 - INFO - Додаємо https://www.olx.pl/d/oferta/subwoofer-aktywny-magnat-CID99-ID16fzjd.html.
2025-06-16 08:36:33 - INFO - Successfully sent message for ad: Subwoofer aktywny Magnat
2025-06-16 08:36:33 - INFO - ✅ HTML файл збережено: magnat.html
2025-06-16 08:36:33 - INFO - Обробка URL: https://www.olx.pl/elektronika/sprzet-audio/q-wzmaczniacz/?courier=1, JSON: wzmaczniacz.json, Thread ID: 5
2025-06-16 08:36:33 - INFO - Знайдено старих оголошень: 292
2025-06-16 08:36:52 - INFO - Знайдено актуальних оголошень: 0
2025-06-16 08:36:52 - INFO - ✅ HTML файл збережено: wzmaczniacz.html
