2025-06-15 03:54:38 - INFO - Обробка URL: https://www.olx.pl/elektronika/sprzet-audio/glosniki-i-kolumny/q-magnat/?courier=1, JSON: magnat.json, Thread ID: 2
2025-06-15 03:54:38 - INFO - Знайдено старих оголошень: 664
2025-06-15 03:54:51 - INFO - Last page 4 is the same as this page. Stopping.
2025-06-15 03:54:51 - INFO - Знайдено актуальних оголошень: 0
2025-06-15 03:54:51 - INFO - ✅ HTML файл збережено: magnat.html
2025-06-15 03:54:51 - INFO - Обробка URL: https://www.olx.pl/elektronika/sprzet-audio/q-wzmaczniacz/?courier=1, JSON: wzmaczniacz.json, Thread ID: 5
2025-06-15 03:54:51 - INFO - Знайдено старих оголошень: 287
2025-06-15 03:54:57 - INFO - NEW {'title': 'Subwoofer Głośnik 30cm 12" VIBE SLICK12D2 500W RMS 2x2 ohm', 'link': 'https://www.olx.pl/d/oferta/subwoofer-glosnik-30cm-12-vibe-slick12d2-500w-rms-2x2-ohm-CID99-ID169i2c.html?reason=extended_search_extended_s2v', 'price': '350 zł', 'status': 'active', 'date_found': '2025-06-15 03:54', 'date_removed': None, 'description': 'Używany niespełna miesiąc, od tamtej pory leżyGłośnik jest jak NOWY!Model: SLICK12D2-V3Średnica głośnika: 12"/323mmMoc: 1500W / 450W RMSSkuteczność: 86dBPasmo przenoszenia: 25Hz - 850HzImpedancja: 2x2 OHMŚrednica cewki: 2" (4 warstwy)Magnes: 44ozWymiary magnesu: 5.7" (145mm) / x 0.8" (20mm)Głębokość montażowa: 5.8" (147mm)Średnica montażowa: 10.9" (277mm)Zalecana obudowa: Wentylowana 42-70LGłośnik aktualnie jest w obudowie KTÓRA JEST DO WYMIANY!Możliwa wysyłka samego głośnika bądź odbiór osobisty lub dowóz z mojej strony +100km od KrakowaCena za sam głośnik, obudowa gratis ze względu na jej stan', 'images': ['https://ireland.apollo.olxcdn.com:443/v1/files/ofy8388fmete2-PL/image;s=2560x2560', 'https://ireland.apollo.olxcdn.com:443/v1/files/gqgs4fpbvwtd1-PL/image;s=720x720', 'https://ireland.apollo.olxcdn.com:443/v1/files/vund35bjn6j8-PL/image;s=720x720', 'https://ireland.apollo.olxcdn.com:443/v1/files/a3jk4i2xciqo2-PL/image;s=1536x2048', 'https://ireland.apollo.olxcdn.com:443/v1/files/t6ofls2tiv4c1-PL/image;s=1536x2048'], 'published_date': '08 czerwca 2025', 'location': ''}
2025-06-15 03:54:57 - INFO - Parsed page 2, found 1 new ads.
2025-06-15 03:55:08 - INFO - Знайдено актуальних оголошень: 1
2025-06-15 03:55:08 - INFO - Додаємо https://www.olx.pl/d/oferta/subwoofer-glosnik-30cm-12-vibe-slick12d2-500w-rms-2x2-ohm-CID99-ID169i2c.html?reason=extended_search_extended_s2v.
2025-06-15 03:55:21 - INFO - Successfully sent message for ad: Subwoofer Głośnik 30cm 12" VIBE SLICK12D2 500W RMS 2x2 ohm
2025-06-15 03:55:21 - INFO - ✅ HTML файл збережено: wzmaczniacz.html
2025-06-15 06:34:55 - INFO - Обробка URL: https://www.olx.pl/elektronika/sprzet-audio/glosniki-i-kolumny/q-magnat/?courier=1, JSON: magnat.json, Thread ID: 2
2025-06-15 06:34:55 - INFO - Знайдено старих оголошень: 664
2025-06-15 06:35:04 - INFO - Last page 4 is the same as this page. Stopping.
2025-06-15 06:35:04 - INFO - Знайдено актуальних оголошень: 0
2025-06-15 06:35:05 - INFO - ✅ HTML файл збережено: magnat.html
2025-06-15 06:35:05 - INFO - Обробка URL: https://www.olx.pl/elektronika/sprzet-audio/q-wzmaczniacz/?courier=1, JSON: wzmaczniacz.json, Thread ID: 5
2025-06-15 06:35:05 - INFO - Знайдено старих оголошень: 288
2025-06-15 06:35:21 - INFO - Знайдено актуальних оголошень: 0
2025-06-15 06:35:21 - INFO - ✅ HTML файл збережено: wzmaczniacz.html
2025-06-15 07:23:50 - INFO - Обробка URL: https://www.olx.pl/elektronika/sprzet-audio/glosniki-i-kolumny/q-magnat/?courier=1, JSON: magnat.json, Thread ID: 2
2025-06-15 07:23:50 - INFO - Знайдено старих оголошень: 664
2025-06-15 07:24:02 - INFO - Last page 4 is the same as this page. Stopping.
2025-06-15 07:24:02 - INFO - Знайдено актуальних оголошень: 0
2025-06-15 07:24:02 - INFO - ✅ HTML файл збережено: magnat.html
2025-06-15 07:24:02 - INFO - Обробка URL: https://www.olx.pl/elektronika/sprzet-audio/q-wzmaczniacz/?courier=1, JSON: wzmaczniacz.json, Thread ID: 5
2025-06-15 07:24:02 - INFO - Знайдено старих оголошень: 288
2025-06-15 07:24:22 - INFO - Знайдено актуальних оголошень: 0
2025-06-15 07:24:22 - INFO - ✅ HTML файл збережено: wzmaczniacz.html
2025-06-15 08:30:49 - INFO - Обробка URL: https://www.olx.pl/elektronika/sprzet-audio/glosniki-i-kolumny/q-magnat/?courier=1, JSON: magnat.json, Thread ID: 2
2025-06-15 08:30:49 - INFO - Знайдено старих оголошень: 664
2025-06-15 08:30:54 - INFO - NEW {'title': 'Subwoofer  skrzynia basowa, wzmacniacz magnat', 'link': 'https://www.olx.pl/d/oferta/subwoofer-skrzynia-basowa-wzmacniacz-magnat-CID99-ID16eBt6.html', 'price': '130 zł', 'status': 'active', 'date_found': '2025-06-15 08:30', 'date_removed': None, 'description': 'Skrzynia basowa z głośnikiem 250w/4 ohm plus wzmacniacz magnat , w bardzo dobrym stanie.Wszystko sprawne ,możliwa wysyłka.', 'images': ['https://ireland.apollo.olxcdn.com:443/v1/files/7932oqcf73hn1-PL/image;s=750x1000', 'https://ireland.apollo.olxcdn.com:443/v1/files/aclz947kjb4u2-PL/image;s=750x1000', 'https://ireland.apollo.olxcdn.com:443/v1/files/ehph74kqsomf-PL/image;s=750x1000', 'https://ireland.apollo.olxcdn.com:443/v1/files/dyyp77e0se7c-PL/image;s=750x1000', 'https://ireland.apollo.olxcdn.com:443/v1/files/2xk2mkdfcbxx1-PL/image;s=750x1000', 'https://ireland.apollo.olxcdn.com:443/v1/files/h4e8bt3uiah32-PL/image;s=750x1000', 'https://ireland.apollo.olxcdn.com:443/v1/files/mwj14gvcksk6-PL/image;s=750x1000'], 'published_date': '2025-06-15 o 07:34', 'location': ''}
2025-06-15 08:30:55 - INFO - NEW {'title': 'Kolumny podstawkowe DALI Opticon 2 MK2 – stan jak nowe', 'link': 'https://www.olx.pl/d/oferta/kolumny-podstawkowe-dali-opticon-2-mk2-stan-jak-nowe-CID99-ID167NUx.html', 'price': '2 400 zł', 'status': 'active', 'date_found': '2025-06-15 08:30', 'date_removed': None, 'description': 'Sprzedam kolumny w stanie sklepowym – brak śladów użytkowania, żadnych rys czy otarć. Technicznie w 100% sprawne – grają idealnie, bez żadnych usterek. Najnowsza ulepszona wersja - MK2. Naprawdę okazyjna cena, która jest za parę!•\tkolumny mają 2,5 roku, jestem drugim wlaścicielem•\tZestaw: pełny komplet – oryginalne maskownice, kartony, piankowe zabezpieczenia•\tProdukcja: Dania•\tTransport: odbiór osobisty lub wysyłka kurierem (dobrze zabezpieczone)Charakterystyka techniczna:•\tTyp: 2-drożne kolumny podstawkowe z bass-reflexem•\tPasmo przenoszenia: 59 Hz – 25 000 Hz•\tCzęstotliwość podziału: 2 000 Hz•\tImpedancja nominalna: 4 Ohm•\tSkuteczność: 86,5 dB (2,83 V / 1 m)•\tZalecana moc wzmacniacza: 30–150 W•\tPrzetworniki:•\t1 x 6½” nisko-średniotonowy z włókna drzewnego•\t1 x 29 mm miękka kopułka wysokotonowa•\tObudowa bass-reflex (port z tyłu)•\tWymiary (W x S x G): 351 × 195 × 297 mm•\tWaga: 7,7 kg / sztukaBrzmienie:DALI Opticon 2 MK2 zapewniają wyjątkowo czyste, przestrzenne i muzykalne brzmienie. Wysokie tony są pełne detali, ale pozostają naturalne i nienachalne. Średnica prezentuje się bardzo klarownie – szczególnie dobrze wypadają wokale i instrumenty akustyczne. Zaskakuje także jakość basu – głęboki, szybki i kontrolowany, co czyni te kolumny niezwykle uniwersalnymi.—————————————————————Bowers & Wilkins (B&W), KEF, Klipsch, Focal, Dynaudio, Monitor Audio, Elac, Polk Audio, JBL, Yamaha, Denon, Marantz, Onkyo, Pioneer, Sony, Cambridge Audio, NAD, Arcam, Rotel, Luxman, McIntosh, Accuphase, Technics, Ayon Audio, Rega, Tannoy, Wharfedale, Q Acoustics, Bose, Bang & Olufsen, Wilson Audio, Sonus Faber, MartinLogan, Paradigm, PSB Speakers, Devialet, Audio Research, Hegel, Bryston, Krell, Anthem, Emotiva, Schiit Audio, Audioengine, SVS, GoldenEar Technology, Totem Acoustic, Canton, Magnat, Quad, Linn, Naim Audio, Cyrus Audio, Electrocompaniet, Musical Fidelity, Peachtree Audio, Aperion Audio, REL Acoustics, Velodyne, Jamo, Teufel, Burmester, Meridian Audio, Mark Levinson, Primare, Moon by Simaudio, ATC, ProAc, Harbeth, Spendor, Amphion, Audio Physic, Triangle, Audio Note, Rogue Audio, Pathos Acoustics, Vandersteen, Zu Audio, Vienna Acoustics, Opera Loudspeakers, Legacy Audio, T+A, AudioSolutions, Raidho Acoustics, Estelon, Buchardt Audio, Pure Audio Project, Boenicke Audio, Audionet, Magnepan, Plinius, Gryphon Audio, Dan D’Agostino, Jeff Rowland Design, Benchmark Media Systems, iFi Audio, Vincent Audio, Fezz Audio, Pylon Audio, TAGA Harmony, Heco, Acoustic Energy, Cerwin-Vega, Boston Acoustics, AAD (American Acoustic Development), Definitive Technology, Axiom Audio, Mirage, NHT (Now Hear This), Energy, Phase Technology, Wharfedale Pro, Behringer, Mackie, Adam Audio, KRK Systems, Genelec, Neumann, FBT, Electro-Voice, RCF, Turbosound, QSC, Tannoy Pro, Meyer Sound, L-Acoustics, Funktion-One, d&b audiotechnik, Soundcraft, Allen & Heath, Crown Audio, Lab Gruppen, Ashly Audio, Powersoft, ART Pro Audio, Presonus, M-Audio, Focusrite, Samson, ART Audio, Bellari, Cayin, Jolida, Leben Hi-Fi, Triode Corporation, Unison Research, Manley Labs, VTL, Cary Audio, Conrad-Johnson, BAT (Balanced Audio Technology), Lector Strumenti, EAR Yoshino, Decware, Audio Hungary, Audio Analogue, YBA, Atoll Electronique, Sugden Audio, Creek Audio, Exposure Hi-Fi, Leema Acoustics, Heed Audio, Advance Paris, Roksan, LFD Audio, Dayens, Lumin, SOtM, Aurender, Auralic, Cocktail Audio, Hegel Music Systems, Burson Audio, Wyred 4 Sound, NuPrime, Parasound, Monoprice, Dayton Audio, OSD Audio, Emotiva Pro, Outlaw Audio, Crown Pro, Soundavo, Fluance, Monolith, Micca, Dayton Reference, XTZ, Swans Speakers, Tang Band, Fosi Audio, SMSL, Topping, Douk Audio, FX Audio, Aiyima, Loxjie, Sabaj, Gato Audio, Perreaux, Allnic Audio, Redgum Audio, Plinius Audio, Kinki Studio, Denafrips, Audial, Audiolab, Wharfedale Heritage, Pure Acoustics, Visaton, Tangent Audio, System Audio (SA), Scansonic HD, Dali, Larsen, Buchardt, Amphion Pro, Swissonic, Kali Audio, EVE Audio, Fluid Audio, Audes, Jern Speakers, Cabasse, Elipson, Davis Acoustics, Jean-Marie Reynaud, Pierre Etienne Léon, Apertura Audio, Neat Acoustics, PMC (Professional Monitor Company), AVI Hi-Fi, Castle Acoustics, Royd Audio, Ruark Audio, Rogers, Goodmans, Celestion, Infinity, Sansui, Hitachi Lo-D, Akai, Aiwa, Dual, Telefunken, Grundig, Loewe, Braun Audio, Philips, Radiotehnika, Vifa, Peerless, Scan-Speak, SEAS, Morel, SB Acoustics, Dayton Epique, Accuton, Eton, Tang Band Pro, Fountek, HiVi, Monacor, Visaton Pro, Eminence, Celestion Pro, Beyma, Fane Acoustics, Radian Audio, B&C Speakers, Selenium, P.Audio, Oberton, 18 Sound, Precision Devices.', 'images': ['https://ireland.apollo.olxcdn.com:443/v1/files/ib45latsmpuv-PL/image;s=750x1000', 'https://ireland.apollo.olxcdn.com:443/v1/files/cw7pf06ef0x81-PL/image;s=750x1000', 'https://ireland.apollo.olxcdn.com:443/v1/files/cdpqwhvfp9c12-PL/image;s=750x1000', 'https://ireland.apollo.olxcdn.com:443/v1/files/83p4q07cdosb1-PL/image;s=750x1000', 'https://ireland.apollo.olxcdn.com:443/v1/files/so9242492vnb3-PL/image;s=1000x802', 'https://ireland.apollo.olxcdn.com:443/v1/files/etqlm96pzw1f-PL/image;s=750x1000', 'https://ireland.apollo.olxcdn.com:443/v1/files/yk9co6h3t9e32-PL/image;s=750x1000', 'https://ireland.apollo.olxcdn.com:443/v1/files/v1rn9t7alcfk2-PL/image;s=750x1000'], 'published_date': '06 czerwca 2025', 'location': ''}
2025-06-15 08:30:55 - INFO - Parsed page 1, found 2 new ads.
2025-06-15 08:31:03 - INFO - Last page 4 is the same as this page. Stopping.
2025-06-15 08:31:03 - INFO - Знайдено актуальних оголошень: 2
2025-06-15 08:31:03 - INFO - Додаємо https://www.olx.pl/d/oferta/subwoofer-skrzynia-basowa-wzmacniacz-magnat-CID99-ID16eBt6.html.
2025-06-15 08:31:17 - INFO - Successfully sent message for ad: Subwoofer  skrzynia basowa, wzmacniacz magnat
2025-06-15 08:31:17 - INFO - Додаємо https://www.olx.pl/d/oferta/kolumny-podstawkowe-dali-opticon-2-mk2-stan-jak-nowe-CID99-ID167NUx.html.
2025-06-15 08:31:35 - INFO - Successfully sent message for ad: Kolumny podstawkowe DALI Opticon 2 MK2 – stan jak nowe
2025-06-15 08:31:35 - INFO - ✅ HTML файл збережено: magnat.html
2025-06-15 08:31:35 - INFO - Обробка URL: https://www.olx.pl/elektronika/sprzet-audio/q-wzmaczniacz/?courier=1, JSON: wzmaczniacz.json, Thread ID: 5
2025-06-15 08:31:35 - INFO - Знайдено старих оголошень: 288
2025-06-15 08:31:55 - INFO - Знайдено актуальних оголошень: 0
2025-06-15 08:31:55 - INFO - ✅ HTML файл збережено: wzmaczniacz.html
2025-06-15 09:25:45 - INFO - Обробка URL: https://www.olx.pl/elektronika/sprzet-audio/glosniki-i-kolumny/q-magnat/?courier=1, JSON: magnat.json, Thread ID: 2
2025-06-15 09:25:45 - INFO - Знайдено старих оголошень: 666
2025-06-15 09:25:55 - INFO - Last page 4 is the same as this page. Stopping.
2025-06-15 09:25:55 - INFO - Знайдено актуальних оголошень: 0
2025-06-15 09:25:55 - INFO - ✅ HTML файл збережено: magnat.html
2025-06-15 09:25:55 - INFO - Обробка URL: https://www.olx.pl/elektronika/sprzet-audio/q-wzmaczniacz/?courier=1, JSON: wzmaczniacz.json, Thread ID: 5
2025-06-15 09:25:55 - INFO - Знайдено старих оголошень: 288
2025-06-15 09:26:12 - INFO - Знайдено актуальних оголошень: 0
2025-06-15 09:26:12 - INFO - ✅ HTML файл збережено: wzmaczniacz.html
2025-06-15 10:27:51 - INFO - Обробка URL: https://www.olx.pl/elektronika/sprzet-audio/glosniki-i-kolumny/q-magnat/?courier=1, JSON: magnat.json, Thread ID: 2
2025-06-15 10:27:51 - INFO - Знайдено старих оголошень: 666
2025-06-15 10:28:05 - INFO - Last page 4 is the same as this page. Stopping.
2025-06-15 10:28:05 - INFO - Знайдено актуальних оголошень: 0
2025-06-15 10:28:05 - INFO - ✅ HTML файл збережено: magnat.html
2025-06-15 10:28:05 - INFO - Обробка URL: https://www.olx.pl/elektronika/sprzet-audio/q-wzmaczniacz/?courier=1, JSON: wzmaczniacz.json, Thread ID: 5
2025-06-15 10:28:05 - INFO - Знайдено старих оголошень: 288
2025-06-15 10:28:09 - INFO - NEW {'title': 'Wzmaczniacz SPL 400 2x200W', 'link': 'https://www.olx.pl/d/oferta/wzmaczniacz-spl-400-2x200w-CID99-ID16eZK4.html', 'price': '300 zł', 'status': 'active', 'date_found': '2025-06-15 10:28', 'date_removed': None, 'description': 'Sprzedam wzmacniacz SPL 400 2x200W. W pełni sprawny, używany jedynie w domu. Nigdy nie wykorzystałem jego pełnego potencjału.Wszystkie parametry techniczne dostępne do sprawdzenia w internecie.Odbiór osobisty lub wysyłka.', 'images': ['https://ireland.apollo.olxcdn.com:443/v1/files/w2nr3h9yrwmq2-PL/image;s=1000x750', 'https://ireland.apollo.olxcdn.com:443/v1/files/th1c7zwc4u38-PL/image;s=1000x750', 'https://ireland.apollo.olxcdn.com:443/v1/files/d98cl1bq3rbu3-PL/image;s=1000x750'], 'published_date': '2025-06-15 o 09:56', 'location': ''}
2025-06-15 10:28:09 - INFO - Parsed page 1, found 1 new ads.
2025-06-15 10:28:24 - INFO - Знайдено актуальних оголошень: 1
2025-06-15 10:28:24 - INFO - Додаємо https://www.olx.pl/d/oferta/wzmaczniacz-spl-400-2x200w-CID99-ID16eZK4.html.
2025-06-15 10:28:32 - INFO - Successfully sent message for ad: Wzmaczniacz SPL 400 2x200W
2025-06-15 10:28:32 - INFO - ✅ HTML файл збережено: wzmaczniacz.html
2025-06-15 11:20:08 - INFO - Обробка URL: https://www.olx.pl/elektronika/sprzet-audio/glosniki-i-kolumny/q-magnat/?courier=1, JSON: magnat.json, Thread ID: 2
2025-06-15 11:20:08 - INFO - Знайдено старих оголошень: 666
2025-06-15 11:20:19 - INFO - Last page 4 is the same as this page. Stopping.
2025-06-15 11:20:19 - INFO - Знайдено актуальних оголошень: 0
2025-06-15 11:20:19 - INFO - ✅ HTML файл збережено: magnat.html
2025-06-15 11:20:19 - INFO - Обробка URL: https://www.olx.pl/elektronika/sprzet-audio/q-wzmaczniacz/?courier=1, JSON: wzmaczniacz.json, Thread ID: 5
2025-06-15 11:20:19 - INFO - Знайдено старих оголошень: 289
2025-06-15 11:20:37 - INFO - Знайдено актуальних оголошень: 0
2025-06-15 11:20:37 - INFO - ✅ HTML файл збережено: wzmaczniacz.html
2025-06-15 12:50:13 - INFO - Обробка URL: https://www.olx.pl/elektronika/sprzet-audio/glosniki-i-kolumny/q-magnat/?courier=1, JSON: magnat.json, Thread ID: 2
2025-06-15 12:50:13 - INFO - Знайдено старих оголошень: 666
2025-06-15 12:50:24 - INFO - Last page 4 is the same as this page. Stopping.
2025-06-15 12:50:24 - INFO - Знайдено актуальних оголошень: 0
2025-06-15 12:50:24 - INFO - ✅ HTML файл збережено: magnat.html
2025-06-15 12:50:24 - INFO - Обробка URL: https://www.olx.pl/elektronika/sprzet-audio/q-wzmaczniacz/?courier=1, JSON: wzmaczniacz.json, Thread ID: 5
2025-06-15 12:50:24 - INFO - Знайдено старих оголошень: 289
2025-06-15 12:50:41 - INFO - Знайдено актуальних оголошень: 0
2025-06-15 12:50:41 - INFO - ✅ HTML файл збережено: wzmaczniacz.html
2025-06-15 13:31:48 - INFO - Обробка URL: https://www.olx.pl/elektronika/sprzet-audio/glosniki-i-kolumny/q-magnat/?courier=1, JSON: magnat.json, Thread ID: 2
2025-06-15 13:31:48 - INFO - Знайдено старих оголошень: 666
2025-06-15 13:31:59 - INFO - Last page 4 is the same as this page. Stopping.
2025-06-15 13:31:59 - INFO - Знайдено актуальних оголошень: 0
2025-06-15 13:31:59 - INFO - ✅ HTML файл збережено: magnat.html
2025-06-15 13:31:59 - INFO - Обробка URL: https://www.olx.pl/elektronika/sprzet-audio/q-wzmaczniacz/?courier=1, JSON: wzmaczniacz.json, Thread ID: 5
2025-06-15 13:31:59 - INFO - Знайдено старих оголошень: 289
2025-06-15 13:32:16 - INFO - Знайдено актуальних оголошень: 0
2025-06-15 13:32:16 - INFO - ✅ HTML файл збережено: wzmaczniacz.html
2025-06-15 14:22:41 - INFO - Обробка URL: https://www.olx.pl/elektronika/sprzet-audio/glosniki-i-kolumny/q-magnat/?courier=1, JSON: magnat.json, Thread ID: 2
2025-06-15 14:22:41 - INFO - Знайдено старих оголошень: 666
2025-06-15 14:22:53 - INFO - Last page 4 is the same as this page. Stopping.
2025-06-15 14:22:53 - INFO - Знайдено актуальних оголошень: 0
2025-06-15 14:22:53 - INFO - ✅ HTML файл збережено: magnat.html
2025-06-15 14:22:53 - INFO - Обробка URL: https://www.olx.pl/elektronika/sprzet-audio/q-wzmaczniacz/?courier=1, JSON: wzmaczniacz.json, Thread ID: 5
2025-06-15 14:22:53 - INFO - Знайдено старих оголошень: 289
2025-06-15 14:23:10 - INFO - Знайдено актуальних оголошень: 0
2025-06-15 14:23:10 - INFO - ✅ HTML файл збережено: wzmaczniacz.html
2025-06-15 15:24:58 - INFO - Обробка URL: https://www.olx.pl/elektronika/sprzet-audio/glosniki-i-kolumny/q-magnat/?courier=1, JSON: magnat.json, Thread ID: 2
2025-06-15 15:24:58 - INFO - Знайдено старих оголошень: 666
2025-06-15 15:25:12 - INFO - Last page 4 is the same as this page. Stopping.
2025-06-15 15:25:12 - INFO - Знайдено актуальних оголошень: 0
2025-06-15 15:25:12 - INFO - ✅ HTML файл збережено: magnat.html
2025-06-15 15:25:12 - INFO - Обробка URL: https://www.olx.pl/elektronika/sprzet-audio/q-wzmaczniacz/?courier=1, JSON: wzmaczniacz.json, Thread ID: 5
2025-06-15 15:25:12 - INFO - Знайдено старих оголошень: 289
2025-06-15 15:25:38 - INFO - Знайдено актуальних оголошень: 0
2025-06-15 15:25:38 - INFO - ✅ HTML файл збережено: wzmaczniacz.html
2025-06-15 16:30:07 - INFO - Обробка URL: https://www.olx.pl/elektronika/sprzet-audio/glosniki-i-kolumny/q-magnat/?courier=1, JSON: magnat.json, Thread ID: 2
2025-06-15 16:30:07 - INFO - Знайдено старих оголошень: 666
2025-06-15 16:30:18 - INFO - Last page 4 is the same as this page. Stopping.
2025-06-15 16:30:18 - INFO - Знайдено актуальних оголошень: 0
2025-06-15 16:30:18 - INFO - ✅ HTML файл збережено: magnat.html
2025-06-15 16:30:18 - INFO - Обробка URL: https://www.olx.pl/elektronika/sprzet-audio/q-wzmaczniacz/?courier=1, JSON: wzmaczniacz.json, Thread ID: 5
2025-06-15 16:30:18 - INFO - Знайдено старих оголошень: 289
2025-06-15 16:30:21 - INFO - NEW {'title': 'Wzmaczniacz Akai 2650', 'link': 'https://www.olx.pl/d/oferta/wzmaczniacz-akai-2650-CID99-ID16feMv.html', 'price': '1 400 zł', 'status': 'active', 'date_found': '2025-06-15 16:30', 'date_removed': None, 'description': 'Witam posiadam na sprzedaż wzmacniacz marki Akai seria 2650 w stanie nie znanym przez co sprzedaje jako uszkodzony', 'images': ['https://ireland.apollo.olxcdn.com:443/v1/files/pxh4ldlipsat-PL/image;s=2000x1500', 'https://ireland.apollo.olxcdn.com:443/v1/files/p41ryx4la9qo2-PL/image;s=2000x1500', 'https://ireland.apollo.olxcdn.com:443/v1/files/349h0tsw8v622-PL/image;s=2000x1500', 'https://ireland.apollo.olxcdn.com:443/v1/files/m4bc680k7i5i-PL/image;s=2000x1500', 'https://ireland.apollo.olxcdn.com:443/v1/files/0p8e6snc1g591-PL/image;s=2000x1500', 'https://ireland.apollo.olxcdn.com:443/v1/files/idybl4x9o00m1-PL/image;s=2000x1500', 'https://ireland.apollo.olxcdn.com:443/v1/files/u34uhg89pqcb3-PL/image;s=2000x1500', 'https://ireland.apollo.olxcdn.com:443/v1/files/u35f54y9pm723-PL/image;s=2000x1500'], 'published_date': '2025-06-15 o 15:19', 'location': ''}
2025-06-15 16:30:21 - INFO - Parsed page 1, found 1 new ads.
2025-06-15 16:30:25 - INFO - NEW {'title': 'Głośnik Wharfedale Evolution^2 Centre + Subwoofer PowerCube 12A', 'link': 'https://www.olx.pl/d/oferta/glosnik-wharfedale-evolution2-centre-subwoofer-powercube-12a-CID99-ID16a8SQ.html?reason=extended_search_extended_s2v', 'price': '2 500 zł', 'status': 'active', 'date_found': '2025-06-15 16:30', 'date_removed': None, 'description': 'Głośnik centralny Wharfedale Evolution² Centre + subwoofer Wharfedale PowerCube 12A:Na sprzedaż:-Głośnik centralny Wharfedale Evolution² Centre-Subwoofer aktywny Wharfedale Powercube (model widoczny na zdjęciu)Sprzęt w bardzo dobrym stanie – zadbany, w pełni sprawny, gotowy do odsłuchu.Istnieje możliwość zakupienia pełnego zestawu Wharfedale widocznego na zdjęciu.Zainteresowanych proszę o kontakt – chętnie udzielę więcej informacji.', 'images': ['https://ireland.apollo.olxcdn.com:443/v1/files/v3c4exarse9q-PL/image;s=810x1080', 'https://ireland.apollo.olxcdn.com:443/v1/files/7e5rupz6x1fi3-PL/image;s=810x1080', 'https://ireland.apollo.olxcdn.com:443/v1/files/fknlv24coie61-PL/image;s=810x1080', 'https://ireland.apollo.olxcdn.com:443/v1/files/ojstt77048b42-PL/image;s=810x1080', 'https://ireland.apollo.olxcdn.com:443/v1/files/su377gtmg22d-PL/image;s=810x1080', 'https://ireland.apollo.olxcdn.com:443/v1/files/9um85kdnbrcg1-PL/image;s=810x1080'], 'published_date': '09 czerwca 2025', 'location': ''}
2025-06-15 16:30:25 - INFO - Parsed page 2, found 1 new ads.
2025-06-15 16:30:35 - INFO - Знайдено актуальних оголошень: 2
2025-06-15 16:30:35 - INFO - Додаємо https://www.olx.pl/d/oferta/wzmaczniacz-akai-2650-CID99-ID16feMv.html.
2025-06-15 16:30:48 - INFO - Successfully sent message for ad: Wzmaczniacz Akai 2650
2025-06-15 16:30:48 - INFO - Додаємо https://www.olx.pl/d/oferta/glosnik-wharfedale-evolution2-centre-subwoofer-powercube-12a-CID99-ID16a8SQ.html?reason=extended_search_extended_s2v.
2025-06-15 16:30:58 - INFO - Successfully sent message for ad: Głośnik Wharfedale Evolution^2 Centre + Subwoofer PowerCube 12A
2025-06-15 16:30:58 - INFO - ✅ HTML файл збережено: wzmaczniacz.html
2025-06-15 17:21:48 - INFO - Обробка URL: https://www.olx.pl/elektronika/sprzet-audio/glosniki-i-kolumny/q-magnat/?courier=1, JSON: magnat.json, Thread ID: 2
2025-06-15 17:21:48 - INFO - Знайдено старих оголошень: 666
2025-06-15 17:22:00 - INFO - Last page 4 is the same as this page. Stopping.
2025-06-15 17:22:00 - INFO - Знайдено актуальних оголошень: 0
2025-06-15 17:22:00 - INFO - ✅ HTML файл збережено: magnat.html
2025-06-15 17:22:00 - INFO - Обробка URL: https://www.olx.pl/elektronika/sprzet-audio/q-wzmaczniacz/?courier=1, JSON: wzmaczniacz.json, Thread ID: 5
2025-06-15 17:22:00 - INFO - Знайдено старих оголошень: 291
2025-06-15 17:22:15 - INFO - Знайдено актуальних оголошень: 0
2025-06-15 17:22:15 - INFO - ✅ HTML файл збережено: wzmaczniacz.html
2025-06-15 18:33:38 - INFO - Обробка URL: https://www.olx.pl/elektronika/sprzet-audio/glosniki-i-kolumny/q-magnat/?courier=1, JSON: magnat.json, Thread ID: 2
2025-06-15 18:33:38 - INFO - Знайдено старих оголошень: 666
2025-06-15 18:33:54 - INFO - Last page 4 is the same as this page. Stopping.
2025-06-15 18:33:54 - INFO - Знайдено актуальних оголошень: 0
2025-06-15 18:33:54 - INFO - ✅ HTML файл збережено: magnat.html
2025-06-15 18:33:54 - INFO - Обробка URL: https://www.olx.pl/elektronika/sprzet-audio/q-wzmaczniacz/?courier=1, JSON: wzmaczniacz.json, Thread ID: 5
2025-06-15 18:33:54 - INFO - Знайдено старих оголошень: 291
2025-06-15 18:34:11 - INFO - Знайдено актуальних оголошень: 0
2025-06-15 18:34:11 - INFO - ✅ HTML файл збережено: wzmaczniacz.html
2025-06-15 19:19:46 - INFO - Обробка URL: https://www.olx.pl/elektronika/sprzet-audio/glosniki-i-kolumny/q-magnat/?courier=1, JSON: magnat.json, Thread ID: 2
2025-06-15 19:19:46 - INFO - Знайдено старих оголошень: 666
2025-06-15 19:19:59 - INFO - Last page 4 is the same as this page. Stopping.
2025-06-15 19:19:59 - INFO - Знайдено актуальних оголошень: 0
2025-06-15 19:19:59 - INFO - ✅ HTML файл збережено: magnat.html
2025-06-15 19:19:59 - INFO - Обробка URL: https://www.olx.pl/elektronika/sprzet-audio/q-wzmaczniacz/?courier=1, JSON: wzmaczniacz.json, Thread ID: 5
2025-06-15 19:19:59 - INFO - Знайдено старих оголошень: 291
2025-06-15 19:20:17 - INFO - Знайдено актуальних оголошень: 0
2025-06-15 19:20:17 - INFO - ✅ HTML файл збережено: wzmaczniacz.html
2025-06-15 20:26:57 - INFO - Обробка URL: https://www.olx.pl/elektronika/sprzet-audio/glosniki-i-kolumny/q-magnat/?courier=1, JSON: magnat.json, Thread ID: 2
2025-06-15 20:26:57 - INFO - Знайдено старих оголошень: 666
2025-06-15 20:27:07 - INFO - Last page 4 is the same as this page. Stopping.
2025-06-15 20:27:07 - INFO - Знайдено актуальних оголошень: 0
2025-06-15 20:27:07 - INFO - ✅ HTML файл збережено: magnat.html
2025-06-15 20:27:07 - INFO - Обробка URL: https://www.olx.pl/elektronika/sprzet-audio/q-wzmaczniacz/?courier=1, JSON: wzmaczniacz.json, Thread ID: 5
2025-06-15 20:27:07 - INFO - Знайдено старих оголошень: 291
2025-06-15 20:27:13 - INFO - NEW {'title': 'Głośnik nowy nie używany The Box Pam12 Eco MKII', 'link': 'https://www.olx.pl/d/oferta/glosnik-nowy-nie-uzywany-the-box-pam12-eco-mkii-CID99-ID16anJL.html?reason=extended_search_extended_s2v', 'price': '300 zł', 'status': 'active', 'date_found': '2025-06-15 20:27', 'date_removed': None, 'description': 'Sprzedam nowy nie używany głośnik firmy The Box Pam 12 eco mkII. Głośnik kupiony w sklepie Thomann. Sprzedaje bo niestety nie mogę oddać go do sklepu - minęło 30 dni zwrotu.', 'images': ['https://ireland.apollo.olxcdn.com:443/v1/files/ezz07tbhu9583-PL/image;s=1000x750', 'https://ireland.apollo.olxcdn.com:443/v1/files/bgnft0owrt1u1-PL/image;s=750x1000', 'https://ireland.apollo.olxcdn.com:443/v1/files/utj2tjb9k4z7-PL/image;s=1000x750', 'https://ireland.apollo.olxcdn.com:443/v1/files/3vlqp7f8bxqq3-PL/image;s=1000x750', 'https://ireland.apollo.olxcdn.com:443/v1/files/3fi92tmqb3fu2-PL/image;s=461x1000'], 'published_date': '09 czerwca 2025', 'location': ''}
2025-06-15 20:27:13 - INFO - Parsed page 2, found 1 new ads.
2025-06-15 20:27:24 - INFO - Знайдено актуальних оголошень: 1
2025-06-15 20:27:24 - INFO - Додаємо https://www.olx.pl/d/oferta/glosnik-nowy-nie-uzywany-the-box-pam12-eco-mkii-CID99-ID16anJL.html?reason=extended_search_extended_s2v.
2025-06-15 20:27:38 - INFO - Successfully sent message for ad: Głośnik nowy nie używany The Box Pam12 Eco MKII
2025-06-15 20:27:38 - INFO - ✅ HTML файл збережено: wzmaczniacz.html
2025-06-15 21:23:08 - INFO - Обробка URL: https://www.olx.pl/elektronika/sprzet-audio/glosniki-i-kolumny/q-magnat/?courier=1, JSON: magnat.json, Thread ID: 2
2025-06-15 21:23:08 - INFO - Знайдено старих оголошень: 666
2025-06-15 21:23:19 - INFO - Last page 4 is the same as this page. Stopping.
2025-06-15 21:23:19 - INFO - Знайдено актуальних оголошень: 0
2025-06-15 21:23:19 - INFO - ✅ HTML файл збережено: magnat.html
2025-06-15 21:23:19 - INFO - Обробка URL: https://www.olx.pl/elektronika/sprzet-audio/q-wzmaczniacz/?courier=1, JSON: wzmaczniacz.json, Thread ID: 5
2025-06-15 21:23:19 - INFO - Знайдено старих оголошень: 292
2025-06-15 21:23:35 - INFO - Знайдено актуальних оголошень: 0
2025-06-15 21:23:35 - INFO - ✅ HTML файл збережено: wzmaczniacz.html
2025-06-15 22:24:24 - INFO - Обробка URL: https://www.olx.pl/elektronika/sprzet-audio/glosniki-i-kolumny/q-magnat/?courier=1, JSON: magnat.json, Thread ID: 2
2025-06-15 22:24:25 - INFO - Знайдено старих оголошень: 666
2025-06-15 22:24:36 - INFO - Last page 4 is the same as this page. Stopping.
2025-06-15 22:24:36 - INFO - Знайдено актуальних оголошень: 0
2025-06-15 22:24:36 - INFO - ✅ HTML файл збережено: magnat.html
2025-06-15 22:24:36 - INFO - Обробка URL: https://www.olx.pl/elektronika/sprzet-audio/q-wzmaczniacz/?courier=1, JSON: wzmaczniacz.json, Thread ID: 5
2025-06-15 22:24:36 - INFO - Знайдено старих оголошень: 292
2025-06-15 22:24:52 - INFO - Знайдено актуальних оголошень: 0
2025-06-15 22:24:52 - INFO - ✅ HTML файл збережено: wzmaczniacz.html
2025-06-15 23:23:23 - INFO - Обробка URL: https://www.olx.pl/elektronika/sprzet-audio/glosniki-i-kolumny/q-magnat/?courier=1, JSON: magnat.json, Thread ID: 2
2025-06-15 23:23:23 - INFO - Знайдено старих оголошень: 666
2025-06-15 23:23:35 - INFO - Last page 4 is the same as this page. Stopping.
2025-06-15 23:23:35 - INFO - Знайдено актуальних оголошень: 0
2025-06-15 23:23:35 - INFO - ✅ HTML файл збережено: magnat.html
2025-06-15 23:23:35 - INFO - Обробка URL: https://www.olx.pl/elektronika/sprzet-audio/q-wzmaczniacz/?courier=1, JSON: wzmaczniacz.json, Thread ID: 5
2025-06-15 23:23:35 - INFO - Знайдено старих оголошень: 292
2025-06-15 23:23:51 - INFO - Знайдено актуальних оголошень: 0
2025-06-15 23:23:51 - INFO - ✅ HTML файл збережено: wzmaczniacz.html
