2025-06-13 03:51:08 - INFO - Обробка URL: https://www.olx.pl/elektronika/sprzet-audio/glosniki-i-kolumny/q-magnat/?courier=1, JSON: magnat.json, Thread ID: 2
2025-06-13 03:51:08 - INFO - Знайдено старих оголошень: 660
2025-06-13 03:51:22 - INFO - Last page 4 is the same as this page. Stopping.
2025-06-13 03:51:22 - INFO - Знайдено актуальних оголошень: 0
2025-06-13 03:51:22 - INFO - ✅ HTML файл збережено: magnat.html
2025-06-13 03:51:22 - INFO - Обробка URL: https://www.olx.pl/elektronika/sprzet-audio/q-wzmaczniacz/?courier=1, JSON: wzmaczniacz.json, Thread ID: 5
2025-06-13 03:51:22 - INFO - Знайдено старих оголошень: 283
2025-06-13 03:51:44 - INFO - Знайдено актуальних оголошень: 0
2025-06-13 03:51:44 - INFO - ✅ HTML файл збережено: wzmaczniacz.html
2025-06-13 06:37:55 - INFO - Обробка URL: https://www.olx.pl/elektronika/sprzet-audio/glosniki-i-kolumny/q-magnat/?courier=1, JSON: magnat.json, Thread ID: 2
2025-06-13 06:37:55 - INFO - Знайдено старих оголошень: 660
2025-06-13 06:38:06 - INFO - Last page 4 is the same as this page. Stopping.
2025-06-13 06:38:06 - INFO - Знайдено актуальних оголошень: 0
2025-06-13 06:38:06 - INFO - ✅ HTML файл збережено: magnat.html
2025-06-13 06:38:06 - INFO - Обробка URL: https://www.olx.pl/elektronika/sprzet-audio/q-wzmaczniacz/?courier=1, JSON: wzmaczniacz.json, Thread ID: 5
2025-06-13 06:38:06 - INFO - Знайдено старих оголошень: 283
2025-06-13 06:38:24 - INFO - Знайдено актуальних оголошень: 0
2025-06-13 06:38:24 - INFO - ✅ HTML файл збережено: wzmaczniacz.html
2025-06-13 07:25:01 - INFO - Обробка URL: https://www.olx.pl/elektronika/sprzet-audio/glosniki-i-kolumny/q-magnat/?courier=1, JSON: magnat.json, Thread ID: 2
2025-06-13 07:25:01 - INFO - Знайдено старих оголошень: 660
2025-06-13 07:25:11 - INFO - Last page 4 is the same as this page. Stopping.
2025-06-13 07:25:11 - INFO - Знайдено актуальних оголошень: 0
2025-06-13 07:25:11 - INFO - ✅ HTML файл збережено: magnat.html
2025-06-13 07:25:11 - INFO - Обробка URL: https://www.olx.pl/elektronika/sprzet-audio/q-wzmaczniacz/?courier=1, JSON: wzmaczniacz.json, Thread ID: 5
2025-06-13 07:25:11 - INFO - Знайдено старих оголошень: 283
2025-06-13 07:25:27 - INFO - Знайдено актуальних оголошень: 0
2025-06-13 07:25:27 - INFO - ✅ HTML файл збережено: wzmaczniacz.html
