2025-05-11 03:46:06 - INFO - Found old 537 ads.
2025-05-11 03:47:02 - INFO - Last page 13 is the same as this page. Stopping.
2025-05-11 03:47:02 - INFO - Found actual 0 ads.
2025-05-11 03:47:02 - INFO - ✅ HTML файл збережено: index.html
2025-05-11 06:33:31 - INFO - Found old 537 ads.
2025-05-11 06:34:21 - INFO - Last page 13 is the same as this page. Stopping.
2025-05-11 06:34:21 - INFO - Found actual 0 ads.
2025-05-11 06:34:21 - INFO - ✅ HTML файл збережено: index.html
2025-05-11 07:23:09 - INFO - Found old 537 ads.
2025-05-11 07:23:26 - INFO - NEW {'title': 'Kolunma Głosnik Magnat Neos Tower', 'link': 'https://www.olx.pl/d/oferta/kolunma-glosnik-magnat-neos-tower-CID99-IDOXKPU.html', 'price': '150 zł', 'status': 'active', 'date_found': '2025-05-11 07:23', 'date_removed': None, 'description': 'Kolumna Magnat w pełni sprawna niestety posiadam tylko jedną. Więcej informacji pod nr. 60*****71', 'images': ['https://ireland.apollo.olxcdn.com:443/v1/files/0me7l6f5un8e3-PL/image;s=3000x4000', 'https://ireland.apollo.olxcdn.com:443/v1/files/tjsr3f8vq7ob3-PL/image;s=3000x4000', 'https://ireland.apollo.olxcdn.com:443/v1/files/604y9b2vqfxn-PL/image;s=3000x4000', 'https://ireland.apollo.olxcdn.com:443/v1/files/1tdqmqcx0x7i2-PL/image;s=3000x4000'], 'published_date': '2025-05-11 o 06:47', 'location': ''}
2025-05-11 07:23:26 - INFO - Parsed page 5, found 1 new ads.
2025-05-11 07:23:56 - INFO - Last page 13 is the same as this page. Stopping.
2025-05-11 07:23:56 - INFO - Found actual 1 ads.
2025-05-11 07:23:56 - INFO - Додаємо https://www.olx.pl/d/oferta/kolunma-glosnik-magnat-neos-tower-CID99-IDOXKPU.html.
2025-05-11 07:23:59 - INFO - ✅ HTML файл збережено: index.html
2025-05-11 08:30:07 - INFO - Found old 538 ads.
2025-05-11 08:30:59 - INFO - Last page 13 is the same as this page. Stopping.
2025-05-11 08:30:59 - INFO - Found actual 0 ads.
2025-05-11 08:30:59 - INFO - ✅ HTML файл збережено: index.html
2025-05-11 09:24:14 - INFO - Found old 538 ads.
2025-05-11 09:24:21 - INFO - NEW {'title': 'subwoofer magnat 800wat', 'link': 'https://www.olx.pl/d/oferta/subwoofer-magnat-800wat-CID99-ID15Ly6c.html', 'price': '250 zł', 'status': 'active', 'date_found': '2025-05-11 09:24', 'date_removed': None, 'description': 'sprzedam subwoofer firmy magnat 800 wat.Gra ładnie nic nie trzeszczy.Służył mi przez ponad dwa lata, sprzedaje ponieważ zmieniłem auto i stoi nie używany.', 'images': ['https://ireland.apollo.olxcdn.com:443/v1/files/o2x3jcim8fcn3-PL/image;s=750x1000', 'https://ireland.apollo.olxcdn.com:443/v1/files/isqcvvr7u15n1-PL/image;s=750x1000', 'https://ireland.apollo.olxcdn.com:443/v1/files/mmlorvbr2nev2-PL/image;s=750x1000'], 'published_date': '2025-05-11 o 08:31', 'location': ''}
2025-05-11 09:24:23 - INFO - Parsed page 1, found 1 new ads.
2025-05-11 09:25:06 - INFO - Last page 13 is the same as this page. Stopping.
2025-05-11 09:25:06 - INFO - Found actual 1 ads.
2025-05-11 09:25:06 - INFO - Додаємо https://www.olx.pl/d/oferta/subwoofer-magnat-800wat-CID99-ID15Ly6c.html.
2025-05-11 09:25:10 - INFO - ✅ HTML файл збережено: index.html
2025-05-11 10:24:39 - INFO - Found old 539 ads.
2025-05-11 10:25:44 - INFO - Last page 13 is the same as this page. Stopping.
2025-05-11 10:25:44 - INFO - Found actual 0 ads.
2025-05-11 10:25:44 - INFO - ✅ HTML файл збережено: index.html
2025-05-11 11:18:55 - INFO - Found old 539 ads.
2025-05-11 11:19:49 - INFO - Last page 13 is the same as this page. Stopping.
2025-05-11 11:19:49 - INFO - Found actual 0 ads.
2025-05-11 11:19:49 - INFO - ✅ HTML файл збережено: index.html
