2025-05-18 03:48:40 - INFO - Found old 602 ads.
2025-05-18 03:49:42 - INFO - Last page 13 is the same as this page. Stopping.
2025-05-18 03:49:42 - INFO - Found actual 0 ads.
2025-05-18 03:49:42 - INFO - ✅ HTML файл збережено: index.html
2025-05-18 06:34:38 - INFO - Found old 602 ads.
2025-05-18 06:34:49 - INFO - NEW {'title': 'Kolumny Magnat All Ribbon 4', 'link': 'https://www.olx.pl/d/oferta/kolumny-magnat-all-ribbon-4-CID99-IDZyxg7.html', 'price': '740 zł', 'status': 'active', 'date_found': '2025-05-18 06:34', 'date_removed': None, 'description': 'Kolumny głośnikowe firmy Magnat All Ribbon 4  w bardzo dobrym stanie ,konstrukcja trzydrożna.', 'images': ['https://ireland.apollo.olxcdn.com:443/v1/files/z72o07ogjx661-PL/image;s=1008x490', 'https://ireland.apollo.olxcdn.com:443/v1/files/icee5p69qyky1-PL/image;s=1008x490', 'https://ireland.apollo.olxcdn.com:443/v1/files/xuv5ssaa9e471-PL/image;s=1008x490', 'https://ireland.apollo.olxcdn.com:443/v1/files/5h88am6455tp-PL/image;s=490x1008', 'https://ireland.apollo.olxcdn.com:443/v1/files/0y82c2xrb70p1-PL/image;s=1008x490'], 'published_date': '2025-05-18 o 06:06', 'location': ''}
2025-05-18 06:34:49 - INFO - Parsed page 1, found 1 new ads.
2025-05-18 06:35:08 - INFO - NEW {'title': 'Kolumny Yamaha NS E7900 głośniki do amplituner a kino domowe', 'link': 'https://www.olx.pl/d/oferta/kolumny-yamaha-ns-e7900-glosniki-do-amplituner-a-kino-domowe-CID99-ID15SiR2.html', 'price': '249 zł', 'status': 'active', 'date_found': '2025-05-18 06:35', 'date_removed': None, 'description': 'Kolumny Yamaha NS-E 7900Kolumny są w 100% sprawne technicznie.- kolumny są w pełni sprawne technicznie, bez jakichkolwiek wad- wszystkie głośniki bardzo ładnie grają, żaden nie jest przepalony oraz żaden nie zniekształca dźwięku..Można dzwonić lub SMS:504 --996 -- 123..NS-E7900 to wspaniały system 2.0Zapewnić mogą one nie spotykane wrażenia podczas oglądania filmów oraz słuchania muzyki.Sprawią, że słuchacz przeniesie się do wnętrza muzyki.Wszystkie głośniki są ekranowane magnetycznie, dzięki czemu można je umieścić w pobliżu bądź na ekranie telewizora, lub monitora bez pogorszenia obrazu przez pole magnetyczne.Dane:Głośnik niskotonowy: 10 cm stożekGłośnik wysokotonowy: 2.2cm kopułkaPasmo przenoszenia: 70 Hz-40 000 kHzNominalna moc wejściowa : 50 WattMaksymalna moc wejściowa: 150 WattCzęstotliwość zwrotnicy: 5 kHzImpedancja: 6 ohmsWymiary:Wysokość 22,0 cmSzerokość 13,5 cmGłębokość 15,0 cm"NS" to słynna seria kolumn od Yamahato kontynuacja dążenia do wprowadzania komponentów, materiałów i metod produkcji, które normalnie zarezerwowane są dla głośników dla wymagających klientów oraz produkowania głośników, które są nie tylko dostępne cenowo i praktyczne, ale są także doskonałą wartością same w sobie.Większość udoskonaleń wprowadzonych w serii NS dokonana została wewnętrznie, poprzez wykorzystanie zaawansowanych technik, materiałów i komponentów lepszej jakości.Ale to właśnie przywiązanie uwagi do najdrobniejszych szczegółów sprawia, że ta seria głośników jest tak bardzo pożądana.kef dali jamo jbl magnat tannoy tonsil heco elac yamahacanton pioneer technics focal paradigm quadral infinity mission diora monitor audio', 'images': ['https://ireland.apollo.olxcdn.com:443/v1/files/w17y57suazle3-PL/image;s=2816x1880', 'https://ireland.apollo.olxcdn.com:443/v1/files/tgdiqn9u3n22-PL/image;s=2428x1630', 'https://ireland.apollo.olxcdn.com:443/v1/files/ky3jknzhek7z1-PL/image;s=2816x1880', 'https://ireland.apollo.olxcdn.com:443/v1/files/yy3795e1qsk8-PL/image;s=2728x1821', 'https://ireland.apollo.olxcdn.com:443/v1/files/dw5kjailu7av2-PL/image;s=2717x1814', 'https://ireland.apollo.olxcdn.com:443/v1/files/hoyozn7vz40c-PL/image;s=2816x1880', 'https://ireland.apollo.olxcdn.com:443/v1/files/x4m4eb939j99-PL/image;s=2657x1615'], 'published_date': '2025-05-18 o 06:25', 'location': ''}
2025-05-18 06:35:08 - INFO - Parsed page 7, found 1 new ads.
2025-05-18 06:35:33 - INFO - Last page 13 is the same as this page. Stopping.
2025-05-18 06:35:33 - INFO - Found actual 2 ads.
2025-05-18 06:35:33 - INFO - Додаємо https://www.olx.pl/d/oferta/kolumny-magnat-all-ribbon-4-CID99-IDZyxg7.html.
2025-05-18 06:35:37 - INFO - Додаємо https://www.olx.pl/d/oferta/kolumny-yamaha-ns-e7900-glosniki-do-amplituner-a-kino-domowe-CID99-ID15SiR2.html.
2025-05-18 06:35:39 - INFO - ✅ HTML файл збережено: index.html
2025-05-18 07:22:29 - INFO - Found old 604 ads.
2025-05-18 07:23:31 - INFO - Last page 13 is the same as this page. Stopping.
2025-05-18 07:23:31 - INFO - Found actual 0 ads.
2025-05-18 07:23:31 - INFO - ✅ HTML файл збережено: index.html
2025-05-18 08:29:48 - INFO - Found old 604 ads.
2025-05-18 08:30:48 - INFO - Last page 13 is the same as this page. Stopping.
2025-05-18 08:30:48 - INFO - Found actual 0 ads.
2025-05-18 08:30:48 - INFO - ✅ HTML файл збережено: index.html
2025-05-18 09:24:05 - INFO - Found old 604 ads.
2025-05-18 09:25:01 - INFO - Last page 13 is the same as this page. Stopping.
2025-05-18 09:25:01 - INFO - Found actual 0 ads.
2025-05-18 09:25:01 - INFO - ✅ HTML файл збережено: index.html
2025-05-18 10:25:25 - INFO - Found old 604 ads.
2025-05-18 10:25:51 - INFO - NEW {'title': 'Subwoofer aktywny Jamo sub subufer głośnik basowy', 'link': 'https://www.olx.pl/d/oferta/subwoofer-aktywny-jamo-sub-subufer-glosnik-basowy-CID99-ID15SnoL.html', 'price': '450 zł', 'status': 'active', 'date_found': '2025-05-18 10:25', 'date_removed': None, 'description': 'subwoofer aktywnyJamo PJ SW 6000APOWERED SUBWOOFER SYSTEMSubwoofer w Bardzo dobrym stanie, w 100% sprawny.Rewelacyjne wykonanie,Wejscia wysoko oraz niskopoziomowe - umożliwiające podłączenie subwoofera praktycznie do kazdego zestawu stereo lub kina domowego..Najlepiej dzwonić lub napisać SMS:504 --996 -- 123..W zestawie kabel połaczeniowy do subwoofera ( RCA-RCA )Wejścia wysoko oraz nisko poziomowe, co sprawia że można podłączyć go pod każdy wzmacniacz stereo lub amplituner.Ma bardzo mocny i dynamiczny dźwięk, bardzo nisko potrafi zejść i od najniższych częstotliwości wzbogacać zarówno muzykę z płyt, z radia czy klasycznie filmy z DVD lub Blu RaySubwoofer ma bardzo dobre opinie w internecie.Moc: 100 WattPrzetwornik: Typ StożkowyTechnologia Bass-Reflex - Układ podwójnyPasmo przenoszenia: 28-200 Hz;Płynna regulacja: 25-200 HzRegulacja mocyWymiary:Szerokość: 29,0 cmWysokość: 35,5 cmGłębokość: 38,5 cmJeśli szukasz doskonałego Subwoofera, który poradzi sobie z każdym, nawet najtrudniejszym zadaniem będzie strzałem w dziesiątkę.Przemyślana konstrukcja i doskonała jakość sprawiają, że produkt ten jest bezapelacyjnie wart swojej ceny.Dobry system audio musi mieć subwoofer – ta prosta prawda jest znana wszystkim posiadaczom sprzętu grającego na całym świecie.Potężny i głęboki bas pozwala sprawić, że dźwięk staje się nie tylko słyszalny, ale wręcz odczuwalny każdą częścią ciała.Często po podłączeniu subwoofera okazuje się, że gdy słuchamy swoich ulubionych utworów na naszej skórze pojawiają się ciarkikef dali jamo jbl magnat tannoy tonsil heco elac yamaha canton pioneer technics focal quadral infinity mission diora monitor audiotechnics pioneer yamaha denon marantz', 'images': ['https://ireland.apollo.olxcdn.com:443/v1/files/2e45uk96k9oq1-PL/image;s=433x455', 'https://ireland.apollo.olxcdn.com:443/v1/files/d5fbhglbn05t2-PL/image;s=635x665', 'https://ireland.apollo.olxcdn.com:443/v1/files/7ecfr7wdyewp2-PL/image;s=618x766', 'https://ireland.apollo.olxcdn.com:443/v1/files/29dpp9rl90ga-PL/image;s=524x609', 'https://ireland.apollo.olxcdn.com:443/v1/files/mivtllh5oy4l2-PL/image;s=522x724'], 'published_date': '2025-05-18 o 09:45', 'location': ''}
2025-05-18 10:25:51 - INFO - Parsed page 6, found 1 new ads.
2025-05-18 10:25:54 - INFO - NEW {'title': 'Aktualne Maj Głośniki 2x Magnat 170x2, Amplituner Onkyo TX-SR308', 'link': 'https://www.olx.pl/d/oferta/aktualne-maj-glosniki-2x-magnat-170x2-amplituner-onkyo-tx-sr308-CID99-ID14BSF6.html', 'price': '800 zł', 'status': 'active', 'date_found': '2025-05-18 10:25', 'date_removed': None, 'description': 'Jak na 3 drożne głośniki grają bdb . Nie ma problemów. Grają czysto . Głośno. Membrany bez uszkodzeń.  Podpięte pod amplituner tworzą czysty dźwięk .  Dodaje też osłony itp. Stan osłon db  .  Głośniki są mało używane. Nie katowane. Znalazł bym 4 stopki żeby kolumna stała na podłodze do 2 brak . Samemu można  wkręcić na gwint 4 śrubki .  Amplituner Onkyo TX-SR308 działa bdb . Zestaw na imprezy .   Odbiór osobisty.  Paliwo w waszym zakresie . Odbiór Białogard. Cena ostateczna . Najtaniej .', 'images': ['https://ireland.apollo.olxcdn.com:443/v1/files/zqstpbtpk8qm1-PL/image;s=1000x563', 'https://ireland.apollo.olxcdn.com:443/v1/files/9ji475t08tg03-PL/image;s=1000x563', 'https://ireland.apollo.olxcdn.com:443/v1/files/sw4vyhq0t6lb2-PL/image;s=562x998', 'https://ireland.apollo.olxcdn.com:443/v1/files/pmxcou5lbfnf-PL/image;s=562x998', 'https://ireland.apollo.olxcdn.com:443/v1/files/91zhppsvsd1f1-PL/image;s=855x567', 'https://ireland.apollo.olxcdn.com:443/v1/files/log9e2d62po82-PL/image;s=1389x684', 'https://ireland.apollo.olxcdn.com:443/v1/files/pm4dzkn3cev51-PL/image;s=330x591'], 'published_date': '24 kwietnia 2025', 'location': ''}
2025-05-18 10:25:54 - INFO - Parsed page 7, found 1 new ads.
2025-05-18 10:26:13 - INFO - Last page 13 is the same as this page. Stopping.
2025-05-18 10:26:13 - INFO - Found actual 2 ads.
2025-05-18 10:26:13 - INFO - Додаємо https://www.olx.pl/d/oferta/subwoofer-aktywny-jamo-sub-subufer-glosnik-basowy-CID99-ID15SnoL.html.
2025-05-18 10:26:16 - INFO - Додаємо https://www.olx.pl/d/oferta/aktualne-maj-glosniki-2x-magnat-170x2-amplituner-onkyo-tx-sr308-CID99-ID14BSF6.html.
2025-05-18 10:26:18 - INFO - ✅ HTML файл збережено: index.html
2025-05-18 11:19:01 - INFO - Found old 606 ads.
2025-05-18 11:19:55 - INFO - Last page 13 is the same as this page. Stopping.
2025-05-18 11:19:55 - INFO - Found actual 0 ads.
2025-05-18 11:19:55 - INFO - ✅ HTML файл збережено: index.html
