2025-06-28 03:48:29 - INFO - Обробка URL: https://www.olx.pl/elektronika/sprzet-audio/glosniki-i-kolumny/q-magnat/?courier=1, JSON: magnat.json, Thread ID: 2
2025-06-28 03:48:29 - INFO - Знайдено старих оголошень: 688
2025-06-28 03:48:43 - INFO - Last page 4 is the same as this page. Stopping.
2025-06-28 03:48:43 - INFO - Знайдено актуальних оголошень: 0
2025-06-28 03:48:43 - INFO - ✅ HTML файл збережено: magnat.html
2025-06-28 03:48:43 - INFO - Обробка URL: https://www.olx.pl/elektronika/sprzet-audio/q-wzmaczniacz/?courier=1, JSON: wzmaczniacz.json, Thread ID: 5
2025-06-28 03:48:43 - INFO - Знайдено старих оголошень: 319
2025-06-28 03:49:01 - INFO - Знайдено актуальних оголошень: 0
2025-06-28 03:49:01 - INFO - ✅ HTML файл збережено: wzmaczniacz.html
2025-06-28 06:35:08 - INFO - Обробка URL: https://www.olx.pl/elektronika/sprzet-audio/glosniki-i-kolumny/q-magnat/?courier=1, JSON: magnat.json, Thread ID: 2
2025-06-28 06:35:08 - INFO - Знайдено старих оголошень: 688
2025-06-28 06:35:20 - INFO - Last page 4 is the same as this page. Stopping.
2025-06-28 06:35:20 - INFO - Знайдено актуальних оголошень: 0
2025-06-28 06:35:20 - INFO - ✅ HTML файл збережено: magnat.html
2025-06-28 06:35:20 - INFO - Обробка URL: https://www.olx.pl/elektronika/sprzet-audio/q-wzmaczniacz/?courier=1, JSON: wzmaczniacz.json, Thread ID: 5
2025-06-28 06:35:20 - INFO - Знайдено старих оголошень: 319
2025-06-28 06:35:35 - INFO - Знайдено актуальних оголошень: 0
2025-06-28 06:35:35 - INFO - ✅ HTML файл збережено: wzmaczniacz.html
2025-06-28 07:23:33 - INFO - Обробка URL: https://www.olx.pl/elektronika/sprzet-audio/glosniki-i-kolumny/q-magnat/?courier=1, JSON: magnat.json, Thread ID: 2
2025-06-28 07:23:33 - INFO - Знайдено старих оголошень: 688
2025-06-28 07:23:45 - INFO - Last page 4 is the same as this page. Stopping.
2025-06-28 07:23:45 - INFO - Знайдено актуальних оголошень: 0
2025-06-28 07:23:45 - INFO - ✅ HTML файл збережено: magnat.html
2025-06-28 07:23:45 - INFO - Обробка URL: https://www.olx.pl/elektronika/sprzet-audio/q-wzmaczniacz/?courier=1, JSON: wzmaczniacz.json, Thread ID: 5
2025-06-28 07:23:45 - INFO - Знайдено старих оголошень: 319
2025-06-28 07:24:02 - INFO - Знайдено актуальних оголошень: 0
2025-06-28 07:24:02 - INFO - ✅ HTML файл збережено: wzmaczniacz.html
2025-06-28 08:31:27 - INFO - Обробка URL: https://www.olx.pl/elektronika/sprzet-audio/glosniki-i-kolumny/q-magnat/?courier=1, JSON: magnat.json, Thread ID: 2
2025-06-28 08:31:27 - INFO - Знайдено старих оголошень: 688
2025-06-28 08:31:40 - INFO - Last page 4 is the same as this page. Stopping.
2025-06-28 08:31:40 - INFO - Знайдено актуальних оголошень: 0
2025-06-28 08:31:40 - INFO - ✅ HTML файл збережено: magnat.html
2025-06-28 08:31:40 - INFO - Обробка URL: https://www.olx.pl/elektronika/sprzet-audio/q-wzmaczniacz/?courier=1, JSON: wzmaczniacz.json, Thread ID: 5
2025-06-28 08:31:40 - INFO - Знайдено старих оголошень: 319
2025-06-28 08:31:51 - INFO - NEW {'title': 'Amplituner Wzmacniacz 5.1 Onkyo TX-SR507 5.1 HDMI', 'link': 'https://www.olx.pl/d/oferta/amplituner-wzmacniacz-5-1-onkyo-tx-sr507-5-1-hdmi-CID99-ID169VAP.html?reason=extended_search_extended_s2v', 'price': '250 zł', 'status': 'active', 'date_found': '2025-06-28 08:31', 'date_removed': None, 'description': 'Amplituner Onkyo TX-SR507Stan techniczny w pełni sprawny. Brak pilota w zestawieStan widoczny na zdjęciach3 wejścia HDMI (jedno wyjście) kompatybilne z sygnałem 1080p, tryb korekcji akustykipomieszczenia Audyssey Dynamic EQ, Bi-Amping, a także system Powered Zone 2, to tylko zaledwie kilka z szerokiej gamy dostępnych w TX-SR507 funkcjiużytkowych.Dodatkowe funkcjeIlość kanałów: 5Moc wyjściowa ( 1 kHz / 6 omów DIN ) / kanał (W): 130Wzmacniacze zrealizowane na tranzystorach: TAKPasmo przenoszenia ( Hz ): 5 - 100000Stosunek sygnał / szum ( wejście liniowe ) ( dB ): 100Dostępne dekoderyDekodery:DTS-HD ExpressWłaściwości i funkcje użytkoweAudyssey 2EQ korekcja akustyki: TAKMożliwość pracy z obciążeniem 4 omowym / kanał: TAKMultiroom / ZONE 2: TAKWejściaHDMI 1.3a: 4Cyfrowe optyczne: 2Cyfrowe koaksjalne: 2Komponentowe: 2Kompozytowe: 4Liniowe audio: 6WyjściaHDMI: 1Komponentowe: 1Kompozytowe: 1Liniowe audio: 2Wyjście pre-out do aktywnego subwoofera: 1Właściwości tuneraLiczba pamięci stacji tunera: 40RDS: TAKParametry fizyczneKolor obudowy: srebrny, czarnyPobór mocy ( W ): 380Waga ( kg ): 9,6Wymiary ( S x W x G ) w mm: 435 x 151 x 329', 'images': ['https://ireland.apollo.olxcdn.com:443/v1/files/0w2aknp7y9mk-PL/image;s=1024x768', 'https://ireland.apollo.olxcdn.com:443/v1/files/7d1albzwbs4z1-PL/image;s=1024x768', 'https://ireland.apollo.olxcdn.com:443/v1/files/d19hs02m20r43-PL/image;s=1024x768', 'https://ireland.apollo.olxcdn.com:443/v1/files/m33qu36f0usl1-PL/image;s=1024x768', 'https://ireland.apollo.olxcdn.com:443/v1/files/1u4s1aop4skq-PL/image;s=1024x768', 'https://ireland.apollo.olxcdn.com:443/v1/files/yqjisir5c31s2-PL/image;s=1024x768', 'https://ireland.apollo.olxcdn.com:443/v1/files/ibe8plcflahp3-PL/image;s=1024x768', 'https://ireland.apollo.olxcdn.com:443/v1/files/2rxdnkmhhibe-PL/image;s=1024x768'], 'published_date': '08 czerwca 2025', 'location': ''}
2025-06-28 08:31:51 - INFO - Parsed page 3, found 1 new ads.
2025-06-28 08:31:58 - INFO - Знайдено актуальних оголошень: 1
2025-06-28 08:31:58 - INFO - Додаємо https://www.olx.pl/d/oferta/amplituner-wzmacniacz-5-1-onkyo-tx-sr507-5-1-hdmi-CID99-ID169VAP.html?reason=extended_search_extended_s2v.
2025-06-28 08:32:10 - INFO - Successfully sent message for ad: Amplituner Wzmacniacz 5.1 Onkyo TX-SR507 5.1 HDMI
2025-06-28 08:32:10 - INFO - ✅ HTML файл збережено: wzmaczniacz.html
