2025-06-05 03:50:54 - INFO - Обробка URL: https://www.olx.pl/elektronika/sprzet-audio/glosniki-i-kolumny/q-magnat/?courier=1, JSON: magnat.json, Thread ID: 2
2025-06-05 03:50:54 - INFO - Знайдено старих оголошень: 649
2025-06-05 03:51:10 - INFO - Last page 4 is the same as this page. Stopping.
2025-06-05 03:51:10 - INFO - Знайдено актуальних оголошень: 0
2025-06-05 03:51:10 - INFO - ✅ HTML файл збережено: magnat.html
2025-06-05 03:51:10 - INFO - Обробка URL: https://www.olx.pl/elektronika/sprzet-audio/q-wzmaczniacz/?courier=1, JSON: wzmaczniacz.json, Thread ID: 5
2025-06-05 03:51:10 - INFO - Знайдено старих оголошень: 259
2025-06-05 03:51:28 - INFO - Знайдено актуальних оголошень: 0
2025-06-05 03:51:28 - INFO - ✅ HTML файл збережено: wzmaczniacz.html
2025-06-05 06:38:41 - INFO - Обробка URL: https://www.olx.pl/elektronika/sprzet-audio/glosniki-i-kolumny/q-magnat/?courier=1, JSON: magnat.json, Thread ID: 2
2025-06-05 06:38:41 - INFO - Знайдено старих оголошень: 649
2025-06-05 06:38:51 - INFO - Last page 4 is the same as this page. Stopping.
2025-06-05 06:38:51 - INFO - Знайдено актуальних оголошень: 0
2025-06-05 06:38:51 - INFO - ✅ HTML файл збережено: magnat.html
2025-06-05 06:38:51 - INFO - Обробка URL: https://www.olx.pl/elektronika/sprzet-audio/q-wzmaczniacz/?courier=1, JSON: wzmaczniacz.json, Thread ID: 5
2025-06-05 06:38:51 - INFO - Знайдено старих оголошень: 259
2025-06-05 06:39:05 - INFO - Знайдено актуальних оголошень: 0
2025-06-05 06:39:05 - INFO - ✅ HTML файл збережено: wzmaczniacz.html
2025-06-05 07:25:27 - INFO - Обробка URL: https://www.olx.pl/elektronika/sprzet-audio/glosniki-i-kolumny/q-magnat/?courier=1, JSON: magnat.json, Thread ID: 2
2025-06-05 07:25:27 - INFO - Знайдено старих оголошень: 649
2025-06-05 07:25:40 - INFO - Last page 4 is the same as this page. Stopping.
2025-06-05 07:25:40 - INFO - Знайдено актуальних оголошень: 0
2025-06-05 07:25:40 - INFO - ✅ HTML файл збережено: magnat.html
2025-06-05 07:25:40 - INFO - Обробка URL: https://www.olx.pl/elektronika/sprzet-audio/q-wzmaczniacz/?courier=1, JSON: wzmaczniacz.json, Thread ID: 5
2025-06-05 07:25:40 - INFO - Знайдено старих оголошень: 259
2025-06-05 07:25:57 - INFO - Знайдено актуальних оголошень: 0
2025-06-05 07:25:57 - INFO - ✅ HTML файл збережено: wzmaczniacz.html
2025-06-05 08:34:27 - INFO - Обробка URL: https://www.olx.pl/elektronika/sprzet-audio/glosniki-i-kolumny/q-magnat/?courier=1, JSON: magnat.json, Thread ID: 2
2025-06-05 08:34:27 - INFO - Знайдено старих оголошень: 649
2025-06-05 08:34:42 - INFO - Last page 4 is the same as this page. Stopping.
2025-06-05 08:34:42 - INFO - Знайдено актуальних оголошень: 0
2025-06-05 08:34:42 - INFO - ✅ HTML файл збережено: magnat.html
2025-06-05 08:34:42 - INFO - Обробка URL: https://www.olx.pl/elektronika/sprzet-audio/q-wzmaczniacz/?courier=1, JSON: wzmaczniacz.json, Thread ID: 5
2025-06-05 08:34:42 - INFO - Знайдено старих оголошень: 259
2025-06-05 08:35:03 - INFO - Знайдено актуальних оголошень: 0
2025-06-05 08:35:03 - INFO - ✅ HTML файл збережено: wzmaczniacz.html
2025-06-05 09:28:17 - INFO - Обробка URL: https://www.olx.pl/elektronika/sprzet-audio/glosniki-i-kolumny/q-magnat/?courier=1, JSON: magnat.json, Thread ID: 2
2025-06-05 09:28:17 - INFO - Знайдено старих оголошень: 649
2025-06-05 09:28:30 - INFO - Last page 4 is the same as this page. Stopping.
2025-06-05 09:28:30 - INFO - Знайдено актуальних оголошень: 0
2025-06-05 09:28:30 - INFO - ✅ HTML файл збережено: magnat.html
2025-06-05 09:28:30 - INFO - Обробка URL: https://www.olx.pl/elektronika/sprzet-audio/q-wzmaczniacz/?courier=1, JSON: wzmaczniacz.json, Thread ID: 5
2025-06-05 09:28:30 - INFO - Знайдено старих оголошень: 259
2025-06-05 09:28:49 - INFO - Знайдено актуальних оголошень: 0
2025-06-05 09:28:49 - INFO - ✅ HTML файл збережено: wzmaczniacz.html
