2025-05-22 03:45:28 - INFO - Обробка URL: https://www.olx.pl/elektronika/sprzet-audio/glosniki-i-kolumny/q-magnat/?courier=1, JSON: magnat.json, Thread ID: 2
2025-05-22 03:45:28 - INFO - Знайдено старих оголошень: 618
2025-05-22 03:45:38 - INFO - Last page 4 is the same as this page. Stopping.
2025-05-22 03:45:38 - INFO - Знайдено актуальних оголошень: 0
2025-05-22 03:45:38 - INFO - ✅ HTML файл збережено: magnat.html
2025-05-22 03:45:38 - INFO - Обробка URL: https://www.olx.pl/elektronika/sprzet-audio/q-wzmaczniacz/?courier=1, JSON: wzmaczniacz.json, Thread ID: 5
2025-05-22 03:45:38 - INFO - Знайдено старих оголошень: 200
2025-05-22 03:45:44 - INFO - NEW {'title': 'Głośnik Sono Bluetooth KARAOKE USB-C/TWS/FM/AUX in/TV GEYGUY GTSK12-2', 'link': 'https://www.olx.pl/d/oferta/glosnik-sono-bluetooth-karaoke-usb-c-tws-fm-aux-in-tv-geyguy-gtsk12-2-CID99-ID14SLjk.html?reason=extended_search_extended_s2v', 'price': '499 zł', 'status': 'active', 'date_found': '2025-05-22 03:45', 'date_removed': None, 'description': 'Produkty w naszej ofercie pochodzą z nadwyżek magazynowych, powystawowe oraz z 14-dniowych zwrotów konsumenckich.Jeżeli towar ma ślady lub uszkodzenia jest to opisane .Produkt może mieć uszkodzone pudełko / ślady na pudełku ale nie ma to żadnego wpływu na stan towaru oraz będzie to opisane w aukcji.Brak gwarancji producenta, stąd gwarancja serwisowa.Brak Instrukcji w języku polskim.---Maszyna Karaoke GEYGUY GTSK12-2Przedmiot w BARDZO DOBRYM stanie wizualnym, niemal bez żadnych śladów .Pudełka posiadają ślady transportowe, magazynowe itp.Sprzęt w 100% Sprawny technicznie , wszystko działa prawidłowo .Pochodzi z nadwyżek , wystaw itp.GWARANCJA SERWISOWA 1 MIESIĄC ( brak gwarancji producenta )Informacje o tym produkcieMocny, ale lekki – dzięki super subwooferowi 1 × 12" i głośnikowi wysokotonowemu 1 × 3,5", ten system nagłośnienia zapewnia mocny, czysty i przezroczysty dźwięk, któremu towarzyszy zapierające dech w piersiach basy. Waży tylko 4,5 kg i imponujący zasięg transmisji ponad 60 m², dzięki czemu dźwięk będzie słyszalny głośno i głośno. Czarna nylonowa siatka o niskiej stratności chroni głośnik i minimalizuje utratę jakości dźwięku.Funkcja nagrywania cyfrowego: nagrywaj dźwięk w swoim urządzeniu przez port cyfrowy USB-C, kompatybilny z systemami iOS7, macOS7, Android 7, Windows 7 lub nowszym, plug and play bez instalacji. Ten głośnik PA można również podłączyć do instrumentów elektronicznych, takich jak gitary elektryczne.TWS i łączność Bluetooth - Dzięki wbudowanemu Bluetooth urządzenie do karaoke można łatwo podłączyć do różnych urządzeń, aby cieszyć się muzyką w podróży. Funkcja TWS umożliwia podłączenie do innego głośnika GEYGUY PA w celu uzyskania wciągających wrażeń stereo.USB Pro & FM+ - Dodanie cyfrowego chipa radiowego sprawia, że sygnały FM są bardziej stabilne i wyraźne. Dzięki nowemu kompatybilnemu algorytmowi urządzenie może odczytywać pamięci USB o pojemności 512 GB lub mniej, w tym formaty audio o wysokiej rozdzielczości, takie jak WAVE, MP3, WMA, APE, FLAC i inne. Ten port USB umożliwia również ładowanie telefonu w nagłych wypadkach.Krystalicznie czysty mikrofon bezprzewodowy: nasze mikrofony bezprzewodowe wykorzystują zaawansowane układy cyfrowe segmentu U i działają na wyższym i szerszym zakresie częstotliwości, co pozwala uzyskać czysty, naturalny dźwięk. Są one również mniej narażone na zakłócenia z innych urządzeń bezprzewodowych niż mikrofony VHF. System nagłośnienia gwarantuje 6-8 godzin ciągłego słuchania muzyki przy pełnym naładowaniu.Wysokiej jakości konstrukcja: wykonana z grubego materiału ABS, przenośna maszyna do karaoke charakteryzuje się niezwykłą trwałością i wytrzymałością, zapewniając minimalne zakłócenia dźwiękowe. Wózek i koło pasowe ułatwiają przenoszenie tej maszyny do karaoke w drogę, dzięki czemu idealnie nadaje się na bistro, pokazy uliczne, karaoke.', 'images': ['https://ireland.apollo.olxcdn.com:443/v1/files/orni8b0rxp4k1-PL/image;s=1309x1500', 'https://ireland.apollo.olxcdn.com:443/v1/files/9e44lqw9j803-PL/image;s=1500x1500', 'https://ireland.apollo.olxcdn.com:443/v1/files/psmnelsp3zwd3-PL/image;s=1500x1500', 'https://ireland.apollo.olxcdn.com:443/v1/files/6qvyuc82op3s-PL/image;s=1500x1500', 'https://ireland.apollo.olxcdn.com:443/v1/files/bdp7rqu32yhw2-PL/image;s=2142x2856', 'https://ireland.apollo.olxcdn.com:443/v1/files/3zzm7m7cn21v-PL/image;s=2856x2142', 'https://ireland.apollo.olxcdn.com:443/v1/files/b0aac3v63xto1-PL/image;s=2856x2142', 'https://ireland.apollo.olxcdn.com:443/v1/files/tcee670envkp3-PL/image;s=2856x2142'], 'published_date': '16 maja 2025', 'location': ''}
2025-05-22 03:45:44 - INFO - Parsed page 2, found 1 new ads.
2025-05-22 03:45:56 - INFO - Знайдено актуальних оголошень: 1
2025-05-22 03:45:56 - INFO - Додаємо https://www.olx.pl/d/oferta/glosnik-sono-bluetooth-karaoke-usb-c-tws-fm-aux-in-tv-geyguy-gtsk12-2-CID99-ID14SLjk.html?reason=extended_search_extended_s2v.
2025-05-22 03:46:07 - INFO - Successfully sent message for ad: Głośnik Sono Bluetooth KARAOKE USB-C/TWS/FM/AUX in/TV GEYGUY GTSK12-2
2025-05-22 03:46:07 - INFO - ✅ HTML файл збережено: wzmaczniacz.html
2025-05-22 06:36:30 - INFO - Обробка URL: https://www.olx.pl/elektronika/sprzet-audio/glosniki-i-kolumny/q-magnat/?courier=1, JSON: magnat.json, Thread ID: 2
2025-05-22 06:36:30 - INFO - Знайдено старих оголошень: 618
2025-05-22 06:36:41 - INFO - Last page 4 is the same as this page. Stopping.
2025-05-22 06:36:41 - INFO - Знайдено актуальних оголошень: 0
2025-05-22 06:36:41 - INFO - ✅ HTML файл збережено: magnat.html
2025-05-22 06:36:41 - INFO - Обробка URL: https://www.olx.pl/elektronika/sprzet-audio/q-wzmaczniacz/?courier=1, JSON: wzmaczniacz.json, Thread ID: 5
2025-05-22 06:36:41 - INFO - Знайдено старих оголошень: 201
2025-05-22 06:36:44 - INFO - NEW {'title': 'sprzedam wzmaczniacz ibiza amp 600', 'link': 'https://www.olx.pl/d/oferta/sprzedam-wzmaczniacz-ibiza-amp-600-CID99-ID15AGfo.html', 'price': '450 zł', 'status': 'active', 'date_found': '2025-05-22 06:36', 'date_removed': None, 'description': 'Witam sprzedam wzmaczniacz ibiza amp 600 mam', 'images': ['https://ireland.apollo.olxcdn.com:443/v1/files/os090prthqgp3-PL/image;s=4000x1800', 'https://ireland.apollo.olxcdn.com:443/v1/files/0nrth593q8vb2-PL/image;s=4000x1800', 'https://ireland.apollo.olxcdn.com:443/v1/files/522q4yinsvhh-PL/image;s=1800x4000'], 'published_date': '27 kwietnia 2025', 'location': ''}
2025-05-22 06:36:44 - INFO - Parsed page 1, found 1 new ads.
2025-05-22 06:36:57 - INFO - Знайдено актуальних оголошень: 1
2025-05-22 06:36:57 - INFO - Додаємо https://www.olx.pl/d/oferta/sprzedam-wzmaczniacz-ibiza-amp-600-CID99-ID15AGfo.html.
2025-05-22 06:37:05 - INFO - Successfully sent message for ad: sprzedam wzmaczniacz ibiza amp 600
2025-05-22 06:37:05 - INFO - ✅ HTML файл збережено: wzmaczniacz.html
2025-05-22 07:25:15 - INFO - Обробка URL: https://www.olx.pl/elektronika/sprzet-audio/glosniki-i-kolumny/q-magnat/?courier=1, JSON: magnat.json, Thread ID: 2
2025-05-22 07:25:15 - INFO - Знайдено старих оголошень: 618
2025-05-22 07:25:26 - INFO - Last page 4 is the same as this page. Stopping.
2025-05-22 07:25:26 - INFO - Знайдено актуальних оголошень: 0
2025-05-22 07:25:26 - INFO - ✅ HTML файл збережено: magnat.html
2025-05-22 07:25:26 - INFO - Обробка URL: https://www.olx.pl/elektronika/sprzet-audio/q-wzmaczniacz/?courier=1, JSON: wzmaczniacz.json, Thread ID: 5
2025-05-22 07:25:26 - INFO - Знайдено старих оголошень: 202
2025-05-22 07:25:31 - INFO - NEW {'title': 'Głośnik manta spk12 go', 'link': 'https://www.olx.pl/d/oferta/glosnik-manta-spk12-go-CID99-ID15rzOp.html?reason=extended_search_extended_s2v', 'price': '50 zł', 'status': 'active', 'date_found': '2025-05-22 07:25', 'date_removed': None, 'description': 'Sprzedam głośnik manta spk12 go. Mały, wygodny i głośny z dźwiękiem dobrej jakości i bassem wzmocnionym membraną. Stan idealny brak zarysowań itp.Moc: 10w', 'images': ['https://ireland.apollo.olxcdn.com:443/v1/files/wctlkdjqzwrt-PL/image;s=1500x2000', 'https://ireland.apollo.olxcdn.com:443/v1/files/tccuqhma68u6-PL/image;s=1500x2000', 'https://ireland.apollo.olxcdn.com:443/v1/files/bhf7dc24cm1n2-PL/image;s=1500x2000', 'https://ireland.apollo.olxcdn.com:443/v1/files/ci9nixn2yluk2-PL/image;s=1500x2000', 'https://ireland.apollo.olxcdn.com:443/v1/files/8lhljjkr4z861-PL/image;s=1500x2000'], 'published_date': '16 maja 2025', 'location': ''}
2025-05-22 07:25:31 - INFO - Parsed page 2, found 1 new ads.
2025-05-22 07:25:42 - INFO - Знайдено актуальних оголошень: 1
2025-05-22 07:25:42 - INFO - Додаємо https://www.olx.pl/d/oferta/glosnik-manta-spk12-go-CID99-ID15rzOp.html?reason=extended_search_extended_s2v.
2025-05-22 07:25:56 - INFO - Successfully sent message for ad: Głośnik manta spk12 go
2025-05-22 07:25:56 - INFO - ✅ HTML файл збережено: wzmaczniacz.html
2025-05-22 08:33:52 - INFO - Обробка URL: https://www.olx.pl/elektronika/sprzet-audio/glosniki-i-kolumny/q-magnat/?courier=1, JSON: magnat.json, Thread ID: 2
2025-05-22 08:33:52 - INFO - Знайдено старих оголошень: 618
2025-05-22 08:33:56 - INFO - NEW {'title': 'Subwoofer Magnat Cubus + 2 kolumny', 'link': 'https://www.olx.pl/d/oferta/subwoofer-magnat-cubus-2-kolumny-CID99-ID13vkRh.html', 'price': '149 zł', 'status': 'active', 'date_found': '2025-05-22 08:33', 'date_removed': None, 'description': 'Subwoofer Magnat Cubus + 2 kolumny, sprzęt sprawny gra bardzo ładnie.', 'images': ['https://ireland.apollo.olxcdn.com:443/v1/files/rhjzn8stsfta2-PL/image;s=1920x1080', 'https://ireland.apollo.olxcdn.com:443/v1/files/9029ybta14y6-PL/image;s=1920x1080', 'https://ireland.apollo.olxcdn.com:443/v1/files/d4ivu452c0yh-PL/image;s=1920x1080', 'https://ireland.apollo.olxcdn.com:443/v1/files/rmpbcy13uj9n2-PL/image;s=1920x1080', 'https://ireland.apollo.olxcdn.com:443/v1/files/s6xvx6lqqzde3-PL/image;s=1920x1080', 'https://ireland.apollo.olxcdn.com:443/v1/files/sivgzag8b8oq-PL/image;s=1920x1080', 'https://ireland.apollo.olxcdn.com:443/v1/files/cfui16y9lv2w2-PL/image;s=1920x1080', 'https://ireland.apollo.olxcdn.com:443/v1/files/114toaj0oa4m1-PL/image;s=1920x1080'], 'published_date': '2025-05-22 o 07:25', 'location': ''}
2025-05-22 08:33:56 - INFO - Parsed page 1, found 1 new ads.
2025-05-22 08:34:07 - INFO - Last page 4 is the same as this page. Stopping.
2025-05-22 08:34:07 - INFO - Знайдено актуальних оголошень: 1
2025-05-22 08:34:07 - INFO - Додаємо https://www.olx.pl/d/oferta/subwoofer-magnat-cubus-2-kolumny-CID99-ID13vkRh.html.
2025-05-22 08:34:21 - INFO - Successfully sent message for ad: Subwoofer Magnat Cubus + 2 kolumny
2025-05-22 08:34:21 - INFO - ✅ HTML файл збережено: magnat.html
2025-05-22 08:34:21 - INFO - Обробка URL: https://www.olx.pl/elektronika/sprzet-audio/q-wzmaczniacz/?courier=1, JSON: wzmaczniacz.json, Thread ID: 5
2025-05-22 08:34:21 - INFO - Знайдено старих оголошень: 203
2025-05-22 08:34:37 - INFO - Знайдено актуальних оголошень: 0
2025-05-22 08:34:37 - INFO - ✅ HTML файл збережено: wzmaczniacz.html
2025-05-22 09:28:23 - INFO - Обробка URL: https://www.olx.pl/elektronika/sprzet-audio/glosniki-i-kolumny/q-magnat/?courier=1, JSON: magnat.json, Thread ID: 2
2025-05-22 09:28:23 - INFO - Знайдено старих оголошень: 619
2025-05-22 09:28:36 - INFO - Last page 4 is the same as this page. Stopping.
2025-05-22 09:28:36 - INFO - Знайдено актуальних оголошень: 0
2025-05-22 09:28:36 - INFO - ✅ HTML файл збережено: magnat.html
2025-05-22 09:28:36 - INFO - Обробка URL: https://www.olx.pl/elektronika/sprzet-audio/q-wzmaczniacz/?courier=1, JSON: wzmaczniacz.json, Thread ID: 5
2025-05-22 09:28:36 - INFO - Знайдено старих оголошень: 203
2025-05-22 09:28:53 - INFO - Знайдено актуальних оголошень: 0
2025-05-22 09:28:53 - INFO - ✅ HTML файл збережено: wzmaczniacz.html
2025-05-22 10:28:21 - INFO - Обробка URL: https://www.olx.pl/elektronika/sprzet-audio/glosniki-i-kolumny/q-magnat/?courier=1, JSON: magnat.json, Thread ID: 2
2025-05-22 10:28:21 - INFO - Знайдено старих оголошень: 619
2025-05-22 10:28:24 - INFO - NEW {'title': 'Kino domowe denon avr x 500', 'link': 'https://www.olx.pl/d/oferta/kino-domowe-denon-avr-x-500-CID99-ID15V30B.html', 'price': '1 000 zł', 'status': 'active', 'date_found': '2025-05-22 10:28', 'date_removed': None, 'description': 'Sprzedam zestaw kina domowego denon avr x 500 skład kompletu wchodzi:-5 wysokiej jakości głośników Eltax,subwoofer magnat-amplituner Denon AVR-X500,-pilot zdalnego sterowania. Stan bardzo dobry.tylko odbiór osobisty', 'images': ['https://ireland.apollo.olxcdn.com:443/v1/files/fmmtmt16bjnk1-PL/image;s=1500x2000', 'https://ireland.apollo.olxcdn.com:443/v1/files/mkqmabysey2x-PL/image;s=1500x2000', 'https://ireland.apollo.olxcdn.com:443/v1/files/8ktrt1lwjejs3-PL/image;s=1500x2000'], 'published_date': '2025-05-22 o 10:20', 'location': ''}
2025-05-22 10:28:24 - INFO - Parsed page 1, found 1 new ads.
2025-05-22 10:28:33 - INFO - Last page 4 is the same as this page. Stopping.
2025-05-22 10:28:33 - INFO - Знайдено актуальних оголошень: 1
2025-05-22 10:28:33 - INFO - Додаємо https://www.olx.pl/d/oferta/kino-domowe-denon-avr-x-500-CID99-ID15V30B.html.
2025-05-22 10:28:33 - ERROR - Attempt 1/3 failed for ad Kino domowe denon avr x 500: Failed to send message #1 with the error message "webpage_media_empty"
2025-05-22 10:28:33 - INFO - Retrying in 32 seconds...
2025-05-22 10:29:05 - ERROR - Attempt 2/3 failed for ad Kino domowe denon avr x 500: Failed to send message #3 with the error message "webpage_media_empty"
2025-05-22 10:29:05 - INFO - Retrying in 32 seconds...
2025-05-22 10:29:38 - ERROR - Attempt 3/3 failed for ad Kino domowe denon avr x 500: Failed to send message #1 with the error message "webpage_media_empty"
2025-05-22 10:29:38 - ERROR - Failed to send message for ad Kino domowe denon avr x 500 after 3 attempts
2025-05-22 10:29:38 - INFO - ✅ HTML файл збережено: magnat.html
2025-05-22 10:29:38 - INFO - Обробка URL: https://www.olx.pl/elektronika/sprzet-audio/q-wzmaczniacz/?courier=1, JSON: wzmaczniacz.json, Thread ID: 5
2025-05-22 10:29:38 - INFO - Знайдено старих оголошень: 203
2025-05-22 10:29:54 - INFO - NEW {'title': 'Głośnik niskośredniotonowy HK Audio Sica 5 Ohms 12"', 'link': 'https://www.olx.pl/d/oferta/glosnik-niskosredniotonowy-hk-audio-sica-5-ohms-12-CID99-ID15QOOA.html?reason=extended_search_extended_s2v', 'price': '350 zł', 'status': 'active', 'date_found': '2025-05-22 10:29', 'date_removed': None, 'description': '', 'images': [], 'location': ''}
2025-05-22 10:29:54 - INFO - Parsed page 2, found 1 new ads.
2025-05-22 10:30:04 - INFO - Знайдено актуальних оголошень: 1
2025-05-22 10:30:04 - INFO - Додаємо https://www.olx.pl/d/oferta/glosnik-niskosredniotonowy-hk-audio-sica-5-ohms-12-CID99-ID15QOOA.html?reason=extended_search_extended_s2v.
2025-05-22 10:30:04 - INFO - Successfully sent message for ad: Głośnik niskośredniotonowy HK Audio Sica 5 Ohms 12"
2025-05-22 10:30:04 - INFO - ✅ HTML файл збережено: wzmaczniacz.html
2025-05-22 11:22:11 - INFO - Обробка URL: https://www.olx.pl/elektronika/sprzet-audio/glosniki-i-kolumny/q-magnat/?courier=1, JSON: magnat.json, Thread ID: 2
2025-05-22 11:22:11 - INFO - Знайдено старих оголошень: 620
2025-05-22 11:22:24 - INFO - Last page 4 is the same as this page. Stopping.
2025-05-22 11:22:24 - INFO - Знайдено актуальних оголошень: 0
2025-05-22 11:22:24 - INFO - ✅ HTML файл збережено: magnat.html
2025-05-22 11:22:24 - INFO - Обробка URL: https://www.olx.pl/elektronika/sprzet-audio/q-wzmaczniacz/?courier=1, JSON: wzmaczniacz.json, Thread ID: 5
2025-05-22 11:22:24 - INFO - Знайдено старих оголошень: 204
2025-05-22 11:22:40 - INFO - Знайдено актуальних оголошень: 0
2025-05-22 11:22:40 - INFO - ✅ HTML файл збережено: wzmaczniacz.html
2025-05-22 12:54:12 - INFO - Обробка URL: https://www.olx.pl/elektronika/sprzet-audio/glosniki-i-kolumny/q-magnat/?courier=1, JSON: magnat.json, Thread ID: 2
2025-05-22 12:54:12 - INFO - Знайдено старих оголошень: 620
2025-05-22 12:54:15 - INFO - NEW {'title': 'Kolumny Monitory Magnat Monitor Supreme 200', 'link': 'https://www.olx.pl/d/oferta/kolumny-monitory-magnat-monitor-supreme-200-CID99-ID15WhEq.html', 'price': '800 zł', 'status': 'active', 'date_found': '2025-05-22 12:54', 'date_removed': None, 'description': 'Kolumny całkowicie sprawne technicznie , grają naprawdę dobrze , czysto bez zniekształceń wizualnie noszą ślady użytkowania widoczne na zdjęciach  , w zestawie maskownice .Posiadamy sporo sprzętu audio z różnych lat, zapraszamy do sklepu w Chorzowie przy ulicy 3 Maja 4 oraz na pozostałe ogłoszenia Przy wysyłce cena nie podlega negocjacji.Kontakt telefoniczny tylko w godzinach pracy sklepuZapraszamy.Przed wizytą w sklepie prosimy o potwierdzenie telefoniczne że produkt jest nadal dostępnyGłośnik regałowy 2-drożny, bassreflex, 180WKonstrukcja 2-drożna, regałowa, bassreflexWyposażenie prz. nisko-średniotonowy 1 x 170 mmPrzetwornik wysokotonowy 1 x 25 mmObciążalność (RMS/max.) 90/180 WImpedancja 4 - 8 OhmPasmo przenoszenia 34 - 38.000 HzCzęstotliwość zwrotnicy 3.500 HzRekomendowana moc wzmacniacza > 30 WSprawność (1 W/1 m) 91 dBWykończenie czarnyWymiary (szer. x wys. x gł.) 215 x 354 x 273 mm', 'images': ['https://ireland.apollo.olxcdn.com:443/v1/files/p118niqz3wcy2-PL/image;s=933x700', 'https://ireland.apollo.olxcdn.com:443/v1/files/839z4zsulvy53-PL/image;s=933x700', 'https://ireland.apollo.olxcdn.com:443/v1/files/f5egkyz48hc32-PL/image;s=933x700', 'https://ireland.apollo.olxcdn.com:443/v1/files/vjtvupt6u9r71-PL/image;s=933x700', 'https://ireland.apollo.olxcdn.com:443/v1/files/n3c4tnc9ax6v-PL/image;s=933x700', 'https://ireland.apollo.olxcdn.com:443/v1/files/53na89z3ornm3-PL/image;s=933x700', 'https://ireland.apollo.olxcdn.com:443/v1/files/bgpr5otsuo311-PL/image;s=933x700'], 'published_date': '2025-05-22 o 11:45', 'location': ''}
2025-05-22 12:54:15 - INFO - Parsed page 1, found 1 new ads.
2025-05-22 12:54:24 - INFO - Last page 4 is the same as this page. Stopping.
2025-05-22 12:54:24 - INFO - Знайдено актуальних оголошень: 1
2025-05-22 12:54:24 - INFO - Додаємо https://www.olx.pl/d/oferta/kolumny-monitory-magnat-monitor-supreme-200-CID99-ID15WhEq.html.
2025-05-22 12:54:35 - INFO - Successfully sent message for ad: Kolumny Monitory Magnat Monitor Supreme 200
2025-05-22 12:54:35 - INFO - ✅ HTML файл збережено: magnat.html
2025-05-22 12:54:35 - INFO - Обробка URL: https://www.olx.pl/elektronika/sprzet-audio/q-wzmaczniacz/?courier=1, JSON: wzmaczniacz.json, Thread ID: 5
2025-05-22 12:54:35 - INFO - Знайдено старих оголошень: 204
2025-05-22 12:54:51 - INFO - Знайдено актуальних оголошень: 0
2025-05-22 12:54:51 - INFO - ✅ HTML файл збережено: wzmaczniacz.html
2025-05-22 13:36:34 - INFO - Обробка URL: https://www.olx.pl/elektronika/sprzet-audio/glosniki-i-kolumny/q-magnat/?courier=1, JSON: magnat.json, Thread ID: 2
2025-05-22 13:36:34 - INFO - Знайдено старих оголошень: 621
2025-05-22 13:36:45 - INFO - Last page 4 is the same as this page. Stopping.
2025-05-22 13:36:45 - INFO - Знайдено актуальних оголошень: 0
2025-05-22 13:36:45 - INFO - ✅ HTML файл збережено: magnat.html
2025-05-22 13:36:45 - INFO - Обробка URL: https://www.olx.pl/elektronika/sprzet-audio/q-wzmaczniacz/?courier=1, JSON: wzmaczniacz.json, Thread ID: 5
2025-05-22 13:36:45 - INFO - Знайдено старих оголошень: 204
2025-05-22 13:36:48 - INFO - NEW {'title': 'Wzmaczniacz sygnału wifi', 'link': 'https://www.olx.pl/d/oferta/wzmaczniacz-sygnalu-wifi-CID99-ID15Vc2o.html', 'price': '10 zł', 'status': 'active', 'date_found': '2025-05-22 13:36', 'date_removed': None, 'description': 'wzmacniacz sygnału wifi. Poprawia jakość połączenia internetowego w domu lub biurze.Wtyczka UK, przejściówka europejska kosztuje grosze, ok. 5 zl…', 'images': ['https://ireland.apollo.olxcdn.com:443/v1/files/td3vxo2wv1xp3-PL/image;s=3024x4032', 'https://ireland.apollo.olxcdn.com:443/v1/files/ll3bq8mr6l06-PL/image;s=3024x4032', 'https://ireland.apollo.olxcdn.com:443/v1/files/vxp6wuwfydq42-PL/image;s=3024x4032'], 'published_date': '2025-05-22 o 12:56', 'location': ''}
2025-05-22 13:36:48 - INFO - Parsed page 1, found 1 new ads.
2025-05-22 13:37:03 - INFO - Знайдено актуальних оголошень: 1
2025-05-22 13:37:03 - INFO - Додаємо https://www.olx.pl/d/oferta/wzmaczniacz-sygnalu-wifi-CID99-ID15Vc2o.html.
2025-05-22 13:37:11 - INFO - Successfully sent message for ad: Wzmaczniacz sygnału wifi
2025-05-22 13:37:11 - INFO - ✅ HTML файл збережено: wzmaczniacz.html
2025-05-22 14:26:18 - INFO - Обробка URL: https://www.olx.pl/elektronika/sprzet-audio/glosniki-i-kolumny/q-magnat/?courier=1, JSON: magnat.json, Thread ID: 2
2025-05-22 14:26:18 - INFO - Знайдено старих оголошень: 621
2025-05-22 14:26:29 - INFO - Last page 4 is the same as this page. Stopping.
2025-05-22 14:26:29 - INFO - Знайдено актуальних оголошень: 0
2025-05-22 14:26:29 - INFO - ✅ HTML файл збережено: magnat.html
2025-05-22 14:26:29 - INFO - Обробка URL: https://www.olx.pl/elektronika/sprzet-audio/q-wzmaczniacz/?courier=1, JSON: wzmaczniacz.json, Thread ID: 5
2025-05-22 14:26:29 - INFO - Знайдено старих оголошень: 205
2025-05-22 14:26:44 - INFO - Знайдено актуальних оголошень: 0
2025-05-22 14:26:44 - INFO - ✅ HTML файл збережено: wzmaczniacz.html
