2025-05-06 03:42:57 - INFO - Found old 492 ads.
2025-05-06 03:43:59 - INFO - Last page 13 is the same as this page. Stopping.
2025-05-06 03:43:59 - INFO - Found actual 0 ads.
2025-05-06 03:43:59 - INFO - ✅ HTML файл збережено: index.html
2025-05-06 06:35:47 - INFO - Found old 492 ads.
2025-05-06 06:36:42 - INFO - Last page 13 is the same as this page. Stopping.
2025-05-06 06:36:42 - INFO - Found actual 0 ads.
2025-05-06 06:36:42 - INFO - ✅ HTML файл збережено: index.html
2025-05-06 07:25:32 - INFO - Found old 492 ads.
2025-05-06 07:26:25 - INFO - Last page 13 is the same as this page. Stopping.
2025-05-06 07:26:25 - INFO - Found actual 0 ads.
2025-05-06 07:26:25 - INFO - ✅ HTML файл збережено: index.html
2025-05-06 08:33:51 - INFO - Found old 492 ads.
2025-05-06 08:33:54 - INFO - NEW {'title': 'KOLUMNA Głośnik BLUETOOTH WIEŻA Nagłośnieniowa Radio FM MP3 Budowlane', 'link': 'https://www.olx.pl/d/oferta/kolumna-glosnik-bluetooth-wieza-naglosnieniowa-radio-fm-mp3-budowlane-CID99-ID11qpFL.html', 'price': '199 zł', 'status': 'active', 'date_found': '2025-05-06 08:33', 'date_removed': None, 'description': '', 'images': [], 'location': ''}
2025-05-06 08:33:58 - INFO - Parsed page 1, found 1 new ads.
2025-05-06 08:34:39 - INFO - Last page 13 is the same as this page. Stopping.
2025-05-06 08:34:39 - INFO - Found actual 1 ads.
2025-05-06 08:34:39 - INFO - Додаємо https://www.olx.pl/d/oferta/kolumna-glosnik-bluetooth-wieza-naglosnieniowa-radio-fm-mp3-budowlane-CID99-ID11qpFL.html.
2025-05-06 08:34:41 - INFO - ✅ HTML файл збережено: index.html
2025-05-06 09:27:42 - INFO - Found old 493 ads.
2025-05-06 09:28:41 - INFO - Last page 13 is the same as this page. Stopping.
2025-05-06 09:28:41 - INFO - Found actual 0 ads.
2025-05-06 09:28:41 - INFO - ✅ HTML файл збережено: index.html
2025-05-06 10:27:59 - INFO - Found old 493 ads.
2025-05-06 10:28:43 - INFO - Last page 13 is the same as this page. Stopping.
2025-05-06 10:28:43 - INFO - Found actual 0 ads.
2025-05-06 10:28:43 - INFO - ✅ HTML файл збережено: index.html
2025-05-06 11:21:19 - INFO - Found old 493 ads.
2025-05-06 11:21:43 - INFO - NEW {'title': 'Pink Faun Stantem , Accuton , kolumny', 'link': 'https://www.olx.pl/d/oferta/pink-faun-stantem-accuton-kolumny-CID99-ID15Hey7.html', 'price': '5 700 zł', 'status': 'active', 'date_found': '2025-05-06 11:21', 'date_removed': None, 'description': 'Pink Faun Stantem, Accuton. Używany.Przedmiot doskonały dla miłośników jakości dźwięku i eleganckiego designu. Stan techniczny bardzo dobry ,wizualny oceniam na 5-. Świetne brzmienie za nieduże pieniądze. Gdy były produkowane jako nowe kosztowały 3500€Podobne do:Pylon , Jamo , Monitor Audio , ATC , PMC , Canton , Magnat , Heco , Chario , Dali , Gato , JBLDali/Proac/Focal/Kef/Monitor Audio/Atc/Canton/Heco/B&O , Pylon , Jamo , Monitor Audio , ATC , PMC , Canton , Magnat , Heco , Chario , Dali , Gato , JBL', 'images': ['https://ireland.apollo.olxcdn.com:443/v1/files/i20d6il2fbh8-PL/image;s=1024x768', 'https://ireland.apollo.olxcdn.com:443/v1/files/meqnyoqcd2fh3-PL/image;s=768x1024', 'https://ireland.apollo.olxcdn.com:443/v1/files/160rlj287xz2-PL/image;s=768x1024', 'https://ireland.apollo.olxcdn.com:443/v1/files/4b6f0z9cenlr1-PL/image;s=768x1024', 'https://ireland.apollo.olxcdn.com:443/v1/files/dfej3j48703y1-PL/image;s=540x1170'], 'published_date': '2025-05-06 o 09:45', 'location': ''}
2025-05-06 11:21:43 - INFO - Parsed page 5, found 1 new ads.
2025-05-06 11:22:16 - INFO - Last page 13 is the same as this page. Stopping.
2025-05-06 11:22:16 - INFO - Found actual 1 ads.
2025-05-06 11:22:16 - INFO - Додаємо https://www.olx.pl/d/oferta/pink-faun-stantem-accuton-kolumny-CID99-ID15Hey7.html.
2025-05-06 11:22:19 - INFO - ✅ HTML файл збережено: index.html
