2025-06-04 03:50:07 - INFO - Обробка URL: https://www.olx.pl/elektronika/sprzet-audio/glosniki-i-kolumny/q-magnat/?courier=1, JSON: magnat.json, Thread ID: 2
2025-06-04 03:50:07 - INFO - Знайдено старих оголошень: 648
2025-06-04 03:50:18 - INFO - Last page 4 is the same as this page. Stopping.
2025-06-04 03:50:18 - INFO - Знайдено актуальних оголошень: 0
2025-06-04 03:50:18 - INFO - ✅ HTML файл збережено: magnat.html
2025-06-04 03:50:18 - INFO - Обробка URL: https://www.olx.pl/elektronika/sprzet-audio/q-wzmaczniacz/?courier=1, JSON: wzmaczniacz.json, Thread ID: 5
2025-06-04 03:50:18 - INFO - Знайдено старих оголошень: 259
2025-06-04 03:50:33 - INFO - Знайдено актуальних оголошень: 0
2025-06-04 03:50:33 - INFO - ✅ HTML файл збережено: wzmaczniacz.html
2025-06-04 06:37:39 - INFO - Обробка URL: https://www.olx.pl/elektronika/sprzet-audio/glosniki-i-kolumny/q-magnat/?courier=1, JSON: magnat.json, Thread ID: 2
2025-06-04 06:37:39 - INFO - Знайдено старих оголошень: 648
2025-06-04 06:37:51 - INFO - Last page 4 is the same as this page. Stopping.
2025-06-04 06:37:51 - INFO - Знайдено актуальних оголошень: 0
2025-06-04 06:37:51 - INFO - ✅ HTML файл збережено: magnat.html
2025-06-04 06:37:51 - INFO - Обробка URL: https://www.olx.pl/elektronika/sprzet-audio/q-wzmaczniacz/?courier=1, JSON: wzmaczniacz.json, Thread ID: 5
2025-06-04 06:37:51 - INFO - Знайдено старих оголошень: 259
2025-06-04 06:38:10 - INFO - Знайдено актуальних оголошень: 0
2025-06-04 06:38:10 - INFO - ✅ HTML файл збережено: wzmaczniacz.html
2025-06-04 07:25:51 - INFO - Обробка URL: https://www.olx.pl/elektronika/sprzet-audio/glosniki-i-kolumny/q-magnat/?courier=1, JSON: magnat.json, Thread ID: 2
2025-06-04 07:25:51 - INFO - Знайдено старих оголошень: 648
2025-06-04 07:26:01 - INFO - Last page 4 is the same as this page. Stopping.
2025-06-04 07:26:01 - INFO - Знайдено актуальних оголошень: 0
2025-06-04 07:26:01 - INFO - ✅ HTML файл збережено: magnat.html
2025-06-04 07:26:01 - INFO - Обробка URL: https://www.olx.pl/elektronika/sprzet-audio/q-wzmaczniacz/?courier=1, JSON: wzmaczniacz.json, Thread ID: 5
2025-06-04 07:26:01 - INFO - Знайдено старих оголошень: 259
2025-06-04 07:26:15 - INFO - Знайдено актуальних оголошень: 0
2025-06-04 07:26:15 - INFO - ✅ HTML файл збережено: wzmaczniacz.html
2025-06-04 08:35:05 - INFO - Обробка URL: https://www.olx.pl/elektronika/sprzet-audio/glosniki-i-kolumny/q-magnat/?courier=1, JSON: magnat.json, Thread ID: 2
2025-06-04 08:35:05 - INFO - Знайдено старих оголошень: 648
2025-06-04 08:35:17 - INFO - Last page 4 is the same as this page. Stopping.
2025-06-04 08:35:17 - INFO - Знайдено актуальних оголошень: 0
2025-06-04 08:35:17 - INFO - ✅ HTML файл збережено: magnat.html
2025-06-04 08:35:17 - INFO - Обробка URL: https://www.olx.pl/elektronika/sprzet-audio/q-wzmaczniacz/?courier=1, JSON: wzmaczniacz.json, Thread ID: 5
2025-06-04 08:35:17 - INFO - Знайдено старих оголошень: 259
2025-06-04 08:35:32 - INFO - Знайдено актуальних оголошень: 0
2025-06-04 08:35:32 - INFO - ✅ HTML файл збережено: wzmaczniacz.html
2025-06-04 09:28:40 - INFO - Обробка URL: https://www.olx.pl/elektronika/sprzet-audio/glosniki-i-kolumny/q-magnat/?courier=1, JSON: magnat.json, Thread ID: 2
2025-06-04 09:28:40 - INFO - Знайдено старих оголошень: 648
2025-06-04 09:28:54 - INFO - Last page 4 is the same as this page. Stopping.
2025-06-04 09:28:54 - INFO - Знайдено актуальних оголошень: 0
2025-06-04 09:28:54 - INFO - ✅ HTML файл збережено: magnat.html
2025-06-04 09:28:54 - INFO - Обробка URL: https://www.olx.pl/elektronika/sprzet-audio/q-wzmaczniacz/?courier=1, JSON: wzmaczniacz.json, Thread ID: 5
2025-06-04 09:28:54 - INFO - Знайдено старих оголошень: 259
2025-06-04 09:29:12 - INFO - Знайдено актуальних оголошень: 0
2025-06-04 09:29:12 - INFO - ✅ HTML файл збережено: wzmaczniacz.html
2025-06-04 10:29:12 - INFO - Обробка URL: https://www.olx.pl/elektronika/sprzet-audio/glosniki-i-kolumny/q-magnat/?courier=1, JSON: magnat.json, Thread ID: 2
2025-06-04 10:29:12 - INFO - Знайдено старих оголошень: 648
2025-06-04 10:29:25 - INFO - Last page 4 is the same as this page. Stopping.
2025-06-04 10:29:25 - INFO - Знайдено актуальних оголошень: 0
2025-06-04 10:29:25 - INFO - ✅ HTML файл збережено: magnat.html
2025-06-04 10:29:25 - INFO - Обробка URL: https://www.olx.pl/elektronika/sprzet-audio/q-wzmaczniacz/?courier=1, JSON: wzmaczniacz.json, Thread ID: 5
2025-06-04 10:29:25 - INFO - Знайдено старих оголошень: 259
2025-06-04 10:29:44 - INFO - Знайдено актуальних оголошень: 0
2025-06-04 10:29:44 - INFO - ✅ HTML файл збережено: wzmaczniacz.html
2025-06-04 11:23:04 - INFO - Обробка URL: https://www.olx.pl/elektronika/sprzet-audio/glosniki-i-kolumny/q-magnat/?courier=1, JSON: magnat.json, Thread ID: 2
2025-06-04 11:23:04 - INFO - Знайдено старих оголошень: 648
2025-06-04 11:23:14 - INFO - Last page 4 is the same as this page. Stopping.
2025-06-04 11:23:14 - INFO - Знайдено актуальних оголошень: 0
2025-06-04 11:23:14 - INFO - ✅ HTML файл збережено: magnat.html
2025-06-04 11:23:14 - INFO - Обробка URL: https://www.olx.pl/elektronika/sprzet-audio/q-wzmaczniacz/?courier=1, JSON: wzmaczniacz.json, Thread ID: 5
2025-06-04 11:23:14 - INFO - Знайдено старих оголошень: 259
2025-06-04 11:23:30 - INFO - Знайдено актуальних оголошень: 0
2025-06-04 11:23:30 - INFO - ✅ HTML файл збережено: wzmaczniacz.html
2025-06-04 12:55:36 - INFO - Обробка URL: https://www.olx.pl/elektronika/sprzet-audio/glosniki-i-kolumny/q-magnat/?courier=1, JSON: magnat.json, Thread ID: 2
2025-06-04 12:55:36 - INFO - Знайдено старих оголошень: 648
2025-06-04 12:55:46 - INFO - Last page 4 is the same as this page. Stopping.
2025-06-04 12:55:46 - INFO - Знайдено актуальних оголошень: 0
2025-06-04 12:55:46 - INFO - ✅ HTML файл збережено: magnat.html
2025-06-04 12:55:46 - INFO - Обробка URL: https://www.olx.pl/elektronika/sprzet-audio/q-wzmaczniacz/?courier=1, JSON: wzmaczniacz.json, Thread ID: 5
2025-06-04 12:55:46 - INFO - Знайдено старих оголошень: 259
2025-06-04 12:56:02 - INFO - Знайдено актуальних оголошень: 0
2025-06-04 12:56:02 - INFO - ✅ HTML файл збережено: wzmaczniacz.html
2025-06-04 13:39:37 - INFO - Обробка URL: https://www.olx.pl/elektronika/sprzet-audio/glosniki-i-kolumny/q-magnat/?courier=1, JSON: magnat.json, Thread ID: 2
2025-06-04 13:39:37 - INFO - Знайдено старих оголошень: 648
2025-06-04 13:39:49 - INFO - Last page 4 is the same as this page. Stopping.
2025-06-04 13:39:49 - INFO - Знайдено актуальних оголошень: 0
2025-06-04 13:39:49 - INFO - ✅ HTML файл збережено: magnat.html
2025-06-04 13:39:49 - INFO - Обробка URL: https://www.olx.pl/elektronika/sprzet-audio/q-wzmaczniacz/?courier=1, JSON: wzmaczniacz.json, Thread ID: 5
2025-06-04 13:39:49 - INFO - Знайдено старих оголошень: 259
2025-06-04 13:40:07 - INFO - Знайдено актуальних оголошень: 0
2025-06-04 13:40:07 - INFO - ✅ HTML файл збережено: wzmaczniacz.html
2025-06-04 14:22:20 - INFO - Обробка URL: https://www.olx.pl/elektronika/sprzet-audio/glosniki-i-kolumny/q-magnat/?courier=1, JSON: magnat.json, Thread ID: 2
2025-06-04 14:22:20 - INFO - Знайдено старих оголошень: 648
2025-06-04 14:22:32 - INFO - Last page 4 is the same as this page. Stopping.
2025-06-04 14:22:32 - INFO - Знайдено актуальних оголошень: 0
2025-06-04 14:22:32 - INFO - ✅ HTML файл збережено: magnat.html
2025-06-04 14:22:32 - INFO - Обробка URL: https://www.olx.pl/elektronika/sprzet-audio/q-wzmaczniacz/?courier=1, JSON: wzmaczniacz.json, Thread ID: 5
2025-06-04 14:22:32 - INFO - Знайдено старих оголошень: 259
2025-06-04 14:22:50 - INFO - Знайдено актуальних оголошень: 0
2025-06-04 14:22:50 - INFO - ✅ HTML файл збережено: wzmaczniacz.html
2025-06-04 15:47:48 - INFO - Обробка URL: https://www.olx.pl/elektronika/sprzet-audio/glosniki-i-kolumny/q-magnat/?courier=1, JSON: magnat.json, Thread ID: 2
2025-06-04 15:47:48 - INFO - Знайдено старих оголошень: 648
2025-06-04 15:48:00 - INFO - Last page 4 is the same as this page. Stopping.
2025-06-04 15:48:00 - INFO - Знайдено актуальних оголошень: 0
2025-06-04 15:48:00 - INFO - ✅ HTML файл збережено: magnat.html
2025-06-04 15:48:00 - INFO - Обробка URL: https://www.olx.pl/elektronika/sprzet-audio/q-wzmaczniacz/?courier=1, JSON: wzmaczniacz.json, Thread ID: 5
2025-06-04 15:48:00 - INFO - Знайдено старих оголошень: 259
2025-06-04 15:48:18 - INFO - Знайдено актуальних оголошень: 0
2025-06-04 15:48:18 - INFO - ✅ HTML файл збережено: wzmaczniacz.html
2025-06-04 16:28:57 - INFO - Обробка URL: https://www.olx.pl/elektronika/sprzet-audio/glosniki-i-kolumny/q-magnat/?courier=1, JSON: magnat.json, Thread ID: 2
2025-06-04 16:28:57 - INFO - Знайдено старих оголошень: 648
2025-06-04 16:29:08 - INFO - Last page 4 is the same as this page. Stopping.
2025-06-04 16:29:08 - INFO - Знайдено актуальних оголошень: 0
2025-06-04 16:29:08 - INFO - ✅ HTML файл збережено: magnat.html
2025-06-04 16:29:08 - INFO - Обробка URL: https://www.olx.pl/elektronika/sprzet-audio/q-wzmaczniacz/?courier=1, JSON: wzmaczniacz.json, Thread ID: 5
2025-06-04 16:29:08 - INFO - Знайдено старих оголошень: 259
2025-06-04 16:29:23 - INFO - Знайдено актуальних оголошень: 0
2025-06-04 16:29:23 - INFO - ✅ HTML файл збережено: wzmaczniacz.html
2025-06-04 17:24:29 - INFO - Обробка URL: https://www.olx.pl/elektronika/sprzet-audio/glosniki-i-kolumny/q-magnat/?courier=1, JSON: magnat.json, Thread ID: 2
2025-06-04 17:24:29 - INFO - Знайдено старих оголошень: 648
2025-06-04 17:24:38 - INFO - Last page 4 is the same as this page. Stopping.
2025-06-04 17:24:38 - INFO - Знайдено актуальних оголошень: 0
2025-06-04 17:24:38 - INFO - ✅ HTML файл збережено: magnat.html
2025-06-04 17:24:38 - INFO - Обробка URL: https://www.olx.pl/elektronika/sprzet-audio/q-wzmaczniacz/?courier=1, JSON: wzmaczniacz.json, Thread ID: 5
2025-06-04 17:24:38 - INFO - Знайдено старих оголошень: 259
2025-06-04 17:24:53 - INFO - Знайдено актуальних оголошень: 0
2025-06-04 17:24:53 - INFO - ✅ HTML файл збережено: wzmaczniacz.html
2025-06-04 18:36:39 - INFO - Обробка URL: https://www.olx.pl/elektronika/sprzet-audio/glosniki-i-kolumny/q-magnat/?courier=1, JSON: magnat.json, Thread ID: 2
2025-06-04 18:36:39 - INFO - Знайдено старих оголошень: 648
2025-06-04 18:36:48 - INFO - Last page 4 is the same as this page. Stopping.
2025-06-04 18:36:48 - INFO - Знайдено актуальних оголошень: 0
2025-06-04 18:36:48 - INFO - ✅ HTML файл збережено: magnat.html
2025-06-04 18:36:48 - INFO - Обробка URL: https://www.olx.pl/elektronika/sprzet-audio/q-wzmaczniacz/?courier=1, JSON: wzmaczniacz.json, Thread ID: 5
2025-06-04 18:36:48 - INFO - Знайдено старих оголошень: 259
2025-06-04 18:37:03 - INFO - Знайдено актуальних оголошень: 0
2025-06-04 18:37:03 - INFO - ✅ HTML файл збережено: wzmaczniacz.html
2025-06-04 19:20:44 - INFO - Обробка URL: https://www.olx.pl/elektronika/sprzet-audio/glosniki-i-kolumny/q-magnat/?courier=1, JSON: magnat.json, Thread ID: 2
2025-06-04 19:20:44 - INFO - Знайдено старих оголошень: 648
2025-06-04 19:20:54 - INFO - Last page 4 is the same as this page. Stopping.
2025-06-04 19:20:54 - INFO - Знайдено актуальних оголошень: 0
2025-06-04 19:20:54 - INFO - ✅ HTML файл збережено: magnat.html
2025-06-04 19:20:54 - INFO - Обробка URL: https://www.olx.pl/elektronika/sprzet-audio/q-wzmaczniacz/?courier=1, JSON: wzmaczniacz.json, Thread ID: 5
2025-06-04 19:20:54 - INFO - Знайдено старих оголошень: 259
2025-06-04 19:21:09 - INFO - Знайдено актуальних оголошень: 0
2025-06-04 19:21:09 - INFO - ✅ HTML файл збережено: wzmaczniacz.html
2025-06-04 20:22:47 - INFO - Обробка URL: https://www.olx.pl/elektronika/sprzet-audio/glosniki-i-kolumny/q-magnat/?courier=1, JSON: magnat.json, Thread ID: 2
2025-06-04 20:22:47 - INFO - Знайдено старих оголошень: 648
2025-06-04 20:22:51 - INFO - NEW {'title': 'Głośnik centralny Magnat 100w RMS', 'link': 'https://www.olx.pl/d/oferta/glosnik-centralny-magnat-100w-rms-CID99-ID15XRPL.html', 'price': '156 zł', 'status': 'active', 'date_found': '2025-06-04 20:22', 'date_removed': None, 'description': 'Głośnik centralny Magnat o mocy 150W, używany. Doskonałe rozwiązanie do ulepszenia jakości dźwięku w systemie audio domowym. Zapewnia klarowne brzmienie i głębokie basy, idealny do oglądania filmów i słuchania muzyki.', 'images': ['https://ireland.apollo.olxcdn.com:443/v1/files/24sxdv5kksn12-PL/image;s=1152x864', 'https://ireland.apollo.olxcdn.com:443/v1/files/ddgfd92s9gj13-PL/image;s=1152x864', 'https://ireland.apollo.olxcdn.com:443/v1/files/9sr81u3mfe3j1-PL/image;s=1152x864', 'https://ireland.apollo.olxcdn.com:443/v1/files/8euqfuje94a71-PL/image;s=864x1152', 'https://ireland.apollo.olxcdn.com:443/v1/files/sozixrzdxf622-PL/image;s=864x1152'], 'published_date': '24 maja 2025', 'location': ''}
2025-06-04 20:22:51 - INFO - Parsed page 1, found 1 new ads.
2025-06-04 20:23:00 - INFO - Last page 4 is the same as this page. Stopping.
2025-06-04 20:23:00 - INFO - Знайдено актуальних оголошень: 1
2025-06-04 20:23:00 - INFO - Додаємо https://www.olx.pl/d/oferta/glosnik-centralny-magnat-100w-rms-CID99-ID15XRPL.html.
2025-06-04 20:23:08 - INFO - Successfully sent message for ad: Głośnik centralny Magnat 100w RMS
2025-06-04 20:23:08 - INFO - ✅ HTML файл збережено: magnat.html
2025-06-04 20:23:08 - INFO - Обробка URL: https://www.olx.pl/elektronika/sprzet-audio/q-wzmaczniacz/?courier=1, JSON: wzmaczniacz.json, Thread ID: 5
2025-06-04 20:23:08 - INFO - Знайдено старих оголошень: 259
2025-06-04 20:23:25 - INFO - Знайдено актуальних оголошень: 0
2025-06-04 20:23:25 - INFO - ✅ HTML файл збережено: wzmaczniacz.html
2025-06-04 21:20:22 - INFO - Обробка URL: https://www.olx.pl/elektronika/sprzet-audio/glosniki-i-kolumny/q-magnat/?courier=1, JSON: magnat.json, Thread ID: 2
2025-06-04 21:20:22 - INFO - Знайдено старих оголошень: 649
2025-06-04 21:20:36 - INFO - Last page 4 is the same as this page. Stopping.
2025-06-04 21:20:36 - INFO - Знайдено актуальних оголошень: 0
2025-06-04 21:20:36 - INFO - ✅ HTML файл збережено: magnat.html
2025-06-04 21:20:36 - INFO - Обробка URL: https://www.olx.pl/elektronika/sprzet-audio/q-wzmaczniacz/?courier=1, JSON: wzmaczniacz.json, Thread ID: 5
2025-06-04 21:20:36 - INFO - Знайдено старих оголошень: 259
2025-06-04 21:20:53 - INFO - Знайдено актуальних оголошень: 0
2025-06-04 21:20:53 - INFO - ✅ HTML файл збережено: wzmaczniacz.html
2025-06-04 22:22:52 - INFO - Обробка URL: https://www.olx.pl/elektronika/sprzet-audio/glosniki-i-kolumny/q-magnat/?courier=1, JSON: magnat.json, Thread ID: 2
2025-06-04 22:22:52 - INFO - Знайдено старих оголошень: 649
2025-06-04 22:23:02 - INFO - Last page 4 is the same as this page. Stopping.
2025-06-04 22:23:02 - INFO - Знайдено актуальних оголошень: 0
2025-06-04 22:23:02 - INFO - ✅ HTML файл збережено: magnat.html
2025-06-04 22:23:02 - INFO - Обробка URL: https://www.olx.pl/elektronika/sprzet-audio/q-wzmaczniacz/?courier=1, JSON: wzmaczniacz.json, Thread ID: 5
2025-06-04 22:23:02 - INFO - Знайдено старих оголошень: 259
2025-06-04 22:23:17 - INFO - Знайдено актуальних оголошень: 0
2025-06-04 22:23:17 - INFO - ✅ HTML файл збережено: wzmaczniacz.html
2025-06-04 23:25:00 - INFO - Обробка URL: https://www.olx.pl/elektronika/sprzet-audio/glosniki-i-kolumny/q-magnat/?courier=1, JSON: magnat.json, Thread ID: 2
2025-06-04 23:25:00 - INFO - Знайдено старих оголошень: 649
2025-06-04 23:25:12 - INFO - Last page 4 is the same as this page. Stopping.
2025-06-04 23:25:12 - INFO - Знайдено актуальних оголошень: 0
2025-06-04 23:25:12 - INFO - ✅ HTML файл збережено: magnat.html
2025-06-04 23:25:12 - INFO - Обробка URL: https://www.olx.pl/elektronika/sprzet-audio/q-wzmaczniacz/?courier=1, JSON: wzmaczniacz.json, Thread ID: 5
2025-06-04 23:25:12 - INFO - Знайдено старих оголошень: 259
2025-06-04 23:25:30 - INFO - Знайдено актуальних оголошень: 0
2025-06-04 23:25:30 - INFO - ✅ HTML файл збережено: wzmaczniacz.html
