2025-05-20 03:45:53 - INFO - Обробка URL: https://www.olx.pl/elektronika/sprzet-audio/glosniki-i-kolumny/q-magnat/?courier=1, JSON: magnat.json, Thread ID: 2
2025-05-20 03:45:53 - INFO - Знайдено старих оголошень: 614
2025-05-20 03:46:14 - INFO - Last page 4 is the same as this page. Stopping.
2025-05-20 03:46:14 - INFO - Знайдено актуальних оголошень: 0
2025-05-20 03:46:14 - INFO - ✅ HTML файл збережено: magnat.html
2025-05-20 03:46:14 - INFO - Обробка URL: https://www.olx.pl/elektronika/sprzet-audio/q-wzmaczniacz/?courier=1, JSON: wzmaczniacz.json, Thread ID: 5
2025-05-20 03:46:14 - INFO - Знайдено старих оголошень: 187
2025-05-20 03:46:49 - INFO - Знайдено актуальних оголошень: 0
2025-05-20 03:46:49 - INFO - ✅ HTML файл збережено: wzmaczniacz.html
2025-05-20 06:36:57 - INFO - Обробка URL: https://www.olx.pl/elektronika/sprzet-audio/glosniki-i-kolumny/q-magnat/?courier=1, JSON: magnat.json, Thread ID: 2
2025-05-20 06:36:57 - INFO - Знайдено старих оголошень: 614
2025-05-20 06:37:09 - INFO - Last page 4 is the same as this page. Stopping.
2025-05-20 06:37:09 - INFO - Знайдено актуальних оголошень: 0
2025-05-20 06:37:09 - INFO - ✅ HTML файл збережено: magnat.html
2025-05-20 06:37:09 - INFO - Обробка URL: https://www.olx.pl/elektronika/sprzet-audio/q-wzmaczniacz/?courier=1, JSON: wzmaczniacz.json, Thread ID: 5
2025-05-20 06:37:09 - INFO - Знайдено старих оголошень: 187
2025-05-20 06:37:25 - INFO - Знайдено актуальних оголошень: 0
2025-05-20 06:37:25 - INFO - ✅ HTML файл збережено: wzmaczniacz.html
2025-05-20 07:25:50 - INFO - Обробка URL: https://www.olx.pl/elektronika/sprzet-audio/glosniki-i-kolumny/q-magnat/?courier=1, JSON: magnat.json, Thread ID: 2
2025-05-20 07:25:50 - INFO - Знайдено старих оголошень: 614
2025-05-20 07:26:05 - INFO - Last page 4 is the same as this page. Stopping.
2025-05-20 07:26:05 - INFO - Знайдено актуальних оголошень: 0
2025-05-20 07:26:05 - INFO - ✅ HTML файл збережено: magnat.html
2025-05-20 07:26:05 - INFO - Обробка URL: https://www.olx.pl/elektronika/sprzet-audio/q-wzmaczniacz/?courier=1, JSON: wzmaczniacz.json, Thread ID: 5
2025-05-20 07:26:05 - INFO - Знайдено старих оголошень: 187
2025-05-20 07:26:23 - INFO - Знайдено актуальних оголошень: 0
2025-05-20 07:26:23 - INFO - ✅ HTML файл збережено: wzmaczniacz.html
