2025-05-15 03:44:30 - INFO - Found old 579 ads.
2025-05-15 03:45:27 - INFO - Last page 13 is the same as this page. Stopping.
2025-05-15 03:45:27 - INFO - Found actual 0 ads.
2025-05-15 03:45:27 - INFO - ✅ HTML файл збережено: index.html
2025-05-15 06:36:43 - INFO - Found old 579 ads.
2025-05-15 06:37:37 - INFO - Last page 13 is the same as this page. Stopping.
2025-05-15 06:37:37 - INFO - Found actual 0 ads.
2025-05-15 06:37:37 - INFO - ✅ HTML файл збережено: index.html
2025-05-15 07:25:22 - INFO - Found old 579 ads.
2025-05-15 07:26:07 - INFO - Last page 13 is the same as this page. Stopping.
2025-05-15 07:26:07 - INFO - Found actual 0 ads.
2025-05-15 07:26:07 - INFO - ✅ HTML файл збережено: index.html
2025-05-15 08:34:24 - INFO - Found old 579 ads.
2025-05-15 08:35:15 - INFO - Last page 13 is the same as this page. Stopping.
2025-05-15 08:35:15 - INFO - Found actual 0 ads.
2025-05-15 08:35:15 - INFO - ✅ HTML файл збережено: index.html
2025-05-15 09:28:00 - INFO - Found old 579 ads.
2025-05-15 09:28:05 - INFO - NEW {'title': 'Vintage kolumny pułkowe Magnat bull-borg', 'link': 'https://www.olx.pl/d/oferta/vintage-kolumny-pulkowe-magnat-bull-borg-CID99-ID15LZjn.html', 'price': '350 zł', 'status': 'active', 'date_found': '2025-05-15 09:28', 'date_removed': None, 'description': 'Kolumny vintage Magnat ,przetworniki sprawne ,okleina na skrzynkach nosi drobne rysy .Monitory w obudowie zamkniętej przyzwoity krótki mocny bas,wysokie tony klarowne nie męczoce ucha, średnie tony przejrzyste i wyważone.Wymiary wys.38cm.szer.27cm.głe 25cm.', 'images': ['https://ireland.apollo.olxcdn.com:443/v1/files/51hy6igbqpcs3-PL/image;s=1224x1632', 'https://ireland.apollo.olxcdn.com:443/v1/files/gdc6tj7aw2f91-PL/image;s=1224x1632', 'https://ireland.apollo.olxcdn.com:443/v1/files/s8b2kiapa25j-PL/image;s=1224x1632', 'https://ireland.apollo.olxcdn.com:443/v1/files/rm4rt0h6arkn1-PL/image;s=1224x1632'], 'published_date': '2025-05-15 o 08:33', 'location': ''}
2025-05-15 09:28:07 - INFO - Parsed page 1, found 1 new ads.
2025-05-15 09:28:53 - INFO - Last page 13 is the same as this page. Stopping.
2025-05-15 09:28:53 - INFO - Found actual 1 ads.
2025-05-15 09:28:53 - INFO - Додаємо https://www.olx.pl/d/oferta/vintage-kolumny-pulkowe-magnat-bull-borg-CID99-ID15LZjn.html.
2025-05-15 09:28:56 - INFO - ✅ HTML файл збережено: index.html
2025-05-15 10:29:23 - INFO - Found old 580 ads.
2025-05-15 10:30:18 - INFO - Last page 13 is the same as this page. Stopping.
2025-05-15 10:30:18 - INFO - Found actual 0 ads.
2025-05-15 10:30:18 - INFO - ✅ HTML файл збережено: index.html
2025-05-15 11:21:41 - INFO - Found old 580 ads.
2025-05-15 11:22:39 - INFO - Last page 13 is the same as this page. Stopping.
2025-05-15 11:22:39 - INFO - Found actual 0 ads.
2025-05-15 11:22:39 - INFO - ✅ HTML файл збережено: index.html
2025-05-15 12:53:16 - INFO - Found old 580 ads.
2025-05-15 12:53:22 - INFO - NEW {'title': 'Kolumny Magnat , polecam', 'link': 'https://www.olx.pl/d/oferta/kolumny-magnat-polecam-CID99-ID15Q4Xs.html', 'price': '350 zł', 'status': 'active', 'date_found': '2025-05-15 12:53', 'date_removed': None, 'description': 'Sprzedam kolumny magnat widoczne na zdjęciach. Sprzęt sprawny , specyfikacja na tabliczce znamionowej', 'images': ['https://ireland.apollo.olxcdn.com:443/v1/files/6kf5ul363jzv3-PL/image;s=1000x750', 'https://ireland.apollo.olxcdn.com:443/v1/files/ocj68oi275fu-PL/image;s=1000x750', 'https://ireland.apollo.olxcdn.com:443/v1/files/pxwe6ylk2gn2-PL/image;s=1000x750', 'https://ireland.apollo.olxcdn.com:443/v1/files/xgs8w847j7u42-PL/image;s=1000x750', 'https://ireland.apollo.olxcdn.com:443/v1/files/937ytj3ahxsx1-PL/image;s=1000x750', 'https://ireland.apollo.olxcdn.com:443/v1/files/6yl5k3d4dle1-PL/image;s=1000x750'], 'published_date': '2025-05-15 o 12:00', 'location': ''}
2025-05-15 12:53:25 - INFO - Parsed page 1, found 1 new ads.
2025-05-15 12:54:02 - INFO - Last page 13 is the same as this page. Stopping.
2025-05-15 12:54:02 - INFO - Found actual 1 ads.
2025-05-15 12:54:02 - INFO - Додаємо https://www.olx.pl/d/oferta/kolumny-magnat-polecam-CID99-ID15Q4Xs.html.
2025-05-15 12:54:05 - INFO - ✅ HTML файл збережено: index.html
2025-05-15 13:35:11 - INFO - Found old 581 ads.
2025-05-15 13:36:02 - INFO - Last page 13 is the same as this page. Stopping.
2025-05-15 13:36:02 - INFO - Found actual 0 ads.
2025-05-15 13:36:02 - INFO - ✅ HTML файл збережено: index.html
2025-05-15 14:26:50 - INFO - Found old 581 ads.
2025-05-15 14:27:37 - INFO - Last page 13 is the same as this page. Stopping.
2025-05-15 14:27:37 - INFO - Found actual 0 ads.
2025-05-15 14:27:37 - INFO - ✅ HTML файл збережено: index.html
2025-05-15 15:26:40 - INFO - Found old 581 ads.
2025-05-15 15:27:37 - INFO - Last page 13 is the same as this page. Stopping.
2025-05-15 15:27:37 - INFO - Found actual 0 ads.
2025-05-15 15:27:37 - INFO - ✅ HTML файл збережено: index.html
2025-05-15 16:33:17 - INFO - Found old 581 ads.
2025-05-15 16:33:21 - INFO - NEW {'title': 'Kolumny MAGNAT  sprawne', 'link': 'https://www.olx.pl/d/oferta/kolumny-magnat-sprawne-CID99-ID15QkPr.html', 'price': '400 zł', 'status': 'active', 'date_found': '2025-05-15 16:33', 'date_removed': None, 'description': 'Sprzedam Używane kolumny MAGNAT sprawne. Po więcej informacji zapraszam do kontaktu telefonicznego. Pozdrawiam', 'images': ['https://ireland.apollo.olxcdn.com:443/v1/files/q26zdhi7yvaf2-PL/image;s=1500x2000'], 'published_date': '2025-05-15 o 15:50', 'location': ''}
2025-05-15 16:33:23 - INFO - Parsed page 1, found 1 new ads.
2025-05-15 16:34:01 - INFO - Last page 13 is the same as this page. Stopping.
2025-05-15 16:34:01 - INFO - Found actual 1 ads.
2025-05-15 16:34:01 - INFO - Додаємо https://www.olx.pl/d/oferta/kolumny-magnat-sprawne-CID99-ID15QkPr.html.
2025-05-15 16:34:03 - INFO - ✅ HTML файл збережено: index.html
2025-05-15 17:23:24 - INFO - Found old 582 ads.
2025-05-15 17:24:16 - INFO - Last page 13 is the same as this page. Stopping.
2025-05-15 17:24:16 - INFO - Found actual 0 ads.
2025-05-15 17:24:16 - INFO - ✅ HTML файл збережено: index.html
2025-05-15 18:35:45 - INFO - Found old 582 ads.
2025-05-15 18:36:44 - INFO - Last page 13 is the same as this page. Stopping.
2025-05-15 18:36:44 - INFO - Found actual 0 ads.
2025-05-15 18:36:44 - INFO - ✅ HTML файл збережено: index.html
2025-05-15 19:20:29 - INFO - Found old 582 ads.
2025-05-15 19:21:23 - INFO - Last page 13 is the same as this page. Stopping.
2025-05-15 19:21:23 - INFO - Found actual 0 ads.
2025-05-15 19:21:23 - INFO - ✅ HTML файл збережено: index.html
