2025-05-21 03:45:13 - INFO - Обробка URL: https://www.olx.pl/elektronika/sprzet-audio/glosniki-i-kolumny/q-magnat/?courier=1, JSON: magnat.json, Thread ID: 2
2025-05-21 03:45:13 - INFO - Знайдено старих оголошень: 615
2025-05-21 03:45:38 - INFO - Last page 4 is the same as this page. Stopping.
2025-05-21 03:45:38 - INFO - Знайдено актуальних оголошень: 0
2025-05-21 03:45:38 - INFO - ✅ HTML файл збережено: magnat.html
2025-05-21 03:45:38 - INFO - Обробка URL: https://www.olx.pl/elektronika/sprzet-audio/q-wzmaczniacz/?courier=1, JSON: wzmaczniacz.json, Thread ID: 5
2025-05-21 03:45:38 - INFO - Знайдено старих оголошень: 194
2025-05-21 03:46:05 - INFO - Знайдено актуальних оголошень: 0
2025-05-21 03:46:05 - INFO - ✅ HTML файл збережено: wzmaczniacz.html
2025-05-21 06:36:59 - INFO - Обробка URL: https://www.olx.pl/elektronika/sprzet-audio/glosniki-i-kolumny/q-magnat/?courier=1, JSON: magnat.json, Thread ID: 2
2025-05-21 06:36:59 - INFO - Знайдено старих оголошень: 615
2025-05-21 06:37:13 - INFO - Last page 4 is the same as this page. Stopping.
2025-05-21 06:37:13 - INFO - Знайдено актуальних оголошень: 0
2025-05-21 06:37:13 - INFO - ✅ HTML файл збережено: magnat.html
2025-05-21 06:37:13 - INFO - Обробка URL: https://www.olx.pl/elektronika/sprzet-audio/q-wzmaczniacz/?courier=1, JSON: wzmaczniacz.json, Thread ID: 5
2025-05-21 06:37:13 - INFO - Знайдено старих оголошень: 194
2025-05-21 06:37:20 - INFO - NEW {'title': 'Sprzedam zmacniacz samochodowy', 'link': 'https://www.olx.pl/d/oferta/sprzedam-zmacniacz-samochodowy-CID99-IDVZ8cD.html?reason=extended_search_extended_s2v', 'price': '450 zł', 'status': 'active', 'date_found': '2025-05-21 06:37', 'date_removed': None, 'description': 'Sprzedam zmacniacz samochodowy w bardzo dobrym stanie kupiłem go od brata  miał go w BMW', 'images': ['https://ireland.apollo.olxcdn.com:443/v1/files/o0xnamvwkeol1-PL/image;s=2000x1500', 'https://ireland.apollo.olxcdn.com:443/v1/files/lv75l6kgxdrs1-PL/image;s=2000x1500', 'https://ireland.apollo.olxcdn.com:443/v1/files/tmo5eps2yqmj1-PL/image;s=2000x1500', 'https://ireland.apollo.olxcdn.com:443/v1/files/mkcr1kq0csfe3-PL/image;s=2000x1500'], 'published_date': '14 maja 2025', 'location': ''}
2025-05-21 06:37:20 - INFO - Parsed page 2, found 1 new ads.
2025-05-21 06:37:32 - INFO - Знайдено актуальних оголошень: 1
2025-05-21 06:37:32 - INFO - Додаємо https://www.olx.pl/d/oferta/sprzedam-zmacniacz-samochodowy-CID99-IDVZ8cD.html?reason=extended_search_extended_s2v.
2025-05-21 06:37:37 - INFO - Successfully sent message for ad: Sprzedam zmacniacz samochodowy
2025-05-21 06:37:37 - INFO - ✅ HTML файл збережено: wzmaczniacz.html
2025-05-21 07:25:17 - INFO - Обробка URL: https://www.olx.pl/elektronika/sprzet-audio/glosniki-i-kolumny/q-magnat/?courier=1, JSON: magnat.json, Thread ID: 2
2025-05-21 07:25:17 - INFO - Знайдено старих оголошень: 615
2025-05-21 07:25:28 - INFO - Last page 4 is the same as this page. Stopping.
2025-05-21 07:25:28 - INFO - Знайдено актуальних оголошень: 0
2025-05-21 07:25:28 - INFO - ✅ HTML файл збережено: magnat.html
2025-05-21 07:25:28 - INFO - Обробка URL: https://www.olx.pl/elektronika/sprzet-audio/q-wzmaczniacz/?courier=1, JSON: wzmaczniacz.json, Thread ID: 5
2025-05-21 07:25:28 - INFO - Знайдено старих оголошень: 195
2025-05-21 07:25:47 - INFO - Знайдено актуальних оголошень: 0
2025-05-21 07:25:47 - INFO - ✅ HTML файл збережено: wzmaczniacz.html
2025-05-21 08:34:14 - INFO - Обробка URL: https://www.olx.pl/elektronika/sprzet-audio/glosniki-i-kolumny/q-magnat/?courier=1, JSON: magnat.json, Thread ID: 2
2025-05-21 08:34:14 - INFO - Знайдено старих оголошень: 615
2025-05-21 08:34:30 - INFO - Last page 4 is the same as this page. Stopping.
2025-05-21 08:34:30 - INFO - Знайдено актуальних оголошень: 0
2025-05-21 08:34:30 - INFO - ✅ HTML файл збережено: magnat.html
2025-05-21 08:34:30 - INFO - Обробка URL: https://www.olx.pl/elektronika/sprzet-audio/q-wzmaczniacz/?courier=1, JSON: wzmaczniacz.json, Thread ID: 5
2025-05-21 08:34:30 - INFO - Знайдено старих оголошень: 195
2025-05-21 08:34:37 - INFO - NEW {'title': 'NOWY głośnik bluetooth MARVEL hełm IRON MAN skala 1:2 USB C', 'link': 'https://www.olx.pl/d/oferta/nowy-glosnik-bluetooth-marvel-helm-iron-man-skala-12-usb-c-CID99-ID14WLtp.html?reason=extended_search_extended_s2v', 'price': '110 zł', 'status': 'active', 'date_found': '2025-05-21 08:34', 'date_removed': None, 'description': 'Na sprzedaż,NOWY głośnik bluetooth MARVEL hełm IRON MANW skali 1:2Super gadżet i fajnie gra.Zasilanie na USB CZapraszam', 'images': ['https://ireland.apollo.olxcdn.com:443/v1/files/rvtt94by4v292-PL/image;s=868x1160', 'https://ireland.apollo.olxcdn.com:443/v1/files/l31n73vr6djs2-PL/image;s=868x1160', 'https://ireland.apollo.olxcdn.com:443/v1/files/cgt83woihnoj3-PL/image;s=868x1160', 'https://ireland.apollo.olxcdn.com:443/v1/files/mt000rxg7m832-PL/image;s=868x1160'], 'published_date': '14 maja 2025', 'location': ''}
2025-05-21 08:34:37 - INFO - Parsed page 2, found 1 new ads.
2025-05-21 08:34:48 - INFO - Знайдено актуальних оголошень: 1
2025-05-21 08:34:48 - INFO - Додаємо https://www.olx.pl/d/oferta/nowy-glosnik-bluetooth-marvel-helm-iron-man-skala-12-usb-c-CID99-ID14WLtp.html?reason=extended_search_extended_s2v.
2025-05-21 08:34:55 - INFO - Successfully sent message for ad: NOWY głośnik bluetooth MARVEL hełm IRON MAN skala 1:2 USB C
2025-05-21 08:34:55 - INFO - ✅ HTML файл збережено: wzmaczniacz.html
2025-05-21 09:28:38 - INFO - Обробка URL: https://www.olx.pl/elektronika/sprzet-audio/glosniki-i-kolumny/q-magnat/?courier=1, JSON: magnat.json, Thread ID: 2
2025-05-21 09:28:38 - INFO - Знайдено старих оголошень: 615
2025-05-21 09:28:48 - INFO - Last page 4 is the same as this page. Stopping.
2025-05-21 09:28:48 - INFO - Знайдено актуальних оголошень: 0
2025-05-21 09:28:48 - INFO - ✅ HTML файл збережено: magnat.html
2025-05-21 09:28:48 - INFO - Обробка URL: https://www.olx.pl/elektronika/sprzet-audio/q-wzmaczniacz/?courier=1, JSON: wzmaczniacz.json, Thread ID: 5
2025-05-21 09:28:48 - INFO - Знайдено старих оголошень: 196
2025-05-21 09:28:54 - INFO - NEW {'title': 'Głośnik jl audio 12W1v2-4', 'link': 'https://www.olx.pl/d/oferta/glosnik-jl-audio-12w1v2-4-CID99-ID15PJMI.html?reason=extended_search_extended_s2v', 'price': '480 zł', 'status': 'active', 'date_found': '2025-05-21 09:28', 'date_removed': None, 'description': 'Witam, do sprzedania mam mało uzywany głośnik jl audio 12W1v2-4Rozmiar: 300 mmMoc RMS: 150 WImpedancja: 4 OhmMax wychylenie: 9,5 mmGłębokość montażowa: 130 mmSkrzynia zamknięta: 35,4 lSkrzynia bas-reflex: 49,5 l', 'images': ['https://ireland.apollo.olxcdn.com:443/v1/files/3wkv84e4w4u03-PL/image;s=864x1152', 'https://ireland.apollo.olxcdn.com:443/v1/files/jetuwgbvzvps3-PL/image;s=864x1152'], 'published_date': '15 maja 2025', 'location': ''}
2025-05-21 09:28:54 - INFO - Parsed page 2, found 1 new ads.
2025-05-21 09:29:04 - INFO - Знайдено актуальних оголошень: 1
2025-05-21 09:29:04 - INFO - Додаємо https://www.olx.pl/d/oferta/glosnik-jl-audio-12w1v2-4-CID99-ID15PJMI.html?reason=extended_search_extended_s2v.
2025-05-21 09:29:09 - INFO - Successfully sent message for ad: Głośnik jl audio 12W1v2-4
2025-05-21 09:29:09 - INFO - ✅ HTML файл збережено: wzmaczniacz.html
2025-05-21 10:29:02 - INFO - Обробка URL: https://www.olx.pl/elektronika/sprzet-audio/glosniki-i-kolumny/q-magnat/?courier=1, JSON: magnat.json, Thread ID: 2
2025-05-21 10:29:02 - INFO - Знайдено старих оголошень: 615
2025-05-21 10:29:14 - INFO - Last page 4 is the same as this page. Stopping.
2025-05-21 10:29:14 - INFO - Знайдено актуальних оголошень: 0
2025-05-21 10:29:14 - INFO - ✅ HTML файл збережено: magnat.html
2025-05-21 10:29:14 - INFO - Обробка URL: https://www.olx.pl/elektronika/sprzet-audio/q-wzmaczniacz/?courier=1, JSON: wzmaczniacz.json, Thread ID: 5
2025-05-21 10:29:14 - INFO - Знайдено старих оголошень: 197
2025-05-21 10:29:21 - INFO - NEW {'title': 'Glosnik JBL GT5-12', 'link': 'https://www.olx.pl/d/oferta/glosnik-jbl-gt5-12-CID99-ID12tvUY.html?reason=extended_search_extended_s2v', 'price': '235 zł', 'status': 'active', 'date_found': '2025-05-21 10:29', 'date_removed': None, 'description': 'Na sprzedaż Głośnik JBL GT5-12 z maskownicą. Stan idealny. Mało używany. Moc 275W rms. Moc szczytowa 1000w', 'images': ['https://ireland.apollo.olxcdn.com:443/v1/files/9snra9v6z32v2-PL/image;s=750x1000', 'https://ireland.apollo.olxcdn.com:443/v1/files/z0g33uf3wrlp-PL/image;s=750x1000'], 'published_date': '15 maja 2025', 'location': ''}
2025-05-21 10:29:21 - INFO - Parsed page 2, found 1 new ads.
2025-05-21 10:29:32 - INFO - Знайдено актуальних оголошень: 1
2025-05-21 10:29:32 - INFO - Додаємо https://www.olx.pl/d/oferta/glosnik-jbl-gt5-12-CID99-ID12tvUY.html?reason=extended_search_extended_s2v.
2025-05-21 10:29:37 - INFO - Successfully sent message for ad: Glosnik JBL GT5-12
2025-05-21 10:29:37 - INFO - ✅ HTML файл збережено: wzmaczniacz.html
2025-05-21 11:21:56 - INFO - Обробка URL: https://www.olx.pl/elektronika/sprzet-audio/glosniki-i-kolumny/q-magnat/?courier=1, JSON: magnat.json, Thread ID: 2
2025-05-21 11:21:56 - INFO - Знайдено старих оголошень: 615
2025-05-21 11:22:07 - INFO - Last page 4 is the same as this page. Stopping.
2025-05-21 11:22:07 - INFO - Знайдено актуальних оголошень: 0
2025-05-21 11:22:07 - INFO - ✅ HTML файл збережено: magnat.html
2025-05-21 11:22:07 - INFO - Обробка URL: https://www.olx.pl/elektronika/sprzet-audio/q-wzmaczniacz/?courier=1, JSON: wzmaczniacz.json, Thread ID: 5
2025-05-21 11:22:07 - INFO - Знайдено старих оголошень: 198
2025-05-21 11:22:23 - INFO - Знайдено актуальних оголошень: 0
2025-05-21 11:22:23 - INFO - ✅ HTML файл збережено: wzmaczniacz.html
2025-05-21 12:54:12 - INFO - Обробка URL: https://www.olx.pl/elektronika/sprzet-audio/glosniki-i-kolumny/q-magnat/?courier=1, JSON: magnat.json, Thread ID: 2
2025-05-21 12:54:12 - INFO - Знайдено старих оголошень: 615
2025-05-21 12:54:22 - INFO - Last page 4 is the same as this page. Stopping.
2025-05-21 12:54:22 - INFO - Знайдено актуальних оголошень: 0
2025-05-21 12:54:22 - INFO - ✅ HTML файл збережено: magnat.html
2025-05-21 12:54:22 - INFO - Обробка URL: https://www.olx.pl/elektronika/sprzet-audio/q-wzmaczniacz/?courier=1, JSON: wzmaczniacz.json, Thread ID: 5
2025-05-21 12:54:22 - INFO - Знайдено старих оголошень: 198
2025-05-21 12:54:41 - INFO - Знайдено актуальних оголошень: 0
2025-05-21 12:54:41 - INFO - ✅ HTML файл збережено: wzmaczniacz.html
2025-05-21 13:36:29 - INFO - Обробка URL: https://www.olx.pl/elektronika/sprzet-audio/glosniki-i-kolumny/q-magnat/?courier=1, JSON: magnat.json, Thread ID: 2
2025-05-21 13:36:29 - INFO - Знайдено старих оголошень: 615
2025-05-21 13:36:32 - INFO - NEW {'title': 'Kolumny głośnikowe Magnat Monitor Supreme 100', 'link': 'https://www.olx.pl/d/oferta/kolumny-glosnikowe-magnat-monitor-supreme-100-CID99-ID15WjDS.html', 'price': '210 zł', 'status': 'active', 'date_found': '2025-05-21 13:36', 'date_removed': None, 'description': 'Kolumny do postawienia lub powieszenia na ścianie. Stan bdb. Kolor obudowy ciemny brąz, maskownica czarna.Konstrukcja 2-drożna, bassreflex z przoduImpedancja 4 – 8 OhmPasmo przenoszenia 42 – 34.000 HzWymiary (szer. x wys. x gł.) 149 x 250 x 190 mmMoc szczytowa 110 W, ciągła 55 W.', 'images': ['https://ireland.apollo.olxcdn.com:443/v1/files/wnbptz90uv05-PL/image;s=2923x2085', 'https://ireland.apollo.olxcdn.com:443/v1/files/ijgb1x3q4y81-PL/image;s=3243x2268', 'https://ireland.apollo.olxcdn.com:443/v1/files/lh5o06e80u33-PL/image;s=509x301'], 'published_date': '2025-05-21 o 13:28', 'location': ''}
2025-05-21 13:36:32 - INFO - Parsed page 1, found 1 new ads.
2025-05-21 13:36:42 - INFO - Last page 4 is the same as this page. Stopping.
2025-05-21 13:36:42 - INFO - Знайдено актуальних оголошень: 1
2025-05-21 13:36:42 - INFO - Додаємо https://www.olx.pl/d/oferta/kolumny-glosnikowe-magnat-monitor-supreme-100-CID99-ID15WjDS.html.
2025-05-21 13:36:48 - INFO - Successfully sent message for ad: Kolumny głośnikowe Magnat Monitor Supreme 100
2025-05-21 13:36:48 - INFO - ✅ HTML файл збережено: magnat.html
2025-05-21 13:36:48 - INFO - Обробка URL: https://www.olx.pl/elektronika/sprzet-audio/q-wzmaczniacz/?courier=1, JSON: wzmaczniacz.json, Thread ID: 5
2025-05-21 13:36:48 - INFO - Знайдено старих оголошень: 198
2025-05-21 13:37:03 - INFO - Знайдено актуальних оголошень: 0
2025-05-21 13:37:03 - INFO - ✅ HTML файл збережено: wzmaczniacz.html
2025-05-21 14:26:46 - INFO - Обробка URL: https://www.olx.pl/elektronika/sprzet-audio/glosniki-i-kolumny/q-magnat/?courier=1, JSON: magnat.json, Thread ID: 2
2025-05-21 14:26:46 - INFO - Знайдено старих оголошень: 616
2025-05-21 14:26:59 - INFO - Last page 4 is the same as this page. Stopping.
2025-05-21 14:26:59 - INFO - Знайдено актуальних оголошень: 0
2025-05-21 14:26:59 - INFO - ✅ HTML файл збережено: magnat.html
2025-05-21 14:26:59 - INFO - Обробка URL: https://www.olx.pl/elektronika/sprzet-audio/q-wzmaczniacz/?courier=1, JSON: wzmaczniacz.json, Thread ID: 5
2025-05-21 14:26:59 - INFO - Знайдено старих оголошень: 198
2025-05-21 14:27:15 - INFO - Знайдено актуальних оголошень: 0
2025-05-21 14:27:15 - INFO - ✅ HTML файл збережено: wzmaczniacz.html
2025-05-21 15:28:49 - INFO - Обробка URL: https://www.olx.pl/elektronika/sprzet-audio/glosniki-i-kolumny/q-magnat/?courier=1, JSON: magnat.json, Thread ID: 2
2025-05-21 15:28:49 - INFO - Знайдено старих оголошень: 616
2025-05-21 15:29:06 - INFO - Last page 4 is the same as this page. Stopping.
2025-05-21 15:29:06 - INFO - Знайдено актуальних оголошень: 0
2025-05-21 15:29:06 - INFO - ✅ HTML файл збережено: magnat.html
2025-05-21 15:29:06 - INFO - Обробка URL: https://www.olx.pl/elektronika/sprzet-audio/q-wzmaczniacz/?courier=1, JSON: wzmaczniacz.json, Thread ID: 5
2025-05-21 15:29:06 - INFO - Знайдено старих оголошень: 198
2025-05-21 15:29:24 - INFO - Знайдено актуальних оголошень: 0
2025-05-21 15:29:24 - INFO - ✅ HTML файл збережено: wzmaczniacz.html
2025-05-21 16:33:18 - INFO - Обробка URL: https://www.olx.pl/elektronika/sprzet-audio/glosniki-i-kolumny/q-magnat/?courier=1, JSON: magnat.json, Thread ID: 2
2025-05-21 16:33:18 - INFO - Знайдено старих оголошень: 616
2025-05-21 16:33:21 - INFO - NEW {'title': 'Kolumny Magnat 144 114 Super głośniki stereo/ kino domowe', 'link': 'https://www.olx.pl/d/oferta/kolumny-magnat-144-114-super-glosniki-stereo-kino-domowe-CID99-ID15WtI5.html', 'price': '450 zł', 'status': 'active', 'date_found': '2025-05-21 16:33', 'date_removed': None, 'description': 'Do sprzedania rewelacyjne kolumny marki MAGNAT, najwyższy model z najbardziej udanej serii.Cztero drożna konstrukcja oparta na dwóch głośnikach niskotonowych o średnicy 16,5 cm każdy w połączeniu z dwoma otworami bass-reflex daje niski i pewny bass, który z powodzeniem radzi sobie od 25 Hz.Bez problemu radzą sobie z każdym rodzajem muzyki , od elektroniki po rocka.Polecam do dużych i małych pomieszczeń, poradzą sobie w każdych warunkach.Głośniki zostały przeze mnie pomalowane na biało, oraz zostały wymienione głośniki wysokotonowe ( widać na zdjęciach ).Znajda się jakieś delikatne rysy, jednak ogólny stan kolumn oceniam na dobry.Maskownice w stanie idealnym.Najchętniej odbiór osobisty.Parametry:Moc znamionowa 160 Watt/8 OhmWymiary : Wys. 95,5 cm , szer. 22,5 gł. 28,5 cm.Waga około 16 kg/sztukaPodana cena za 2 sztuki/parę.Pozdrawiam i zapraszam do zakupu.', 'images': ['https://ireland.apollo.olxcdn.com:443/v1/files/w34khlbl046l3-PL/image;s=750x1000', 'https://ireland.apollo.olxcdn.com:443/v1/files/acx08dr2ej0l3-PL/image;s=750x1000', 'https://ireland.apollo.olxcdn.com:443/v1/files/g8sb0du7eqxp1-PL/image;s=750x1000', 'https://ireland.apollo.olxcdn.com:443/v1/files/zn5nrg520h2x2-PL/image;s=750x1000', 'https://ireland.apollo.olxcdn.com:443/v1/files/yman3iw56bpk2-PL/image;s=636x1000'], 'published_date': '2025-05-21 o 16:16', 'location': ''}
2025-05-21 16:33:21 - INFO - Parsed page 1, found 1 new ads.
2025-05-21 16:33:30 - INFO - Last page 4 is the same as this page. Stopping.
2025-05-21 16:33:30 - INFO - Знайдено актуальних оголошень: 1
2025-05-21 16:33:30 - INFO - Додаємо https://www.olx.pl/d/oferta/kolumny-magnat-144-114-super-glosniki-stereo-kino-domowe-CID99-ID15WtI5.html.
2025-05-21 16:33:44 - INFO - Successfully sent message for ad: Kolumny Magnat 144 114 Super głośniki stereo/ kino domowe
2025-05-21 16:33:44 - INFO - ✅ HTML файл збережено: magnat.html
2025-05-21 16:33:44 - INFO - Обробка URL: https://www.olx.pl/elektronika/sprzet-audio/q-wzmaczniacz/?courier=1, JSON: wzmaczniacz.json, Thread ID: 5
2025-05-21 16:33:44 - INFO - Знайдено старих оголошень: 198
2025-05-21 16:34:00 - INFO - Знайдено актуальних оголошень: 0
2025-05-21 16:34:00 - INFO - ✅ HTML файл збережено: wzmaczniacz.html
2025-05-21 17:22:35 - INFO - Обробка URL: https://www.olx.pl/elektronika/sprzet-audio/glosniki-i-kolumny/q-magnat/?courier=1, JSON: magnat.json, Thread ID: 2
2025-05-21 17:22:35 - INFO - Знайдено старих оголошень: 617
2025-05-21 17:22:47 - INFO - Last page 4 is the same as this page. Stopping.
2025-05-21 17:22:47 - INFO - Знайдено актуальних оголошень: 0
2025-05-21 17:22:47 - INFO - ✅ HTML файл збережено: magnat.html
2025-05-21 17:22:47 - INFO - Обробка URL: https://www.olx.pl/elektronika/sprzet-audio/q-wzmaczniacz/?courier=1, JSON: wzmaczniacz.json, Thread ID: 5
2025-05-21 17:22:47 - INFO - Знайдено старих оголошень: 198
2025-05-21 17:22:53 - INFO - NEW {'title': 'Głośnik vakoss 12w', 'link': 'https://www.olx.pl/d/oferta/glosnik-vakoss-12w-CID99-ID11wHpB.html?reason=extended_search_extended_s2v', 'price': '35 zł', 'status': 'active', 'date_found': '2025-05-21 17:22', 'date_removed': None, 'description': 'Sprzedam głośnik vakoss , używany Ale stan bardzo dobry, dobry bassik i brzmienie,polecam', 'images': ['https://ireland.apollo.olxcdn.com:443/v1/files/wp1okveh8zuh1-PL/image;s=768x1020', 'https://ireland.apollo.olxcdn.com:443/v1/files/06c417twgygf3-PL/image;s=768x1020'], 'published_date': '15 maja 2025', 'location': ''}
2025-05-21 17:22:53 - INFO - Parsed page 2, found 1 new ads.
2025-05-21 17:23:02 - INFO - Знайдено актуальних оголошень: 1
2025-05-21 17:23:02 - INFO - Додаємо https://www.olx.pl/d/oferta/glosnik-vakoss-12w-CID99-ID11wHpB.html?reason=extended_search_extended_s2v.
2025-05-21 17:23:10 - INFO - Successfully sent message for ad: Głośnik vakoss 12w
2025-05-21 17:23:10 - INFO - ✅ HTML файл збережено: wzmaczniacz.html
2025-05-21 18:36:01 - INFO - Обробка URL: https://www.olx.pl/elektronika/sprzet-audio/glosniki-i-kolumny/q-magnat/?courier=1, JSON: magnat.json, Thread ID: 2
2025-05-21 18:36:01 - INFO - Знайдено старих оголошень: 617
2025-05-21 18:36:03 - INFO - NEW {'title': 'Kolumna centralna magnat', 'link': 'https://www.olx.pl/d/oferta/kolumna-centralna-magnat-CID99-ID15Wz0z.html', 'price': '60 zł', 'status': 'active', 'date_found': '2025-05-21 18:36', 'date_removed': None, 'description': 'Kolumna sprawna w dobrym stanie z dodatkowym głośnikiem wysokotonowym.', 'images': ['https://ireland.apollo.olxcdn.com:443/v1/files/i8xybo0pvvyq1-PL/image;s=1008x454', 'https://ireland.apollo.olxcdn.com:443/v1/files/t8d24s78dfmi2-PL/image;s=454x1008'], 'published_date': '2025-05-21 o 17:39', 'location': ''}
2025-05-21 18:36:03 - INFO - Parsed page 1, found 1 new ads.
2025-05-21 18:36:13 - INFO - Last page 4 is the same as this page. Stopping.
2025-05-21 18:36:13 - INFO - Знайдено актуальних оголошень: 1
2025-05-21 18:36:13 - INFO - Додаємо https://www.olx.pl/d/oferta/kolumna-centralna-magnat-CID99-ID15Wz0z.html.
2025-05-21 18:36:19 - INFO - Successfully sent message for ad: Kolumna centralna magnat
2025-05-21 18:36:19 - INFO - ✅ HTML файл збережено: magnat.html
2025-05-21 18:36:19 - INFO - Обробка URL: https://www.olx.pl/elektronika/sprzet-audio/q-wzmaczniacz/?courier=1, JSON: wzmaczniacz.json, Thread ID: 5
2025-05-21 18:36:19 - INFO - Знайдено старих оголошень: 199
2025-05-21 18:36:27 - INFO - NEW {'title': 'Głośnik bluetooth Manta SPK12GO', 'link': 'https://www.olx.pl/d/oferta/glosnik-bluetooth-manta-spk12go-CID99-IDT4O7y.html?reason=extended_search_extended_s2v', 'price': '40 zł', 'status': 'active', 'date_found': '2025-05-21 18:36', 'date_removed': None, 'description': 'Witam mam na sprzedaż głośnik manta spk12go możliwość użycia jako powerbankaoraz podłączenia pendriva na pełnym naładowaniu trzyma 5h ma 2 membrany ODBIUR OSOBISTY', 'images': ['https://ireland.apollo.olxcdn.com:443/v1/files/vvsvkql5tzey-PL/image;s=490x1008', 'https://ireland.apollo.olxcdn.com:443/v1/files/fgfab3ejowib1-PL/image;s=1008x490', 'https://ireland.apollo.olxcdn.com:443/v1/files/ugjcns931a1b1-PL/image;s=1008x490', 'https://ireland.apollo.olxcdn.com:443/v1/files/1a13aasyvq8t1-PL/image;s=1008x490'], 'published_date': '15 maja 2025', 'location': ''}
2025-05-21 18:36:27 - INFO - Parsed page 2, found 1 new ads.
2025-05-21 18:36:39 - INFO - Знайдено актуальних оголошень: 1
2025-05-21 18:36:39 - INFO - Додаємо https://www.olx.pl/d/oferta/glosnik-bluetooth-manta-spk12go-CID99-IDT4O7y.html?reason=extended_search_extended_s2v.
2025-05-21 18:36:44 - INFO - Successfully sent message for ad: Głośnik bluetooth Manta SPK12GO
2025-05-21 18:36:44 - INFO - ✅ HTML файл збережено: wzmaczniacz.html
2025-05-21 19:20:23 - INFO - Обробка URL: https://www.olx.pl/elektronika/sprzet-audio/glosniki-i-kolumny/q-magnat/?courier=1, JSON: magnat.json, Thread ID: 2
2025-05-21 19:20:23 - INFO - Знайдено старих оголошень: 618
2025-05-21 19:20:35 - INFO - Last page 4 is the same as this page. Stopping.
2025-05-21 19:20:35 - INFO - Знайдено актуальних оголошень: 0
2025-05-21 19:20:35 - INFO - ✅ HTML файл збережено: magnat.html
2025-05-21 19:20:35 - INFO - Обробка URL: https://www.olx.pl/elektronika/sprzet-audio/q-wzmaczniacz/?courier=1, JSON: wzmaczniacz.json, Thread ID: 5
2025-05-21 19:20:35 - INFO - Знайдено старих оголошень: 200
2025-05-21 19:20:52 - INFO - Знайдено актуальних оголошень: 0
2025-05-21 19:20:52 - INFO - ✅ HTML файл збережено: wzmaczniacz.html
2025-05-21 20:28:09 - INFO - Обробка URL: https://www.olx.pl/elektronika/sprzet-audio/glosniki-i-kolumny/q-magnat/?courier=1, JSON: magnat.json, Thread ID: 2
2025-05-21 20:28:09 - INFO - Знайдено старих оголошень: 618
2025-05-21 20:28:20 - INFO - Last page 4 is the same as this page. Stopping.
2025-05-21 20:28:20 - INFO - Знайдено актуальних оголошень: 0
2025-05-21 20:28:20 - INFO - ✅ HTML файл збережено: magnat.html
2025-05-21 20:28:20 - INFO - Обробка URL: https://www.olx.pl/elektronika/sprzet-audio/q-wzmaczniacz/?courier=1, JSON: wzmaczniacz.json, Thread ID: 5
2025-05-21 20:28:20 - INFO - Знайдено старих оголошень: 200
2025-05-21 20:28:36 - INFO - Знайдено актуальних оголошень: 0
2025-05-21 20:28:36 - INFO - ✅ HTML файл збережено: wzmaczniacz.html
2025-05-21 21:24:02 - INFO - Обробка URL: https://www.olx.pl/elektronika/sprzet-audio/glosniki-i-kolumny/q-magnat/?courier=1, JSON: magnat.json, Thread ID: 2
2025-05-21 21:24:02 - INFO - Знайдено старих оголошень: 618
2025-05-21 21:24:15 - INFO - Last page 4 is the same as this page. Stopping.
2025-05-21 21:24:15 - INFO - Знайдено актуальних оголошень: 0
2025-05-21 21:24:15 - INFO - ✅ HTML файл збережено: magnat.html
2025-05-21 21:24:15 - INFO - Обробка URL: https://www.olx.pl/elektronika/sprzet-audio/q-wzmaczniacz/?courier=1, JSON: wzmaczniacz.json, Thread ID: 5
2025-05-21 21:24:15 - INFO - Знайдено старих оголошень: 200
2025-05-21 21:24:36 - INFO - Знайдено актуальних оголошень: 0
2025-05-21 21:24:36 - INFO - ✅ HTML файл збережено: wzmaczniacz.html
2025-05-21 22:25:19 - INFO - Обробка URL: https://www.olx.pl/elektronika/sprzet-audio/glosniki-i-kolumny/q-magnat/?courier=1, JSON: magnat.json, Thread ID: 2
2025-05-21 22:25:19 - INFO - Знайдено старих оголошень: 618
2025-05-21 22:25:32 - INFO - Last page 4 is the same as this page. Stopping.
2025-05-21 22:25:32 - INFO - Знайдено актуальних оголошень: 0
2025-05-21 22:25:32 - INFO - ✅ HTML файл збережено: magnat.html
2025-05-21 22:25:32 - INFO - Обробка URL: https://www.olx.pl/elektronika/sprzet-audio/q-wzmaczniacz/?courier=1, JSON: wzmaczniacz.json, Thread ID: 5
2025-05-21 22:25:32 - INFO - Знайдено старих оголошень: 200
2025-05-21 22:25:48 - INFO - Знайдено актуальних оголошень: 0
2025-05-21 22:25:48 - INFO - ✅ HTML файл збережено: wzmaczniacz.html
