2025-05-07 03:43:52 - INFO - Found old 501 ads.
2025-05-07 03:44:44 - INFO - Last page 13 is the same as this page. Stopping.
2025-05-07 03:44:44 - INFO - Found actual 0 ads.
2025-05-07 03:44:44 - INFO - ✅ HTML файл збережено: index.html
2025-05-07 06:36:20 - INFO - Found old 501 ads.
2025-05-07 06:36:33 - INFO - NEW {'title': 'Magnat glosniki kolumny', 'link': 'https://www.olx.pl/d/oferta/magnat-glosniki-kolumny-CID99-ID14Ymht.html', 'price': '400 zł', 'status': 'active', 'date_found': '2025-05-07 06:36', 'date_removed': None, 'description': 'Glosniki Magnat . W pelni sprawne , sprzedaje z powodu wymiany na wieksze. Dokladny opis Glosnikow zalaczam w zdjeciach .  Zainteresowane osoby prosze o wiadomosc sms .Tylko odbior osobisty', 'images': ['https://ireland.apollo.olxcdn.com:443/v1/files/ul032aiqs2232-PL/image;s=2252x4000', 'https://ireland.apollo.olxcdn.com:443/v1/files/8jhzpxqjzf3o1-PL/image;s=2252x4000', 'https://ireland.apollo.olxcdn.com:443/v1/files/mk6e3migza1x-PL/image;s=2252x4000', 'https://ireland.apollo.olxcdn.com:443/v1/files/f1sclftejr122-PL/image;s=2252x4000', 'https://ireland.apollo.olxcdn.com:443/v1/files/1m1lphdq2s9v1-PL/image;s=2252x4000'], 'published_date': '2025-05-07 o 06:07', 'location': ''}
2025-05-07 06:36:34 - INFO - Parsed page 2, found 1 new ads.
2025-05-07 06:37:11 - INFO - Last page 13 is the same as this page. Stopping.
2025-05-07 06:37:11 - INFO - Found actual 1 ads.
2025-05-07 06:37:11 - INFO - Додаємо https://www.olx.pl/d/oferta/magnat-glosniki-kolumny-CID99-ID14Ymht.html.
2025-05-07 06:37:15 - INFO - ✅ HTML файл збережено: index.html
2025-05-07 07:25:15 - INFO - Found old 502 ads.
2025-05-07 07:26:18 - INFO - Last page 13 is the same as this page. Stopping.
2025-05-07 07:26:18 - INFO - Found actual 0 ads.
2025-05-07 07:26:18 - INFO - ✅ HTML файл збережено: index.html
2025-05-07 08:34:43 - INFO - Found old 502 ads.
2025-05-07 08:35:29 - INFO - Last page 13 is the same as this page. Stopping.
2025-05-07 08:35:29 - INFO - Found actual 0 ads.
2025-05-07 08:35:29 - INFO - ✅ HTML файл збережено: index.html
2025-05-07 09:28:29 - INFO - Found old 502 ads.
2025-05-07 09:28:56 - INFO - NEW {'title': 'Kolumny Magnat Transpuls 1500 - raty 0% [S4Home] - Oświęcim', 'link': 'https://www.olx.pl/d/oferta/kolumny-magnat-transpuls-1500-raty-0-s4home-oswiecim-CID99-IDyQzRV.html', 'price': '2 450 zł', 'status': 'active', 'date_found': '2025-05-07 09:28', 'date_removed': None, 'description': 'Cena za sztukę.Polska dystrybucja.Kolumna podłogowa Magnat Transpuls 1500Magnat Transpuls 1500 jest wyposażony w klasyczne elementy tej kategorii głośników, ale został opracowany przy użyciu nowoczesnych narzędzi programistycznych, takich jak nasz laserowy system pomiarowy Klippel. W głośniku niskotonowym zastosowano najwyższej klasy głośnik niskotonowy 38 cm / 15 cali. Nie chcieliśmy kompromisu w sercu Transpuls 1500. Ale nie tylko średnica głośnika niskotonowego decyduje o sile basu i dynamice; dla doskonałego funkcjonowania, wewnętrzna objętość również musi być precyzyjnie zdefiniowana.Specyfikacja techniczna:- System 3-drożny bas- Głośniki: 1 x 15" woofer, 1 x 6,5" średniotonowy, 2 x 1" tubowe wysokotonowe- Moc (nom/max)  250/500 watów- Czułość (2.8V / 1M) 95 dB- Impedancja 4 - 8 omów- Pasmo przenoszenia 16 - 35000 Hz- Podział zwrotnicy 920 Hz, 4800 Hz- Zalecana moc wzmacniacza 30 - 500 watów- Wymiary (WxHxD) 514 x 1000 x 385 mm- Waga 37 kg', 'images': ['https://ireland.apollo.olxcdn.com:443/v1/files/gjr8dchg7j3d3-PL/image;s=671x700', 'https://ireland.apollo.olxcdn.com:443/v1/files/nmyoviihoc291-PL/image;s=390x700', 'https://ireland.apollo.olxcdn.com:443/v1/files/k1icdu9k9ym13-PL/image;s=500x700', 'https://ireland.apollo.olxcdn.com:443/v1/files/e4atqud9wscf2-PL/image;s=471x700', 'https://ireland.apollo.olxcdn.com:443/v1/files/euuys5z1r55k3-PL/image;s=358x700'], 'published_date': '2025-05-07 o 08:58', 'location': ''}
2025-05-07 09:28:56 - INFO - Parsed page 7, found 1 new ads.
2025-05-07 09:29:18 - INFO - Last page 13 is the same as this page. Stopping.
2025-05-07 09:29:18 - INFO - Found actual 1 ads.
2025-05-07 09:29:18 - INFO - Додаємо https://www.olx.pl/d/oferta/kolumny-magnat-transpuls-1500-raty-0-s4home-oswiecim-CID99-IDyQzRV.html.
2025-05-07 09:29:21 - INFO - ✅ HTML файл збережено: index.html
