2025-06-07 03:47:16 - INFO - Обробка URL: https://www.olx.pl/elektronika/sprzet-audio/glosniki-i-kolumny/q-magnat/?courier=1, JSON: magnat.json, Thread ID: 2
2025-06-07 03:47:16 - INFO - Знайдено старих оголошень: 650
2025-06-07 03:47:28 - INFO - Last page 4 is the same as this page. Stopping.
2025-06-07 03:47:28 - INFO - Знайдено актуальних оголошень: 0
2025-06-07 03:47:28 - INFO - ✅ HTML файл збережено: magnat.html
2025-06-07 03:47:28 - INFO - Обробка URL: https://www.olx.pl/elektronika/sprzet-audio/q-wzmaczniacz/?courier=1, JSON: wzmaczniacz.json, Thread ID: 5
2025-06-07 03:47:28 - INFO - Знайдено старих оголошень: 268
2025-06-07 03:47:46 - INFO - Знайдено актуальних оголошень: 0
2025-06-07 03:47:46 - INFO - ✅ HTML файл збережено: wzmaczniacz.html
2025-06-07 06:34:27 - INFO - Обробка URL: https://www.olx.pl/elektronika/sprzet-audio/glosniki-i-kolumny/q-magnat/?courier=1, JSON: magnat.json, Thread ID: 2
2025-06-07 06:34:27 - INFO - Знайдено старих оголошень: 650
2025-06-07 06:34:38 - INFO - Last page 4 is the same as this page. Stopping.
2025-06-07 06:34:38 - INFO - Знайдено актуальних оголошень: 0
2025-06-07 06:34:38 - INFO - ✅ HTML файл збережено: magnat.html
2025-06-07 06:34:38 - INFO - Обробка URL: https://www.olx.pl/elektronika/sprzet-audio/q-wzmaczniacz/?courier=1, JSON: wzmaczniacz.json, Thread ID: 5
2025-06-07 06:34:38 - INFO - Знайдено старих оголошень: 268
2025-06-07 06:34:54 - INFO - Знайдено актуальних оголошень: 0
2025-06-07 06:34:54 - INFO - ✅ HTML файл збережено: wzmaczniacz.html
2025-06-07 07:22:59 - INFO - Обробка URL: https://www.olx.pl/elektronika/sprzet-audio/glosniki-i-kolumny/q-magnat/?courier=1, JSON: magnat.json, Thread ID: 2
2025-06-07 07:22:59 - INFO - Знайдено старих оголошень: 650
2025-06-07 07:23:13 - INFO - Last page 4 is the same as this page. Stopping.
2025-06-07 07:23:13 - INFO - Знайдено актуальних оголошень: 0
2025-06-07 07:23:13 - INFO - ✅ HTML файл збережено: magnat.html
2025-06-07 07:23:13 - INFO - Обробка URL: https://www.olx.pl/elektronika/sprzet-audio/q-wzmaczniacz/?courier=1, JSON: wzmaczniacz.json, Thread ID: 5
2025-06-07 07:23:13 - INFO - Знайдено старих оголошень: 268
2025-06-07 07:23:31 - INFO - Знайдено актуальних оголошень: 0
2025-06-07 07:23:31 - INFO - ✅ HTML файл збережено: wzmaczniacz.html
2025-06-07 08:30:47 - INFO - Обробка URL: https://www.olx.pl/elektronika/sprzet-audio/glosniki-i-kolumny/q-magnat/?courier=1, JSON: magnat.json, Thread ID: 2
2025-06-07 08:30:47 - INFO - Знайдено старих оголошень: 650
2025-06-07 08:30:57 - INFO - Last page 4 is the same as this page. Stopping.
2025-06-07 08:30:57 - INFO - Знайдено актуальних оголошень: 0
2025-06-07 08:30:57 - INFO - ✅ HTML файл збережено: magnat.html
2025-06-07 08:30:57 - INFO - Обробка URL: https://www.olx.pl/elektronika/sprzet-audio/q-wzmaczniacz/?courier=1, JSON: wzmaczniacz.json, Thread ID: 5
2025-06-07 08:30:57 - INFO - Знайдено старих оголошень: 268
2025-06-07 08:31:15 - INFO - Знайдено актуальних оголошень: 0
2025-06-07 08:31:15 - INFO - ✅ HTML файл збережено: wzmaczniacz.html
2025-06-07 09:24:50 - INFO - Обробка URL: https://www.olx.pl/elektronika/sprzet-audio/glosniki-i-kolumny/q-magnat/?courier=1, JSON: magnat.json, Thread ID: 2
2025-06-07 09:24:50 - INFO - Знайдено старих оголошень: 650
2025-06-07 09:25:00 - INFO - Last page 4 is the same as this page. Stopping.
2025-06-07 09:25:00 - INFO - Знайдено актуальних оголошень: 0
2025-06-07 09:25:00 - INFO - ✅ HTML файл збережено: magnat.html
2025-06-07 09:25:00 - INFO - Обробка URL: https://www.olx.pl/elektronika/sprzet-audio/q-wzmaczniacz/?courier=1, JSON: wzmaczniacz.json, Thread ID: 5
2025-06-07 09:25:00 - INFO - Знайдено старих оголошень: 268
2025-06-07 09:25:19 - INFO - Знайдено актуальних оголошень: 0
2025-06-07 09:25:19 - INFO - ✅ HTML файл збережено: wzmaczniacz.html
2025-06-07 10:26:33 - INFO - Обробка URL: https://www.olx.pl/elektronika/sprzet-audio/glosniki-i-kolumny/q-magnat/?courier=1, JSON: magnat.json, Thread ID: 2
2025-06-07 10:26:33 - INFO - Знайдено старих оголошень: 650
2025-06-07 10:26:45 - INFO - Last page 4 is the same as this page. Stopping.
2025-06-07 10:26:45 - INFO - Знайдено актуальних оголошень: 0
2025-06-07 10:26:45 - INFO - ✅ HTML файл збережено: magnat.html
2025-06-07 10:26:45 - INFO - Обробка URL: https://www.olx.pl/elektronika/sprzet-audio/q-wzmaczniacz/?courier=1, JSON: wzmaczniacz.json, Thread ID: 5
2025-06-07 10:26:45 - INFO - Знайдено старих оголошень: 268
2025-06-07 10:27:02 - INFO - Знайдено актуальних оголошень: 0
2025-06-07 10:27:02 - INFO - ✅ HTML файл збережено: wzmaczniacz.html
2025-06-07 11:19:35 - INFO - Обробка URL: https://www.olx.pl/elektronika/sprzet-audio/glosniki-i-kolumny/q-magnat/?courier=1, JSON: magnat.json, Thread ID: 2
2025-06-07 11:19:35 - INFO - Знайдено старих оголошень: 650
2025-06-07 11:19:50 - INFO - Last page 4 is the same as this page. Stopping.
2025-06-07 11:19:50 - INFO - Знайдено актуальних оголошень: 0
2025-06-07 11:19:50 - INFO - ✅ HTML файл збережено: magnat.html
2025-06-07 11:19:50 - INFO - Обробка URL: https://www.olx.pl/elektronika/sprzet-audio/q-wzmaczniacz/?courier=1, JSON: wzmaczniacz.json, Thread ID: 5
2025-06-07 11:19:50 - INFO - Знайдено старих оголошень: 268
2025-06-07 11:20:07 - INFO - Знайдено актуальних оголошень: 0
2025-06-07 11:20:07 - INFO - ✅ HTML файл збережено: wzmaczniacz.html
2025-06-07 12:49:37 - INFO - Обробка URL: https://www.olx.pl/elektronika/sprzet-audio/glosniki-i-kolumny/q-magnat/?courier=1, JSON: magnat.json, Thread ID: 2
2025-06-07 12:49:37 - INFO - Знайдено старих оголошень: 650
2025-06-07 12:49:50 - INFO - Last page 4 is the same as this page. Stopping.
2025-06-07 12:49:50 - INFO - Знайдено актуальних оголошень: 0
2025-06-07 12:49:50 - INFO - ✅ HTML файл збережено: magnat.html
2025-06-07 12:49:50 - INFO - Обробка URL: https://www.olx.pl/elektronika/sprzet-audio/q-wzmaczniacz/?courier=1, JSON: wzmaczniacz.json, Thread ID: 5
2025-06-07 12:49:50 - INFO - Знайдено старих оголошень: 268
2025-06-07 12:50:11 - INFO - Знайдено актуальних оголошень: 0
2025-06-07 12:50:11 - INFO - ✅ HTML файл збережено: wzmaczniacz.html
2025-06-07 13:31:24 - INFO - Обробка URL: https://www.olx.pl/elektronika/sprzet-audio/glosniki-i-kolumny/q-magnat/?courier=1, JSON: magnat.json, Thread ID: 2
2025-06-07 13:31:24 - INFO - Знайдено старих оголошень: 650
2025-06-07 13:31:34 - INFO - Last page 4 is the same as this page. Stopping.
2025-06-07 13:31:34 - INFO - Знайдено актуальних оголошень: 0
2025-06-07 13:31:34 - INFO - ✅ HTML файл збережено: magnat.html
2025-06-07 13:31:34 - INFO - Обробка URL: https://www.olx.pl/elektronika/sprzet-audio/q-wzmaczniacz/?courier=1, JSON: wzmaczniacz.json, Thread ID: 5
2025-06-07 13:31:34 - INFO - Знайдено старих оголошень: 268
2025-06-07 13:31:50 - INFO - Знайдено актуальних оголошень: 0
2025-06-07 13:31:50 - INFO - ✅ HTML файл збережено: wzmaczniacz.html
2025-06-07 14:22:31 - INFO - Обробка URL: https://www.olx.pl/elektronika/sprzet-audio/glosniki-i-kolumny/q-magnat/?courier=1, JSON: magnat.json, Thread ID: 2
2025-06-07 14:22:31 - INFO - Знайдено старих оголошень: 650
2025-06-07 14:22:42 - INFO - Last page 4 is the same as this page. Stopping.
2025-06-07 14:22:42 - INFO - Знайдено актуальних оголошень: 0
2025-06-07 14:22:42 - INFO - ✅ HTML файл збережено: magnat.html
2025-06-07 14:22:42 - INFO - Обробка URL: https://www.olx.pl/elektronika/sprzet-audio/q-wzmaczniacz/?courier=1, JSON: wzmaczniacz.json, Thread ID: 5
2025-06-07 14:22:42 - INFO - Знайдено старих оголошень: 268
2025-06-07 14:22:47 - INFO - NEW {'title': 'Zmacniacz Peiying', 'link': 'https://www.olx.pl/d/oferta/zmacniacz-peiying-CID99-ID164w2I.html?reason=extended_search_extended_s2v', 'price': '150 zł', 'status': 'active', 'date_found': '2025-06-07 14:22', 'date_removed': None, 'description': 'Witam. Wzmacniacz sprawny długo nie używany', 'images': ['https://ireland.apollo.olxcdn.com:443/v1/files/391g7hce2a8c1-PL/image;s=1020x768', 'https://ireland.apollo.olxcdn.com:443/v1/files/s59g0y65lzh81-PL/image;s=1020x768', 'https://ireland.apollo.olxcdn.com:443/v1/files/jf61f701p5ds3-PL/image;s=1008x253'], 'published_date': '02 czerwca 2025', 'location': ''}
2025-06-07 14:22:47 - INFO - Parsed page 2, found 1 new ads.
2025-06-07 14:22:57 - INFO - Знайдено актуальних оголошень: 1
2025-06-07 14:22:57 - INFO - Додаємо https://www.olx.pl/d/oferta/zmacniacz-peiying-CID99-ID164w2I.html?reason=extended_search_extended_s2v.
2025-06-07 14:23:05 - INFO - Successfully sent message for ad: Zmacniacz Peiying
2025-06-07 14:23:05 - INFO - ✅ HTML файл збережено: wzmaczniacz.html
