2025-05-03 03:38:21 - INFO - Found old 460 ads.
2025-05-03 03:39:16 - INFO - Last page 14 is the same as this page. Stopping.
2025-05-03 03:39:16 - INFO - Found actual 0 ads.
2025-05-03 03:39:16 - INFO - ✅ HTML файл збережено: index.html
2025-05-03 06:32:41 - INFO - Found old 460 ads.
2025-05-03 06:33:30 - INFO - Last page 13 is the same as this page. Stopping.
2025-05-03 06:33:30 - INFO - Found actual 0 ads.
2025-05-03 06:33:30 - INFO - ✅ HTML файл збережено: index.html
2025-05-03 07:22:18 - INFO - Found old 460 ads.
2025-05-03 07:23:06 - INFO - Last page 13 is the same as this page. Stopping.
2025-05-03 07:23:06 - INFO - Found actual 0 ads.
2025-05-03 07:23:06 - INFO - ✅ HTML файл збережено: index.html
2025-05-03 08:29:35 - INFO - Found old 460 ads.
2025-05-03 08:29:40 - INFO - NEW {'title': 'Sprzedam kolumny Magnat all ribbon 4', 'link': 'https://www.olx.pl/d/oferta/sprzedam-kolumny-magnat-all-ribbon-4-CID99-ID15Ew5v.html', 'price': '400 zł', 'status': 'active', 'date_found': '2025-05-03 08:29', 'date_removed': None, 'description': 'Sprzedam powyższe kolumny, same głośniki w bardzo dobrym stanie, obudowy różnie, gdzie nie gdzie odkleja się folia. Brak maskownic. Cena ostateczna.', 'images': ['https://ireland.apollo.olxcdn.com:443/v1/files/yj8oryz5ltnc3-PL/image;s=1080x1920', 'https://ireland.apollo.olxcdn.com:443/v1/files/q19ryhishtka3-PL/image;s=1080x1920', 'https://ireland.apollo.olxcdn.com:443/v1/files/pbgb0dokbuy51-PL/image;s=1080x1920'], 'published_date': '2025-05-03 o 08:09', 'location': ''}
2025-05-03 08:29:41 - INFO - NEW {'title': 'Kolumny stereo magnat vintage 420', 'link': 'https://www.olx.pl/d/oferta/kolumny-stereo-magnat-vintage-420-CID99-ID14ZfT3.html', 'price': '550 zł', 'status': 'active', 'date_found': '2025-05-03 08:29', 'date_removed': None, 'description': 'Linia: Vintage4Typ: Kolumna głośnikowaTechniczne:Zalecana maksymalna moc wzmacniacza [W]: 160Skuteczność [dB/W/m]: 92Impedancja [ohm]: 4System: 2-drożnyMin. pasmo [Hz]: 22Maks. pasmo [kHz]: 75Wysokość [mm]: 1000Szerokość [mm]: 250Głębokość [mm]: 310Typ obudowy: Bass reflexRodzaj obudowy: PodłogowaStan bardzo dobry, wszystko działa.Maskownice całe.Odbiór osobisty, nie mam pudeł.Dbane, nie katowane, nie rozkrecane, głośniki oryginalne.', 'images': ['https://ireland.apollo.olxcdn.com:443/v1/files/dnhu40mwqei7-PL/image;s=1920x1920', 'https://ireland.apollo.olxcdn.com:443/v1/files/6g8kjfjsqtuv1-PL/image;s=1920x1920', 'https://ireland.apollo.olxcdn.com:443/v1/files/a9zopcl5ipnt-PL/image;s=1920x1920', 'https://ireland.apollo.olxcdn.com:443/v1/files/mqear4l0nthg-PL/image;s=1920x1920', 'https://ireland.apollo.olxcdn.com:443/v1/files/lekiy5kj2m0m2-PL/image;s=540x1170'], 'published_date': '2025-05-03 o 07:18', 'location': ''}
2025-05-03 08:29:43 - INFO - NEW {'title': 'Subwoofer i zmaczniacz magnat', 'link': 'https://www.olx.pl/d/oferta/subwoofer-i-zmaczniacz-magnat-CID99-ID15EpnH.html', 'price': '250 zł', 'status': 'active', 'date_found': '2025-05-03 08:29', 'date_removed': None, 'description': 'Wszystko sprawne. Polecam. Odbiór osobisty', 'images': ['https://ireland.apollo.olxcdn.com:443/v1/files/pz1ompehbl381-PL/image;s=574x1020', 'https://ireland.apollo.olxcdn.com:443/v1/files/wcbxcjc6fv0c3-PL/image;s=574x1020'], 'published_date': '2025-05-03 o 07:28', 'location': ''}
2025-05-03 08:29:45 - INFO - Parsed page 1, found 3 new ads.
2025-05-03 08:30:29 - INFO - Last page 13 is the same as this page. Stopping.
2025-05-03 08:30:29 - INFO - Found actual 3 ads.
2025-05-03 08:30:29 - INFO - Додаємо https://www.olx.pl/d/oferta/sprzedam-kolumny-magnat-all-ribbon-4-CID99-ID15Ew5v.html.
2025-05-03 08:30:32 - INFO - Додаємо https://www.olx.pl/d/oferta/kolumny-stereo-magnat-vintage-420-CID99-ID14ZfT3.html.
2025-05-03 08:30:34 - INFO - Додаємо https://www.olx.pl/d/oferta/subwoofer-i-zmaczniacz-magnat-CID99-ID15EpnH.html.
2025-05-03 08:30:36 - INFO - ✅ HTML файл збережено: index.html
2025-05-03 09:23:51 - INFO - Found old 463 ads.
2025-05-03 09:24:37 - INFO - Last page 13 is the same as this page. Stopping.
2025-05-03 09:24:37 - INFO - Found actual 0 ads.
2025-05-03 09:24:37 - INFO - ✅ HTML файл збережено: index.html
2025-05-03 10:25:11 - INFO - Found old 463 ads.
2025-05-03 10:26:08 - INFO - Last page 13 is the same as this page. Stopping.
2025-05-03 10:26:08 - INFO - Found actual 0 ads.
2025-05-03 10:26:08 - INFO - ✅ HTML файл збережено: index.html
2025-05-03 11:19:21 - INFO - Found old 463 ads.
2025-05-03 11:19:26 - INFO - NEW {'title': 'Kolumny Magnat Monitor Supreme 1002', 'link': 'https://www.olx.pl/d/oferta/kolumny-magnat-monitor-supreme-1002-CID99-ID15EE3V.html', 'price': '500 zł', 'status': 'active', 'date_found': '2025-05-03 11:19', 'date_removed': None, 'description': 'Witam, mam do sprzedania dwie kolumny jak w opisie.Specyfikacja:- Moc ciągła: 190 W- Moc szczytowa: 380 W- Typ głośnika: 3-drożny- Pasmo przenoszenia: 19 - 40000 Hz- Impedancja: 4 Ohm- Skuteczność: 92 dB- Bassreflex: tak- Wysokość: 950 mm- Szerokość: 215 mm- Głębokość: 313 mm- Waga: 17 kgStan jak na zdjęciach, 100% sprawne - do negocjacji.Kolor Mocca.Tylko odbiór osobisty.', 'images': ['https://ireland.apollo.olxcdn.com:443/v1/files/mmikbff1terj2-PL/image;s=924x2000', 'https://ireland.apollo.olxcdn.com:443/v1/files/4a12zsata7y01-PL/image;s=924x2000', 'https://ireland.apollo.olxcdn.com:443/v1/files/jwdso4e7apj5-PL/image;s=2000x924', 'https://ireland.apollo.olxcdn.com:443/v1/files/hqmpphlgn9k1-PL/image;s=924x2000', 'https://ireland.apollo.olxcdn.com:443/v1/files/7sged9o4dazo2-PL/image;s=924x2000', 'https://ireland.apollo.olxcdn.com:443/v1/files/95x85zpl57ks3-PL/image;s=924x2000', 'https://ireland.apollo.olxcdn.com:443/v1/files/ut5bntioh0af2-PL/image;s=924x2000'], 'published_date': '2025-05-03 o 11:08', 'location': ''}
2025-05-03 11:19:28 - INFO - Parsed page 1, found 1 new ads.
2025-05-03 11:20:34 - INFO - Last page 13 is the same as this page. Stopping.
2025-05-03 11:20:34 - INFO - Found actual 1 ads.
2025-05-03 11:20:34 - INFO - Додаємо https://www.olx.pl/d/oferta/kolumny-magnat-monitor-supreme-1002-CID99-ID15EE3V.html.
2025-05-03 11:20:38 - INFO - ✅ HTML файл збережено: index.html
2025-05-03 12:47:23 - INFO - Found old 464 ads.
2025-05-03 12:48:06 - INFO - Last page 13 is the same as this page. Stopping.
2025-05-03 12:48:06 - INFO - Found actual 0 ads.
2025-05-03 12:48:06 - INFO - ✅ HTML файл збережено: index.html
2025-05-03 13:29:13 - INFO - Found old 464 ads.
2025-05-03 13:29:31 - INFO - NEW {'title': 'Subwoofer aktywny Sony sub subufer głośnik basowy', 'link': 'https://www.olx.pl/d/oferta/subwoofer-aktywny-sony-sub-subufer-glosnik-basowy-CID99-ID15EKcw.html', 'price': '399 zł', 'status': 'active', 'date_found': '2025-05-03 13:29', 'date_removed': None, 'description': 'Potężny subwoofer aktywnySONY SA-WM250POWERED SUBWOOFER SYSTEMSubwoofer w Bardzo dobrym stanie, w 100% sprawny.Rewelacyjne wykonanie,Wejscia wysoko oraz niskopoziomowe - umożliwiające podłączenie subwoofera praktycznie do kazdego zestawu stereo lub kina domowego..Najlepiej dzwonić lub  napisać SMS:504  --996  -- 123..W zestawie kabel połaczeniowy do subwoofera ( RCA-RCA )Wejścia wysoko oraz nisko poziomowe, co sprawia że można podłączyć go pod każdy wzmacniacz stereo lub amplituner.Ma bardzo mocny i dynamiczny dźwięk, bardzo nisko potrafi zejść i od najniższych częstotliwości wzbogacać zarówno muzykę z płyt, z radia czy klasycznie filmy z DVD lub Blu RaySubwoofer ma bardzo dobre opinie w internecie.Moc: 100 WattPrzetwornik: Typ StożkowyTechnologia Bass-Reflex - Układ podwójnyPasmo przenoszenia: 28-200 Hz;Płynna regulacja:  25-200 HzRegulacja mocyWymiary:Szerokość: 29,0 cmWysokość:  35,5 cmGłębokość: 38,5 cmJeśli szukasz doskonałego Subwoofera, który poradzi sobie z każdym, nawet najtrudniejszym zadaniem  będzie strzałem w dziesiątkę.Przemyślana konstrukcja i doskonała jakość sprawiają, że produkt ten jest bezapelacyjnie wart swojej ceny.Dobry system audio musi mieć subwoofer – ta prosta prawda jest znana wszystkim posiadaczom sprzętu grającego na całym świecie.Potężny i głęboki bas pozwala sprawić, że dźwięk staje się nie tylko słyszalny, ale wręcz odczuwalny każdą częścią ciała.Często po podłączeniu subwoofera okazuje się, że gdy słuchamy swoich ulubionych utworów na naszej skórze pojawiają się ciarkikef dali jamo jbl  magnat tannoy tonsil heco elac yamaha canton pioneer technics focal  quadral infinity mission diora monitor audiotechnics pioneer yamaha denon marantz', 'images': ['https://ireland.apollo.olxcdn.com:443/v1/files/xxiuluqq0ope1-PL/image;s=1024x697', 'https://ireland.apollo.olxcdn.com:443/v1/files/p7x7ebizaqn11-PL/image;s=1024x768', 'https://ireland.apollo.olxcdn.com:443/v1/files/en4tshc0cu3a1-PL/image;s=1024x768', 'https://ireland.apollo.olxcdn.com:443/v1/files/qfsq8tcsmwvn1-PL/image;s=1024x768', 'https://ireland.apollo.olxcdn.com:443/v1/files/l7klkj9g3yas2-PL/image;s=1024x768', 'https://ireland.apollo.olxcdn.com:443/v1/files/e79ndw62zu7d2-PL/image;s=824x720'], 'published_date': '2025-05-03 o 13:08', 'location': ''}
2025-05-03 13:29:31 - INFO - Parsed page 5, found 1 new ads.
2025-05-03 13:30:02 - INFO - Last page 13 is the same as this page. Stopping.
2025-05-03 13:30:02 - INFO - Found actual 1 ads.
2025-05-03 13:30:02 - INFO - Додаємо https://www.olx.pl/d/oferta/subwoofer-aktywny-sony-sub-subufer-glosnik-basowy-CID99-ID15EKcw.html.
2025-05-03 13:30:04 - INFO - ✅ HTML файл збережено: index.html
