2025-06-21 03:48:18 - INFO - Обробка URL: https://www.olx.pl/elektronika/sprzet-audio/glosniki-i-kolumny/q-magnat/?courier=1, JSON: magnat.json, Thread ID: 2
2025-06-21 03:48:18 - INFO - Знайдено старих оголошень: 675
2025-06-21 03:48:29 - INFO - Last page 4 is the same as this page. Stopping.
2025-06-21 03:48:29 - INFO - Знайдено актуальних оголошень: 0
2025-06-21 03:48:29 - INFO - ✅ HTML файл збережено: magnat.html
2025-06-21 03:48:29 - INFO - Обробка URL: https://www.olx.pl/elektronika/sprzet-audio/q-wzmaczniacz/?courier=1, JSON: wzmaczniacz.json, Thread ID: 5
2025-06-21 03:48:29 - INFO - Знайдено старих оголошень: 307
2025-06-21 03:48:45 - INFO - Знайдено актуальних оголошень: 0
2025-06-21 03:48:45 - INFO - ✅ HTML файл збережено: wzmaczniacz.html
2025-06-21 06:34:55 - INFO - Обробка URL: https://www.olx.pl/elektronika/sprzet-audio/glosniki-i-kolumny/q-magnat/?courier=1, JSON: magnat.json, Thread ID: 2
2025-06-21 06:34:55 - INFO - Знайдено старих оголошень: 675
2025-06-21 06:35:09 - INFO - Last page 4 is the same as this page. Stopping.
2025-06-21 06:35:09 - INFO - Знайдено актуальних оголошень: 0
2025-06-21 06:35:09 - INFO - ✅ HTML файл збережено: magnat.html
2025-06-21 06:35:09 - INFO - Обробка URL: https://www.olx.pl/elektronika/sprzet-audio/q-wzmaczniacz/?courier=1, JSON: wzmaczniacz.json, Thread ID: 5
2025-06-21 06:35:09 - INFO - Знайдено старих оголошень: 307
2025-06-21 06:35:29 - INFO - Знайдено актуальних оголошень: 0
2025-06-21 06:35:29 - INFO - ✅ HTML файл збережено: wzmaczniacz.html
2025-06-21 07:23:43 - INFO - Обробка URL: https://www.olx.pl/elektronika/sprzet-audio/glosniki-i-kolumny/q-magnat/?courier=1, JSON: magnat.json, Thread ID: 2
2025-06-21 07:23:43 - INFO - Знайдено старих оголошень: 675
2025-06-21 07:23:55 - INFO - Last page 4 is the same as this page. Stopping.
2025-06-21 07:23:55 - INFO - Знайдено актуальних оголошень: 0
2025-06-21 07:23:55 - INFO - ✅ HTML файл збережено: magnat.html
2025-06-21 07:23:55 - INFO - Обробка URL: https://www.olx.pl/elektronika/sprzet-audio/q-wzmaczniacz/?courier=1, JSON: wzmaczniacz.json, Thread ID: 5
2025-06-21 07:23:55 - INFO - Знайдено старих оголошень: 307
2025-06-21 07:24:10 - INFO - Знайдено актуальних оголошень: 0
2025-06-21 07:24:10 - INFO - ✅ HTML файл збережено: wzmaczniacz.html
2025-06-21 08:31:39 - INFO - Обробка URL: https://www.olx.pl/elektronika/sprzet-audio/glosniki-i-kolumny/q-magnat/?courier=1, JSON: magnat.json, Thread ID: 2
2025-06-21 08:31:39 - INFO - Знайдено старих оголошень: 675
2025-06-21 08:31:58 - INFO - Last page 4 is the same as this page. Stopping.
2025-06-21 08:31:58 - INFO - Знайдено актуальних оголошень: 0
2025-06-21 08:31:58 - INFO - ✅ HTML файл збережено: magnat.html
2025-06-21 08:31:58 - INFO - Обробка URL: https://www.olx.pl/elektronika/sprzet-audio/q-wzmaczniacz/?courier=1, JSON: wzmaczniacz.json, Thread ID: 5
2025-06-21 08:31:58 - INFO - Знайдено старих оголошень: 307
2025-06-21 08:32:15 - INFO - Знайдено актуальних оголошень: 0
2025-06-21 08:32:15 - INFO - ✅ HTML файл збережено: wzmaczniacz.html
2025-06-21 09:26:36 - INFO - Обробка URL: https://www.olx.pl/elektronika/sprzet-audio/glosniki-i-kolumny/q-magnat/?courier=1, JSON: magnat.json, Thread ID: 2
2025-06-21 09:26:36 - INFO - Знайдено старих оголошень: 675
2025-06-21 09:26:46 - INFO - Last page 4 is the same as this page. Stopping.
2025-06-21 09:26:46 - INFO - Знайдено актуальних оголошень: 0
2025-06-21 09:26:46 - INFO - ✅ HTML файл збережено: magnat.html
2025-06-21 09:26:46 - INFO - Обробка URL: https://www.olx.pl/elektronika/sprzet-audio/q-wzmaczniacz/?courier=1, JSON: wzmaczniacz.json, Thread ID: 5
2025-06-21 09:26:46 - INFO - Знайдено старих оголошень: 307
2025-06-21 09:26:50 - INFO - NEW {'title': 'Głośnik Komputerowy Soundbar TRUST GXT620 AXON 12W Stereo', 'link': 'https://www.olx.pl/d/oferta/glosnik-komputerowy-soundbar-trust-gxt620-axon-12w-stereo-CID99-ID16eMS7.html?reason=extended_search_extended_s2v', 'price': '79,99 zł', 'status': 'active', 'date_found': '2025-06-21 09:26', 'date_removed': None, 'description': 'Przedmiotem sprzedaży jest:Głośnik komputerowy SOUNDBAR TRUST GXT620 AXON 12W STEREO LED RGBProdukt powystawowy w stanie bardzo dobrym.Produkt w pełni sprawny.Udzielam na niego miesięcznej gwarancji rozruchowej.Stan wizualny: rzeczywisty stan odzwierciedlają zdjęciaZestaw kompletny, opakowanie otwarte, oryginalne delikatnie podniszczone.O Produkcie:TRUST GAMING GXT 620 AXON SOUNDBAR RGB DO KOMPUTERA LUB LAPTOPA- Soundbar dla graczy o mocy szczytowej 12 W (moc RMS: 6 W)- Płaska, kompaktowa konstrukcja: zmieści się pod telewizorem lub monitorem- Wielokolorowe zmieniające się podświetlenie RGB ( Można włączyć lub wyłączyć )- Szybka regulacja głośności podczas gry za pomocą dużego pokrętła- Możliwość odtwarzania muzyki z urządzenia z wejściem analogowym Jack (3,5 mm)DANE TECHNICZNE:- Moc szczytowa: 12 W- Moc RMS: 6 W- Zakres częstotliwości: 20 - 20000 Hz- Impedancja: 4 ohm- Liczba kanałów: 2- Szerokość: 42 cm- Wysokość: 6,8 cm- Długość: 7,8 cm- Zasilanie: USB- Długość przewodu USB: 1,4 m- Złącze audio: 3,5 mm- Długość przewodu audio: 1,4 m- Waga produktu: 590 gSposób Podłączenia:- Złącze audio 3,5 mm ( Źródło dźwięku )- Port USB-A ( Zasilanie )Wyposażenie- Głośnik Soundbar- Instrukcja obsługi', 'images': ['https://ireland.apollo.olxcdn.com:443/v1/files/jhactm4pekyv-PL/image;s=1440x547', 'https://ireland.apollo.olxcdn.com:443/v1/files/6s1wkg8huhzw-PL/image;s=2000x1500', 'https://ireland.apollo.olxcdn.com:443/v1/files/tpwcg5eptr6l3-PL/image;s=4608x3456', 'https://ireland.apollo.olxcdn.com:443/v1/files/1m4xgk9qbrb53-PL/image;s=4608x3456', 'https://ireland.apollo.olxcdn.com:443/v1/files/tvugb8hmn87-PL/image;s=2000x1500', 'https://ireland.apollo.olxcdn.com:443/v1/files/m2bbveua3c331-PL/image;s=4608x3456', 'https://ireland.apollo.olxcdn.com:443/v1/files/976hry43qgxo2-PL/image;s=4608x3456', 'https://ireland.apollo.olxcdn.com:443/v1/files/sluavjsh8kg92-PL/image;s=4608x3456'], 'published_date': '14 czerwca 2025', 'location': ''}
2025-06-21 09:26:50 - INFO - Parsed page 2, found 1 new ads.
2025-06-21 09:27:01 - INFO - Знайдено актуальних оголошень: 1
2025-06-21 09:27:01 - INFO - Додаємо https://www.olx.pl/d/oferta/glosnik-komputerowy-soundbar-trust-gxt620-axon-12w-stereo-CID99-ID16eMS7.html?reason=extended_search_extended_s2v.
2025-06-21 09:27:14 - INFO - Successfully sent message for ad: Głośnik Komputerowy Soundbar TRUST GXT620 AXON 12W Stereo
2025-06-21 09:27:14 - INFO - ✅ HTML файл збережено: wzmaczniacz.html
2025-06-21 10:27:08 - INFO - Обробка URL: https://www.olx.pl/elektronika/sprzet-audio/glosniki-i-kolumny/q-magnat/?courier=1, JSON: magnat.json, Thread ID: 2
2025-06-21 10:27:08 - INFO - Знайдено старих оголошень: 675
2025-06-21 10:27:26 - INFO - Last page 4 is the same as this page. Stopping.
2025-06-21 10:27:26 - INFO - Знайдено актуальних оголошень: 0
2025-06-21 10:27:26 - INFO - ✅ HTML файл збережено: magnat.html
2025-06-21 10:27:26 - INFO - Обробка URL: https://www.olx.pl/elektronika/sprzet-audio/q-wzmaczniacz/?courier=1, JSON: wzmaczniacz.json, Thread ID: 5
2025-06-21 10:27:26 - INFO - Знайдено старих оголошень: 308
2025-06-21 10:27:43 - INFO - Знайдено актуальних оголошень: 0
2025-06-21 10:27:43 - INFO - ✅ HTML файл збережено: wzmaczniacz.html
2025-06-21 11:22:18 - INFO - Обробка URL: https://www.olx.pl/elektronika/sprzet-audio/glosniki-i-kolumny/q-magnat/?courier=1, JSON: magnat.json, Thread ID: 2
2025-06-21 11:22:18 - INFO - Знайдено старих оголошень: 675
2025-06-21 11:22:27 - INFO - Last page 4 is the same as this page. Stopping.
2025-06-21 11:22:27 - INFO - Знайдено актуальних оголошень: 0
2025-06-21 11:22:27 - INFO - ✅ HTML файл збережено: magnat.html
2025-06-21 11:22:27 - INFO - Обробка URL: https://www.olx.pl/elektronika/sprzet-audio/q-wzmaczniacz/?courier=1, JSON: wzmaczniacz.json, Thread ID: 5
2025-06-21 11:22:27 - INFO - Знайдено старих оголошень: 308
2025-06-21 11:22:43 - INFO - Знайдено актуальних оголошень: 0
2025-06-21 11:22:43 - INFO - ✅ HTML файл збережено: wzmaczniacz.html
2025-06-21 12:50:04 - INFO - Обробка URL: https://www.olx.pl/elektronika/sprzet-audio/glosniki-i-kolumny/q-magnat/?courier=1, JSON: magnat.json, Thread ID: 2
2025-06-21 12:50:04 - INFO - Знайдено старих оголошень: 675
2025-06-21 12:50:18 - INFO - Last page 4 is the same as this page. Stopping.
2025-06-21 12:50:18 - INFO - Знайдено актуальних оголошень: 0
2025-06-21 12:50:18 - INFO - ✅ HTML файл збережено: magnat.html
2025-06-21 12:50:18 - INFO - Обробка URL: https://www.olx.pl/elektronika/sprzet-audio/q-wzmaczniacz/?courier=1, JSON: wzmaczniacz.json, Thread ID: 5
2025-06-21 12:50:18 - INFO - Знайдено старих оголошень: 308
2025-06-21 12:50:44 - INFO - Знайдено актуальних оголошень: 0
2025-06-21 12:50:44 - INFO - ✅ HTML файл збережено: wzmaczniacz.html
2025-06-21 13:32:02 - INFO - Обробка URL: https://www.olx.pl/elektronika/sprzet-audio/glosniki-i-kolumny/q-magnat/?courier=1, JSON: magnat.json, Thread ID: 2
2025-06-21 13:32:02 - INFO - Знайдено старих оголошень: 675
2025-06-21 13:32:14 - INFO - Last page 4 is the same as this page. Stopping.
2025-06-21 13:32:14 - INFO - Знайдено актуальних оголошень: 0
2025-06-21 13:32:14 - INFO - ✅ HTML файл збережено: magnat.html
2025-06-21 13:32:14 - INFO - Обробка URL: https://www.olx.pl/elektronika/sprzet-audio/q-wzmaczniacz/?courier=1, JSON: wzmaczniacz.json, Thread ID: 5
2025-06-21 13:32:14 - INFO - Знайдено старих оголошень: 308
2025-06-21 13:32:30 - INFO - Знайдено актуальних оголошень: 0
2025-06-21 13:32:30 - INFO - ✅ HTML файл збережено: wzmaczniacz.html
2025-06-21 14:24:17 - INFO - Обробка URL: https://www.olx.pl/elektronika/sprzet-audio/glosniki-i-kolumny/q-magnat/?courier=1, JSON: magnat.json, Thread ID: 2
2025-06-21 14:24:17 - INFO - Знайдено старих оголошень: 675
2025-06-21 14:24:29 - INFO - Last page 4 is the same as this page. Stopping.
2025-06-21 14:24:29 - INFO - Знайдено актуальних оголошень: 0
2025-06-21 14:24:29 - INFO - ✅ HTML файл збережено: magnat.html
2025-06-21 14:24:29 - INFO - Обробка URL: https://www.olx.pl/elektronika/sprzet-audio/q-wzmaczniacz/?courier=1, JSON: wzmaczniacz.json, Thread ID: 5
2025-06-21 14:24:29 - INFO - Знайдено старих оголошень: 308
2025-06-21 14:24:46 - INFO - Знайдено актуальних оголошень: 0
2025-06-21 14:24:46 - INFO - ✅ HTML файл збережено: wzmaczniacz.html
2025-06-21 15:24:59 - INFO - Обробка URL: https://www.olx.pl/elektronika/sprzet-audio/glosniki-i-kolumny/q-magnat/?courier=1, JSON: magnat.json, Thread ID: 2
2025-06-21 15:24:59 - INFO - Знайдено старих оголошень: 675
2025-06-21 15:25:03 - INFO - NEW {'title': 'Kolumna centralna Magnat Metric Center', 'link': 'https://www.olx.pl/d/oferta/kolumna-centralna-magnat-metric-center-CID99-ID16k2iH.html', 'price': '35 zł', 'status': 'active', 'date_found': '2025-06-21 15:25', 'date_removed': None, 'description': 'Witam.Przedmiotem sprzedaży jest Kolumna centralna Magnat Metric CenterSprawna, stan wizualny jak na zdjęciach.Zapraszam.', 'images': ['https://ireland.apollo.olxcdn.com:443/v1/files/z1zquzlj7q6p-PL/image;s=1521x1148', 'https://ireland.apollo.olxcdn.com:443/v1/files/3gkpkp29mo973-PL/image;s=1460x1148', 'https://ireland.apollo.olxcdn.com:443/v1/files/6h0pys2y725o1-PL/image;s=1556x1062', 'https://ireland.apollo.olxcdn.com:443/v1/files/j7ku9ttudvvf-PL/image;s=1369x1148', 'https://ireland.apollo.olxcdn.com:443/v1/files/yic4jtvemxu33-PL/image;s=1045x1502'], 'published_date': '2025-06-21 o 14:24', 'location': ''}
2025-06-21 15:25:03 - INFO - Parsed page 1, found 1 new ads.
2025-06-21 15:25:10 - INFO - Last page 4 is the same as this page. Stopping.
2025-06-21 15:25:10 - INFO - Знайдено актуальних оголошень: 1
2025-06-21 15:25:10 - INFO - Додаємо https://www.olx.pl/d/oferta/kolumna-centralna-magnat-metric-center-CID99-ID16k2iH.html.
2025-06-21 15:25:24 - INFO - Successfully sent message for ad: Kolumna centralna Magnat Metric Center
2025-06-21 15:25:24 - INFO - ✅ HTML файл збережено: magnat.html
2025-06-21 15:25:24 - INFO - Обробка URL: https://www.olx.pl/elektronika/sprzet-audio/q-wzmaczniacz/?courier=1, JSON: wzmaczniacz.json, Thread ID: 5
2025-06-21 15:25:24 - INFO - Знайдено старих оголошень: 308
2025-06-21 15:25:39 - INFO - Знайдено актуальних оголошень: 0
2025-06-21 15:25:39 - INFO - ✅ HTML файл збережено: wzmaczniacz.html
2025-06-21 16:30:34 - INFO - Обробка URL: https://www.olx.pl/elektronika/sprzet-audio/glosniki-i-kolumny/q-magnat/?courier=1, JSON: magnat.json, Thread ID: 2
2025-06-21 16:30:34 - INFO - Знайдено старих оголошень: 676
2025-06-21 16:30:48 - INFO - Last page 4 is the same as this page. Stopping.
2025-06-21 16:30:48 - INFO - Знайдено актуальних оголошень: 0
2025-06-21 16:30:48 - INFO - ✅ HTML файл збережено: magnat.html
2025-06-21 16:30:48 - INFO - Обробка URL: https://www.olx.pl/elektronika/sprzet-audio/q-wzmaczniacz/?courier=1, JSON: wzmaczniacz.json, Thread ID: 5
2025-06-21 16:30:48 - INFO - Знайдено старих оголошень: 308
2025-06-21 16:31:06 - INFO - Знайдено актуальних оголошень: 0
2025-06-21 16:31:06 - INFO - ✅ HTML файл збережено: wzmaczniacz.html
2025-06-21 17:21:40 - INFO - Обробка URL: https://www.olx.pl/elektronika/sprzet-audio/glosniki-i-kolumny/q-magnat/?courier=1, JSON: magnat.json, Thread ID: 2
2025-06-21 17:21:40 - INFO - Знайдено старих оголошень: 676
2025-06-21 17:21:50 - INFO - Last page 4 is the same as this page. Stopping.
2025-06-21 17:21:50 - INFO - Знайдено актуальних оголошень: 0
2025-06-21 17:21:50 - INFO - ✅ HTML файл збережено: magnat.html
2025-06-21 17:21:50 - INFO - Обробка URL: https://www.olx.pl/elektronika/sprzet-audio/q-wzmaczniacz/?courier=1, JSON: wzmaczniacz.json, Thread ID: 5
2025-06-21 17:21:50 - INFO - Знайдено старих оголошень: 308
2025-06-21 17:22:06 - INFO - Знайдено актуальних оголошень: 0
2025-06-21 17:22:06 - INFO - ✅ HTML файл збережено: wzmaczniacz.html
2025-06-21 18:33:08 - INFO - Обробка URL: https://www.olx.pl/elektronika/sprzet-audio/glosniki-i-kolumny/q-magnat/?courier=1, JSON: magnat.json, Thread ID: 2
2025-06-21 18:33:08 - INFO - Знайдено старих оголошень: 676
2025-06-21 18:33:20 - INFO - Last page 4 is the same as this page. Stopping.
2025-06-21 18:33:20 - INFO - Знайдено актуальних оголошень: 0
2025-06-21 18:33:20 - INFO - ✅ HTML файл збережено: magnat.html
2025-06-21 18:33:20 - INFO - Обробка URL: https://www.olx.pl/elektronika/sprzet-audio/q-wzmaczniacz/?courier=1, JSON: wzmaczniacz.json, Thread ID: 5
2025-06-21 18:33:20 - INFO - Знайдено старих оголошень: 308
2025-06-21 18:33:36 - INFO - Знайдено актуальних оголошень: 0
2025-06-21 18:33:36 - INFO - ✅ HTML файл збережено: wzmaczniacz.html
2025-06-21 19:20:11 - INFO - Обробка URL: https://www.olx.pl/elektronika/sprzet-audio/glosniki-i-kolumny/q-magnat/?courier=1, JSON: magnat.json, Thread ID: 2
2025-06-21 19:20:11 - INFO - Знайдено старих оголошень: 676
2025-06-21 19:20:24 - INFO - Last page 4 is the same as this page. Stopping.
2025-06-21 19:20:24 - INFO - Знайдено актуальних оголошень: 0
2025-06-21 19:20:24 - INFO - ✅ HTML файл збережено: magnat.html
2025-06-21 19:20:24 - INFO - Обробка URL: https://www.olx.pl/elektronika/sprzet-audio/q-wzmaczniacz/?courier=1, JSON: wzmaczniacz.json, Thread ID: 5
2025-06-21 19:20:24 - INFO - Знайдено старих оголошень: 308
2025-06-21 19:20:41 - INFO - Знайдено актуальних оголошень: 0
2025-06-21 19:20:41 - INFO - ✅ HTML файл збережено: wzmaczniacz.html
2025-06-21 20:26:21 - INFO - Обробка URL: https://www.olx.pl/elektronika/sprzet-audio/glosniki-i-kolumny/q-magnat/?courier=1, JSON: magnat.json, Thread ID: 2
2025-06-21 20:26:21 - INFO - Знайдено старих оголошень: 676
2025-06-21 20:26:34 - INFO - Last page 4 is the same as this page. Stopping.
2025-06-21 20:26:34 - INFO - Знайдено актуальних оголошень: 0
2025-06-21 20:26:34 - INFO - ✅ HTML файл збережено: magnat.html
2025-06-21 20:26:34 - INFO - Обробка URL: https://www.olx.pl/elektronika/sprzet-audio/q-wzmaczniacz/?courier=1, JSON: wzmaczniacz.json, Thread ID: 5
2025-06-21 20:26:34 - INFO - Знайдено старих оголошень: 308
2025-06-21 20:26:48 - INFO - NEW {'title': 'Wzmacniacz, amplituner Technics 200W', 'link': 'https://www.olx.pl/d/oferta/wzmacniacz-amplituner-technics-200w-CID99-ID14C8LG.html?reason=extended_search_extended_s2v', 'price': '279 zł', 'status': 'active', 'date_found': '2025-06-21 20:26', 'date_removed': None, 'description': 'Witam mam do sprzedania wzmacniacz, amplituner, firmy technics o mocy 200W zintegrowana funkcja chłodzenia, stan bardzo dobry, odbiór osobisty 250 zł możliwość sprawdzenia przy odbiorze osobistym pozdrawiam', 'images': ['https://ireland.apollo.olxcdn.com:443/v1/files/qzbx6bgpuydd-PL/image;s=1152x864', 'https://ireland.apollo.olxcdn.com:443/v1/files/ypl7jw5j9syj1-PL/image;s=1152x864', 'https://ireland.apollo.olxcdn.com:443/v1/files/vd0qdsbf0beb3-PL/image;s=1152x864', 'https://ireland.apollo.olxcdn.com:443/v1/files/9ofaz1pmzuj61-PL/image;s=1152x864', 'https://ireland.apollo.olxcdn.com:443/v1/files/1y7x6h352u2o1-PL/image;s=864x1152', 'https://ireland.apollo.olxcdn.com:443/v1/files/x5jnsdmaauim1-PL/image;s=864x1152'], 'published_date': '24 maja 2025', 'location': ''}
2025-06-21 20:26:48 - INFO - Parsed page 5, found 1 new ads.
2025-06-21 20:26:50 - INFO - Знайдено актуальних оголошень: 1
2025-06-21 20:26:50 - INFO - Додаємо https://www.olx.pl/d/oferta/wzmacniacz-amplituner-technics-200w-CID99-ID14C8LG.html?reason=extended_search_extended_s2v.
2025-06-21 20:27:03 - INFO - Successfully sent message for ad: Wzmacniacz, amplituner Technics 200W
2025-06-21 20:27:03 - INFO - ✅ HTML файл збережено: wzmaczniacz.html
2025-06-21 21:22:20 - INFO - Обробка URL: https://www.olx.pl/elektronika/sprzet-audio/glosniki-i-kolumny/q-magnat/?courier=1, JSON: magnat.json, Thread ID: 2
2025-06-21 21:22:20 - INFO - Знайдено старих оголошень: 676
2025-06-21 21:22:27 - INFO - NEW {'title': 'Głośnik  Magnat 100w RMS! Okazja', 'link': 'https://www.olx.pl/d/oferta/glosnik-magnat-100w-rms-okazja-CID99-ID15XRPL.html', 'price': '156 zł', 'status': 'active', 'date_found': '2025-06-21 21:22', 'date_removed': None, 'description': 'Głośnik centralny Magnat o maksymalnej  mocy 150W, moc użytkowa 100W RMS, Doskonałe rozwiązanie do ulepszenia jakości dźwięku w systemie audio domowym lub garażowym :) stan oceniam na bardzo dobry, możliwość przetestowania przy odbiorze osobistym, odbiór osobisty 140 zł', 'images': ['https://ireland.apollo.olxcdn.com:443/v1/files/24sxdv5kksn12-PL/image;s=1152x864', 'https://ireland.apollo.olxcdn.com:443/v1/files/ddgfd92s9gj13-PL/image;s=1152x864', 'https://ireland.apollo.olxcdn.com:443/v1/files/9sr81u3mfe3j1-PL/image;s=1152x864', 'https://ireland.apollo.olxcdn.com:443/v1/files/8euqfuje94a71-PL/image;s=864x1152', 'https://ireland.apollo.olxcdn.com:443/v1/files/sozixrzdxf622-PL/image;s=864x1152'], 'published_date': '24 maja 2025', 'location': ''}
2025-06-21 21:22:27 - INFO - Parsed page 1, found 1 new ads.
2025-06-21 21:22:36 - INFO - Last page 4 is the same as this page. Stopping.
2025-06-21 21:22:36 - INFO - Знайдено актуальних оголошень: 1
2025-06-21 21:22:36 - INFO - Додаємо https://www.olx.pl/d/oferta/glosnik-magnat-100w-rms-okazja-CID99-ID15XRPL.html.
2025-06-21 21:22:47 - INFO - Successfully sent message for ad: Głośnik  Magnat 100w RMS! Okazja
2025-06-21 21:22:47 - INFO - ✅ HTML файл збережено: magnat.html
2025-06-21 21:22:47 - INFO - Обробка URL: https://www.olx.pl/elektronika/sprzet-audio/q-wzmaczniacz/?courier=1, JSON: wzmaczniacz.json, Thread ID: 5
2025-06-21 21:22:47 - INFO - Знайдено старих оголошень: 309
2025-06-21 21:23:02 - INFO - Знайдено актуальних оголошень: 0
2025-06-21 21:23:02 - INFO - ✅ HTML файл збережено: wzmaczniacz.html
2025-06-21 22:23:46 - INFO - Обробка URL: https://www.olx.pl/elektronika/sprzet-audio/glosniki-i-kolumny/q-magnat/?courier=1, JSON: magnat.json, Thread ID: 2
2025-06-21 22:23:46 - INFO - Знайдено старих оголошень: 677
2025-06-21 22:23:58 - INFO - Last page 4 is the same as this page. Stopping.
2025-06-21 22:23:58 - INFO - Знайдено актуальних оголошень: 0
2025-06-21 22:23:58 - INFO - ✅ HTML файл збережено: magnat.html
2025-06-21 22:23:58 - INFO - Обробка URL: https://www.olx.pl/elektronika/sprzet-audio/q-wzmaczniacz/?courier=1, JSON: wzmaczniacz.json, Thread ID: 5
2025-06-21 22:23:58 - INFO - Знайдено старих оголошень: 309
2025-06-21 22:24:13 - INFO - Знайдено актуальних оголошень: 0
2025-06-21 22:24:13 - INFO - ✅ HTML файл збережено: wzmaczniacz.html
