2025-06-26 03:52:14 - INFO - Обробка URL: https://www.olx.pl/elektronika/sprzet-audio/glosniki-i-kolumny/q-magnat/?courier=1, JSON: magnat.json, Thread ID: 2
2025-06-26 03:52:14 - INFO - Знайдено старих оголошень: 686
2025-06-26 03:52:23 - INFO - Last page 4 is the same as this page. Stopping.
2025-06-26 03:52:23 - INFO - Знайдено актуальних оголошень: 0
2025-06-26 03:52:23 - INFO - ✅ HTML файл збережено: magnat.html
2025-06-26 03:52:23 - INFO - Обробка URL: https://www.olx.pl/elektronika/sprzet-audio/q-wzmaczniacz/?courier=1, JSON: wzmaczniacz.json, Thread ID: 5
2025-06-26 03:52:23 - INFO - Знайдено старих оголошень: 316
2025-06-26 03:52:29 - INFO - NEW {'title': 'Alto sub 12 cali glosnik do subwoofera mocny okolo 600w rms 4ohm ostat', 'link': 'https://www.olx.pl/d/oferta/alto-sub-12-cali-glosnik-do-subwoofera-mocny-okolo-600w-rms-4ohm-ostat-CID99-ID16ihjB.html?reason=extended_search_extended_s2v', 'price': '200 zł', 'status': 'active', 'date_found': '2025-06-26 03:52', 'date_removed': None, 'description': 'Sprzedam głośnik do subwoofera alto. Wszystko działa, sprawny 4ohm około 600w.Ciezki mocny, parametry trzyma.', 'images': ['https://ireland.apollo.olxcdn.com:443/v1/files/p41d5aao4vbu1-PL/image;s=1000x750', 'https://ireland.apollo.olxcdn.com:443/v1/files/i6llbm6074cm-PL/image;s=1000x750', 'https://ireland.apollo.olxcdn.com:443/v1/files/o4ryeam4d7dv2-PL/image;s=1000x750', 'https://ireland.apollo.olxcdn.com:443/v1/files/zisx3nbix38f-PL/image;s=1000x750', 'https://ireland.apollo.olxcdn.com:443/v1/files/uwvoyjercb7y1-PL/image;s=1000x750', 'https://ireland.apollo.olxcdn.com:443/v1/files/mc5xluyb76jm2-PL/image;s=1000x750', 'https://ireland.apollo.olxcdn.com:443/v1/files/59o8ep0qkjvj3-PL/image;s=1000x750'], 'published_date': '19 czerwca 2025', 'location': ''}
2025-06-26 03:52:29 - INFO - Parsed page 2, found 1 new ads.
2025-06-26 03:52:39 - INFO - Знайдено актуальних оголошень: 1
2025-06-26 03:52:39 - INFO - Додаємо https://www.olx.pl/d/oferta/alto-sub-12-cali-glosnik-do-subwoofera-mocny-okolo-600w-rms-4ohm-ostat-CID99-ID16ihjB.html?reason=extended_search_extended_s2v.
2025-06-26 03:52:52 - INFO - Successfully sent message for ad: Alto sub 12 cali glosnik do subwoofera mocny okolo 600w rms 4ohm ostat
2025-06-26 03:52:52 - INFO - ✅ HTML файл збережено: wzmaczniacz.html
2025-06-26 06:39:13 - INFO - Обробка URL: https://www.olx.pl/elektronika/sprzet-audio/glosniki-i-kolumny/q-magnat/?courier=1, JSON: magnat.json, Thread ID: 2
2025-06-26 06:39:13 - INFO - Знайдено старих оголошень: 686
2025-06-26 06:39:27 - INFO - Last page 4 is the same as this page. Stopping.
2025-06-26 06:39:27 - INFO - Знайдено актуальних оголошень: 0
2025-06-26 06:39:27 - INFO - ✅ HTML файл збережено: magnat.html
2025-06-26 06:39:27 - INFO - Обробка URL: https://www.olx.pl/elektronika/sprzet-audio/q-wzmaczniacz/?courier=1, JSON: wzmaczniacz.json, Thread ID: 5
2025-06-26 06:39:27 - INFO - Знайдено старих оголошень: 317
2025-06-26 06:39:45 - INFO - Знайдено актуальних оголошень: 0
2025-06-26 06:39:45 - INFO - ✅ HTML файл збережено: wzmaczniacz.html
2025-06-26 07:26:07 - INFO - Обробка URL: https://www.olx.pl/elektronika/sprzet-audio/glosniki-i-kolumny/q-magnat/?courier=1, JSON: magnat.json, Thread ID: 2
2025-06-26 07:26:07 - INFO - Знайдено старих оголошень: 686
2025-06-26 07:26:27 - INFO - Last page 4 is the same as this page. Stopping.
2025-06-26 07:26:27 - INFO - Знайдено актуальних оголошень: 0
2025-06-26 07:26:27 - INFO - ✅ HTML файл збережено: magnat.html
2025-06-26 07:26:27 - INFO - Обробка URL: https://www.olx.pl/elektronika/sprzet-audio/q-wzmaczniacz/?courier=1, JSON: wzmaczniacz.json, Thread ID: 5
2025-06-26 07:26:27 - INFO - Знайдено старих оголошень: 317
2025-06-26 07:26:42 - INFO - Знайдено актуальних оголошень: 0
2025-06-26 07:26:42 - INFO - ✅ HTML файл збережено: wzmaczniacz.html
2025-06-26 08:35:35 - INFO - Обробка URL: https://www.olx.pl/elektronika/sprzet-audio/glosniki-i-kolumny/q-magnat/?courier=1, JSON: magnat.json, Thread ID: 2
2025-06-26 08:35:35 - INFO - Знайдено старих оголошень: 686
2025-06-26 08:35:45 - INFO - Last page 4 is the same as this page. Stopping.
2025-06-26 08:35:45 - INFO - Знайдено актуальних оголошень: 0
2025-06-26 08:35:45 - INFO - ✅ HTML файл збережено: magnat.html
2025-06-26 08:35:45 - INFO - Обробка URL: https://www.olx.pl/elektronika/sprzet-audio/q-wzmaczniacz/?courier=1, JSON: wzmaczniacz.json, Thread ID: 5
2025-06-26 08:35:45 - INFO - Знайдено старих оголошень: 317
2025-06-26 08:36:01 - INFO - Знайдено актуальних оголошень: 0
2025-06-26 08:36:01 - INFO - ✅ HTML файл збережено: wzmaczniacz.html
2025-06-26 09:29:13 - INFO - Обробка URL: https://www.olx.pl/elektronika/sprzet-audio/glosniki-i-kolumny/q-magnat/?courier=1, JSON: magnat.json, Thread ID: 2
2025-06-26 09:29:13 - INFO - Знайдено старих оголошень: 686
2025-06-26 09:29:25 - INFO - Last page 4 is the same as this page. Stopping.
2025-06-26 09:29:25 - INFO - Знайдено актуальних оголошень: 0
2025-06-26 09:29:25 - INFO - ✅ HTML файл збережено: magnat.html
2025-06-26 09:29:25 - INFO - Обробка URL: https://www.olx.pl/elektronika/sprzet-audio/q-wzmaczniacz/?courier=1, JSON: wzmaczniacz.json, Thread ID: 5
2025-06-26 09:29:25 - INFO - Знайдено старих оголошень: 317
2025-06-26 09:29:42 - INFO - Знайдено актуальних оголошень: 0
2025-06-26 09:29:42 - INFO - ✅ HTML файл збережено: wzmaczniacz.html
2025-06-26 10:29:11 - INFO - Обробка URL: https://www.olx.pl/elektronika/sprzet-audio/glosniki-i-kolumny/q-magnat/?courier=1, JSON: magnat.json, Thread ID: 2
2025-06-26 10:29:11 - INFO - Знайдено старих оголошень: 686
2025-06-26 10:29:22 - INFO - Last page 4 is the same as this page. Stopping.
2025-06-26 10:29:22 - INFO - Знайдено актуальних оголошень: 0
2025-06-26 10:29:22 - INFO - ✅ HTML файл збережено: magnat.html
2025-06-26 10:29:22 - INFO - Обробка URL: https://www.olx.pl/elektronika/sprzet-audio/q-wzmaczniacz/?courier=1, JSON: wzmaczniacz.json, Thread ID: 5
2025-06-26 10:29:22 - INFO - Знайдено старих оголошень: 317
2025-06-26 10:29:39 - INFO - Знайдено актуальних оголошень: 0
2025-06-26 10:29:39 - INFO - ✅ HTML файл збережено: wzmaczniacz.html
