2025-06-12 03:50:34 - INFO - Обробка URL: https://www.olx.pl/elektronika/sprzet-audio/glosniki-i-kolumny/q-magnat/?courier=1, JSON: magnat.json, Thread ID: 2
2025-06-12 03:50:34 - INFO - Знайдено старих оголошень: 658
2025-06-12 03:50:47 - INFO - Last page 4 is the same as this page. Stopping.
2025-06-12 03:50:47 - INFO - Знайдено актуальних оголошень: 0
2025-06-12 03:50:47 - INFO - ✅ HTML файл збережено: magnat.html
2025-06-12 03:50:47 - INFO - Обробка URL: https://www.olx.pl/elektronika/sprzet-audio/q-wzmaczniacz/?courier=1, JSON: wzmaczniacz.json, Thread ID: 5
2025-06-12 03:50:47 - INFO - Знайдено старих оголошень: 280
2025-06-12 03:51:11 - INFO - Знайдено актуальних оголошень: 0
2025-06-12 03:51:11 - INFO - ✅ HTML файл збережено: wzmaczniacz.html
2025-06-12 06:38:04 - INFO - Обробка URL: https://www.olx.pl/elektronika/sprzet-audio/glosniki-i-kolumny/q-magnat/?courier=1, JSON: magnat.json, Thread ID: 2
2025-06-12 06:38:04 - INFO - Знайдено старих оголошень: 658
2025-06-12 06:38:15 - INFO - Last page 4 is the same as this page. Stopping.
2025-06-12 06:38:15 - INFO - Знайдено актуальних оголошень: 0
2025-06-12 06:38:15 - INFO - ✅ HTML файл збережено: magnat.html
2025-06-12 06:38:15 - INFO - Обробка URL: https://www.olx.pl/elektronika/sprzet-audio/q-wzmaczniacz/?courier=1, JSON: wzmaczniacz.json, Thread ID: 5
2025-06-12 06:38:15 - INFO - Знайдено старих оголошень: 280
2025-06-12 06:38:20 - INFO - NEW {'title': 'Wzmaczniacz pioneer vsx-423', 'link': 'https://www.olx.pl/d/oferta/wzmaczniacz-pioneer-vsx-423-CID99-IDZrw0h.html', 'price': '300 zł', 'status': 'active', 'date_found': '2025-06-12 06:38', 'date_removed': None, 'description': 'Witam sprzedam oto wzmaczniacz widoczny na zdjęciu jest sprawny 100 /Odbiór centrum Bytomia więcej informacji pod telefonem 45*******16', 'images': ['https://ireland.apollo.olxcdn.com:443/v1/files/5b57i02iwv09-PL/image;s=750x1000', 'https://ireland.apollo.olxcdn.com:443/v1/files/ce5jerk144ra-PL/image;s=750x1000', 'https://ireland.apollo.olxcdn.com:443/v1/files/a2ej70nglgq31-PL/image;s=750x1000', 'https://ireland.apollo.olxcdn.com:443/v1/files/q83wbs0qzvcg2-PL/image;s=750x1000'], 'published_date': '29 maja 2025', 'location': ''}
2025-06-12 06:38:20 - INFO - Parsed page 1, found 1 new ads.
2025-06-12 06:38:33 - INFO - Знайдено актуальних оголошень: 1
2025-06-12 06:38:33 - INFO - Додаємо https://www.olx.pl/d/oferta/wzmaczniacz-pioneer-vsx-423-CID99-IDZrw0h.html.
2025-06-12 06:38:39 - INFO - Successfully sent message for ad: Wzmaczniacz pioneer vsx-423
2025-06-12 06:38:39 - INFO - ✅ HTML файл збережено: wzmaczniacz.html
2025-06-12 07:25:49 - INFO - Обробка URL: https://www.olx.pl/elektronika/sprzet-audio/glosniki-i-kolumny/q-magnat/?courier=1, JSON: magnat.json, Thread ID: 2
2025-06-12 07:25:49 - INFO - Знайдено старих оголошень: 658
2025-06-12 07:25:58 - INFO - Last page 4 is the same as this page. Stopping.
2025-06-12 07:25:58 - INFO - Знайдено актуальних оголошень: 0
2025-06-12 07:25:58 - INFO - ✅ HTML файл збережено: magnat.html
2025-06-12 07:25:58 - INFO - Обробка URL: https://www.olx.pl/elektronika/sprzet-audio/q-wzmaczniacz/?courier=1, JSON: wzmaczniacz.json, Thread ID: 5
2025-06-12 07:25:58 - INFO - Знайдено старих оголошень: 281
2025-06-12 07:26:05 - INFO - NEW {'title': 'Głośnik do radiowęzła A12-2-0,25/30 Tonsil', 'link': 'https://www.olx.pl/d/oferta/glosnik-do-radiowezla-a12-2-0-25-30-tonsil-CID99-ID167lyn.html?reason=extended_search_extended_s2v', 'price': '30 zł', 'status': 'active', 'date_found': '2025-06-12 07:26', 'date_removed': None, 'description': 'Głośnik do radiowęzła, uszkodzony przełącznik , zachowało się oryginalne opakowanie i karta gwarancyjna.', 'images': ['https://ireland.apollo.olxcdn.com:443/v1/files/x7p9wfflxr991-PL/image;s=1224x1632', 'https://ireland.apollo.olxcdn.com:443/v1/files/crzxn8xzckrr3-PL/image;s=1224x1632', 'https://ireland.apollo.olxcdn.com:443/v1/files/g4uw89xciyuj2-PL/image;s=1632x1224', 'https://ireland.apollo.olxcdn.com:443/v1/files/kczefdl3lm5i2-PL/image;s=1632x1224', 'https://ireland.apollo.olxcdn.com:443/v1/files/ccjh0gfe7a0c2-PL/image;s=1020x768', 'https://ireland.apollo.olxcdn.com:443/v1/files/zj098cdk0aea1-PL/image;s=768x1020', 'https://ireland.apollo.olxcdn.com:443/v1/files/66r5gyweut6q3-PL/image;s=768x1020'], 'published_date': '05 czerwca 2025', 'location': ''}
2025-06-12 07:26:05 - INFO - Parsed page 2, found 1 new ads.
2025-06-12 07:26:15 - INFO - Знайдено актуальних оголошень: 1
2025-06-12 07:26:15 - INFO - Додаємо https://www.olx.pl/d/oferta/glosnik-do-radiowezla-a12-2-0-25-30-tonsil-CID99-ID167lyn.html?reason=extended_search_extended_s2v.
2025-06-12 07:26:29 - INFO - Successfully sent message for ad: Głośnik do radiowęzła A12-2-0,25/30 Tonsil
2025-06-12 07:26:29 - INFO - ✅ HTML файл збережено: wzmaczniacz.html
2025-06-12 08:34:54 - INFO - Обробка URL: https://www.olx.pl/elektronika/sprzet-audio/glosniki-i-kolumny/q-magnat/?courier=1, JSON: magnat.json, Thread ID: 2
2025-06-12 08:34:54 - INFO - Знайдено старих оголошень: 658
2025-06-12 08:35:06 - INFO - Last page 4 is the same as this page. Stopping.
2025-06-12 08:35:06 - INFO - Знайдено актуальних оголошень: 0
2025-06-12 08:35:06 - INFO - ✅ HTML файл збережено: magnat.html
2025-06-12 08:35:06 - INFO - Обробка URL: https://www.olx.pl/elektronika/sprzet-audio/q-wzmaczniacz/?courier=1, JSON: wzmaczniacz.json, Thread ID: 5
2025-06-12 08:35:06 - INFO - Знайдено старих оголошень: 282
2025-06-12 08:35:24 - INFO - Знайдено актуальних оголошень: 0
2025-06-12 08:35:24 - INFO - ✅ HTML файл збережено: wzmaczniacz.html
2025-06-12 09:28:10 - INFO - Обробка URL: https://www.olx.pl/elektronika/sprzet-audio/glosniki-i-kolumny/q-magnat/?courier=1, JSON: magnat.json, Thread ID: 2
2025-06-12 09:28:10 - INFO - Знайдено старих оголошень: 658
2025-06-12 09:28:22 - INFO - Last page 4 is the same as this page. Stopping.
2025-06-12 09:28:22 - INFO - Знайдено актуальних оголошень: 0
2025-06-12 09:28:22 - INFO - ✅ HTML файл збережено: magnat.html
2025-06-12 09:28:22 - INFO - Обробка URL: https://www.olx.pl/elektronika/sprzet-audio/q-wzmaczniacz/?courier=1, JSON: wzmaczniacz.json, Thread ID: 5
2025-06-12 09:28:22 - INFO - Знайдено старих оголошень: 282
2025-06-12 09:28:39 - INFO - Знайдено актуальних оголошень: 0
2025-06-12 09:28:39 - INFO - ✅ HTML файл збережено: wzmaczniacz.html
2025-06-12 10:29:25 - INFO - Обробка URL: https://www.olx.pl/elektronika/sprzet-audio/glosniki-i-kolumny/q-magnat/?courier=1, JSON: magnat.json, Thread ID: 2
2025-06-12 10:29:25 - INFO - Знайдено старих оголошень: 658
2025-06-12 10:29:36 - INFO - Last page 4 is the same as this page. Stopping.
2025-06-12 10:29:36 - INFO - Знайдено актуальних оголошень: 0
2025-06-12 10:29:36 - INFO - ✅ HTML файл збережено: magnat.html
2025-06-12 10:29:36 - INFO - Обробка URL: https://www.olx.pl/elektronika/sprzet-audio/q-wzmaczniacz/?courier=1, JSON: wzmaczniacz.json, Thread ID: 5
2025-06-12 10:29:36 - INFO - Знайдено старих оголошень: 282
2025-06-12 10:29:53 - INFO - Знайдено актуальних оголошень: 0
2025-06-12 10:29:53 - INFO - ✅ HTML файл збережено: wzmaczniacz.html
2025-06-12 11:22:24 - INFO - Обробка URL: https://www.olx.pl/elektronika/sprzet-audio/glosniki-i-kolumny/q-magnat/?courier=1, JSON: magnat.json, Thread ID: 2
2025-06-12 11:22:24 - INFO - Знайдено старих оголошень: 658
2025-06-12 11:22:38 - INFO - Last page 4 is the same as this page. Stopping.
2025-06-12 11:22:38 - INFO - Знайдено актуальних оголошень: 0
2025-06-12 11:22:38 - INFO - ✅ HTML файл збережено: magnat.html
2025-06-12 11:22:38 - INFO - Обробка URL: https://www.olx.pl/elektronika/sprzet-audio/q-wzmaczniacz/?courier=1, JSON: wzmaczniacz.json, Thread ID: 5
2025-06-12 11:22:38 - INFO - Знайдено старих оголошень: 282
2025-06-12 11:23:00 - INFO - Знайдено актуальних оголошень: 0
2025-06-12 11:23:00 - INFO - ✅ HTML файл збережено: wzmaczniacz.html
2025-06-12 12:54:35 - INFO - Обробка URL: https://www.olx.pl/elektronika/sprzet-audio/glosniki-i-kolumny/q-magnat/?courier=1, JSON: magnat.json, Thread ID: 2
2025-06-12 12:54:35 - INFO - Знайдено старих оголошень: 658
2025-06-12 12:54:48 - INFO - Last page 4 is the same as this page. Stopping.
2025-06-12 12:54:48 - INFO - Знайдено актуальних оголошень: 0
2025-06-12 12:54:48 - INFO - ✅ HTML файл збережено: magnat.html
2025-06-12 12:54:48 - INFO - Обробка URL: https://www.olx.pl/elektronika/sprzet-audio/q-wzmaczniacz/?courier=1, JSON: wzmaczniacz.json, Thread ID: 5
2025-06-12 12:54:48 - INFO - Знайдено старих оголошень: 282
2025-06-12 12:55:05 - INFO - Знайдено актуальних оголошень: 0
2025-06-12 12:55:05 - INFO - ✅ HTML файл збережено: wzmaczniacz.html
2025-06-12 13:37:55 - INFO - Обробка URL: https://www.olx.pl/elektronika/sprzet-audio/glosniki-i-kolumny/q-magnat/?courier=1, JSON: magnat.json, Thread ID: 2
2025-06-12 13:37:55 - INFO - Знайдено старих оголошень: 658
2025-06-12 13:38:06 - INFO - Last page 4 is the same as this page. Stopping.
2025-06-12 13:38:06 - INFO - Знайдено актуальних оголошень: 0
2025-06-12 13:38:06 - INFO - ✅ HTML файл збережено: magnat.html
2025-06-12 13:38:06 - INFO - Обробка URL: https://www.olx.pl/elektronika/sprzet-audio/q-wzmaczniacz/?courier=1, JSON: wzmaczniacz.json, Thread ID: 5
2025-06-12 13:38:06 - INFO - Знайдено старих оголошень: 282
2025-06-12 13:38:21 - INFO - Знайдено актуальних оголошень: 0
2025-06-12 13:38:21 - INFO - ✅ HTML файл збережено: wzmaczniacz.html
2025-06-12 14:27:03 - INFO - Обробка URL: https://www.olx.pl/elektronika/sprzet-audio/glosniki-i-kolumny/q-magnat/?courier=1, JSON: magnat.json, Thread ID: 2
2025-06-12 14:27:03 - INFO - Знайдено старих оголошень: 658
2025-06-12 14:27:14 - INFO - Last page 4 is the same as this page. Stopping.
2025-06-12 14:27:14 - INFO - Знайдено актуальних оголошень: 0
2025-06-12 14:27:14 - INFO - ✅ HTML файл збережено: magnat.html
2025-06-12 14:27:14 - INFO - Обробка URL: https://www.olx.pl/elektronika/sprzet-audio/q-wzmaczniacz/?courier=1, JSON: wzmaczniacz.json, Thread ID: 5
2025-06-12 14:27:14 - INFO - Знайдено старих оголошень: 282
2025-06-12 14:27:31 - INFO - Знайдено актуальних оголошень: 0
2025-06-12 14:27:31 - INFO - ✅ HTML файл збережено: wzmaczniacz.html
2025-06-12 15:29:04 - INFO - Обробка URL: https://www.olx.pl/elektronika/sprzet-audio/glosniki-i-kolumny/q-magnat/?courier=1, JSON: magnat.json, Thread ID: 2
2025-06-12 15:29:04 - INFO - Знайдено старих оголошень: 658
2025-06-12 15:29:16 - INFO - Last page 4 is the same as this page. Stopping.
2025-06-12 15:29:16 - INFO - Знайдено актуальних оголошень: 0
2025-06-12 15:29:16 - INFO - ✅ HTML файл збережено: magnat.html
2025-06-12 15:29:16 - INFO - Обробка URL: https://www.olx.pl/elektronika/sprzet-audio/q-wzmaczniacz/?courier=1, JSON: wzmaczniacz.json, Thread ID: 5
2025-06-12 15:29:16 - INFO - Знайдено старих оголошень: 282
2025-06-12 15:29:34 - INFO - Знайдено актуальних оголошень: 0
2025-06-12 15:29:34 - INFO - ✅ HTML файл збережено: wzmaczniacz.html
2025-06-12 16:33:43 - INFO - Обробка URL: https://www.olx.pl/elektronika/sprzet-audio/glosniki-i-kolumny/q-magnat/?courier=1, JSON: magnat.json, Thread ID: 2
2025-06-12 16:33:43 - INFO - Знайдено старих оголошень: 658
2025-06-12 16:33:54 - INFO - Last page 4 is the same as this page. Stopping.
2025-06-12 16:33:54 - INFO - Знайдено актуальних оголошень: 0
2025-06-12 16:33:54 - INFO - ✅ HTML файл збережено: magnat.html
2025-06-12 16:33:54 - INFO - Обробка URL: https://www.olx.pl/elektronika/sprzet-audio/q-wzmaczniacz/?courier=1, JSON: wzmaczniacz.json, Thread ID: 5
2025-06-12 16:33:54 - INFO - Знайдено старих оголошень: 282
2025-06-12 16:34:08 - INFO - Знайдено актуальних оголошень: 0
2025-06-12 16:34:08 - INFO - ✅ HTML файл збережено: wzmaczniacz.html
2025-06-12 17:24:08 - INFO - Обробка URL: https://www.olx.pl/elektronika/sprzet-audio/glosniki-i-kolumny/q-magnat/?courier=1, JSON: magnat.json, Thread ID: 2
2025-06-12 17:24:08 - INFO - Знайдено старих оголошень: 658
2025-06-12 17:24:11 - INFO - NEW {'title': 'Magnat subwoofer aktywny', 'link': 'https://www.olx.pl/d/oferta/magnat-subwoofer-aktywny-CID99-ID16dgZS.html', 'price': '250 zł', 'status': 'active', 'date_found': '2025-06-12 17:24', 'date_removed': None, 'description': 'Aktywny subwoofer Magnat 1440201 to doskonałe rozwiązanie dla miłośników mocnego i czystego basu. Jego wyjątkowa konstrukcja zapewnia głębokie i precyzyjne brzmienie, które wzbogaci każde doświadczenie muzyczne. Idealny wybór dla wymagających audiofilów.wymiary   32x34x35cmdprzet w stanie bdb i sprawny', 'images': ['https://ireland.apollo.olxcdn.com:443/v1/files/mttakrwtsx7s-PL/image;s=680x1210', 'https://ireland.apollo.olxcdn.com:443/v1/files/2r5f1eu7amg71-PL/image;s=680x1210', 'https://ireland.apollo.olxcdn.com:443/v1/files/55lq7ouiwf35-PL/image;s=680x1210'], 'published_date': '2025-06-12 o 16:27', 'location': ''}
2025-06-12 17:24:11 - INFO - Parsed page 1, found 1 new ads.
2025-06-12 17:24:19 - INFO - Last page 4 is the same as this page. Stopping.
2025-06-12 17:24:19 - INFO - Знайдено актуальних оголошень: 1
2025-06-12 17:24:19 - INFO - Додаємо https://www.olx.pl/d/oferta/magnat-subwoofer-aktywny-CID99-ID16dgZS.html.
2025-06-12 17:24:27 - INFO - Successfully sent message for ad: Magnat subwoofer aktywny
2025-06-12 17:24:27 - INFO - ✅ HTML файл збережено: magnat.html
2025-06-12 17:24:27 - INFO - Обробка URL: https://www.olx.pl/elektronika/sprzet-audio/q-wzmaczniacz/?courier=1, JSON: wzmaczniacz.json, Thread ID: 5
2025-06-12 17:24:27 - INFO - Знайдено старих оголошень: 282
2025-06-12 17:24:45 - INFO - Знайдено актуальних оголошень: 0
2025-06-12 17:24:45 - INFO - ✅ HTML файл збережено: wzmaczniacz.html
2025-06-12 18:35:36 - INFO - Обробка URL: https://www.olx.pl/elektronika/sprzet-audio/glosniki-i-kolumny/q-magnat/?courier=1, JSON: magnat.json, Thread ID: 2
2025-06-12 18:35:36 - INFO - Знайдено старих оголошень: 659
2025-06-12 18:35:45 - INFO - Last page 4 is the same as this page. Stopping.
2025-06-12 18:35:45 - INFO - Знайдено актуальних оголошень: 0
2025-06-12 18:35:45 - INFO - ✅ HTML файл збережено: magnat.html
2025-06-12 18:35:45 - INFO - Обробка URL: https://www.olx.pl/elektronika/sprzet-audio/q-wzmaczniacz/?courier=1, JSON: wzmaczniacz.json, Thread ID: 5
2025-06-12 18:35:45 - INFO - Знайдено старих оголошень: 282
2025-06-12 18:35:48 - INFO - NEW {'title': 'Luxman L-2 wzmacniacz', 'link': 'https://www.olx.pl/d/oferta/luxman-l-2-wzmacniacz-CID99-ID16dmnx.html', 'price': '800 zł', 'status': 'active', 'date_found': '2025-06-12 18:35', 'date_removed': None, 'description': 'LUXMAN L-2,wzmacniacz stereoSprzedam wzmacniacz LUXMAN Urządzenie sprawne technicznie.Sprawdzone,testowane.Kupujesz dokładnie to co na foto .Sprzęt jest używany i nosi ślady użytkowania, może posiadać rysy lub zarysowania.Wzmaczniacz gra mocną i wyraźną średnicę, nie ma żadnych kłopotów z basem, tony wysokie nie są podbite (można podkręcić - chodzi o to że wszystko zależy od źródła dźwięku). Dźwięk piękny, pełny, wyrównany, bardzo dobry bas, zjawiskowa stereofonia. Przy dobrych nagraniach dech zapiera jak może grać tak starożytna zabawka.Dane techniczneSpecificationsPower output: 33 watts per channel into 8Ω (stereo)Frequency response: 15Hz to 60kHzTotal harmonic distortion: 0.03%Input sensitivity: 2.5mV (MM), 145mV (line)Signal to noise ratio: 84dB (MM), 90dB (line)Channel separation: 60dB (MM), 70dB (line)Dimensions: 438 x 289 x 105mmWeight: 7.5kgYears of manufacture: 1978 - 1982Manufactured in: JapanColor: SilverNajlepiej odbiór osobisty. Mogę wysłać gwarantuje solidne zapakowanie.', 'images': ['https://ireland.apollo.olxcdn.com:443/v1/files/i8u056wkmwfj-PL/image;s=4577x1673', 'https://ireland.apollo.olxcdn.com:443/v1/files/9l4xd7bywiym1-PL/image;s=4581x1358', 'https://ireland.apollo.olxcdn.com:443/v1/files/sls1r9n4fa162-PL/image;s=4608x2592', 'https://ireland.apollo.olxcdn.com:443/v1/files/3c69at2wjslw-PL/image;s=4608x2592', 'https://ireland.apollo.olxcdn.com:443/v1/files/heb0h6af22y12-PL/image;s=1152x2048'], 'published_date': '2025-06-12 o 18:06', 'location': ''}
2025-06-12 18:35:48 - INFO - Parsed page 1, found 1 new ads.
2025-06-12 18:36:02 - INFO - Знайдено актуальних оголошень: 1
2025-06-12 18:36:02 - INFO - Додаємо https://www.olx.pl/d/oferta/luxman-l-2-wzmacniacz-CID99-ID16dmnx.html.
2025-06-12 18:36:13 - INFO - Successfully sent message for ad: Luxman L-2 wzmacniacz
2025-06-12 18:36:13 - INFO - ✅ HTML файл збережено: wzmaczniacz.html
2025-06-12 19:20:13 - INFO - Обробка URL: https://www.olx.pl/elektronika/sprzet-audio/glosniki-i-kolumny/q-magnat/?courier=1, JSON: magnat.json, Thread ID: 2
2025-06-12 19:20:13 - INFO - Знайдено старих оголошень: 659
2025-06-12 19:20:24 - INFO - Last page 4 is the same as this page. Stopping.
2025-06-12 19:20:24 - INFO - Знайдено актуальних оголошень: 0
2025-06-12 19:20:24 - INFO - ✅ HTML файл збережено: magnat.html
2025-06-12 19:20:24 - INFO - Обробка URL: https://www.olx.pl/elektronika/sprzet-audio/q-wzmaczniacz/?courier=1, JSON: wzmaczniacz.json, Thread ID: 5
2025-06-12 19:20:24 - INFO - Знайдено старих оголошень: 283
2025-06-12 19:20:42 - INFO - Знайдено актуальних оголошень: 0
2025-06-12 19:20:42 - INFO - ✅ HTML файл збережено: wzmaczniacz.html
2025-06-12 20:29:03 - INFO - Обробка URL: https://www.olx.pl/elektronika/sprzet-audio/glosniki-i-kolumny/q-magnat/?courier=1, JSON: magnat.json, Thread ID: 2
2025-06-12 20:29:03 - INFO - Знайдено старих оголошень: 659
2025-06-12 20:29:14 - INFO - Last page 4 is the same as this page. Stopping.
2025-06-12 20:29:14 - INFO - Знайдено актуальних оголошень: 0
2025-06-12 20:29:14 - INFO - ✅ HTML файл збережено: magnat.html
2025-06-12 20:29:14 - INFO - Обробка URL: https://www.olx.pl/elektronika/sprzet-audio/q-wzmaczniacz/?courier=1, JSON: wzmaczniacz.json, Thread ID: 5
2025-06-12 20:29:14 - INFO - Знайдено старих оголошень: 283
2025-06-12 20:29:31 - INFO - Знайдено актуальних оголошень: 0
2025-06-12 20:29:31 - INFO - ✅ HTML файл збережено: wzmaczniacz.html
2025-06-12 21:24:39 - INFO - Обробка URL: https://www.olx.pl/elektronika/sprzet-audio/glosniki-i-kolumny/q-magnat/?courier=1, JSON: magnat.json, Thread ID: 2
2025-06-12 21:24:39 - INFO - Знайдено старих оголошень: 659
2025-06-12 21:24:44 - INFO - NEW {'title': 'Subwoofer Magnat', 'link': 'https://www.olx.pl/d/oferta/subwoofer-magnat-CID99-ID16dt3l.html', 'price': '150 zł', 'status': 'active', 'date_found': '2025-06-12 21:24', 'date_removed': None, 'description': 'Przedmiotem ogłoszenia jest sprawny subwoofer firmy magnat model d145801 w pełni sprawny . Do subwoofera dołączam 3 m przewodu  . Możliwości wysyłki', 'images': ['https://ireland.apollo.olxcdn.com:443/v1/files/fehsut5qjjkf1-PL/image;s=750x1000', 'https://ireland.apollo.olxcdn.com:443/v1/files/zi9vbf1k18h3-PL/image;s=750x1000', 'https://ireland.apollo.olxcdn.com:443/v1/files/bwuybtvpjqd43-PL/image;s=750x1000', 'https://ireland.apollo.olxcdn.com:443/v1/files/9nj3iw8rp1no-PL/image;s=1000x750', 'https://ireland.apollo.olxcdn.com:443/v1/files/ibquig7dnqw1-PL/image;s=750x1000', 'https://ireland.apollo.olxcdn.com:443/v1/files/41vgxjlc25ed2-PL/image;s=750x1000', 'https://ireland.apollo.olxcdn.com:443/v1/files/xur1j30x35f02-PL/image;s=750x1000', 'https://ireland.apollo.olxcdn.com:443/v1/files/6db1w3tlrlix2-PL/image;s=750x1000'], 'published_date': '2025-06-12 o 20:53', 'location': ''}
2025-06-12 21:24:44 - INFO - Parsed page 1, found 1 new ads.
2025-06-12 21:24:53 - INFO - Last page 4 is the same as this page. Stopping.
2025-06-12 21:24:53 - INFO - Знайдено актуальних оголошень: 1
2025-06-12 21:24:53 - INFO - Додаємо https://www.olx.pl/d/oferta/subwoofer-magnat-CID99-ID16dt3l.html.
2025-06-12 21:25:06 - INFO - Successfully sent message for ad: Subwoofer Magnat
2025-06-12 21:25:06 - INFO - ✅ HTML файл збережено: magnat.html
2025-06-12 21:25:06 - INFO - Обробка URL: https://www.olx.pl/elektronika/sprzet-audio/q-wzmaczniacz/?courier=1, JSON: wzmaczniacz.json, Thread ID: 5
2025-06-12 21:25:06 - INFO - Знайдено старих оголошень: 283
2025-06-12 21:25:26 - INFO - Знайдено актуальних оголошень: 0
2025-06-12 21:25:26 - INFO - ✅ HTML файл збережено: wzmaczniacz.html
2025-06-12 22:25:23 - INFO - Обробка URL: https://www.olx.pl/elektronika/sprzet-audio/glosniki-i-kolumny/q-magnat/?courier=1, JSON: magnat.json, Thread ID: 2
2025-06-12 22:25:23 - INFO - Знайдено старих оголошень: 660
2025-06-12 22:25:33 - INFO - Last page 4 is the same as this page. Stopping.
2025-06-12 22:25:33 - INFO - Знайдено актуальних оголошень: 0
2025-06-12 22:25:33 - INFO - ✅ HTML файл збережено: magnat.html
2025-06-12 22:25:33 - INFO - Обробка URL: https://www.olx.pl/elektronika/sprzet-audio/q-wzmaczniacz/?courier=1, JSON: wzmaczniacz.json, Thread ID: 5
2025-06-12 22:25:33 - INFO - Знайдено старих оголошень: 283
2025-06-12 22:25:47 - INFO - Знайдено актуальних оголошень: 0
2025-06-12 22:25:47 - INFO - ✅ HTML файл збережено: wzmaczniacz.html
2025-06-12 23:24:50 - INFO - Обробка URL: https://www.olx.pl/elektronika/sprzet-audio/glosniki-i-kolumny/q-magnat/?courier=1, JSON: magnat.json, Thread ID: 2
2025-06-12 23:24:50 - INFO - Знайдено старих оголошень: 660
2025-06-12 23:25:04 - INFO - Last page 4 is the same as this page. Stopping.
2025-06-12 23:25:04 - INFO - Знайдено актуальних оголошень: 0
2025-06-12 23:25:04 - INFO - ✅ HTML файл збережено: magnat.html
2025-06-12 23:25:04 - INFO - Обробка URL: https://www.olx.pl/elektronika/sprzet-audio/q-wzmaczniacz/?courier=1, JSON: wzmaczniacz.json, Thread ID: 5
2025-06-12 23:25:04 - INFO - Знайдено старих оголошень: 283
2025-06-12 23:25:21 - INFO - Знайдено актуальних оголошень: 0
2025-06-12 23:25:21 - INFO - ✅ HTML файл збережено: wzmaczniacz.html
