2025-05-13 03:45:33 - INFO - Found old 553 ads.
2025-05-13 03:46:26 - INFO - Last page 13 is the same as this page. Stopping.
2025-05-13 03:46:26 - INFO - Found actual 0 ads.
2025-05-13 03:46:26 - INFO - ✅ HTML файл збережено: index.html
2025-05-13 06:36:18 - INFO - Found old 553 ads.
2025-05-13 06:36:28 - INFO - NEW {'title': 'Kolumny Monitory Magnat Sonobull 10 Stereo', 'link': 'https://www.olx.pl/d/oferta/kolumny-monitory-magnat-sonobull-10-stereo-CID99-ID15Nubv.html', 'price': '200 zł', 'status': 'active', 'date_found': '2025-05-13 06:36', 'date_removed': None, 'description': 'SprzedamKolumny Monitory Magnat Sonobull 10Dane Techniczne:Moc maksymalna – 60 Wat,Impedancja – 8 Ohm,Wysokość – 39 cm,Szerokość – 22 cm,Długość – 23 cm,Waga jednej kolumny to około 6 kg.Stan: Używane, sprawne - grają czystoZ racji że sprzęt jest już wiekowy i używany - nie udzielam gwarancji, rękojmi i nie przyjmuję zwrotuWszelkich informacji udzielę we wiadomościach lub telefonicznie', 'images': ['https://ireland.apollo.olxcdn.com:443/v1/files/vs77wkic50p81-PL/image;s=2048x1536', 'https://ireland.apollo.olxcdn.com:443/v1/files/f6p3dyj4upre1-PL/image;s=2048x1536', 'https://ireland.apollo.olxcdn.com:443/v1/files/8q3tvw5pdf6o2-PL/image;s=2048x1536', 'https://ireland.apollo.olxcdn.com:443/v1/files/wj98pdcoaw2p2-PL/image;s=2048x1536', 'https://ireland.apollo.olxcdn.com:443/v1/files/k9b8fpozbunz1-PL/image;s=2048x1536', 'https://ireland.apollo.olxcdn.com:443/v1/files/k98w00dqlnco1-PL/image;s=2048x1536'], 'published_date': '2025-05-13 o 04:07', 'location': ''}
2025-05-13 06:36:29 - INFO - Parsed page 2, found 1 new ads.
2025-05-13 06:37:14 - INFO - Last page 13 is the same as this page. Stopping.
2025-05-13 06:37:14 - INFO - Found actual 1 ads.
2025-05-13 06:37:14 - INFO - Додаємо https://www.olx.pl/d/oferta/kolumny-monitory-magnat-sonobull-10-stereo-CID99-ID15Nubv.html.
2025-05-13 06:37:17 - INFO - ✅ HTML файл збережено: index.html
2025-05-13 07:25:46 - INFO - Found old 554 ads.
2025-05-13 07:26:37 - INFO - Last page 13 is the same as this page. Stopping.
2025-05-13 07:26:37 - INFO - Found actual 0 ads.
2025-05-13 07:26:37 - INFO - ✅ HTML файл збережено: index.html
2025-05-13 08:34:33 - INFO - Found old 554 ads.
2025-05-13 08:35:21 - INFO - Last page 13 is the same as this page. Stopping.
2025-05-13 08:35:21 - INFO - Found actual 0 ads.
2025-05-13 08:35:21 - INFO - ✅ HTML файл збережено: index.html
2025-05-13 09:28:15 - INFO - Found old 554 ads.
2025-05-13 09:28:22 - INFO - NEW {'title': 'Subwoofer Magnat BS30 12" 30cm', 'link': 'https://www.olx.pl/d/oferta/subwoofer-magnat-bs30-12-30cm-CID99-ID15NFa0.html', 'price': '120 zł', 'status': 'active', 'date_found': '2025-05-13 09:28', 'date_removed': None, 'description': 'Subwoofer magnat bs30 o mocy 250w rms oraz 800w max impedentacja 4 ohm rozmiar 300mmW pełni sprawny w dobrym stanie + skrzynia. Subwoofer służył mi jaki aktywny do kina domowego, niestety wzmacniacz wyzionął ducha i musiałem go wyciągnąć. Dziura po wzmacniaczu została "profesjonalnie" naprawiona.Idealny zawodnik na tanie granie da młodego gniewnego. Preferuje odbiór osobisty i sprawdzenie na miejscu. Wysyłka jest możliwa, ale na odpowiedzialność kupującego (wiadomo jak kurierzy obchodzą się z paczkami)', 'images': ['https://ireland.apollo.olxcdn.com:443/v1/files/kpkbvpj4hw193-PL/image;s=1024x768', 'https://ireland.apollo.olxcdn.com:443/v1/files/prn5on1y73572-PL/image;s=768x1024', 'https://ireland.apollo.olxcdn.com:443/v1/files/ae3k7og7oddq2-PL/image;s=1024x768', 'https://ireland.apollo.olxcdn.com:443/v1/files/l7bd5rkfoa2j-PL/image;s=768x1024', 'https://ireland.apollo.olxcdn.com:443/v1/files/ajz32ipjwmyn2-PL/image;s=1024x768'], 'published_date': '2025-05-13 o 08:44', 'location': ''}
2025-05-13 09:28:26 - INFO - Parsed page 1, found 1 new ads.
2025-05-13 09:29:10 - INFO - Last page 13 is the same as this page. Stopping.
2025-05-13 09:29:10 - INFO - Found actual 1 ads.
2025-05-13 09:29:10 - INFO - Додаємо https://www.olx.pl/d/oferta/subwoofer-magnat-bs30-12-30cm-CID99-ID15NFa0.html.
2025-05-13 09:29:13 - INFO - ✅ HTML файл збережено: index.html
2025-05-13 10:29:15 - INFO - Found old 555 ads.
2025-05-13 10:30:01 - INFO - Last page 13 is the same as this page. Stopping.
2025-05-13 10:30:01 - INFO - Found actual 0 ads.
2025-05-13 10:30:01 - INFO - ✅ HTML файл збережено: index.html
2025-05-13 11:22:15 - INFO - Found old 555 ads.
2025-05-13 11:23:08 - INFO - Last page 13 is the same as this page. Stopping.
2025-05-13 11:23:08 - INFO - Found actual 0 ads.
2025-05-13 11:23:08 - INFO - ✅ HTML файл збережено: index.html
2025-05-13 12:54:53 - INFO - Found old 555 ads.
2025-05-13 12:55:41 - INFO - Last page 13 is the same as this page. Stopping.
2025-05-13 12:55:41 - INFO - Found actual 0 ads.
2025-05-13 12:55:41 - INFO - ✅ HTML файл збережено: index.html
2025-05-13 13:37:38 - INFO - Found old 555 ads.
2025-05-13 13:37:59 - INFO - NEW {'title': 'Subwoofer / wzmacniacz subwoofer GRATIS !', 'link': 'https://www.olx.pl/d/oferta/subwoofer-wzmacniacz-subwoofer-gratis-CID99-ID15McrB.html', 'price': '370 zł', 'status': 'active', 'date_found': '2025-05-13 13:37', 'date_removed': None, 'description': 'Witam sprzedam subwoofer plus wzmacniacz (stan nieznany )Głośnik sprawny natomiast wzmacniacz nie wiem jaki stan więc dorzucam go jako gratis .Skrzynia do odkurzenia  leży i się kurzy ogłoszenie do 18.05 później kosz zależy mi na miejscu w piwnicyCaraudioWzmacniaczCar audioMagnatSherwoodSubwooferSkrzynia', 'images': ['https://ireland.apollo.olxcdn.com:443/v1/files/zvxpb2b6nfk7-PL/image;s=1000x750', 'https://ireland.apollo.olxcdn.com:443/v1/files/8nyeq0d1r6sy2-PL/image;s=1000x750;r=90', 'https://ireland.apollo.olxcdn.com:443/v1/files/evd6mc3mlbz6-PL/image;s=1000x750', 'https://ireland.apollo.olxcdn.com:443/v1/files/7klki7aj88qq1-PL/image;s=1000x750;r=180', 'https://ireland.apollo.olxcdn.com:443/v1/files/rcmlk2l64msp2-PL/image;s=750x1000', 'https://ireland.apollo.olxcdn.com:443/v1/files/4man1akxrz033-PL/image;s=750x1000;r=90'], 'published_date': '11 maja 2025', 'location': ''}
2025-05-13 13:37:59 - INFO - Parsed page 7, found 1 new ads.
2025-05-13 13:38:26 - INFO - Last page 13 is the same as this page. Stopping.
2025-05-13 13:38:26 - INFO - Found actual 1 ads.
2025-05-13 13:38:26 - INFO - Додаємо https://www.olx.pl/d/oferta/subwoofer-wzmacniacz-subwoofer-gratis-CID99-ID15McrB.html.
2025-05-13 13:38:29 - INFO - ✅ HTML файл збережено: index.html
2025-05-13 15:28:27 - INFO - Found old 556 ads.
2025-05-13 15:29:17 - INFO - Last page 13 is the same as this page. Stopping.
2025-05-13 15:29:17 - INFO - Found actual 0 ads.
2025-05-13 15:29:17 - INFO - ✅ HTML файл збережено: index.html
2025-05-13 16:33:16 - INFO - Found old 556 ads.
2025-05-13 16:33:28 - INFO - NEW {'title': 'Głośniki Magnat monitor supreme 102', 'link': 'https://www.olx.pl/d/oferta/glosniki-magnat-monitor-supreme-102-CID99-ID113om1.html', 'price': '470 zł', 'status': 'active', 'date_found': '2025-05-13 16:33', 'date_removed': None, 'description': 'Sprzedam głośniki technicznie nowe obite przy transporcie jak widać na Zdjęciu. Zakupione 9.02.2023r posiadają gwarancjęCena 470 złOdbiór osobisty Wrocław rondo Powstańców Śląskich', 'images': ['https://ireland.apollo.olxcdn.com:443/v1/files/c6n9zb536hyg3-PL/image;s=768x1024', 'https://ireland.apollo.olxcdn.com:443/v1/files/y5wbjwjrmv4e1-PL/image;s=768x1024', 'https://ireland.apollo.olxcdn.com:443/v1/files/f1u7b8y3rlw52-PL/image;s=1080x854', 'https://ireland.apollo.olxcdn.com:443/v1/files/rqlk5s9th82f2-PL/image;s=1048x1137', 'https://ireland.apollo.olxcdn.com:443/v1/files/noelkla5xs7x-PL/image;s=768x1024', 'https://ireland.apollo.olxcdn.com:443/v1/files/slgorv5ktzan3-PL/image;s=768x1024', 'https://ireland.apollo.olxcdn.com:443/v1/files/a68k7h1lgb4e1-PL/image;s=768x1024', 'https://ireland.apollo.olxcdn.com:443/v1/files/jfggwtovf9gs-PL/image;s=768x1024'], 'published_date': '2025-05-13 o 15:59', 'location': ''}
2025-05-13 16:33:29 - INFO - Parsed page 3, found 1 new ads.
2025-05-13 16:33:38 - INFO - NEW {'title': 'Duńskie kolumny Eltax głośniki brązowe do wzmacniacz amplituner a', 'link': 'https://www.olx.pl/d/oferta/dunskie-kolumny-eltax-glosniki-brazowe-do-wzmacniacz-amplituner-a-CID99-ID15OcLv.html', 'price': '170 zł', 'status': 'active', 'date_found': '2025-05-13 16:33', 'date_removed': None, 'description': '2 kolumny  duńskiej marki EltaxUnivereseStan techniczny – bardzo dobry:- w pełnie sprawne technicznie, bez jakichkolwiek wad,- wszystkie głośniki bardzo ładnie grają, żaden nie jest przepalony oraz żaden nie zniekształca dźwięku..NAJSZYBCIEJ to dzwonić lub  napisać SMS:504  --996  -- 123Kolumna centralna za 120 złDane2 sztuki - dwudrożna kolumna podstawkowaGłośnik nisko-średniotonowy: 4" (100 mm)Głośnik wysokotonowy: 3/4\'\' (19 mm)Moc znamionowa RMS\t40 WattMoc muzyczna \t90 WattSkuteczność: 88 dBPasmo przenoszenia : 70 Hz - 20 kHzImpedancja nominalna:  8 OhmWymiary :Wysokość: 23,0 cmSzerokość: 14 cmGłębokość: 18,2 cmRekomendowana moc wzmacniacza: 30-130 Watt na kanałWysoka wytrzymałość kolumn i dobra dynamika reprodukcji dźwięków zapewniają niezapomniane wrażenia podczas słuchania ulubionych utworów.Charakteryzują się dynamicznym i szczegółowym brzmieniem oraz zdecydowana i bezkompromisowa prezentacja dowolnych utworów muzycznych jak i ścieżki towarzyszącej filmom zapewnia widzom wrażenia nieosiągalne podczas użytkowania plastikowych konstrukcji konkurencji.Hi-Fi - głośniki Eltax od wielu lat cieszą się uznaniem na całym świecie. Zarówno produkty budżetowe jak i znacznie droższych, w konfiguracjach stereo i kina domowego, stanowią przedmiot pożądania entuzjastów dobrego brzmienia.kef dali jamo jbl  magnat tannoy tonsil heco elac yamaha canton pioneer technics focal  quadral infinity mission diora monitor audio vifadenon yamaha marantz technics onkyo', 'images': ['https://ireland.apollo.olxcdn.com:443/v1/files/fptmpehevy3m1-PL/image;s=2396x1584', 'https://ireland.apollo.olxcdn.com:443/v1/files/f3olbvuv4odu1-PL/image;s=2506x1673', 'https://ireland.apollo.olxcdn.com:443/v1/files/fenb2x9ycax8-PL/image;s=2425x1646', 'https://ireland.apollo.olxcdn.com:443/v1/files/x9kyqj2paxsw1-PL/image;s=2255x1566', 'https://ireland.apollo.olxcdn.com:443/v1/files/rv3zesle69bt3-PL/image;s=2297x1533', 'https://ireland.apollo.olxcdn.com:443/v1/files/mbc6j5unht911-PL/image;s=2359x1531', 'https://ireland.apollo.olxcdn.com:443/v1/files/quwfkmlyngc82-PL/image;s=2474x1650', 'https://ireland.apollo.olxcdn.com:443/v1/files/c33u6dw4l6pz-PL/image;s=2542x1711'], 'published_date': '2025-05-13 o 15:55', 'location': ''}
2025-05-13 16:33:38 - INFO - Parsed page 6, found 1 new ads.
2025-05-13 16:33:41 - INFO - NEW {'title': 'Bardzo ładne duńskie kolumny Jamo głośniki do amplituner  wzmacniacz', 'link': 'https://www.olx.pl/d/oferta/bardzo-ladne-dunskie-kolumny-jamo-glosniki-do-amplituner-wzmacniacz-CID99-ID15MmUs.html', 'price': '380 zł', 'status': 'active', 'date_found': '2025-05-13 16:33', 'date_removed': None, 'description': 'Bardzo fajne i udane kolumny duńskiej marki Jamo FC 6000Kolumny 3-drożne z przednim BASS-REFLEXGłośniki są w pełni sprawne dźwiękowoWszystko działa tak jak powinno.Głośniki oryginalne, nie szumią i nie zniekształcają dźwięku.Kolumny te wyglądają ładnie i są wykończone z bardzo dobrych materiałów.Najlepiej dzwonić lub  napisać SMS:504  --996  -- 123Dzięki głośnikom z bardzo mocnymi magnesami neodymowymi oraz ogromnym otworem Bass-Reflexem kolumny te odznaczają się ładnym basem.A dzięki profesjonalnym wygłuszeniem środka kolumn  bas ten jest bardzo miękki, kontrolowany, bez jakiegokolwiek dudnienia.Przez co te kolumny mają wyjątkowe brzmienie.Efekt jakby się miało subwoofer aktywnyODBIÓR tylko OSOBISTYMożliwe jest sprawdzenie kolumn i odsłuchanie w Gdańsku.Głośniki:Wysokotonowy: 5 cmŚredniotonowy: 8 cmBasowy:    20 cmPasmo przenoszenia: 40 Hz – 20 000 HzImpedancja: 4-8 ohmMoc: 170 wattSkuteczność: 89 dbKolumny otwarte typu bass-reflexWymiary:Wysokość:  90, cmGłębokość: 28,0 cmSzerokość: 23,0 cmkef dali jamo jbl  magnat tannoy tonsil heco elac yamaha canton pioneer technics focal  quadral infinity mission diora monitor audio vifadenon yamaha marantz technics onkyo', 'images': ['https://ireland.apollo.olxcdn.com:443/v1/files/n6m21kjzerml1-PL/image;s=1880x2816', 'https://ireland.apollo.olxcdn.com:443/v1/files/0wz2cyiyqxd22-PL/image;s=1770x2388', 'https://ireland.apollo.olxcdn.com:443/v1/files/g124kbwpicrn-PL/image;s=1833x2745', 'https://ireland.apollo.olxcdn.com:443/v1/files/mqqw456zphw51-PL/image;s=1880x2816', 'https://ireland.apollo.olxcdn.com:443/v1/files/pnactrvxvqkq2-PL/image;s=1691x2378', 'https://ireland.apollo.olxcdn.com:443/v1/files/ztgjwk0v68o82-PL/image;s=1880x2816'], 'published_date': '12 maja 2025', 'location': ''}
2025-05-13 16:33:41 - INFO - Parsed page 7, found 1 new ads.
2025-05-13 16:34:03 - INFO - Last page 13 is the same as this page. Stopping.
2025-05-13 16:34:03 - INFO - Found actual 3 ads.
2025-05-13 16:34:03 - INFO - Додаємо https://www.olx.pl/d/oferta/glosniki-magnat-monitor-supreme-102-CID99-ID113om1.html.
2025-05-13 16:34:06 - INFO - Додаємо https://www.olx.pl/d/oferta/dunskie-kolumny-eltax-glosniki-brazowe-do-wzmacniacz-amplituner-a-CID99-ID15OcLv.html.
2025-05-13 16:34:12 - INFO - Додаємо https://www.olx.pl/d/oferta/bardzo-ladne-dunskie-kolumny-jamo-glosniki-do-amplituner-wzmacniacz-CID99-ID15MmUs.html.
2025-05-13 16:34:16 - INFO - ✅ HTML файл збережено: index.html
2025-05-13 17:23:34 - INFO - Found old 559 ads.
2025-05-13 17:24:20 - INFO - Last page 13 is the same as this page. Stopping.
2025-05-13 17:24:20 - INFO - Found actual 0 ads.
2025-05-13 17:24:20 - INFO - ✅ HTML файл збережено: index.html
