2025-05-14 03:43:40 - INFO - Found old 563 ads.
2025-05-14 03:43:49 - INFO - NEW {'title': 'Magnat Shadow 207 Black, uszanowane, Yamaha R-N602, Magnat SUB 300A', 'link': 'https://www.olx.pl/d/oferta/magnat-shadow-207-black-uszanowane-yamaha-r-n602-magnat-sub-300a-CID99-ID15Ov7h.html', 'price': '1 599 zł', 'status': 'active', 'date_found': '2025-05-14 03:43', 'date_removed': None, 'description': 'Sprzedam kolumny Magnat Shadow 207 w kolorze czarnym. Fronty lakierowane, w połysku, boki i tył czarne drewno.Szerokie pasmo, bas reflex... Wszystkie parametry dostępne w internecie.Kolumny posiadam od nowości, nie katowane, uszanowane.Na początku powoli wygrzewałem, czyli wszystko jak się należy.Od nowości grały z Magnat SUB 300A podłączone do Yamaha R-N602.Głośniki grają idealnie, nie charcza. Membrany idealne, obudowy mają może mikroryski od wycierania kurzu. Nigdy nie rozkręcane.Cena za dwie kolumny, ale dla chętnych, zdecydowanych mogę odsprzedać Yamahę (czarna, ostatnio całe wnętrze wyczyszczone) i Sub300A (też czarny)... Oczywiście nie za pół darmo, bo wszystko w stanie prawie idealnym.Nie wysyłam, odbiór osobisty, oczywiście odsłuch możliwy na miejscu.Pozdrawiam.', 'images': ['https://ireland.apollo.olxcdn.com:443/v1/files/r32c4p80dqqe2-PL/image;s=988x994'], 'published_date': '13 maja 2025', 'location': ''}
2025-05-14 03:43:50 - INFO - Parsed page 1, found 1 new ads.
2025-05-14 03:44:18 - INFO - NEW {'title': 'kolumny IQ Mini Lady ( peerless, seas) okazja', 'link': 'https://www.olx.pl/d/oferta/kolumny-iq-mini-lady-peerless-seas-okazja-CID99-ID15Oknd.html', 'price': '400 zł', 'status': 'active', 'date_found': '2025-05-14 03:44', 'date_removed': None, 'description': 'Sprawne, uzywane przez 2 miesiace , kupione w sklepie na olx audiomajka, , 70/110w, odbiór osobisty lub wysyłka pobraniowa, możliwy dowóż w promieniu 15km, stan b dobry z wyjatkiem 5mm braku tkaniny na jednej maskownicy ale bez nich wygladaja duzo lepiej nawet.280zł: arcus, magnat, quadral, canton', 'images': ['https://ireland.apollo.olxcdn.com:443/v1/files/idfotczly94s3-PL/image;s=4160x3120'], 'published_date': '13 maja 2025', 'location': ''}
2025-05-14 03:44:18 - INFO - Parsed page 6, found 1 new ads.
2025-05-14 03:44:54 - INFO - Last page 13 is the same as this page. Stopping.
2025-05-14 03:44:54 - INFO - Found actual 2 ads.
2025-05-14 03:44:54 - INFO - Додаємо https://www.olx.pl/d/oferta/magnat-shadow-207-black-uszanowane-yamaha-r-n602-magnat-sub-300a-CID99-ID15Ov7h.html.
2025-05-14 03:44:56 - INFO - Додаємо https://www.olx.pl/d/oferta/kolumny-iq-mini-lady-peerless-seas-okazja-CID99-ID15Oknd.html.
2025-05-14 03:44:57 - INFO - ✅ HTML файл збережено: index.html
2025-05-14 06:36:26 - INFO - Found old 565 ads.
2025-05-14 06:37:15 - INFO - Last page 13 is the same as this page. Stopping.
2025-05-14 06:37:15 - INFO - Found actual 0 ads.
2025-05-14 06:37:15 - INFO - ✅ HTML файл збережено: index.html
2025-05-14 07:25:29 - INFO - Found old 565 ads.
2025-05-14 07:26:19 - INFO - Last page 13 is the same as this page. Stopping.
2025-05-14 07:26:19 - INFO - Found actual 0 ads.
2025-05-14 07:26:19 - INFO - ✅ HTML файл збережено: index.html
2025-05-14 08:34:04 - INFO - Found old 565 ads.
2025-05-14 08:34:26 - INFO - NEW {'title': 'Subwoofer / wzmacniacz subwoofer GRATIS ! Cena ostateczna ! 320 zl', 'link': 'https://www.olx.pl/d/oferta/subwoofer-wzmacniacz-subwoofer-gratis-cena-ostateczna-320-zl-CID99-ID15McrB.html', 'price': '320 zł', 'status': 'active', 'date_found': '2025-05-14 08:34', 'date_removed': None, 'description': 'Witam sprzedam subwoofer plus wzmacniacz (stan nieznany )Głośnik sprawny natomiast wzmacniacz nie wiem jaki stan więc dorzucam go jako gratis .Skrzynia do odkurzenia  leży i się kurzy ogłoszenie do 18.05 później kosz zależy mi na miejscu w piwnicyCaraudioWzmacniaczCar audioMagnatSherwoodSubwooferSkrzynia', 'images': ['https://ireland.apollo.olxcdn.com:443/v1/files/zvxpb2b6nfk7-PL/image;s=1000x750', 'https://ireland.apollo.olxcdn.com:443/v1/files/8nyeq0d1r6sy2-PL/image;s=1000x750;r=90', 'https://ireland.apollo.olxcdn.com:443/v1/files/evd6mc3mlbz6-PL/image;s=1000x750', 'https://ireland.apollo.olxcdn.com:443/v1/files/7klki7aj88qq1-PL/image;s=1000x750;r=180', 'https://ireland.apollo.olxcdn.com:443/v1/files/rcmlk2l64msp2-PL/image;s=750x1000', 'https://ireland.apollo.olxcdn.com:443/v1/files/4man1akxrz033-PL/image;s=750x1000;r=90'], 'published_date': '11 maja 2025', 'location': ''}
2025-05-14 08:34:26 - INFO - Parsed page 5, found 1 new ads.
2025-05-14 08:34:59 - INFO - Last page 13 is the same as this page. Stopping.
2025-05-14 08:34:59 - INFO - Found actual 1 ads.
2025-05-14 08:34:59 - INFO - Додаємо https://www.olx.pl/d/oferta/subwoofer-wzmacniacz-subwoofer-gratis-cena-ostateczna-320-zl-CID99-ID15McrB.html.
2025-05-14 08:35:02 - INFO - ✅ HTML файл збережено: index.html
