2025-05-10 03:38:57 - INFO - Found old 530 ads.
2025-05-10 03:39:43 - INFO - Last page 13 is the same as this page. Stopping.
2025-05-10 03:39:43 - INFO - Found actual 0 ads.
2025-05-10 03:39:43 - INFO - ✅ HTML файл збережено: index.html
2025-05-10 06:32:39 - INFO - Found old 530 ads.
2025-05-10 06:33:28 - INFO - Last page 13 is the same as this page. Stopping.
2025-05-10 06:33:28 - INFO - Found actual 0 ads.
2025-05-10 06:33:28 - INFO - ✅ HTML файл збережено: index.html
2025-05-10 07:21:40 - INFO - Found old 530 ads.
2025-05-10 07:22:29 - INFO - Last page 13 is the same as this page. Stopping.
2025-05-10 07:22:29 - INFO - Found actual 0 ads.
2025-05-10 07:22:29 - INFO - ✅ HTML файл збережено: index.html
2025-05-10 08:29:45 - INFO - Found old 530 ads.
2025-05-10 08:29:48 - INFO - NEW {'title': 'Subwoofer MAGNAT Alpha RS 8', 'link': 'https://www.olx.pl/d/oferta/subwoofer-magnat-alpha-rs-8-CID99-ID15KLsa.html', 'price': '650 zł', 'status': 'active', 'date_found': '2025-05-10 08:29', 'date_removed': None, 'description': 'Subwoofer MAGNAT Alpha RS 8Stan techniczny idealny, gra bardzo dobrze zgodnie z opiniami.Stan wizualny przód i boki idealny, kilka rys o góry.Polecam.Najlepiej odbiór osobisty w Warszawie lub Łodzi. Mogę podwieźć.', 'images': ['https://ireland.apollo.olxcdn.com:443/v1/files/rk67to4xts1j-PL/image;s=3072x4080', 'https://ireland.apollo.olxcdn.com:443/v1/files/l0ygfycv584n3-PL/image;s=3072x4080', 'https://ireland.apollo.olxcdn.com:443/v1/files/gsts95tfc6th2-PL/image;s=3072x4080', 'https://ireland.apollo.olxcdn.com:443/v1/files/q5h8bm016ull3-PL/image;s=3072x4080', 'https://ireland.apollo.olxcdn.com:443/v1/files/onm52564cc7m1-PL/image;s=3072x4080'], 'published_date': '2025-05-10 o 07:32', 'location': ''}
2025-05-10 08:29:52 - INFO - Parsed page 1, found 1 new ads.
2025-05-10 08:30:33 - INFO - Last page 13 is the same as this page. Stopping.
2025-05-10 08:30:33 - INFO - Found actual 1 ads.
2025-05-10 08:30:33 - INFO - Додаємо https://www.olx.pl/d/oferta/subwoofer-magnat-alpha-rs-8-CID99-ID15KLsa.html.
2025-05-10 08:30:37 - INFO - ✅ HTML файл збережено: index.html
2025-05-10 09:23:50 - INFO - Found old 531 ads.
2025-05-10 09:24:45 - INFO - Last page 13 is the same as this page. Stopping.
2025-05-10 09:24:45 - INFO - Found actual 0 ads.
2025-05-10 09:24:45 - INFO - ✅ HTML файл збережено: index.html
2025-05-10 10:26:10 - INFO - Found old 531 ads.
2025-05-10 10:27:04 - INFO - Last page 13 is the same as this page. Stopping.
2025-05-10 10:27:04 - INFO - Found actual 0 ads.
2025-05-10 10:27:04 - INFO - ✅ HTML файл збережено: index.html
2025-05-10 11:20:02 - INFO - Found old 531 ads.
2025-05-10 11:20:54 - INFO - Last page 13 is the same as this page. Stopping.
2025-05-10 11:20:54 - INFO - Found actual 0 ads.
2025-05-10 11:20:54 - INFO - ✅ HTML файл збережено: index.html
2025-05-10 12:47:11 - INFO - Found old 531 ads.
2025-05-10 12:47:17 - INFO - NEW {'title': 'Magnat  Signature  1105', 'link': 'https://www.olx.pl/d/oferta/magnat-signature-1105-CID99-ID15L0qK.html', 'price': '5 400 zł', 'status': 'active', 'date_found': '2025-05-10 12:47', 'date_removed': None, 'description': 'Mam do sprzedania  Magnat Signature  1105 to kolumny podłogowe  które  są konstrukcją 3,5 drożna  z basesreflexem o łącznej mocy 200/350 W RMS/max są w stanie bardzo dobrym  odbiór osobisty  wszystko co daje producent kartony papiery kolce maskownicezapraszam na odsuch .Pozdrawiam Krzysztof', 'images': ['https://ireland.apollo.olxcdn.com:443/v1/files/013cfg519h7g-PL/image;s=765x1020', 'https://ireland.apollo.olxcdn.com:443/v1/files/ekxd4su3q24v1-PL/image;s=1500x2000', 'https://ireland.apollo.olxcdn.com:443/v1/files/x6d002ouusby2-PL/image;s=1500x2000', 'https://ireland.apollo.olxcdn.com:443/v1/files/t2k5z119z8uw-PL/image;s=1500x2000', 'https://ireland.apollo.olxcdn.com:443/v1/files/le69xh1tynu12-PL/image;s=1500x2000', 'https://ireland.apollo.olxcdn.com:443/v1/files/z73zv2x9cu3b2-PL/image;s=1500x2000', 'https://ireland.apollo.olxcdn.com:443/v1/files/w63g18xmpm703-PL/image;s=2000x1500', 'https://ireland.apollo.olxcdn.com:443/v1/files/c9cyp0a8ew0b3-PL/image;s=1500x2000'], 'published_date': '2025-05-10 o 12:37', 'location': ''}
2025-05-10 12:47:18 - INFO - NEW {'title': 'Subwoofer magnat 302a', 'link': 'https://www.olx.pl/d/oferta/subwoofer-magnat-302a-CID99-ID15KXZA.html', 'price': '550 zł', 'status': 'active', 'date_found': '2025-05-10 12:47', 'date_removed': None, 'description': 'Subwoofer magnat 302a w bardzo dobrym stanie technicznym, normalne ślady użytkowania, używany do kina domowego 5.1 filmy muzyka itp. odbiór tylko i wyłącznie osobisty , nie odpowiadam na wiadomości WhatsApp, więc szanujmy swój czas.', 'images': ['https://ireland.apollo.olxcdn.com:443/v1/files/xmyqvk4m5hmo1-PL/image;s=1500x1948', 'https://ireland.apollo.olxcdn.com:443/v1/files/s7lurtm2esex-PL/image;s=1789x1443', 'https://ireland.apollo.olxcdn.com:443/v1/files/j2gqvms0xyba1-PL/image;s=1346x1682', 'https://ireland.apollo.olxcdn.com:443/v1/files/km8g1qf16mv82-PL/image;s=1500x2000', 'https://ireland.apollo.olxcdn.com:443/v1/files/6r9w3sid3lwv3-PL/image;s=1006x1837', 'https://ireland.apollo.olxcdn.com:443/v1/files/oytqk9nf8s3e2-PL/image;s=1389x1620'], 'published_date': '2025-05-10 o 11:51', 'location': ''}
2025-05-10 12:47:19 - INFO - Parsed page 1, found 2 new ads.
2025-05-10 12:47:59 - INFO - Last page 13 is the same as this page. Stopping.
2025-05-10 12:47:59 - INFO - Found actual 2 ads.
2025-05-10 12:47:59 - INFO - Додаємо https://www.olx.pl/d/oferta/magnat-signature-1105-CID99-ID15L0qK.html.
2025-05-10 12:48:03 - INFO - Додаємо https://www.olx.pl/d/oferta/subwoofer-magnat-302a-CID99-ID15KXZA.html.
2025-05-10 12:48:09 - INFO - ✅ HTML файл збережено: index.html
