2025-06-17 03:51:34 - INFO - Обробка URL: https://www.olx.pl/elektronika/sprzet-audio/glosniki-i-kolumny/q-magnat/?courier=1, JSON: magnat.json, Thread ID: 2
2025-06-17 03:51:34 - INFO - Знайдено старих оголошень: 670
2025-06-17 03:51:45 - INFO - Last page 4 is the same as this page. Stopping.
2025-06-17 03:51:45 - INFO - Знайдено актуальних оголошень: 0
2025-06-17 03:51:45 - INFO - ✅ HTML файл збережено: magnat.html
2025-06-17 03:51:45 - INFO - Обробка URL: https://www.olx.pl/elektronika/sprzet-audio/q-wzmaczniacz/?courier=1, JSON: wzmaczniacz.json, Thread ID: 5
2025-06-17 03:51:45 - INFO - Знайдено старих оголошень: 295
2025-06-17 03:52:01 - INFO - Знайдено актуальних оголошень: 0
2025-06-17 03:52:01 - INFO - ✅ HTML файл збережено: wzmaczniacz.html
2025-06-17 06:38:08 - INFO - Обробка URL: https://www.olx.pl/elektronika/sprzet-audio/glosniki-i-kolumny/q-magnat/?courier=1, JSON: magnat.json, Thread ID: 2
2025-06-17 06:38:08 - INFO - Знайдено старих оголошень: 670
2025-06-17 06:38:20 - INFO - Last page 4 is the same as this page. Stopping.
2025-06-17 06:38:20 - INFO - Знайдено актуальних оголошень: 0
2025-06-17 06:38:20 - INFO - ✅ HTML файл збережено: magnat.html
2025-06-17 06:38:20 - INFO - Обробка URL: https://www.olx.pl/elektronika/sprzet-audio/q-wzmaczniacz/?courier=1, JSON: wzmaczniacz.json, Thread ID: 5
2025-06-17 06:38:20 - INFO - Знайдено старих оголошень: 295
2025-06-17 06:38:35 - INFO - Знайдено актуальних оголошень: 0
2025-06-17 06:38:35 - INFO - ✅ HTML файл збережено: wzmaczniacz.html
2025-06-17 07:25:49 - INFO - Обробка URL: https://www.olx.pl/elektronika/sprzet-audio/glosniki-i-kolumny/q-magnat/?courier=1, JSON: magnat.json, Thread ID: 2
2025-06-17 07:25:49 - INFO - Знайдено старих оголошень: 670
2025-06-17 07:26:04 - INFO - Last page 4 is the same as this page. Stopping.
2025-06-17 07:26:04 - INFO - Знайдено актуальних оголошень: 0
2025-06-17 07:26:04 - INFO - ✅ HTML файл збережено: magnat.html
2025-06-17 07:26:04 - INFO - Обробка URL: https://www.olx.pl/elektronika/sprzet-audio/q-wzmaczniacz/?courier=1, JSON: wzmaczniacz.json, Thread ID: 5
2025-06-17 07:26:04 - INFO - Знайдено старих оголошень: 295
2025-06-17 07:26:25 - INFO - Знайдено актуальних оголошень: 0
2025-06-17 07:26:25 - INFO - ✅ HTML файл збережено: wzmaczniacz.html
2025-06-17 08:35:14 - INFO - Обробка URL: https://www.olx.pl/elektronika/sprzet-audio/glosniki-i-kolumny/q-magnat/?courier=1, JSON: magnat.json, Thread ID: 2
2025-06-17 08:35:14 - INFO - Знайдено старих оголошень: 670
2025-06-17 08:35:27 - INFO - Last page 4 is the same as this page. Stopping.
2025-06-17 08:35:27 - INFO - Знайдено актуальних оголошень: 0
2025-06-17 08:35:27 - INFO - ✅ HTML файл збережено: magnat.html
2025-06-17 08:35:27 - INFO - Обробка URL: https://www.olx.pl/elektronika/sprzet-audio/q-wzmaczniacz/?courier=1, JSON: wzmaczniacz.json, Thread ID: 5
2025-06-17 08:35:27 - INFO - Знайдено старих оголошень: 295
2025-06-17 08:35:43 - INFO - Знайдено актуальних оголошень: 0
2025-06-17 08:35:43 - INFO - ✅ HTML файл збережено: wzmaczniacz.html
2025-06-17 09:29:09 - INFO - Обробка URL: https://www.olx.pl/elektronika/sprzet-audio/glosniki-i-kolumny/q-magnat/?courier=1, JSON: magnat.json, Thread ID: 2
2025-06-17 09:29:09 - INFO - Знайдено старих оголошень: 670
2025-06-17 09:29:20 - INFO - Last page 4 is the same as this page. Stopping.
2025-06-17 09:29:20 - INFO - Знайдено актуальних оголошень: 0
2025-06-17 09:29:20 - INFO - ✅ HTML файл збережено: magnat.html
2025-06-17 09:29:20 - INFO - Обробка URL: https://www.olx.pl/elektronika/sprzet-audio/q-wzmaczniacz/?courier=1, JSON: wzmaczniacz.json, Thread ID: 5
2025-06-17 09:29:20 - INFO - Знайдено старих оголошень: 295
2025-06-17 09:29:42 - INFO - Знайдено актуальних оголошень: 0
2025-06-17 09:29:42 - INFO - ✅ HTML файл збережено: wzmaczniacz.html
2025-06-17 10:29:35 - INFO - Обробка URL: https://www.olx.pl/elektronika/sprzet-audio/glosniki-i-kolumny/q-magnat/?courier=1, JSON: magnat.json, Thread ID: 2
2025-06-17 10:29:35 - INFO - Знайдено старих оголошень: 670
2025-06-17 10:29:48 - INFO - Last page 4 is the same as this page. Stopping.
2025-06-17 10:29:48 - INFO - Знайдено актуальних оголошень: 0
2025-06-17 10:29:48 - INFO - ✅ HTML файл збережено: magnat.html
2025-06-17 10:29:48 - INFO - Обробка URL: https://www.olx.pl/elektronika/sprzet-audio/q-wzmaczniacz/?courier=1, JSON: wzmaczniacz.json, Thread ID: 5
2025-06-17 10:29:48 - INFO - Знайдено старих оголошень: 295
2025-06-17 10:30:08 - INFO - Знайдено актуальних оголошень: 0
2025-06-17 10:30:08 - INFO - ✅ HTML файл збережено: wzmaczniacz.html
