2025-06-22 03:55:58 - INFO - Обробка URL: https://www.olx.pl/elektronika/sprzet-audio/glosniki-i-kolumny/q-magnat/?courier=1, JSON: magnat.json, Thread ID: 2
2025-06-22 03:55:58 - INFO - Знайдено старих оголошень: 677
2025-06-22 03:56:12 - INFO - Last page 4 is the same as this page. Stopping.
2025-06-22 03:56:12 - INFO - Знайдено актуальних оголошень: 0
2025-06-22 03:56:12 - INFO - ✅ HTML файл збережено: magnat.html
2025-06-22 03:56:12 - INFO - Обробка URL: https://www.olx.pl/elektronika/sprzet-audio/q-wzmaczniacz/?courier=1, JSON: wzmaczniacz.json, Thread ID: 5
2025-06-22 03:56:12 - INFO - Знайдено старих оголошень: 309
2025-06-22 03:56:31 - INFO - Знайдено актуальних оголошень: 0
2025-06-22 03:56:31 - INFO - ✅ HTML файл збережено: wzmaczniacz.html
2025-06-22 06:35:38 - INFO - Обробка URL: https://www.olx.pl/elektronika/sprzet-audio/glosniki-i-kolumny/q-magnat/?courier=1, JSON: magnat.json, Thread ID: 2
2025-06-22 06:35:38 - INFO - Знайдено старих оголошень: 677
2025-06-22 06:35:51 - INFO - Last page 4 is the same as this page. Stopping.
2025-06-22 06:35:51 - INFO - Знайдено актуальних оголошень: 0
2025-06-22 06:35:51 - INFO - ✅ HTML файл збережено: magnat.html
2025-06-22 06:35:51 - INFO - Обробка URL: https://www.olx.pl/elektronika/sprzet-audio/q-wzmaczniacz/?courier=1, JSON: wzmaczniacz.json, Thread ID: 5
2025-06-22 06:35:51 - INFO - Знайдено старих оголошень: 309
2025-06-22 06:36:11 - INFO - Знайдено актуальних оголошень: 0
2025-06-22 06:36:11 - INFO - ✅ HTML файл збережено: wzmaczniacz.html
2025-06-22 07:24:30 - INFO - Обробка URL: https://www.olx.pl/elektronika/sprzet-audio/glosniki-i-kolumny/q-magnat/?courier=1, JSON: magnat.json, Thread ID: 2
2025-06-22 07:24:30 - INFO - Знайдено старих оголошень: 677
2025-06-22 07:24:41 - INFO - Last page 4 is the same as this page. Stopping.
2025-06-22 07:24:41 - INFO - Знайдено актуальних оголошень: 0
2025-06-22 07:24:41 - INFO - ✅ HTML файл збережено: magnat.html
2025-06-22 07:24:41 - INFO - Обробка URL: https://www.olx.pl/elektronika/sprzet-audio/q-wzmaczniacz/?courier=1, JSON: wzmaczniacz.json, Thread ID: 5
2025-06-22 07:24:41 - INFO - Знайдено старих оголошень: 309
2025-06-22 07:24:55 - INFO - Знайдено актуальних оголошень: 0
2025-06-22 07:24:55 - INFO - ✅ HTML файл збережено: wzmaczniacz.html
2025-06-22 08:31:44 - INFO - Обробка URL: https://www.olx.pl/elektronika/sprzet-audio/glosniki-i-kolumny/q-magnat/?courier=1, JSON: magnat.json, Thread ID: 2
2025-06-22 08:31:44 - INFO - Знайдено старих оголошень: 677
2025-06-22 08:31:47 - INFO - NEW {'title': 'Głośniki zestaw kino domowe Magnat', 'link': 'https://www.olx.pl/d/oferta/glosniki-zestaw-kino-domowe-magnat-CID99-ID16kgGF.html', 'price': '1 000 zł', 'status': 'active', 'date_found': '2025-06-22 08:31', 'date_removed': None, 'description': 'Głośniki Magnat komplet stan bardzo dobry. Odbiór osobisty Warszawa Białołęka', 'images': ['https://ireland.apollo.olxcdn.com:443/v1/files/98tzzhgessvo3-PL/image;s=1008x454', 'https://ireland.apollo.olxcdn.com:443/v1/files/ixzn8zpo2nu02-PL/image;s=1008x454', 'https://ireland.apollo.olxcdn.com:443/v1/files/juqx3v7b37c-PL/image;s=454x1008', 'https://ireland.apollo.olxcdn.com:443/v1/files/jc5iclnu9xfx2-PL/image;s=454x1008', 'https://ireland.apollo.olxcdn.com:443/v1/files/awd9fjusafza1-PL/image;s=454x1008', 'https://ireland.apollo.olxcdn.com:443/v1/files/jvposd0soham-PL/image;s=454x1008', 'https://ireland.apollo.olxcdn.com:443/v1/files/sf7ui4rhny2x2-PL/image;s=454x1008', 'https://ireland.apollo.olxcdn.com:443/v1/files/p5exmp2qigel-PL/image;s=1008x454'], 'published_date': '2025-06-22 o 07:36', 'location': ''}
2025-06-22 08:31:47 - INFO - Parsed page 1, found 1 new ads.
2025-06-22 08:31:54 - INFO - Last page 4 is the same as this page. Stopping.
2025-06-22 08:31:54 - INFO - Знайдено актуальних оголошень: 1
2025-06-22 08:31:54 - INFO - Додаємо https://www.olx.pl/d/oferta/glosniki-zestaw-kino-domowe-magnat-CID99-ID16kgGF.html.
2025-06-22 08:32:08 - INFO - Successfully sent message for ad: Głośniki zestaw kino domowe Magnat
2025-06-22 08:32:08 - INFO - ✅ HTML файл збережено: magnat.html
2025-06-22 08:32:08 - INFO - Обробка URL: https://www.olx.pl/elektronika/sprzet-audio/q-wzmaczniacz/?courier=1, JSON: wzmaczniacz.json, Thread ID: 5
2025-06-22 08:32:08 - INFO - Знайдено старих оголошень: 309
2025-06-22 08:32:25 - INFO - Знайдено актуальних оголошень: 0
2025-06-22 08:32:25 - INFO - ✅ HTML файл збережено: wzmaczniacz.html
2025-06-22 09:25:49 - INFO - Обробка URL: https://www.olx.pl/elektronika/sprzet-audio/glosniki-i-kolumny/q-magnat/?courier=1, JSON: magnat.json, Thread ID: 2
2025-06-22 09:25:49 - INFO - Знайдено старих оголошень: 678
2025-06-22 09:26:01 - INFO - Last page 4 is the same as this page. Stopping.
2025-06-22 09:26:01 - INFO - Знайдено актуальних оголошень: 0
2025-06-22 09:26:01 - INFO - ✅ HTML файл збережено: magnat.html
2025-06-22 09:26:01 - INFO - Обробка URL: https://www.olx.pl/elektronika/sprzet-audio/q-wzmaczniacz/?courier=1, JSON: wzmaczniacz.json, Thread ID: 5
2025-06-22 09:26:01 - INFO - Знайдено старих оголошень: 309
2025-06-22 09:26:19 - INFO - Знайдено актуальних оголошень: 0
2025-06-22 09:26:19 - INFO - ✅ HTML файл збережено: wzmaczniacz.html
2025-06-22 10:26:10 - INFO - Обробка URL: https://www.olx.pl/elektronika/sprzet-audio/glosniki-i-kolumny/q-magnat/?courier=1, JSON: magnat.json, Thread ID: 2
2025-06-22 10:26:10 - INFO - Знайдено старих оголошень: 678
2025-06-22 10:26:20 - INFO - Last page 4 is the same as this page. Stopping.
2025-06-22 10:26:20 - INFO - Знайдено актуальних оголошень: 0
2025-06-22 10:26:20 - INFO - ✅ HTML файл збережено: magnat.html
2025-06-22 10:26:20 - INFO - Обробка URL: https://www.olx.pl/elektronika/sprzet-audio/q-wzmaczniacz/?courier=1, JSON: wzmaczniacz.json, Thread ID: 5
2025-06-22 10:26:20 - INFO - Знайдено старих оголошень: 309
2025-06-22 10:26:40 - INFO - Знайдено актуальних оголошень: 0
2025-06-22 10:26:40 - INFO - ✅ HTML файл збережено: wzmaczniacz.html
2025-06-22 11:20:24 - INFO - Обробка URL: https://www.olx.pl/elektronika/sprzet-audio/glosniki-i-kolumny/q-magnat/?courier=1, JSON: magnat.json, Thread ID: 2
2025-06-22 11:20:24 - INFO - Знайдено старих оголошень: 678
2025-06-22 11:20:35 - INFO - Last page 4 is the same as this page. Stopping.
2025-06-22 11:20:35 - INFO - Знайдено актуальних оголошень: 0
2025-06-22 11:20:35 - INFO - ✅ HTML файл збережено: magnat.html
2025-06-22 11:20:35 - INFO - Обробка URL: https://www.olx.pl/elektronika/sprzet-audio/q-wzmaczniacz/?courier=1, JSON: wzmaczniacz.json, Thread ID: 5
2025-06-22 11:20:35 - INFO - Знайдено старих оголошень: 309
2025-06-22 11:20:51 - INFO - Знайдено актуальних оголошень: 0
2025-06-22 11:20:51 - INFO - ✅ HTML файл збережено: wzmaczniacz.html
2025-06-22 12:49:45 - INFO - Обробка URL: https://www.olx.pl/elektronika/sprzet-audio/glosniki-i-kolumny/q-magnat/?courier=1, JSON: magnat.json, Thread ID: 2
2025-06-22 12:49:45 - INFO - Знайдено старих оголошень: 678
2025-06-22 12:49:56 - INFO - Last page 4 is the same as this page. Stopping.
2025-06-22 12:49:56 - INFO - Знайдено актуальних оголошень: 0
2025-06-22 12:49:56 - INFO - ✅ HTML файл збережено: magnat.html
2025-06-22 12:49:56 - INFO - Обробка URL: https://www.olx.pl/elektronika/sprzet-audio/q-wzmaczniacz/?courier=1, JSON: wzmaczniacz.json, Thread ID: 5
2025-06-22 12:49:56 - INFO - Знайдено старих оголошень: 309
2025-06-22 12:50:03 - INFO - NEW {'title': 'Głośniki SEAS 25TV-EW 4r 25cm', 'link': 'https://www.olx.pl/d/oferta/glosniki-seas-25tv-ew-4r-25cm-CID99-ID16f73V.html?reason=extended_search_extended_s2v', 'price': '200 zł', 'status': 'active', 'date_found': '2025-06-22 12:50', 'date_removed': None, 'description': 'Używane głośniki SEAS 25TV-EW 4r o średnicy 25cm.zachowane w ładnym oryginalnym stanie,kosze aluminiowe,magnes alniko. Posiadam dwie szt. Bardzo żądko spotykane ..', 'images': ['https://ireland.apollo.olxcdn.com:443/v1/files/tfhqauddv34e-PL/image;s=1020x768', 'https://ireland.apollo.olxcdn.com:443/v1/files/409trmbagum81-PL/image;s=1020x768', 'https://ireland.apollo.olxcdn.com:443/v1/files/r2yp534v7mvs1-PL/image;s=1020x768', 'https://ireland.apollo.olxcdn.com:443/v1/files/tjollof0f15p2-PL/image;s=1020x768'], 'published_date': '15 czerwca 2025', 'location': ''}
2025-06-22 12:50:03 - INFO - Parsed page 2, found 1 new ads.
2025-06-22 12:50:12 - INFO - Знайдено актуальних оголошень: 1
2025-06-22 12:50:12 - INFO - Додаємо https://www.olx.pl/d/oferta/glosniki-seas-25tv-ew-4r-25cm-CID99-ID16f73V.html?reason=extended_search_extended_s2v.
2025-06-22 12:50:21 - INFO - Successfully sent message for ad: Głośniki SEAS 25TV-EW 4r 25cm
2025-06-22 12:50:21 - INFO - ✅ HTML файл збережено: wzmaczniacz.html
2025-06-22 13:31:55 - INFO - Обробка URL: https://www.olx.pl/elektronika/sprzet-audio/glosniki-i-kolumny/q-magnat/?courier=1, JSON: magnat.json, Thread ID: 2
2025-06-22 13:31:55 - INFO - Знайдено старих оголошень: 678
2025-06-22 13:32:05 - INFO - Last page 4 is the same as this page. Stopping.
2025-06-22 13:32:05 - INFO - Знайдено актуальних оголошень: 0
2025-06-22 13:32:05 - INFO - ✅ HTML файл збережено: magnat.html
2025-06-22 13:32:05 - INFO - Обробка URL: https://www.olx.pl/elektronika/sprzet-audio/q-wzmaczniacz/?courier=1, JSON: wzmaczniacz.json, Thread ID: 5
2025-06-22 13:32:05 - INFO - Знайдено старих оголошень: 310
2025-06-22 13:32:20 - INFO - Знайдено актуальних оголошень: 0
2025-06-22 13:32:20 - INFO - ✅ HTML файл збережено: wzmaczniacz.html
2025-06-22 14:23:09 - INFO - Обробка URL: https://www.olx.pl/elektronika/sprzet-audio/glosniki-i-kolumny/q-magnat/?courier=1, JSON: magnat.json, Thread ID: 2
2025-06-22 14:23:09 - INFO - Знайдено старих оголошень: 678
2025-06-22 14:23:20 - INFO - Last page 4 is the same as this page. Stopping.
2025-06-22 14:23:20 - INFO - Знайдено актуальних оголошень: 0
2025-06-22 14:23:20 - INFO - ✅ HTML файл збережено: magnat.html
2025-06-22 14:23:20 - INFO - Обробка URL: https://www.olx.pl/elektronika/sprzet-audio/q-wzmaczniacz/?courier=1, JSON: wzmaczniacz.json, Thread ID: 5
2025-06-22 14:23:20 - INFO - Знайдено старих оголошень: 310
2025-06-22 14:23:39 - INFO - Знайдено актуальних оголошень: 0
2025-06-22 14:23:39 - INFO - ✅ HTML файл збережено: wzmaczniacz.html
2025-06-22 15:24:47 - INFO - Обробка URL: https://www.olx.pl/elektronika/sprzet-audio/glosniki-i-kolumny/q-magnat/?courier=1, JSON: magnat.json, Thread ID: 2
2025-06-22 15:24:47 - INFO - Знайдено старих оголошень: 678
2025-06-22 15:24:51 - INFO - NEW {'title': 'Płaski Subwoofer pasywny Magnat Ministar 75/100 W', 'link': 'https://www.olx.pl/d/oferta/plaski-subwoofer-pasywny-magnat-ministar-75-100-w-CID99-ID16kDYb.html', 'price': '89 zł', 'status': 'active', 'date_found': '2025-06-22 15:24', 'date_removed': None, 'description': 'Witam.Przedmiotem sprzedaży jest Płaski Subwoofer pasywny Magnat Ministar 75/100 WW pełni sprawny, stan wizualny jak na zdjęciach.Zapraszam.', 'images': ['https://ireland.apollo.olxcdn.com:443/v1/files/8wa3oe0sdgpc-PL/image;s=1317x1148', 'https://ireland.apollo.olxcdn.com:443/v1/files/kh7c2smtq7qx1-PL/image;s=1331x1148', 'https://ireland.apollo.olxcdn.com:443/v1/files/4fcybsdcbtdg-PL/image;s=1401x1148', 'https://ireland.apollo.olxcdn.com:443/v1/files/p31e77bilbc71-PL/image;s=1230x1148', 'https://ireland.apollo.olxcdn.com:443/v1/files/r6i4rox3sair1-PL/image;s=1415x1148', 'https://ireland.apollo.olxcdn.com:443/v1/files/busu9clzgvly2-PL/image;s=1279x1148'], 'published_date': '2025-06-22 o 14:53', 'location': ''}
2025-06-22 15:24:51 - INFO - Parsed page 1, found 1 new ads.
2025-06-22 15:25:00 - INFO - Last page 4 is the same as this page. Stopping.
2025-06-22 15:25:00 - INFO - Знайдено актуальних оголошень: 1
2025-06-22 15:25:00 - INFO - Додаємо https://www.olx.pl/d/oferta/plaski-subwoofer-pasywny-magnat-ministar-75-100-w-CID99-ID16kDYb.html.
2025-06-22 15:25:13 - INFO - Successfully sent message for ad: Płaski Subwoofer pasywny Magnat Ministar 75/100 W
2025-06-22 15:25:13 - INFO - ✅ HTML файл збережено: magnat.html
2025-06-22 15:25:13 - INFO - Обробка URL: https://www.olx.pl/elektronika/sprzet-audio/q-wzmaczniacz/?courier=1, JSON: wzmaczniacz.json, Thread ID: 5
2025-06-22 15:25:13 - INFO - Знайдено старих оголошень: 310
2025-06-22 15:25:35 - INFO - Знайдено актуальних оголошень: 0
2025-06-22 15:25:35 - INFO - ✅ HTML файл збережено: wzmaczniacz.html
2025-06-22 16:30:16 - INFO - Обробка URL: https://www.olx.pl/elektronika/sprzet-audio/glosniki-i-kolumny/q-magnat/?courier=1, JSON: magnat.json, Thread ID: 2
2025-06-22 16:30:16 - INFO - Знайдено старих оголошень: 679
2025-06-22 16:30:29 - INFO - Last page 4 is the same as this page. Stopping.
2025-06-22 16:30:29 - INFO - Знайдено актуальних оголошень: 0
2025-06-22 16:30:29 - INFO - ✅ HTML файл збережено: magnat.html
2025-06-22 16:30:29 - INFO - Обробка URL: https://www.olx.pl/elektronika/sprzet-audio/q-wzmaczniacz/?courier=1, JSON: wzmaczniacz.json, Thread ID: 5
2025-06-22 16:30:29 - INFO - Знайдено старих оголошень: 310
2025-06-22 16:30:45 - INFO - Знайдено актуальних оголошень: 0
2025-06-22 16:30:45 - INFO - ✅ HTML файл збережено: wzmaczniacz.html
2025-06-22 17:23:46 - INFO - Обробка URL: https://www.olx.pl/elektronika/sprzet-audio/glosniki-i-kolumny/q-magnat/?courier=1, JSON: magnat.json, Thread ID: 2
2025-06-22 17:23:46 - INFO - Знайдено старих оголошень: 679
2025-06-22 17:23:56 - INFO - Last page 4 is the same as this page. Stopping.
2025-06-22 17:23:56 - INFO - Знайдено актуальних оголошень: 0
2025-06-22 17:23:56 - INFO - ✅ HTML файл збережено: magnat.html
2025-06-22 17:23:56 - INFO - Обробка URL: https://www.olx.pl/elektronika/sprzet-audio/q-wzmaczniacz/?courier=1, JSON: wzmaczniacz.json, Thread ID: 5
2025-06-22 17:23:56 - INFO - Знайдено старих оголошень: 310
2025-06-22 17:24:13 - INFO - Знайдено актуальних оголошень: 0
2025-06-22 17:24:13 - INFO - ✅ HTML файл збережено: wzmaczniacz.html
2025-06-22 18:33:52 - INFO - Обробка URL: https://www.olx.pl/elektronika/sprzet-audio/glosniki-i-kolumny/q-magnat/?courier=1, JSON: magnat.json, Thread ID: 2
2025-06-22 18:33:52 - INFO - Знайдено старих оголошень: 679
2025-06-22 18:33:56 - INFO - NEW {'title': 'Magnat Monitor 220 kolumny', 'link': 'https://www.olx.pl/d/oferta/magnat-monitor-220-kolumny-CID99-ID16kNOB.html', 'price': '350 zł', 'status': 'active', 'date_found': '2025-06-22 18:33', 'date_removed': None, 'description': 'WitamNa sprzedanie mam dwa monitory widoczne na zdjęciach. Głośniki są sprawne, wygląd zewnętrzny oceniam na bardzo dobry.Preferuje odbiór osobisty, ewentualnie wysyłka za pośrednictwem OLX', 'images': ['https://ireland.apollo.olxcdn.com:443/v1/files/48a8zu53zvc61-PL/image;s=1000x750', 'https://ireland.apollo.olxcdn.com:443/v1/files/kdic6a8qng283-PL/image;s=1000x750', 'https://ireland.apollo.olxcdn.com:443/v1/files/krzf85kemhz32-PL/image;s=1000x750', 'https://ireland.apollo.olxcdn.com:443/v1/files/r7dz5s7qsaym3-PL/image;s=1000x750', 'https://ireland.apollo.olxcdn.com:443/v1/files/m4991a5386le2-PL/image;s=1000x750'], 'published_date': '2025-06-22 o 18:17', 'location': ''}
2025-06-22 18:33:57 - INFO - NEW {'title': 'Magnat  Monitor - 220 - kolumny - Zadbane', 'link': 'https://www.olx.pl/d/oferta/magnat-monitor-220-kolumny-zadbane-CID99-ID16kML3.html', 'price': '350 zł', 'status': 'active', 'date_found': '2025-06-22 18:33', 'date_removed': None, 'description': 'Kolumny Sprawne stan Bardzo ładny, grają bardzo ładnie, Najlepiej odbiór osobisty, Albo wysyłka przez OLX', 'images': ['https://ireland.apollo.olxcdn.com:443/v1/files/7ctw9su63k0g1-PL/image;s=1160x868', 'https://ireland.apollo.olxcdn.com:443/v1/files/49248uzgthyl-PL/image;s=1160x868', 'https://ireland.apollo.olxcdn.com:443/v1/files/6mp79nam1kg1-PL/image;s=1160x868', 'https://ireland.apollo.olxcdn.com:443/v1/files/lnahrbb0np791-PL/image;s=1160x868', 'https://ireland.apollo.olxcdn.com:443/v1/files/t6eax12z4f8c2-PL/image;s=1160x868', 'https://ireland.apollo.olxcdn.com:443/v1/files/xb6dmrgtktm82-PL/image;s=1160x868', 'https://ireland.apollo.olxcdn.com:443/v1/files/2wrnwpfd06pn3-PL/image;s=1160x868', 'https://ireland.apollo.olxcdn.com:443/v1/files/k9rn8qes69z41-PL/image;s=1160x868'], 'published_date': '2025-06-22 o 17:54', 'location': ''}
2025-06-22 18:33:57 - INFO - Parsed page 1, found 2 new ads.
2025-06-22 18:34:04 - INFO - Last page 4 is the same as this page. Stopping.
2025-06-22 18:34:04 - INFO - Знайдено актуальних оголошень: 2
2025-06-22 18:34:04 - INFO - Додаємо https://www.olx.pl/d/oferta/magnat-monitor-220-kolumny-CID99-ID16kNOB.html.
2025-06-22 18:34:18 - INFO - Successfully sent message for ad: Magnat Monitor 220 kolumny
2025-06-22 18:34:18 - INFO - Додаємо https://www.olx.pl/d/oferta/magnat-monitor-220-kolumny-zadbane-CID99-ID16kML3.html.
2025-06-22 18:34:24 - ERROR - Attempt 1/3 failed for ad Magnat  Monitor - 220 - kolumny - Zadbane: Flood control exceeded. Retry in 41 seconds
2025-06-22 18:34:24 - INFO - Retrying in 32 seconds...
2025-06-22 18:35:05 - ERROR - Attempt 2/3 failed for ad Magnat  Monitor - 220 - kolumny - Zadbane: Flood control exceeded. Retry in 3 seconds
2025-06-22 18:35:05 - INFO - Retrying in 32 seconds...
2025-06-22 18:35:45 - INFO - Successfully sent message for ad: Magnat  Monitor - 220 - kolumny - Zadbane
2025-06-22 18:35:45 - INFO - ✅ HTML файл збережено: magnat.html
2025-06-22 18:35:45 - INFO - Обробка URL: https://www.olx.pl/elektronika/sprzet-audio/q-wzmaczniacz/?courier=1, JSON: wzmaczniacz.json, Thread ID: 5
2025-06-22 18:35:45 - INFO - Знайдено старих оголошень: 310
2025-06-22 18:36:01 - INFO - Знайдено актуальних оголошень: 0
2025-06-22 18:36:01 - INFO - ✅ HTML файл збережено: wzmaczniacz.html
2025-06-22 19:19:43 - INFO - Обробка URL: https://www.olx.pl/elektronika/sprzet-audio/glosniki-i-kolumny/q-magnat/?courier=1, JSON: magnat.json, Thread ID: 2
2025-06-22 19:19:43 - INFO - Знайдено старих оголошень: 681
2025-06-22 19:19:53 - INFO - Last page 4 is the same as this page. Stopping.
2025-06-22 19:19:53 - INFO - Знайдено актуальних оголошень: 0
2025-06-22 19:19:53 - INFO - ✅ HTML файл збережено: magnat.html
2025-06-22 19:19:53 - INFO - Обробка URL: https://www.olx.pl/elektronika/sprzet-audio/q-wzmaczniacz/?courier=1, JSON: wzmaczniacz.json, Thread ID: 5
2025-06-22 19:19:53 - INFO - Знайдено старих оголошень: 310
2025-06-22 19:20:11 - INFO - Знайдено актуальних оголошень: 0
2025-06-22 19:20:11 - INFO - ✅ HTML файл збережено: wzmaczniacz.html
2025-06-22 20:26:49 - INFO - Обробка URL: https://www.olx.pl/elektronika/sprzet-audio/glosniki-i-kolumny/q-magnat/?courier=1, JSON: magnat.json, Thread ID: 2
2025-06-22 20:26:49 - INFO - Знайдено старих оголошень: 681
2025-06-22 20:26:59 - INFO - Last page 4 is the same as this page. Stopping.
2025-06-22 20:26:59 - INFO - Знайдено актуальних оголошень: 0
2025-06-22 20:26:59 - INFO - ✅ HTML файл збережено: magnat.html
2025-06-22 20:26:59 - INFO - Обробка URL: https://www.olx.pl/elektronika/sprzet-audio/q-wzmaczniacz/?courier=1, JSON: wzmaczniacz.json, Thread ID: 5
2025-06-22 20:26:59 - INFO - Знайдено старих оголошень: 310
2025-06-22 20:27:21 - INFO - Знайдено актуальних оголошень: 0
2025-06-22 20:27:21 - INFO - ✅ HTML файл збережено: wzmaczniacz.html
2025-06-22 21:23:23 - INFO - Обробка URL: https://www.olx.pl/elektronika/sprzet-audio/glosniki-i-kolumny/q-magnat/?courier=1, JSON: magnat.json, Thread ID: 2
2025-06-22 21:23:23 - INFO - Знайдено старих оголошень: 681
2025-06-22 21:23:38 - INFO - Last page 4 is the same as this page. Stopping.
2025-06-22 21:23:38 - INFO - Знайдено актуальних оголошень: 0
2025-06-22 21:23:38 - INFO - ✅ HTML файл збережено: magnat.html
2025-06-22 21:23:38 - INFO - Обробка URL: https://www.olx.pl/elektronika/sprzet-audio/q-wzmaczniacz/?courier=1, JSON: wzmaczniacz.json, Thread ID: 5
2025-06-22 21:23:38 - INFO - Знайдено старих оголошень: 310
2025-06-22 21:23:56 - INFO - Знайдено актуальних оголошень: 0
2025-06-22 21:23:56 - INFO - ✅ HTML файл збережено: wzmaczniacz.html
