2025-06-02 03:54:31 - INFO - Обробка URL: https://www.olx.pl/elektronika/sprzet-audio/glosniki-i-kolumny/q-magnat/?courier=1, JSON: magnat.json, Thread ID: 2
2025-06-02 03:54:31 - INFO - Знайдено старих оголошень: 647
2025-06-02 03:54:44 - INFO - Last page 4 is the same as this page. Stopping.
2025-06-02 03:54:44 - INFO - Знайдено актуальних оголошень: 0
2025-06-02 03:54:44 - INFO - ✅ HTML файл збережено: magnat.html
2025-06-02 03:54:44 - INFO - Обробка URL: https://www.olx.pl/elektronika/sprzet-audio/q-wzmaczniacz/?courier=1, JSON: wzmaczniacz.json, Thread ID: 5
2025-06-02 03:54:44 - INFO - Знайдено старих оголошень: 254
2025-06-02 03:54:48 - INFO - NEW {'title': 'Wzmaczniacz amplituner Kenwood KAF-1010', 'link': 'https://www.olx.pl/d/oferta/wzmaczniacz-amplituner-kenwood-kaf-1010-CID99-IDWTUWw.html', 'price': '170 zł', 'status': 'active', 'date_found': '2025-06-02 03:54', 'date_removed': None, 'description': 'Wzmacniacz stereo amplituner Kenwood KAF-1010Sprawny', 'images': ['https://ireland.apollo.olxcdn.com:443/v1/files/9rbyw8p4acsl1-PL/image;s=1020x765', 'https://ireland.apollo.olxcdn.com:443/v1/files/xcpd72e5rh2y1-PL/image;s=1020x765', 'https://ireland.apollo.olxcdn.com:443/v1/files/jhbqho401c9o2-PL/image;s=1020x765', 'https://ireland.apollo.olxcdn.com:443/v1/files/b62q9y0323nf1-PL/image;s=1020x765', 'https://ireland.apollo.olxcdn.com:443/v1/files/igkfyat3b9pm2-PL/image;s=1020x765'], 'published_date': '2025-06-02 o 02:54', 'location': ''}
2025-06-02 03:54:48 - INFO - Parsed page 1, found 1 new ads.
2025-06-02 03:55:01 - INFO - Знайдено актуальних оголошень: 1
2025-06-02 03:55:01 - INFO - Додаємо https://www.olx.pl/d/oferta/wzmaczniacz-amplituner-kenwood-kaf-1010-CID99-IDWTUWw.html.
2025-06-02 03:55:16 - INFO - Successfully sent message for ad: Wzmaczniacz amplituner Kenwood KAF-1010
2025-06-02 03:55:16 - INFO - ✅ HTML файл збережено: wzmaczniacz.html
2025-06-02 06:39:06 - INFO - Обробка URL: https://www.olx.pl/elektronika/sprzet-audio/glosniki-i-kolumny/q-magnat/?courier=1, JSON: magnat.json, Thread ID: 2
2025-06-02 06:39:06 - INFO - Знайдено старих оголошень: 647
2025-06-02 06:39:17 - INFO - Last page 4 is the same as this page. Stopping.
2025-06-02 06:39:17 - INFO - Знайдено актуальних оголошень: 0
2025-06-02 06:39:17 - INFO - ✅ HTML файл збережено: magnat.html
2025-06-02 06:39:17 - INFO - Обробка URL: https://www.olx.pl/elektronika/sprzet-audio/q-wzmaczniacz/?courier=1, JSON: wzmaczniacz.json, Thread ID: 5
2025-06-02 06:39:17 - INFO - Знайдено старих оголошень: 255
2025-06-02 06:39:33 - INFO - Знайдено актуальних оголошень: 0
2025-06-02 06:39:33 - INFO - ✅ HTML файл збережено: wzmaczniacz.html
2025-06-02 07:26:13 - INFO - Обробка URL: https://www.olx.pl/elektronika/sprzet-audio/glosniki-i-kolumny/q-magnat/?courier=1, JSON: magnat.json, Thread ID: 2
2025-06-02 07:26:13 - INFO - Знайдено старих оголошень: 647
2025-06-02 07:26:23 - INFO - Last page 4 is the same as this page. Stopping.
2025-06-02 07:26:23 - INFO - Знайдено актуальних оголошень: 0
2025-06-02 07:26:23 - INFO - ✅ HTML файл збережено: magnat.html
2025-06-02 07:26:23 - INFO - Обробка URL: https://www.olx.pl/elektronika/sprzet-audio/q-wzmaczniacz/?courier=1, JSON: wzmaczniacz.json, Thread ID: 5
2025-06-02 07:26:23 - INFO - Знайдено старих оголошень: 255
2025-06-02 07:26:41 - INFO - Знайдено актуальних оголошень: 0
2025-06-02 07:26:41 - INFO - ✅ HTML файл збережено: wzmaczniacz.html
