2025-06-10 03:51:26 - INFO - Обробка URL: https://www.olx.pl/elektronika/sprzet-audio/glosniki-i-kolumny/q-magnat/?courier=1, JSON: magnat.json, Thread ID: 2
2025-06-10 03:51:26 - INFO - Знайдено старих оголошень: 653
2025-06-10 03:51:39 - INFO - Last page 4 is the same as this page. Stopping.
2025-06-10 03:51:39 - INFO - Знайдено актуальних оголошень: 0
2025-06-10 03:51:39 - INFO - ✅ HTML файл збережено: magnat.html
2025-06-10 03:51:39 - INFO - Обробка URL: https://www.olx.pl/elektronika/sprzet-audio/q-wzmaczniacz/?courier=1, JSON: wzmaczniacz.json, Thread ID: 5
2025-06-10 03:51:39 - INFO - Знайдено старих оголошень: 275
2025-06-10 03:51:55 - INFO - Знайдено актуальних оголошень: 0
2025-06-10 03:51:55 - INFO - ✅ HTML файл збережено: wzmaczniacz.html
2025-06-10 06:37:42 - INFO - Обробка URL: https://www.olx.pl/elektronika/sprzet-audio/glosniki-i-kolumny/q-magnat/?courier=1, JSON: magnat.json, Thread ID: 2
2025-06-10 06:37:42 - INFO - Знайдено старих оголошень: 653
2025-06-10 06:37:54 - INFO - Last page 4 is the same as this page. Stopping.
2025-06-10 06:37:54 - INFO - Знайдено актуальних оголошень: 0
2025-06-10 06:37:54 - INFO - ✅ HTML файл збережено: magnat.html
2025-06-10 06:37:54 - INFO - Обробка URL: https://www.olx.pl/elektronika/sprzet-audio/q-wzmaczniacz/?courier=1, JSON: wzmaczniacz.json, Thread ID: 5
2025-06-10 06:37:54 - INFO - Знайдено старих оголошень: 275
2025-06-10 06:38:11 - INFO - Знайдено актуальних оголошень: 0
2025-06-10 06:38:11 - INFO - ✅ HTML файл збережено: wzmaczniacz.html
2025-06-10 07:25:13 - INFO - Обробка URL: https://www.olx.pl/elektronika/sprzet-audio/glosniki-i-kolumny/q-magnat/?courier=1, JSON: magnat.json, Thread ID: 2
2025-06-10 07:25:13 - INFO - Знайдено старих оголошень: 653
2025-06-10 07:25:26 - INFO - Last page 4 is the same as this page. Stopping.
2025-06-10 07:25:26 - INFO - Знайдено актуальних оголошень: 0
2025-06-10 07:25:26 - INFO - ✅ HTML файл збережено: magnat.html
2025-06-10 07:25:26 - INFO - Обробка URL: https://www.olx.pl/elektronika/sprzet-audio/q-wzmaczniacz/?courier=1, JSON: wzmaczniacz.json, Thread ID: 5
2025-06-10 07:25:26 - INFO - Знайдено старих оголошень: 275
2025-06-10 07:25:42 - INFO - Знайдено актуальних оголошень: 0
2025-06-10 07:25:42 - INFO - ✅ HTML файл збережено: wzmaczniacz.html
2025-06-10 08:35:22 - INFO - Обробка URL: https://www.olx.pl/elektronika/sprzet-audio/glosniki-i-kolumny/q-magnat/?courier=1, JSON: magnat.json, Thread ID: 2
2025-06-10 08:35:22 - INFO - Знайдено старих оголошень: 653
2025-06-10 08:35:34 - INFO - Last page 4 is the same as this page. Stopping.
2025-06-10 08:35:34 - INFO - Знайдено актуальних оголошень: 0
2025-06-10 08:35:34 - INFO - ✅ HTML файл збережено: magnat.html
2025-06-10 08:35:34 - INFO - Обробка URL: https://www.olx.pl/elektronika/sprzet-audio/q-wzmaczniacz/?courier=1, JSON: wzmaczniacz.json, Thread ID: 5
2025-06-10 08:35:34 - INFO - Знайдено старих оголошень: 275
2025-06-10 08:35:49 - INFO - Знайдено актуальних оголошень: 0
2025-06-10 08:35:49 - INFO - ✅ HTML файл збережено: wzmaczniacz.html
2025-06-10 09:28:41 - INFO - Обробка URL: https://www.olx.pl/elektronika/sprzet-audio/glosniki-i-kolumny/q-magnat/?courier=1, JSON: magnat.json, Thread ID: 2
2025-06-10 09:28:41 - INFO - Знайдено старих оголошень: 653
2025-06-10 09:28:53 - INFO - Last page 4 is the same as this page. Stopping.
2025-06-10 09:28:53 - INFO - Знайдено актуальних оголошень: 0
2025-06-10 09:28:53 - INFO - ✅ HTML файл збережено: magnat.html
2025-06-10 09:28:53 - INFO - Обробка URL: https://www.olx.pl/elektronika/sprzet-audio/q-wzmaczniacz/?courier=1, JSON: wzmaczniacz.json, Thread ID: 5
2025-06-10 09:28:53 - INFO - Знайдено старих оголошень: 275
2025-06-10 09:29:11 - INFO - Знайдено актуальних оголошень: 0
2025-06-10 09:29:11 - INFO - ✅ HTML файл збережено: wzmaczniacz.html
2025-06-10 10:29:05 - INFO - Обробка URL: https://www.olx.pl/elektronika/sprzet-audio/glosniki-i-kolumny/q-magnat/?courier=1, JSON: magnat.json, Thread ID: 2
2025-06-10 10:29:05 - INFO - Знайдено старих оголошень: 653
2025-06-10 10:29:18 - INFO - Last page 4 is the same as this page. Stopping.
2025-06-10 10:29:18 - INFO - Знайдено актуальних оголошень: 0
2025-06-10 10:29:18 - INFO - ✅ HTML файл збережено: magnat.html
2025-06-10 10:29:18 - INFO - Обробка URL: https://www.olx.pl/elektronika/sprzet-audio/q-wzmaczniacz/?courier=1, JSON: wzmaczniacz.json, Thread ID: 5
2025-06-10 10:29:18 - INFO - Знайдено старих оголошень: 275
2025-06-10 10:29:35 - INFO - Знайдено актуальних оголошень: 0
2025-06-10 10:29:35 - INFO - ✅ HTML файл збережено: wzmaczniacz.html
2025-06-10 11:22:21 - INFO - Обробка URL: https://www.olx.pl/elektronika/sprzet-audio/glosniki-i-kolumny/q-magnat/?courier=1, JSON: magnat.json, Thread ID: 2
2025-06-10 11:22:21 - INFO - Знайдено старих оголошень: 653
2025-06-10 11:22:32 - INFO - Last page 4 is the same as this page. Stopping.
2025-06-10 11:22:32 - INFO - Знайдено актуальних оголошень: 0
2025-06-10 11:22:32 - INFO - ✅ HTML файл збережено: magnat.html
2025-06-10 11:22:32 - INFO - Обробка URL: https://www.olx.pl/elektronika/sprzet-audio/q-wzmaczniacz/?courier=1, JSON: wzmaczniacz.json, Thread ID: 5
2025-06-10 11:22:32 - INFO - Знайдено старих оголошень: 275
2025-06-10 11:22:47 - INFO - Знайдено актуальних оголошень: 0
2025-06-10 11:22:47 - INFO - ✅ HTML файл збережено: wzmaczniacz.html
2025-06-10 12:55:27 - INFO - Обробка URL: https://www.olx.pl/elektronika/sprzet-audio/glosniki-i-kolumny/q-magnat/?courier=1, JSON: magnat.json, Thread ID: 2
2025-06-10 12:55:27 - INFO - Знайдено старих оголошень: 653
2025-06-10 12:55:32 - INFO - NEW {'title': 'Subwoofer Magnat BS30', 'link': 'https://www.olx.pl/d/oferta/subwoofer-magnat-bs30-CID99-ID161kDy.html', 'price': '100 zł', 'status': 'active', 'date_found': '2025-06-10 12:55', 'date_removed': None, 'description': 'Witam, do zaoferowania subwoofer jak w temacie ,  sprawny .', 'images': ['https://ireland.apollo.olxcdn.com:443/v1/files/plxuqe2gybrj-PL/image;s=1024x768', 'https://ireland.apollo.olxcdn.com:443/v1/files/ykpo6ia2rmbp3-PL/image;s=1024x768', 'https://ireland.apollo.olxcdn.com:443/v1/files/g3cnptlz67k22-PL/image;s=1024x768', 'https://ireland.apollo.olxcdn.com:443/v1/files/qe1z5ak67s5k3-PL/image;s=768x1024'], 'published_date': '28 maja 2025', 'location': ''}
2025-06-10 12:55:32 - INFO - Parsed page 1, found 1 new ads.
2025-06-10 12:55:41 - INFO - Last page 4 is the same as this page. Stopping.
2025-06-10 12:55:41 - INFO - Знайдено актуальних оголошень: 1
2025-06-10 12:55:41 - INFO - Додаємо https://www.olx.pl/d/oferta/subwoofer-magnat-bs30-CID99-ID161kDy.html.
2025-06-10 12:55:47 - INFO - Successfully sent message for ad: Subwoofer Magnat BS30
2025-06-10 12:55:47 - INFO - ✅ HTML файл збережено: magnat.html
2025-06-10 12:55:47 - INFO - Обробка URL: https://www.olx.pl/elektronika/sprzet-audio/q-wzmaczniacz/?courier=1, JSON: wzmaczniacz.json, Thread ID: 5
2025-06-10 12:55:47 - INFO - Знайдено старих оголошень: 275
2025-06-10 12:56:04 - INFO - Знайдено актуальних оголошень: 0
2025-06-10 12:56:04 - INFO - ✅ HTML файл збережено: wzmaczniacz.html
2025-06-10 13:38:34 - INFO - Обробка URL: https://www.olx.pl/elektronika/sprzet-audio/glosniki-i-kolumny/q-magnat/?courier=1, JSON: magnat.json, Thread ID: 2
2025-06-10 13:38:34 - INFO - Знайдено старих оголошень: 654
2025-06-10 13:38:47 - INFO - Last page 4 is the same as this page. Stopping.
2025-06-10 13:38:47 - INFO - Знайдено актуальних оголошень: 0
2025-06-10 13:38:47 - INFO - ✅ HTML файл збережено: magnat.html
2025-06-10 13:38:47 - INFO - Обробка URL: https://www.olx.pl/elektronika/sprzet-audio/q-wzmaczniacz/?courier=1, JSON: wzmaczniacz.json, Thread ID: 5
2025-06-10 13:38:47 - INFO - Знайдено старих оголошень: 275
2025-06-10 13:39:03 - INFO - Знайдено актуальних оголошень: 0
2025-06-10 13:39:03 - INFO - ✅ HTML файл збережено: wzmaczniacz.html
2025-06-10 14:26:50 - INFO - Обробка URL: https://www.olx.pl/elektronika/sprzet-audio/glosniki-i-kolumny/q-magnat/?courier=1, JSON: magnat.json, Thread ID: 2
2025-06-10 14:26:50 - INFO - Знайдено старих оголошень: 654
2025-06-10 14:26:53 - INFO - NEW {'title': 'Potężne Magnat monitor supreme 2002 1szt.', 'link': 'https://www.olx.pl/d/oferta/potezne-magnat-monitor-supreme-2002-1szt-CID99-ID15XWj2.html', 'price': '650 zł', 'status': 'active', 'date_found': '2025-06-10 14:26', 'date_removed': None, 'description': 'Dzień dobry,Na sprzedaż posiadam Magnat Monitor Supreme 2002 ogłoszenie dotyczy 1 sztuki, jestem ich pierwszym wlascicielem. Kolumny 100% sprawne, żadnych uszkodzeń. Posiadam je 4 lata. Sa to kolumny nadające się do systemu stereo czy kina domowego, potężny dźwięk, konstrukcja bass refleks. Kolor mocca. Kolumny spakowane w oryginalnych kartonach. Opis i specyfikacja w internecie. Zachęcam do zakupu - bardzo dobry stan, nie katowane. Preferowany odbiór osobisty', 'images': ['https://ireland.apollo.olxcdn.com:443/v1/files/4fxb1yk77sv61-PL/image;s=1500x2000', 'https://ireland.apollo.olxcdn.com:443/v1/files/vhxd9jvio08v2-PL/image;s=1500x2000', 'https://ireland.apollo.olxcdn.com:443/v1/files/6foez27gsv6d1-PL/image;s=1500x2000', 'https://ireland.apollo.olxcdn.com:443/v1/files/pg9xo0tg3ol81-PL/image;s=1500x2000'], 'published_date': '24 maja 2025', 'location': ''}
2025-06-10 14:26:53 - INFO - Parsed page 1, found 1 new ads.
2025-06-10 14:27:01 - INFO - Last page 4 is the same as this page. Stopping.
2025-06-10 14:27:01 - INFO - Знайдено актуальних оголошень: 1
2025-06-10 14:27:01 - INFO - Додаємо https://www.olx.pl/d/oferta/potezne-magnat-monitor-supreme-2002-1szt-CID99-ID15XWj2.html.
2025-06-10 14:27:09 - INFO - Successfully sent message for ad: Potężne Magnat monitor supreme 2002 1szt.
2025-06-10 14:27:09 - INFO - ✅ HTML файл збережено: magnat.html
2025-06-10 14:27:09 - INFO - Обробка URL: https://www.olx.pl/elektronika/sprzet-audio/q-wzmaczniacz/?courier=1, JSON: wzmaczniacz.json, Thread ID: 5
2025-06-10 14:27:09 - INFO - Знайдено старих оголошень: 275
2025-06-10 14:27:25 - INFO - Знайдено актуальних оголошень: 0
2025-06-10 14:27:25 - INFO - ✅ HTML файл збережено: wzmaczniacz.html
2025-06-10 15:27:45 - INFO - Обробка URL: https://www.olx.pl/elektronika/sprzet-audio/glosniki-i-kolumny/q-magnat/?courier=1, JSON: magnat.json, Thread ID: 2
2025-06-10 15:27:45 - INFO - Знайдено старих оголошень: 655
2025-06-10 15:27:56 - INFO - NEW {'title': 'Soundbar Harman Kardon Multibeam 1100 / Nowy', 'link': 'https://www.olx.pl/d/oferta/soundbar-harman-kardon-multibeam-1100-nowy-CID99-ID16a7Cm.html', 'price': '3 290 zł', 'status': 'active', 'date_found': '2025-06-10 15:27', 'date_removed': None, 'description': 'Na sprzedaż fabrycznie nowy soundbar Harman Kardon Multibeam 1100Soundbar został zakupiony 29-01-25 od głównego dystrybutora w Wielkiej BrytaniiGwarancja jest do 28-01-27W razie takiej potrzeby gwarancja będzie realizowana w Wielkiej Brytanii z moją pomocąPotwierdzenie zakupu zostanie przekazane przy sprzedażyPosiadam również kolor czarnyPiękny dźwięk 3D, który Cię otacza.Twoja muzyka. Twoje filmy. Twoje gry. Teraz na zupełnie innym poziomie. Dzięki technologii MultiBeam i 11 przetwornikom, w tym 2 kanałom skierowanym w górę dla Dolby Atmos, soundbar Harman Kardon Citation MultiBeam 1100 zapewnia bogate basy i głęboki, kinowy dźwięk przestrzenny 3D. Eleganckie wzornictwo doskonale pasuje do pięknego dźwięku. Intuicyjne sterowanie, złącze HDMI eARC i automatyczna kalibracja pomieszczenia sprawiają, że konfiguracja jest bezproblemowa. Ciesz się muzyką HD z ponad 300 serwisów streamingowych z wykorzystaniem rozwiązań AirPlay, Alexa Multi-Room Music* i Chromecast built-in. Soundbar jest kompatybilny z głośnikami obsługującymi asystenta głosowego, co pozwala sterować muzyką za pomocą głosu. System Citation MultiBeam 1100 firmy Harman Kardon. To nie tylko dźwięk. To również doświadczenie.Dźwięk przestrzenny 3D z Dolby Atmos i MultiBeamZanurz się w ulubionej muzyce, filmach i grach dzięki Dolby Atmos i MultiBeam z pięknie wykonanego soundbara. Kanały skierowane w górę zapewniają wielowymiarowy dźwięk przestrzenny, a technologia MultiBeam tworzy szerszą scenę dźwiękową wokół Ciebie.AirPlay, Alexa Multi-Room Music (MRM) i Chromecast built-inRelaksuj się, ożywiaj i odkrywaj. Harman Kardon Citation MultiBeam 1100 zapewnia dostęp do ponad 300 serwisów muzycznych online poprzez AirPlay, Alexa MRM i Chromecast built-in. Słuchaj ulubionych treści audio, internetowych stacji radiowych, podcastów i dźwięku w systemie multiroom w zachwycającej jakości.Wyjątkowy designEstetyka charakterystyczna dla Harman Kardon w postaci wysokiej jakości materiałów, jest widoczna w każdym elemencie konstrukcji – od tkaniny Kvadrat z prawdziwej wełny po efektowne metaliczne detale. Dzięki ponadczasowemu wzornictwu Citation MultiBeam 1100 idealnie komponuje się z każdym typem telewizora i dopełnia wystrój domu.Inteligentna poprawa dialogów dzięki technologii Harman PureVoicePureVoice zapewnia krystaliczną czystość mowy przy dowolnym poziomie głośności, dzięki czemu możesz cieszyć się głośną akcją lub cichymi, dramatycznymi momentami i wciąż słyszeć dialog.Uniwersalny system dźwiękowyŚwiatowej klasy konstrukcja audio firmy Harman Kardon sprawia, że soundbar Citation MultiBeam 1100 zapewnia głębokie, bogate basy i ekscytujące efekty akustyczne dzięki jednemu eleganckiemu urządzeniu bez konieczności stosowania dodatkowych elementów.Kalibracja dźwiękuCitation MultiBeam 1100 zabrzmi najlepiej w każdym pomieszczeniu, w którym go umieścisz. Niezależnie od tego, czy jest zamontowany na ścianie, czy postawiony na półce, kalibracja dźwięku równoważy strojenie dźwięku i efekt dźwięku przestrzennego 3D, zapewniając naturalne, dokładne wrażenia w miejscu odsłuchu.Bezprzewodowe przesyłanie strumieniowe przez BluetoothNależy pamiętać, że spektakularny dźwięk Citation MultiBeam 1100 nie jest przeznaczony tylko do filmów. Usłysz muzykę jak nigdy dotąd dzięki wygodnemu bezprzewodowemu przesyłaniu strumieniowemu ze wszystkich urządzeń Bluetooth.HDMI eARCSystem Citation MultiBeam 1100 jest zgodny z najnowszymi telewizorami na rynku, zapewniając bezpośrednie połączenie z najwyższej jakości, nieskompresowanym dźwiękiem przestrzennym Dolby Atmos.Funkcja Ultra HD 4K Pass-Through z technologią Dolby VisionUzyskaj najlepszą możliwą jakość obrazu, dzięki kompatybilnym źródłom multimediów i usługom strumieniowania. Wystarczy podłączyć się za pomocą wejścia HDMI na panelu przyłączeniowym.Wielofunkcyjny wyświetlacz dotykowy LCDJasny wyświetlacz dotykowy LCD zapewnia bezproblemowe wrażenia dla użytkownika, od intuicyjnej konfiguracji po szybkie spojrzenie na to, co jest odtwarzane. Wszystkie Twoje multimedia są teraz na wyciągnięcie ręki.Przygotuj się na wielokanałowy dźwięk przestrzennyDlaczego warto zatrzymać się przy perfekcji? Skorzystaj z dodatkowych elementów głośników Citation, takich jak subwoofery Sub lub Sub S, aby uzyskać pulsujące basy, bądź głośników Surround, aby stworzyć system wielokanałowy w konfiguracji 5.1.2.Kluczowe cechy :Dźwięk przestrzenny 3D z Dolby Atmos i MultiBeamAirPlay, Alexa Multi-Room Music (MRM) i Chromecast built-inWyjątkowy designInteligentna poprawa dialogów dzięki technologii Harman PureVoiceUniwersalny system dźwiękowyKalibracja dźwiękuBezprzewodowe przesyłanie strumieniowe przez BluetoothHDMI eARCFunkcja Ultra HD 4K Pass-Through z technologią Dolby VisionWielofunkcyjny wyświetlacz dotykowy LCDPrzygotuj się na wielokanałowy dźwięk przestrzennySpecyfikacja techniczna:Zasilanie: 100 – 240 V AC, ~ 50/60 HzCałkowita moc wyjściowa (maks. przy THD 1%): 630 WMoc wyjściowa soundbara (maks. przy THD 1%): 8 x 60 W przetwornik niskotonowy pełnozakresowy i 3 x 50 W przetwornik wysokotonowyPrzetworniki soundbara: 6 przetworników racetrack (55×90 mm),3 przetworniki wysokotonowe (25 mm), 2 przetworniki skierowane w górę (70 mm)Pobór mocy w sieciowym trybie czuwania:Temperatura pracy: 0C–45CWejście wideo HDMI: 1Wyjście wideo HDMI (z ulepszonym kanałem zwrotnym audio eARC): 1Wersja HDMI HDCP: 2.3HDR: HDR10, Dolby VisionPasmo przenoszenia: 52 Hz–20 kHz (-6 dB)Wejścia audio: 1 optyczne, Bluetooth, wbudowany Chromecast, AirPlay, Alexa MRMPort USB: Typ A (Tylko do serwisowania)USB: 5 V DC; 0,5 AWersja Bluetooth: 5.0Profil Bluetooth: A2DP 1.2, AVRCP 1.5Zakres częstotliwości nadajnika Bluetooth: 2400 MHz–2483,5 MHzSłowa kluczowe:AKG, Anthem, Apple, Arcam, Atoll, Audiolab, Bang&Olufsen, Beats Bluesound, Bose, Bowers&Wilkins Cambridge Audio, Copland, Creek, Cyrus, Denon, Devialet, Emotiva, Exposure, Harman Kardon, Heed, Hegel, JBL, KEF, Klipsch, Krell, Linn, Luxman, Lyngdorf, Magnat, Marantz, McIntosh, Moon, Musical Fidelity, NAD, Naim Audio, Onkyo, Panasonic, Parasound, Pioneer, Philips, Primaluna, Primare, Pro-Ject, Rega, Roksan, Rotel, Sansui, Sennheiser, Sonos, Sony, Technics, Trinnov, Unison Research, Vincent, Xindak, Yamaha, Yaqin', 'images': ['https://ireland.apollo.olxcdn.com:443/v1/files/xj3hv532jruv2-PL/image;s=1000x631', 'https://ireland.apollo.olxcdn.com:443/v1/files/oqqbht1344zp3-PL/image;s=1000x397', 'https://ireland.apollo.olxcdn.com:443/v1/files/fcpf9me3agnh-PL/image;s=1073x393', 'https://ireland.apollo.olxcdn.com:443/v1/files/1pl2zv4w9kc72-PL/image;s=1080x449', 'https://ireland.apollo.olxcdn.com:443/v1/files/gq1aqvkk28rs3-PL/image;s=1080x1406'], 'published_date': '09 czerwca 2025', 'location': ''}
2025-06-10 15:27:56 - INFO - Parsed page 3, found 1 new ads.
2025-06-10 15:27:59 - INFO - Last page 4 is the same as this page. Stopping.
2025-06-10 15:27:59 - INFO - Знайдено актуальних оголошень: 1
2025-06-10 15:27:59 - INFO - Додаємо https://www.olx.pl/d/oferta/soundbar-harman-kardon-multibeam-1100-nowy-CID99-ID16a7Cm.html.
2025-06-10 15:28:13 - INFO - Successfully sent message for ad: Soundbar Harman Kardon Multibeam 1100 / Nowy
2025-06-10 15:28:13 - INFO - ✅ HTML файл збережено: magnat.html
2025-06-10 15:28:13 - INFO - Обробка URL: https://www.olx.pl/elektronika/sprzet-audio/q-wzmaczniacz/?courier=1, JSON: wzmaczniacz.json, Thread ID: 5
2025-06-10 15:28:13 - INFO - Знайдено старих оголошень: 275
2025-06-10 15:28:33 - INFO - Знайдено актуальних оголошень: 0
2025-06-10 15:28:33 - INFO - ✅ HTML файл збережено: wzmaczniacz.html
2025-06-10 16:34:05 - INFO - Обробка URL: https://www.olx.pl/elektronika/sprzet-audio/glosniki-i-kolumny/q-magnat/?courier=1, JSON: magnat.json, Thread ID: 2
2025-06-10 16:34:05 - INFO - Знайдено старих оголошень: 656
2025-06-10 16:34:09 - INFO - NEW {'title': 'Subwoofer magnat 2120', 'link': 'https://www.olx.pl/d/oferta/subwoofer-magnat-2120-CID99-ID16btCO.html', 'price': '570 zł', 'status': 'active', 'date_found': '2025-06-10 16:34', 'date_removed': None, 'description': 'Sprzedam subwoofer firmy magnat w pełni sprawny. Preferowany odbiór osobisty.', 'images': ['https://ireland.apollo.olxcdn.com:443/v1/files/ngjt7l6cwk6v1-PL/image;s=4000x3000'], 'published_date': '2025-06-10 o 15:43', 'location': ''}
2025-06-10 16:34:09 - INFO - Parsed page 1, found 1 new ads.
2025-06-10 16:34:17 - INFO - Last page 4 is the same as this page. Stopping.
2025-06-10 16:34:17 - INFO - Знайдено актуальних оголошень: 1
2025-06-10 16:34:17 - INFO - Додаємо https://www.olx.pl/d/oferta/subwoofer-magnat-2120-CID99-ID16btCO.html.
2025-06-10 16:34:19 - INFO - Successfully sent message for ad: Subwoofer magnat 2120
2025-06-10 16:34:19 - INFO - ✅ HTML файл збережено: magnat.html
2025-06-10 16:34:19 - INFO - Обробка URL: https://www.olx.pl/elektronika/sprzet-audio/q-wzmaczniacz/?courier=1, JSON: wzmaczniacz.json, Thread ID: 5
2025-06-10 16:34:19 - INFO - Знайдено старих оголошень: 275
2025-06-10 16:34:37 - INFO - Знайдено актуальних оголошень: 0
2025-06-10 16:34:37 - INFO - ✅ HTML файл збережено: wzmaczniacz.html
