2025-05-17 03:40:20 - INFO - Found old 592 ads.
2025-05-17 03:40:41 - INFO - NEW {'title': 'FB PILL Bezprzewodowy GŁOŚNIK BLUETOOTH Radioodtwarzacz MP3 USB SD LED', 'link': 'https://www.olx.pl/d/oferta/fb-pill-bezprzewodowy-glosnik-bluetooth-radioodtwarzacz-mp3-usb-sd-led-CID99-ID11r1jK.html', 'price': '99 zł', 'status': 'active', 'date_found': '2025-05-17 03:40', 'date_removed': None, 'description': '', 'images': [], 'location': ''}
2025-05-17 03:40:56 - INFO - Parsed page 1, found 1 new ads.
2025-05-17 03:42:13 - INFO - NEW {'title': 'BOOMBOX Kolumna Nagłośnieniowa SUBWOOFER Głośnik BLUETOOTH Radio Wieża', 'link': 'https://www.olx.pl/d/oferta/boombox-kolumna-naglosnieniowa-subwoofer-glosnik-bluetooth-radio-wieza-CID99-ID11ld0j.html', 'price': '425 zł', 'status': 'active', 'date_found': '2025-05-17 03:42', 'date_removed': None, 'description': '', 'images': [], 'location': ''}
2025-05-17 03:42:14 - INFO - Parsed page 11, found 1 new ads.
2025-05-17 03:42:25 - INFO - Last page 13 is the same as this page. Stopping.
2025-05-17 03:42:25 - INFO - Found actual 2 ads.
2025-05-17 03:42:25 - INFO - Додаємо https://www.olx.pl/d/oferta/fb-pill-bezprzewodowy-glosnik-bluetooth-radioodtwarzacz-mp3-usb-sd-led-CID99-ID11r1jK.html.
2025-05-17 03:42:27 - INFO - Додаємо https://www.olx.pl/d/oferta/boombox-kolumna-naglosnieniowa-subwoofer-glosnik-bluetooth-radio-wieza-CID99-ID11ld0j.html.
2025-05-17 03:42:28 - INFO - ✅ HTML файл збережено: index.html
2025-05-17 06:33:26 - INFO - Found old 594 ads.
2025-05-17 06:34:31 - INFO - Last page 13 is the same as this page. Stopping.
2025-05-17 06:34:31 - INFO - Found actual 0 ads.
2025-05-17 06:34:31 - INFO - ✅ HTML файл збережено: index.html
2025-05-17 07:22:21 - INFO - Found old 594 ads.
2025-05-17 07:23:13 - INFO - Last page 13 is the same as this page. Stopping.
2025-05-17 07:23:13 - INFO - Found actual 0 ads.
2025-05-17 07:23:13 - INFO - ✅ HTML файл збережено: index.html
2025-05-17 08:30:09 - INFO - Found old 594 ads.
2025-05-17 08:30:56 - INFO - Last page 13 is the same as this page. Stopping.
2025-05-17 08:30:56 - INFO - Found actual 0 ads.
2025-05-17 08:30:56 - INFO - ✅ HTML файл збережено: index.html
2025-05-17 09:24:40 - INFO - Found old 594 ads.
2025-05-17 09:25:11 - INFO - NEW {'title': 'Kolumny głośniki Magnat sounforce 1200  300watt', 'link': 'https://www.olx.pl/d/oferta/kolumny-glosniki-magnat-sounforce-1200-300watt-CID99-ID15OZaK.html', 'price': '400 zł', 'status': 'active', 'date_found': '2025-05-17 09:25', 'date_removed': None, 'description': 'Witam jak w tytule sprzedam kolumny używane w dobrym stanie jedynie jedna kolumna ma rysę na grillu frontowym. Kolumny są wyposażone w gniazdo mocujące na statyw kolumnowy. Odbiór tylko osobisty!', 'images': ['https://ireland.apollo.olxcdn.com:443/v1/files/tqwhr2am1ob73-PL/image;s=1000x750', 'https://ireland.apollo.olxcdn.com:443/v1/files/lo3frz49183u1-PL/image;s=750x1000', 'https://ireland.apollo.olxcdn.com:443/v1/files/2ll9iv8qr2ny1-PL/image;s=750x1000', 'https://ireland.apollo.olxcdn.com:443/v1/files/okwkrkpb7dmf-PL/image;s=750x1000'], 'published_date': '14 maja 2025', 'location': ''}
2025-05-17 09:25:11 - INFO - Parsed page 7, found 1 new ads.
2025-05-17 09:25:47 - INFO - Last page 13 is the same as this page. Stopping.
2025-05-17 09:25:47 - INFO - Found actual 1 ads.
2025-05-17 09:25:47 - INFO - Додаємо https://www.olx.pl/d/oferta/kolumny-glosniki-magnat-sounforce-1200-300watt-CID99-ID15OZaK.html.
2025-05-17 09:25:49 - INFO - ✅ HTML файл збережено: index.html
2025-05-17 10:26:44 - INFO - Found old 595 ads.
2025-05-17 10:27:45 - INFO - Last page 13 is the same as this page. Stopping.
2025-05-17 10:27:45 - INFO - Found actual 0 ads.
2025-05-17 10:27:45 - INFO - ✅ HTML файл збережено: index.html
2025-05-17 11:19:07 - INFO - Found old 595 ads.
2025-05-17 11:20:03 - INFO - Last page 13 is the same as this page. Stopping.
2025-05-17 11:20:03 - INFO - Found actual 0 ads.
2025-05-17 11:20:03 - INFO - ✅ HTML файл збережено: index.html
2025-05-17 12:47:50 - INFO - Found old 595 ads.
2025-05-17 12:47:55 - INFO - NEW {'title': 'Magnat signature 507', 'link': 'https://www.olx.pl/d/oferta/magnat-signature-507-CID99-ID15RHkE.html', 'price': '3 100 zł', 'status': 'active', 'date_found': '2025-05-17 12:47', 'date_removed': None, 'description': 'Wystawiam na sprzedaż moje prywatne kolumny magnaty 507 w stanie idealnym wraz z podstawkami oraz pudełkiem wszystko to co dał producent odbiór osobisty w Warszawie na Ursynowie', 'images': ['https://ireland.apollo.olxcdn.com:443/v1/files/djm3qyulu5e43-PL/image;s=1500x2000', 'https://ireland.apollo.olxcdn.com:443/v1/files/dwh37lcehp6p-PL/image;s=1500x2000', 'https://ireland.apollo.olxcdn.com:443/v1/files/rlqlgi60pxyr-PL/image;s=1500x2000'], 'published_date': '2025-05-17 o 11:27', 'location': ''}
2025-05-17 12:47:57 - INFO - Parsed page 1, found 1 new ads.
2025-05-17 12:48:22 - INFO - NEW {'title': 'Kolumny stereo Technics SB-CH530A. 70Wx2 . Wysyłka', 'link': 'https://www.olx.pl/d/oferta/kolumny-stereo-technics-sb-ch530a-70wx2-wysylka-CID99-ID15zNrI.html', 'price': '100 zł', 'status': 'active', 'date_found': '2025-05-17 12:48', 'date_removed': None, 'description': 'Kolumny stereo Technics SB-CH530A.Wizualnie tak jak widać na zdjęciach, stan garażowy mają już sporo lat. Technicznie ładnie grają. basowe mają bas, soprany słychać wyraźnie. W jednym podmieniony głośnik wysokotonowy na lepszy i mocniejszy z kolumny Magnat jeśli dobrze pamiętam (oryginalny padł)Preferowany odbiór osobisty w Krakowie, będzie można przetestować posłuchać jak grająWymiary kolumn:wysokość 42 cm,szerokość 21 cmgłębokość 25 cmimpedancja 6 ohmmoc 35/70 wat każda.', 'images': ['https://ireland.apollo.olxcdn.com:443/v1/files/dhhfj0rmdwmv3-PL/image;s=1946x1876', 'https://ireland.apollo.olxcdn.com:443/v1/files/6io8nxxjq3tw2-PL/image;s=2604x2390', 'https://ireland.apollo.olxcdn.com:443/v1/files/ckhyh22zx7nc1-PL/image;s=2022x1763', 'https://ireland.apollo.olxcdn.com:443/v1/files/2xogc6iimc6l1-PL/image;s=2140x1684', 'https://ireland.apollo.olxcdn.com:443/v1/files/ckd99spnucdf2-PL/image;s=2626x2101', 'https://ireland.apollo.olxcdn.com:443/v1/files/d5lqs0zsong13-PL/image;s=1954x1781', 'https://ireland.apollo.olxcdn.com:443/v1/files/h8mb02a725iz1-PL/image;s=4000x3000', 'https://ireland.apollo.olxcdn.com:443/v1/files/qi7df3gac5be2-PL/image;s=4000x3000'], 'published_date': '10 maja 2025', 'location': ''}
2025-05-17 12:48:22 - INFO - Parsed page 9, found 1 new ads.
2025-05-17 12:48:28 - INFO - NEW {'title': 'SONY Audio Amplituner 7.1 - najwyższy model', 'link': 'https://www.olx.pl/d/oferta/sony-audio-amplituner-7-1-najwyzszy-model-CID99-IDQinz8.html', 'price': '3 300 zł', 'status': 'active', 'date_found': '2025-05-17 12:48', 'date_removed': None, 'description': 'Sprzedam zestaw widoczny na zdjęciachNajwyższy model SONY - najmocniejszydostępny tylko w Sony Centredokupiony tylko subwoofer - Magnattrochę za mocny ...ale lepiej za dużo niż za mało...odbiór osobistyewentualna wysyłka po zaliczce', 'images': ['https://ireland.apollo.olxcdn.com:443/v1/files/fn7lu0t5haf81-PL/image;s=1024x768', 'https://ireland.apollo.olxcdn.com:443/v1/files/t0cbpytt5nns2-PL/image;s=1024x768', 'https://ireland.apollo.olxcdn.com:443/v1/files/q51umi6utzna-PL/image;s=228x699', 'https://ireland.apollo.olxcdn.com:443/v1/files/bun9kchcy0k73-PL/image;s=1322x1600', 'https://ireland.apollo.olxcdn.com:443/v1/files/stse0avhrp2p3-PL/image;s=1337x1600', 'https://ireland.apollo.olxcdn.com:443/v1/files/qx90lz1gp2u72-PL/image;s=1000x938', 'https://ireland.apollo.olxcdn.com:443/v1/files/6wgj7yj7ayze2-PL/image;s=1482x1600', 'https://ireland.apollo.olxcdn.com:443/v1/files/v0afp96xkbwx2-PL/image;s=1600x1330'], 'published_date': '13 maja 2025', 'location': ''}
2025-05-17 12:48:30 - INFO - Parsed page 11, found 1 new ads.
2025-05-17 12:48:38 - INFO - Last page 13 is the same as this page. Stopping.
2025-05-17 12:48:38 - INFO - Found actual 3 ads.
2025-05-17 12:48:38 - INFO - Додаємо https://www.olx.pl/d/oferta/magnat-signature-507-CID99-ID15RHkE.html.
2025-05-17 12:48:41 - INFO - Додаємо https://www.olx.pl/d/oferta/kolumny-stereo-technics-sb-ch530a-70wx2-wysylka-CID99-ID15zNrI.html.
2025-05-17 12:48:43 - INFO - Додаємо https://www.olx.pl/d/oferta/sony-audio-amplituner-7-1-najwyzszy-model-CID99-IDQinz8.html.
2025-05-17 12:48:48 - INFO - ✅ HTML файл збережено: index.html
2025-05-17 13:29:28 - INFO - Found old 598 ads.
2025-05-17 13:30:14 - INFO - Last page 13 is the same as this page. Stopping.
2025-05-17 13:30:14 - INFO - Found actual 0 ads.
2025-05-17 13:30:14 - INFO - ✅ HTML файл збережено: index.html
2025-05-17 14:22:02 - INFO - Found old 598 ads.
2025-05-17 14:22:06 - INFO - NEW {'title': 'Kolumny Magnat 6 sztuk', 'link': 'https://www.olx.pl/d/oferta/kolumny-magnat-6-sztuk-CID99-ID15ROmS.html', 'price': '2 000 zł', 'status': 'active', 'date_found': '2025-05-17 14:22', 'date_removed': None, 'description': 'Stan bdb brak kabliŚwietna firma dobra moc', 'images': [], 'published_date': '2025-05-17 o 13:34', 'location': ''}
2025-05-17 14:22:07 - INFO - NEW {'title': 'Subwoofer Magnat supreme Sub 302A', 'link': 'https://www.olx.pl/d/oferta/subwoofer-magnat-supreme-sub-302a-CID99-ID15RNTh.html', 'price': '450 zł', 'status': 'active', 'date_found': '2025-05-17 14:22', 'date_removed': None, 'description': 'Sprzedam subwoofer firmy Magnat supreme sub 302A. Stan bardzo dobry. Kolor ciemny brąz/czekoladowy.', 'images': ['https://ireland.apollo.olxcdn.com:443/v1/files/11br1i53h0ca1-PL/image;s=717x1599', 'https://ireland.apollo.olxcdn.com:443/v1/files/tp1z46bysjel1-PL/image;s=717x1599', 'https://ireland.apollo.olxcdn.com:443/v1/files/mjo6uykbo61z2-PL/image;s=1599x717', 'https://ireland.apollo.olxcdn.com:443/v1/files/v6i9dzcar3pi2-PL/image;s=717x1599'], 'published_date': '2025-05-17 o 13:26', 'location': ''}
2025-05-17 14:22:12 - INFO - Parsed page 1, found 2 new ads.
2025-05-17 14:23:01 - INFO - Last page 13 is the same as this page. Stopping.
2025-05-17 14:23:01 - INFO - Found actual 2 ads.
2025-05-17 14:23:01 - INFO - Додаємо https://www.olx.pl/d/oferta/kolumny-magnat-6-sztuk-CID99-ID15ROmS.html.
2025-05-17 14:23:03 - INFO - Додаємо https://www.olx.pl/d/oferta/subwoofer-magnat-supreme-sub-302a-CID99-ID15RNTh.html.
2025-05-17 14:23:06 - INFO - ✅ HTML файл збережено: index.html
2025-05-17 15:23:53 - INFO - Found old 600 ads.
2025-05-17 15:24:44 - INFO - Last page 13 is the same as this page. Stopping.
2025-05-17 15:24:44 - INFO - Found actual 0 ads.
2025-05-17 15:24:44 - INFO - ✅ HTML файл збережено: index.html
2025-05-17 16:29:40 - INFO - Found old 600 ads.
2025-05-17 16:29:47 - INFO - NEW {'title': 'Glosniki Magnat Viva 2', 'link': 'https://www.olx.pl/d/oferta/glosniki-magnat-viva-2-CID99-ID15RWX1.html', 'price': '250 zł', 'status': 'active', 'date_found': '2025-05-17 16:29', 'date_removed': None, 'description': 'Sprzedam głośniki znanej firmy jaką jest Magnat. Membrany w idealnym stanie.obudowy nie są obite ale okleina lekko odchodzi czego na pierwszy rzut oka nie widać. zostaje podłączyć i używać :)', 'images': ['https://ireland.apollo.olxcdn.com:443/v1/files/mz2cvqbr6e1u2-PL/image;s=768x1024', 'https://ireland.apollo.olxcdn.com:443/v1/files/9ae0vzzwlvla-PL/image;s=1024x768', 'https://ireland.apollo.olxcdn.com:443/v1/files/sbkudrhl19kk1-PL/image;s=768x1024'], 'published_date': '2025-05-17 o 15:29', 'location': ''}
2025-05-17 16:29:48 - INFO - NEW {'title': 'Kolumny Magnat Monitor Supreme 800', 'link': 'https://www.olx.pl/d/oferta/kolumny-magnat-monitor-supreme-800-CID99-ID15RV5D.html', 'price': '450 zł', 'status': 'active', 'date_found': '2025-05-17 16:29', 'date_removed': None, 'description': 'Sprzedam kolumny magnat. Głośniki w bardzo dobrym stanie. Grają czysto.Obudowy noszą lekkie ślady użytkowania ale ich stan oceniam na dobry :) osoby zainteresowane zapraszam do kontaktuNIE WYSYŁAM', 'images': ['https://ireland.apollo.olxcdn.com:443/v1/files/gj2y9xtu3r1b2-PL/image;s=768x1024', 'https://ireland.apollo.olxcdn.com:443/v1/files/259mef2wz9zf1-PL/image;s=768x1024', 'https://ireland.apollo.olxcdn.com:443/v1/files/014da3anqhn81-PL/image;s=768x1024'], 'published_date': '2025-05-17 o 15:31', 'location': ''}
2025-05-17 16:29:52 - INFO - Parsed page 1, found 2 new ads.
2025-05-17 16:30:37 - INFO - Last page 13 is the same as this page. Stopping.
2025-05-17 16:30:37 - INFO - Found actual 2 ads.
2025-05-17 16:30:37 - INFO - Додаємо https://www.olx.pl/d/oferta/glosniki-magnat-viva-2-CID99-ID15RWX1.html.
2025-05-17 16:30:39 - INFO - Додаємо https://www.olx.pl/d/oferta/kolumny-magnat-monitor-supreme-800-CID99-ID15RV5D.html.
2025-05-17 16:30:41 - INFO - ✅ HTML файл збережено: index.html
