2025-05-05 00:12:14 - INFO - Found old 480 ads.
2025-05-05 00:12:21 - INFO - NEW {'title': 'Subwoofer, skrzynia basowa magnat megaforce', 'link': 'https://www.olx.pl/d/oferta/subwoofer-skrzynia-basowa-magnat-megaforce-CID99-ID15FYrD.html', 'price': '320 zł', 'status': 'active', 'date_found': '2025-05-05 00:12', 'date_removed': None, 'description': 'Witam na sprzedaż subwoofer Magnat megaforce moc rms 200wNie był garowany był zapięty pod słaby wzmacniacz. Tylko i wyłącznie odbiór osobisty okolice Dębicy', 'images': ['https://ireland.apollo.olxcdn.com:443/v1/files/rehtz8darbn61-PL/image;s=1728x4032'], 'published_date': '2025-05-05 o 20:51', 'location': ''}
2025-05-05 00:12:23 - INFO - NEW {'title': 'Kolumny głośniki podstawkowe magnat supreme 200', 'link': 'https://www.olx.pl/d/oferta/kolumny-glosniki-podstawkowe-magnat-supreme-200-CID99-ID15EpWX.html', 'price': '300 zł', 'status': 'active', 'date_found': '2025-05-05 00:12', 'date_removed': None, 'description': 'Kolumny całkowicie sprawne technicznie , grają naprawdę dobrze , czysto,  wizualnie noszą drobne ślady użytkowania widoczne na zdjęciach , w zestawie maskownice w niezłej kondycjicena nie podlega negocjacji.Głośnik regałowy 2-drożny, bassreflex, 180WKonstrukcja 2-drożna, regałowa, bassreflexWyposażenie prz. nisko-średniotonowy 1 x 170 mmPrzetwornik wysokotonowy 1 x 25 mmObciążalność (RMS/max.) 90/180 WImpedancja 4 - 8 OhmPasmo przenoszenia 34 - 38.000 HzCzęstotliwość zwrotnicy 3.500 HzRekomendowana moc wzmacniacza > 30 WSprawność (1 W/1 m) 91 dBWykończenie czarnyWymiary (szer. x wys. x gł.) 215 x 354 x 273 mmOdbiór osobisty - możliwy odsłuch na miejscu.', 'images': ['https://ireland.apollo.olxcdn.com:443/v1/files/qv5qestvnbhs2-PL/image;s=2000x2000', 'https://ireland.apollo.olxcdn.com:443/v1/files/5hv2vkqdyuw82-PL/image;s=1057x735', 'https://ireland.apollo.olxcdn.com:443/v1/files/89gc6w2vd5to-PL/image;s=1067x1133', 'https://ireland.apollo.olxcdn.com:443/v1/files/y4zac5u6gljk2-PL/image;s=1762x1123'], 'published_date': '02 maja 2025', 'location': ''}
2025-05-05 00:12:24 - INFO - Parsed page 1, found 2 new ads.
2025-05-05 00:12:35 - INFO - NEW {'title': 'Głośnik Magnat sprawny', 'link': 'https://www.olx.pl/d/oferta/glosnik-magnat-sprawny-CID99-ID153FQP.html', 'price': '250 zł', 'status': 'active', 'date_found': '2025-05-05 00:12', 'date_removed': None, 'description': 'Witam posiadam głośnik na sprzedaż marki Magnat po więcej informacji zapraszam stan idealny.', 'images': ['https://ireland.apollo.olxcdn.com:443/v1/files/6zhmf2cof7vs3-PL/image;s=1500x2000', 'https://ireland.apollo.olxcdn.com:443/v1/files/27tl9lc83pzx1-PL/image;s=1500x2000', 'https://ireland.apollo.olxcdn.com:443/v1/files/2aocf4ur2sm4-PL/image;s=1500x2000'], 'published_date': '2025-05-05 o 19:37', 'location': ''}
2025-05-05 00:12:36 - INFO - Parsed page 4, found 1 new ads.
2025-05-05 00:12:40 - INFO - NEW {'title': 'Dynavoice Definition DM-6 | Głośniki | Kolumny Podstawkowe Wstęga', 'link': 'https://www.olx.pl/d/oferta/dynavoice-definition-dm-6-glosniki-kolumny-podstawkowe-wstega-CID99-ID11SDuu.html', 'price': '1 699 zł', 'status': 'active', 'date_found': '2025-05-05 00:12', 'date_removed': None, 'description': 'Witam. Serdecznie polecam te cuda szwedzkich rąk. Mistrzostwo zamknięte w 10kg budowie 3 drożnej. Szwedzki potop dźwięku jak to się mówi.Specyfikacja:https://nautilus2.pl/podstawkowe/27248-dynavoice-definition-dm-6-czarny-6666206666200.html?srsltid=AfmBOoptXIsj5qfeOq1tejMOb7OPCKgQ33P6HqJfCt4PJ7x_98uDk2gCIdealne do mniejszych pomieszczeń odsluchowych i salonówKolumny używane 4 miesięce, stan idealny. W komplecie oryginalne kartony z zabezpieczeniem do transportu oraz maskownice.Możliwość sprzedaży w komplecie ze standami.Dynavoice Dali Oberon Magnat Dynaudio Bowers Wilkins JBL Harman Kardon Audio Nagłośnienie', 'images': ['https://ireland.apollo.olxcdn.com:443/v1/files/vi19je06iue91-PL/image;s=750x1000', 'https://ireland.apollo.olxcdn.com:443/v1/files/e2sqcvnk895r1-PL/image;s=750x1000', 'https://ireland.apollo.olxcdn.com:443/v1/files/iza7ho2x83jp1-PL/image;s=750x1000', 'https://ireland.apollo.olxcdn.com:443/v1/files/7a48sinp7x151-PL/image;s=750x1000', 'https://ireland.apollo.olxcdn.com:443/v1/files/1khj8dy3woxm2-PL/image;s=750x1000'], 'published_date': '2025-05-05 o 19:30', 'location': ''}
2025-05-05 00:12:40 - INFO - NEW {'title': 'Zestaw kolumn głośnikowych z amplitunerem i subwooferem.', 'link': 'https://www.olx.pl/d/oferta/zestaw-kolumn-glosnikowych-z-amplitunerem-i-subwooferem-CID99-ID14BKzV.html', 'price': '600 zł', 'status': 'active', 'date_found': '2025-05-05 00:12', 'date_removed': None, 'description': 'Zestaw zawiera 2 kolumny głośnikowe Maudio, amplituner Sony, subwoofer Magnat. Wszystko sprawne, stan bardzo dobry. Szczegóły na tabliczkach na zdjęciach. Najlepiej odbiór osobisty.', 'images': ['https://ireland.apollo.olxcdn.com:443/v1/files/4sdo1i02c5453-PL/image;s=750x1000', 'https://ireland.apollo.olxcdn.com:443/v1/files/47oc4z1a1nps-PL/image;s=750x1000', 'https://ireland.apollo.olxcdn.com:443/v1/files/aha9akop2j6e3-PL/image;s=750x1000', 'https://ireland.apollo.olxcdn.com:443/v1/files/lp8hkdkp0lba3-PL/image;s=750x1000', 'https://ireland.apollo.olxcdn.com:443/v1/files/drtwadwnftcm-PL/image;s=750x1000', 'https://ireland.apollo.olxcdn.com:443/v1/files/f7ad21xbt20t3-PL/image;s=750x1000', 'https://ireland.apollo.olxcdn.com:443/v1/files/8uyvxuun8btf1-PL/image;s=750x1000'], 'published_date': '2025-05-05 o 20:02', 'location': ''}
2025-05-05 00:12:40 - INFO - Parsed page 5, found 2 new ads.
2025-05-05 00:13:10 - INFO - Last page 13 is the same as this page. Stopping.
2025-05-05 00:13:10 - INFO - Found actual 5 ads.
2025-05-05 00:13:10 - INFO - Додаємо https://www.olx.pl/d/oferta/subwoofer-skrzynia-basowa-magnat-megaforce-CID99-ID15FYrD.html.
2025-05-05 00:13:11 - INFO - HTTP Request: POST https://api.telegram.org/bot7930055889:AAEG1rcIRftxKxzIRzqAxTj8TaWpd2c-fNQ/sendMediaGroup "HTTP/1.1 200 OK"
2025-05-05 00:13:11 - INFO - HTTP Request: POST https://api.telegram.org/bot7930055889:AAEG1rcIRftxKxzIRzqAxTj8TaWpd2c-fNQ/sendMessage "HTTP/1.1 200 OK"
2025-05-05 00:13:11 - INFO - HTTP Request: POST https://api.telegram.org/bot7930055889:AAEG1rcIRftxKxzIRzqAxTj8TaWpd2c-fNQ/sendMessage "HTTP/1.1 200 OK"
2025-05-05 00:13:11 - INFO - Додаємо https://www.olx.pl/d/oferta/kolumny-glosniki-podstawkowe-magnat-supreme-200-CID99-ID15EpWX.html.
2025-05-05 00:13:12 - INFO - HTTP Request: POST https://api.telegram.org/bot7930055889:AAEG1rcIRftxKxzIRzqAxTj8TaWpd2c-fNQ/sendMediaGroup "HTTP/1.1 200 OK"
2025-05-05 00:13:12 - INFO - HTTP Request: POST https://api.telegram.org/bot7930055889:AAEG1rcIRftxKxzIRzqAxTj8TaWpd2c-fNQ/sendMessage "HTTP/1.1 200 OK"
2025-05-05 00:13:12 - INFO - HTTP Request: POST https://api.telegram.org/bot7930055889:AAEG1rcIRftxKxzIRzqAxTj8TaWpd2c-fNQ/sendMessage "HTTP/1.1 200 OK"
2025-05-05 00:13:12 - INFO - Додаємо https://www.olx.pl/d/oferta/glosnik-magnat-sprawny-CID99-ID153FQP.html.
2025-05-05 00:13:13 - INFO - HTTP Request: POST https://api.telegram.org/bot7930055889:AAEG1rcIRftxKxzIRzqAxTj8TaWpd2c-fNQ/sendMediaGroup "HTTP/1.1 200 OK"
2025-05-05 00:13:14 - INFO - HTTP Request: POST https://api.telegram.org/bot7930055889:AAEG1rcIRftxKxzIRzqAxTj8TaWpd2c-fNQ/sendMessage "HTTP/1.1 200 OK"
2025-05-05 00:13:14 - INFO - HTTP Request: POST https://api.telegram.org/bot7930055889:AAEG1rcIRftxKxzIRzqAxTj8TaWpd2c-fNQ/sendMessage "HTTP/1.1 200 OK"
2025-05-05 00:13:14 - INFO - Додаємо https://www.olx.pl/d/oferta/dynavoice-definition-dm-6-glosniki-kolumny-podstawkowe-wstega-CID99-ID11SDuu.html.
2025-05-05 00:13:15 - INFO - HTTP Request: POST https://api.telegram.org/bot7930055889:AAEG1rcIRftxKxzIRzqAxTj8TaWpd2c-fNQ/sendMediaGroup "HTTP/1.1 200 OK"
2025-05-05 00:13:15 - INFO - HTTP Request: POST https://api.telegram.org/bot7930055889:AAEG1rcIRftxKxzIRzqAxTj8TaWpd2c-fNQ/sendMessage "HTTP/1.1 200 OK"
2025-05-05 00:13:15 - INFO - HTTP Request: POST https://api.telegram.org/bot7930055889:AAEG1rcIRftxKxzIRzqAxTj8TaWpd2c-fNQ/sendMessage "HTTP/1.1 400 Bad Request"
2025-05-05 00:19:43 - INFO - Found old 480 ads.
2025-05-05 00:19:46 - INFO - NEW {'title': 'Subwoofer, skrzynia basowa magnat megaforce', 'link': 'https://www.olx.pl/d/oferta/subwoofer-skrzynia-basowa-magnat-megaforce-CID99-ID15FYrD.html', 'price': '320 zł', 'status': 'active', 'date_found': '2025-05-05 00:19', 'date_removed': None, 'description': 'Witam na sprzedaż subwoofer Magnat megaforce moc rms 200wNie był garowany był zapięty pod słaby wzmacniacz. Tylko i wyłącznie odbiór osobisty okolice Dębicy', 'images': ['https://ireland.apollo.olxcdn.com:443/v1/files/rehtz8darbn61-PL/image;s=1728x4032'], 'published_date': '2025-05-05 o 20:51', 'location': ''}
2025-05-05 00:19:47 - INFO - NEW {'title': 'Kolumny głośniki podstawkowe magnat supreme 200', 'link': 'https://www.olx.pl/d/oferta/kolumny-glosniki-podstawkowe-magnat-supreme-200-CID99-ID15EpWX.html', 'price': '300 zł', 'status': 'active', 'date_found': '2025-05-05 00:19', 'date_removed': None, 'description': 'Kolumny całkowicie sprawne technicznie , grają naprawdę dobrze , czysto,  wizualnie noszą drobne ślady użytkowania widoczne na zdjęciach , w zestawie maskownice w niezłej kondycjicena nie podlega negocjacji.Głośnik regałowy 2-drożny, bassreflex, 180WKonstrukcja 2-drożna, regałowa, bassreflexWyposażenie prz. nisko-średniotonowy 1 x 170 mmPrzetwornik wysokotonowy 1 x 25 mmObciążalność (RMS/max.) 90/180 WImpedancja 4 - 8 OhmPasmo przenoszenia 34 - 38.000 HzCzęstotliwość zwrotnicy 3.500 HzRekomendowana moc wzmacniacza > 30 WSprawność (1 W/1 m) 91 dBWykończenie czarnyWymiary (szer. x wys. x gł.) 215 x 354 x 273 mmOdbiór osobisty - możliwy odsłuch na miejscu.', 'images': ['https://ireland.apollo.olxcdn.com:443/v1/files/qv5qestvnbhs2-PL/image;s=2000x2000', 'https://ireland.apollo.olxcdn.com:443/v1/files/5hv2vkqdyuw82-PL/image;s=1057x735', 'https://ireland.apollo.olxcdn.com:443/v1/files/89gc6w2vd5to-PL/image;s=1067x1133', 'https://ireland.apollo.olxcdn.com:443/v1/files/y4zac5u6gljk2-PL/image;s=1762x1123'], 'published_date': '02 maja 2025', 'location': ''}
2025-05-05 00:19:49 - INFO - Parsed page 1, found 2 new ads.
2025-05-05 00:19:58 - INFO - NEW {'title': 'Głośnik Magnat sprawny', 'link': 'https://www.olx.pl/d/oferta/glosnik-magnat-sprawny-CID99-ID153FQP.html', 'price': '250 zł', 'status': 'active', 'date_found': '2025-05-05 00:19', 'date_removed': None, 'description': 'Witam posiadam głośnik na sprzedaż marki Magnat po więcej informacji zapraszam stan idealny.', 'images': ['https://ireland.apollo.olxcdn.com:443/v1/files/6zhmf2cof7vs3-PL/image;s=1500x2000', 'https://ireland.apollo.olxcdn.com:443/v1/files/27tl9lc83pzx1-PL/image;s=1500x2000', 'https://ireland.apollo.olxcdn.com:443/v1/files/2aocf4ur2sm4-PL/image;s=1500x2000'], 'published_date': '2025-05-05 o 19:37', 'location': ''}
2025-05-05 00:19:58 - INFO - Parsed page 3, found 1 new ads.
2025-05-05 00:20:04 - INFO - NEW {'title': 'Dynavoice Definition DM-6 | Głośniki | Kolumny Podstawkowe Wstęga', 'link': 'https://www.olx.pl/d/oferta/dynavoice-definition-dm-6-glosniki-kolumny-podstawkowe-wstega-CID99-ID11SDuu.html', 'price': '1 699 zł', 'status': 'active', 'date_found': '2025-05-05 00:20', 'date_removed': None, 'description': 'Witam. Serdecznie polecam te cuda szwedzkich rąk. Mistrzostwo zamknięte w 10kg budowie 3 drożnej. Szwedzki potop dźwięku jak to się mówi.Specyfikacja:https://nautilus2.pl/podstawkowe/27248-dynavoice-definition-dm-6-czarny-6666206666200.html?srsltid=AfmBOoptXIsj5qfeOq1tejMOb7OPCKgQ33P6HqJfCt4PJ7x_98uDk2gCIdealne do mniejszych pomieszczeń odsluchowych i salonówKolumny używane 4 miesięce, stan idealny. W komplecie oryginalne kartony z zabezpieczeniem do transportu oraz maskownice.Możliwość sprzedaży w komplecie ze standami.Dynavoice Dali Oberon Magnat Dynaudio Bowers Wilkins JBL Harman Kardon Audio Nagłośnienie', 'images': ['https://ireland.apollo.olxcdn.com:443/v1/files/vi19je06iue91-PL/image;s=750x1000', 'https://ireland.apollo.olxcdn.com:443/v1/files/e2sqcvnk895r1-PL/image;s=750x1000', 'https://ireland.apollo.olxcdn.com:443/v1/files/iza7ho2x83jp1-PL/image;s=750x1000', 'https://ireland.apollo.olxcdn.com:443/v1/files/7a48sinp7x151-PL/image;s=750x1000', 'https://ireland.apollo.olxcdn.com:443/v1/files/1khj8dy3woxm2-PL/image;s=750x1000'], 'published_date': '2025-05-05 o 19:30', 'location': ''}
2025-05-05 00:20:05 - INFO - NEW {'title': 'Zestaw kolumn głośnikowych z amplitunerem i subwooferem.', 'link': 'https://www.olx.pl/d/oferta/zestaw-kolumn-glosnikowych-z-amplitunerem-i-subwooferem-CID99-ID14BKzV.html', 'price': '600 zł', 'status': 'active', 'date_found': '2025-05-05 00:20', 'date_removed': None, 'description': 'Zestaw zawiera 2 kolumny głośnikowe Maudio, amplituner Sony, subwoofer Magnat. Wszystko sprawne, stan bardzo dobry. Szczegóły na tabliczkach na zdjęciach. Najlepiej odbiór osobisty.', 'images': ['https://ireland.apollo.olxcdn.com:443/v1/files/4sdo1i02c5453-PL/image;s=750x1000', 'https://ireland.apollo.olxcdn.com:443/v1/files/47oc4z1a1nps-PL/image;s=750x1000', 'https://ireland.apollo.olxcdn.com:443/v1/files/aha9akop2j6e3-PL/image;s=750x1000', 'https://ireland.apollo.olxcdn.com:443/v1/files/lp8hkdkp0lba3-PL/image;s=750x1000', 'https://ireland.apollo.olxcdn.com:443/v1/files/drtwadwnftcm-PL/image;s=750x1000', 'https://ireland.apollo.olxcdn.com:443/v1/files/f7ad21xbt20t3-PL/image;s=750x1000', 'https://ireland.apollo.olxcdn.com:443/v1/files/8uyvxuun8btf1-PL/image;s=750x1000'], 'published_date': '2025-05-05 o 20:02', 'location': ''}
2025-05-05 00:20:05 - INFO - Parsed page 5, found 2 new ads.
2025-05-05 00:21:08 - INFO - Last page 13 is the same as this page. Stopping.
2025-05-05 00:21:08 - INFO - Found actual 5 ads.
2025-05-05 00:21:08 - INFO - Додаємо https://www.olx.pl/d/oferta/subwoofer-skrzynia-basowa-magnat-megaforce-CID99-ID15FYrD.html.
2025-05-05 00:21:09 - INFO - HTTP Request: POST https://api.telegram.org/bot7930055889:AAEG1rcIRftxKxzIRzqAxTj8TaWpd2c-fNQ/sendMediaGroup "HTTP/1.1 200 OK"
2025-05-05 00:21:09 - INFO - HTTP Request: POST https://api.telegram.org/bot7930055889:AAEG1rcIRftxKxzIRzqAxTj8TaWpd2c-fNQ/sendMessage "HTTP/1.1 200 OK"
2025-05-05 00:21:09 - INFO - HTTP Request: POST https://api.telegram.org/bot7930055889:AAEG1rcIRftxKxzIRzqAxTj8TaWpd2c-fNQ/sendMessage "HTTP/1.1 200 OK"
2025-05-05 00:21:09 - INFO - Додаємо https://www.olx.pl/d/oferta/kolumny-glosniki-podstawkowe-magnat-supreme-200-CID99-ID15EpWX.html.
2025-05-05 00:21:11 - INFO - HTTP Request: POST https://api.telegram.org/bot7930055889:AAEG1rcIRftxKxzIRzqAxTj8TaWpd2c-fNQ/sendMediaGroup "HTTP/1.1 200 OK"
2025-05-05 00:21:11 - INFO - HTTP Request: POST https://api.telegram.org/bot7930055889:AAEG1rcIRftxKxzIRzqAxTj8TaWpd2c-fNQ/sendMessage "HTTP/1.1 200 OK"
2025-05-05 00:21:11 - INFO - HTTP Request: POST https://api.telegram.org/bot7930055889:AAEG1rcIRftxKxzIRzqAxTj8TaWpd2c-fNQ/sendMessage "HTTP/1.1 200 OK"
2025-05-05 00:21:11 - INFO - Додаємо https://www.olx.pl/d/oferta/glosnik-magnat-sprawny-CID99-ID153FQP.html.
2025-05-05 00:21:12 - INFO - HTTP Request: POST https://api.telegram.org/bot7930055889:AAEG1rcIRftxKxzIRzqAxTj8TaWpd2c-fNQ/sendMediaGroup "HTTP/1.1 200 OK"
2025-05-05 00:21:12 - INFO - HTTP Request: POST https://api.telegram.org/bot7930055889:AAEG1rcIRftxKxzIRzqAxTj8TaWpd2c-fNQ/sendMessage "HTTP/1.1 200 OK"
2025-05-05 00:21:12 - INFO - HTTP Request: POST https://api.telegram.org/bot7930055889:AAEG1rcIRftxKxzIRzqAxTj8TaWpd2c-fNQ/sendMessage "HTTP/1.1 200 OK"
2025-05-05 00:21:12 - INFO - Додаємо https://www.olx.pl/d/oferta/dynavoice-definition-dm-6-glosniki-kolumny-podstawkowe-wstega-CID99-ID11SDuu.html.
2025-05-05 00:21:13 - INFO - HTTP Request: POST https://api.telegram.org/bot7930055889:AAEG1rcIRftxKxzIRzqAxTj8TaWpd2c-fNQ/sendMediaGroup "HTTP/1.1 200 OK"
2025-05-05 00:21:13 - INFO - HTTP Request: POST https://api.telegram.org/bot7930055889:AAEG1rcIRftxKxzIRzqAxTj8TaWpd2c-fNQ/sendMessage "HTTP/1.1 200 OK"
2025-05-05 00:21:13 - INFO - HTTP Request: POST https://api.telegram.org/bot7930055889:AAEG1rcIRftxKxzIRzqAxTj8TaWpd2c-fNQ/sendMessage "HTTP/1.1 200 OK"
2025-05-05 00:21:13 - INFO - Додаємо https://www.olx.pl/d/oferta/zestaw-kolumn-glosnikowych-z-amplitunerem-i-subwooferem-CID99-ID14BKzV.html.
2025-05-05 00:21:15 - INFO - HTTP Request: POST https://api.telegram.org/bot7930055889:AAEG1rcIRftxKxzIRzqAxTj8TaWpd2c-fNQ/sendMediaGroup "HTTP/1.1 200 OK"
2025-05-05 00:21:15 - INFO - HTTP Request: POST https://api.telegram.org/bot7930055889:AAEG1rcIRftxKxzIRzqAxTj8TaWpd2c-fNQ/sendMessage "HTTP/1.1 200 OK"
2025-05-05 00:21:15 - INFO - HTTP Request: POST https://api.telegram.org/bot7930055889:AAEG1rcIRftxKxzIRzqAxTj8TaWpd2c-fNQ/sendMessage "HTTP/1.1 200 OK"
2025-05-05 00:21:16 - INFO - ✅ HTML файл збережено: index.html
2025-05-05 03:45:57 - INFO - Found old 485 ads.
2025-05-05 03:47:01 - INFO - Last page 13 is the same as this page. Stopping.
2025-05-05 03:47:01 - INFO - Found actual 0 ads.
2025-05-05 03:47:01 - INFO - ✅ HTML файл збережено: index.html
2025-05-05 06:36:56 - INFO - Found old 485 ads.
2025-05-05 06:37:50 - INFO - Last page 13 is the same as this page. Stopping.
2025-05-05 06:37:50 - INFO - Found actual 0 ads.
2025-05-05 06:37:50 - INFO - ✅ HTML файл збережено: index.html
2025-05-05 07:25:33 - INFO - Found old 485 ads.
2025-05-05 07:26:20 - INFO - Last page 13 is the same as this page. Stopping.
2025-05-05 07:26:20 - INFO - Found actual 0 ads.
2025-05-05 07:26:20 - INFO - ✅ HTML файл збережено: index.html
2025-05-05 08:34:52 - INFO - Found old 485 ads.
2025-05-05 08:35:12 - INFO - NEW {'title': 'Subwoofer magnat', 'link': 'https://www.olx.pl/d/oferta/subwoofer-magnat-CID99-ID12tkxb.html', 'price': '350 zł', 'status': 'active', 'date_found': '2025-05-05 08:35', 'date_removed': None, 'description': 'Subwoofer magnat samochody sprawny do odkurzenia i można grać dane techniczne na naklejce przy mocowaniu kabli lub na stronie producenta', 'images': ['https://ireland.apollo.olxcdn.com:443/v1/files/aobpf1r7f6i42-PL/image;s=2000x1500', 'https://ireland.apollo.olxcdn.com:443/v1/files/2sknpzjrpg3i2-PL/image;s=2000x1500', 'https://ireland.apollo.olxcdn.com:443/v1/files/kte8ojcqau383-PL/image;s=2000x1500', 'https://ireland.apollo.olxcdn.com:443/v1/files/1g0sn63wgdq4-PL/image;s=2000x1500', 'https://ireland.apollo.olxcdn.com:443/v1/files/zgr4qivphr6i-PL/image;s=2000x1500', 'https://ireland.apollo.olxcdn.com:443/v1/files/gb85y7p69xsk-PL/image;s=2000x1500'], 'published_date': '2025-05-05 o 07:54', 'location': ''}
2025-05-05 08:35:12 - INFO - Parsed page 3, found 1 new ads.
2025-05-05 08:35:48 - INFO - Last page 13 is the same as this page. Stopping.
2025-05-05 08:35:48 - INFO - Found actual 1 ads.
2025-05-05 08:35:48 - INFO - Додаємо https://www.olx.pl/d/oferta/subwoofer-magnat-CID99-ID12tkxb.html.
2025-05-05 08:35:50 - INFO - ✅ HTML файл збережено: index.html
2025-05-05 09:28:13 - INFO - Found old 486 ads.
2025-05-05 09:28:17 - INFO - NEW {'title': 'Tuba Magnat Bull 250 400Watt', 'link': 'https://www.olx.pl/d/oferta/tuba-magnat-bull-250-400watt-CID99-ID15Gdml.html', 'price': '140 zł', 'status': 'active', 'date_found': '2025-05-05 09:28', 'date_removed': None, 'description': 'Witam, przedmiotem dzisiejszej sprzedaży jest Tuba bassowa marki Magnat, sprawna 100%, w dobrym stanie wizualnym. Zapraszam do wiadomości prywatnej zainteresowane osoby numer telefonu podam we wiadomości prywatnej, gdyż wypisuje pełno botów i naciągaczy.', 'images': ['https://ireland.apollo.olxcdn.com:443/v1/files/elo6mo0s4s6a3-PL/image;s=545x768'], 'published_date': '2025-05-05 o 09:13', 'location': ''}
2025-05-05 09:28:21 - INFO - Parsed page 1, found 1 new ads.
2025-05-05 09:29:02 - INFO - Last page 13 is the same as this page. Stopping.
2025-05-05 09:29:02 - INFO - Found actual 1 ads.
2025-05-05 09:29:02 - INFO - Додаємо https://www.olx.pl/d/oferta/tuba-magnat-bull-250-400watt-CID99-ID15Gdml.html.
2025-05-05 09:29:05 - INFO - ✅ HTML файл збережено: index.html
2025-05-05 10:28:33 - INFO - Found old 487 ads.
2025-05-05 10:29:30 - INFO - Last page 13 is the same as this page. Stopping.
2025-05-05 10:29:30 - INFO - Found actual 0 ads.
2025-05-05 10:29:30 - INFO - ✅ HTML файл збережено: index.html
2025-05-05 11:21:03 - INFO - Found old 487 ads.
2025-05-05 11:21:50 - INFO - Last page 13 is the same as this page. Stopping.
2025-05-05 11:21:50 - INFO - Found actual 0 ads.
2025-05-05 11:21:50 - INFO - ✅ HTML файл збережено: index.html
2025-05-05 12:52:54 - INFO - Found old 487 ads.
2025-05-05 12:52:58 - INFO - NEW {'title': 'Kolumny głośnikowe Magnat Monitor 880', 'link': 'https://www.olx.pl/d/oferta/kolumny-glosnikowe-magnat-monitor-880-CID99-ID15Gpdm.html', 'price': '700 zł', 'status': 'active', 'date_found': '2025-05-05 12:52', 'date_removed': None, 'description': 'Sprzedam 2 drożne kolumny głośnikowe niemieckiej firmy Magnat.Kolumny są w bardzo dobrym stanie, bez uszkodzeń i wad. W komplecie maskownice. Do obejrzenia i odbioru na Zaciszu w Warszawie. Odbiór wyłącznie osobisty.', 'images': ['https://ireland.apollo.olxcdn.com:443/v1/files/xuepswm9jh272-PL/image;s=867x1156', 'https://ireland.apollo.olxcdn.com:443/v1/files/yc1r8xo8c2iq2-PL/image;s=867x1156', 'https://ireland.apollo.olxcdn.com:443/v1/files/0d26mhfghqbd1-PL/image;s=867x1156', 'https://ireland.apollo.olxcdn.com:443/v1/files/2jmdppxy62mi1-PL/image;s=867x1156'], 'published_date': '2025-05-05 o 11:56', 'location': ''}
2025-05-05 12:52:59 - INFO - NEW {'title': 'Kolumny glosnikowe Magnat quantum 677', 'link': 'https://www.olx.pl/d/oferta/kolumny-glosnikowe-magnat-quantum-677-CID99-ID15Go3p.html', 'price': '1 600 zł', 'status': 'active', 'date_found': '2025-05-05 12:52', 'date_removed': None, 'description': 'WitamPosiadam na sprzedaż dwoe kolumny głośnikowe Magnat Quantum 677 stan idealny, mało używane.', 'images': ['https://ireland.apollo.olxcdn.com:443/v1/files/w5c4olltyut5-PL/image;s=750x1000', 'https://ireland.apollo.olxcdn.com:443/v1/files/5zzo2e6vtru6-PL/image;s=750x1000', 'https://ireland.apollo.olxcdn.com:443/v1/files/c7xatmgwkkpv2-PL/image;s=750x1000'], 'published_date': '2025-05-05 o 11:41', 'location': ''}
2025-05-05 12:53:02 - INFO - Parsed page 1, found 2 new ads.
2025-05-05 12:53:42 - INFO - Last page 13 is the same as this page. Stopping.
2025-05-05 12:53:42 - INFO - Found actual 2 ads.
2025-05-05 12:53:42 - INFO - Додаємо https://www.olx.pl/d/oferta/kolumny-glosnikowe-magnat-monitor-880-CID99-ID15Gpdm.html.
2025-05-05 12:53:44 - INFO - Додаємо https://www.olx.pl/d/oferta/kolumny-glosnikowe-magnat-quantum-677-CID99-ID15Go3p.html.
2025-05-05 12:53:47 - INFO - ✅ HTML файл збережено: index.html
