2025-06-24 03:52:43 - INFO - Обробка URL: https://www.olx.pl/elektronika/sprzet-audio/glosniki-i-kolumny/q-magnat/?courier=1, JSON: magnat.json, Thread ID: 2
2025-06-24 03:52:43 - INFO - Знайдено старих оголошень: 683
2025-06-24 03:53:00 - INFO - Last page 4 is the same as this page. Stopping.
2025-06-24 03:53:00 - INFO - Знайдено актуальних оголошень: 0
2025-06-24 03:53:00 - INFO - ✅ HTML файл збережено: magnat.html
2025-06-24 03:53:00 - INFO - Обробка URL: https://www.olx.pl/elektronika/sprzet-audio/q-wzmaczniacz/?courier=1, JSON: wzmaczniacz.json, Thread ID: 5
2025-06-24 03:53:00 - INFO - Знайдено старих оголошень: 312
2025-06-24 03:53:29 - INFO - Знайдено актуальних оголошень: 0
2025-06-24 03:53:29 - INFO - ✅ HTML файл збережено: wzmaczniacz.html
2025-06-24 06:38:57 - INFO - Обробка URL: https://www.olx.pl/elektronika/sprzet-audio/glosniki-i-kolumny/q-magnat/?courier=1, JSON: magnat.json, Thread ID: 2
2025-06-24 06:38:57 - INFO - Знайдено старих оголошень: 683
2025-06-24 06:39:08 - INFO - Last page 4 is the same as this page. Stopping.
2025-06-24 06:39:08 - INFO - Знайдено актуальних оголошень: 0
2025-06-24 06:39:08 - INFO - ✅ HTML файл збережено: magnat.html
2025-06-24 06:39:08 - INFO - Обробка URL: https://www.olx.pl/elektronika/sprzet-audio/q-wzmaczniacz/?courier=1, JSON: wzmaczniacz.json, Thread ID: 5
2025-06-24 06:39:08 - INFO - Знайдено старих оголошень: 312
2025-06-24 06:39:23 - INFO - Знайдено актуальних оголошень: 0
2025-06-24 06:39:23 - INFO - ✅ HTML файл збережено: wzmaczniacz.html
2025-06-24 07:27:03 - INFO - Обробка URL: https://www.olx.pl/elektronika/sprzet-audio/glosniki-i-kolumny/q-magnat/?courier=1, JSON: magnat.json, Thread ID: 2
2025-06-24 07:27:03 - INFO - Знайдено старих оголошень: 683
2025-06-24 07:27:16 - INFO - Last page 4 is the same as this page. Stopping.
2025-06-24 07:27:16 - INFO - Знайдено актуальних оголошень: 0
2025-06-24 07:27:16 - INFO - ✅ HTML файл збережено: magnat.html
2025-06-24 07:27:16 - INFO - Обробка URL: https://www.olx.pl/elektronika/sprzet-audio/q-wzmaczniacz/?courier=1, JSON: wzmaczniacz.json, Thread ID: 5
2025-06-24 07:27:16 - INFO - Знайдено старих оголошень: 312
2025-06-24 07:27:33 - INFO - Знайдено актуальних оголошень: 0
2025-06-24 07:27:33 - INFO - ✅ HTML файл збережено: wzmaczniacz.html
2025-06-24 08:35:55 - INFO - Обробка URL: https://www.olx.pl/elektronika/sprzet-audio/glosniki-i-kolumny/q-magnat/?courier=1, JSON: magnat.json, Thread ID: 2
2025-06-24 08:35:55 - INFO - Знайдено старих оголошень: 683
2025-06-24 08:36:01 - INFO - NEW {'title': 'Przetwornice głośnikowe MAGNAT', 'link': 'https://www.olx.pl/d/oferta/przetwornice-glosnikowe-magnat-CID99-ID16lZ3C.html', 'price': '100 zł', 'status': 'active', 'date_found': '2025-06-24 08:36', 'date_removed': None, 'description': 'Używane przetwornice głośnikowe MAGNAT. Doskonałe rozwiązanie dla miłośników wysokiej jakości dźwięku. Zapewnij sobie wyjątkowe doznania dźwiękowe dzięki tym konwerterom głośnikowym.Jedna obudowa jest uszkodzoną , co nie wpływa na jakość dźwięku.', 'images': ['https://ireland.apollo.olxcdn.com:443/v1/files/vbvt1ermphfg-PL/image;s=1160x522'], 'published_date': '2025-06-24 o 07:41', 'location': ''}
2025-06-24 08:36:01 - INFO - Parsed page 1, found 1 new ads.
2025-06-24 08:36:09 - INFO - Last page 4 is the same as this page. Stopping.
2025-06-24 08:36:09 - INFO - Знайдено актуальних оголошень: 1
2025-06-24 08:36:09 - INFO - Додаємо https://www.olx.pl/d/oferta/przetwornice-glosnikowe-magnat-CID99-ID16lZ3C.html.
2025-06-24 08:36:10 - INFO - Successfully sent message for ad: Przetwornice głośnikowe MAGNAT
2025-06-24 08:36:10 - INFO - ✅ HTML файл збережено: magnat.html
2025-06-24 08:36:10 - INFO - Обробка URL: https://www.olx.pl/elektronika/sprzet-audio/q-wzmaczniacz/?courier=1, JSON: wzmaczniacz.json, Thread ID: 5
2025-06-24 08:36:10 - INFO - Знайдено старих оголошень: 312
2025-06-24 08:36:26 - INFO - Знайдено актуальних оголошень: 0
2025-06-24 08:36:27 - INFO - ✅ HTML файл збережено: wzmaczniacz.html
2025-06-24 09:29:51 - INFO - Обробка URL: https://www.olx.pl/elektronika/sprzet-audio/glosniki-i-kolumny/q-magnat/?courier=1, JSON: magnat.json, Thread ID: 2
2025-06-24 09:29:51 - INFO - Знайдено старих оголошень: 684
2025-06-24 09:29:54 - INFO - Знайдено актуальних оголошень: 0
2025-06-24 09:29:54 - INFO - ✅ HTML файл збережено: magnat.html
2025-06-24 09:29:54 - INFO - Обробка URL: https://www.olx.pl/elektronika/sprzet-audio/q-wzmaczniacz/?courier=1, JSON: wzmaczniacz.json, Thread ID: 5
2025-06-24 09:29:54 - INFO - Знайдено старих оголошень: 312
2025-06-24 09:29:57 - INFO - NEW {'title': 'Wzmaczniacz Philips FA 910 Seria 9', 'link': 'https://www.olx.pl/d/oferta/wzmaczniacz-philips-fa-910-seria-9-CID99-ID16m2jz.html', 'price': '250 zł', 'status': 'active', 'date_found': '2025-06-24 09:29', 'date_removed': None, 'description': 'Wzmacniacz Philips FA 910 wyprodukowany w latach 90.. Stan wizualny b.dobry. Sprawny.Gwarantuję solidne i bezpieczne spakowanie.', 'images': ['https://ireland.apollo.olxcdn.com:443/v1/files/51dmwnduip1q-PL/image;s=1920x1440', 'https://ireland.apollo.olxcdn.com:443/v1/files/qqscfuzzsq2s2-PL/image;s=4032x3024', 'https://ireland.apollo.olxcdn.com:443/v1/files/yla7nz6g8g3q-PL/image;s=4032x3024'], 'published_date': '2025-06-24 o 08:49', 'location': ''}
2025-06-24 09:29:57 - INFO - Parsed page 1, found 1 new ads.
2025-06-24 09:30:11 - INFO - Знайдено актуальних оголошень: 1
2025-06-24 09:30:11 - INFO - Додаємо https://www.olx.pl/d/oferta/wzmaczniacz-philips-fa-910-seria-9-CID99-ID16m2jz.html.
2025-06-24 09:30:17 - INFO - Successfully sent message for ad: Wzmaczniacz Philips FA 910 Seria 9
2025-06-24 09:30:17 - INFO - ✅ HTML файл збережено: wzmaczniacz.html
2025-06-24 10:29:50 - INFO - Обробка URL: https://www.olx.pl/elektronika/sprzet-audio/glosniki-i-kolumny/q-magnat/?courier=1, JSON: magnat.json, Thread ID: 2
2025-06-24 10:29:50 - INFO - Знайдено старих оголошень: 684
2025-06-24 10:30:00 - INFO - Last page 4 is the same as this page. Stopping.
2025-06-24 10:30:00 - INFO - Знайдено актуальних оголошень: 0
2025-06-24 10:30:00 - INFO - ✅ HTML файл збережено: magnat.html
2025-06-24 10:30:00 - INFO - Обробка URL: https://www.olx.pl/elektronika/sprzet-audio/q-wzmaczniacz/?courier=1, JSON: wzmaczniacz.json, Thread ID: 5
2025-06-24 10:30:00 - INFO - Знайдено старих оголошень: 313
2025-06-24 10:30:16 - INFO - Знайдено актуальних оголошень: 0
2025-06-24 10:30:16 - INFO - ✅ HTML файл збережено: wzmaczniacz.html
2025-06-24 11:23:11 - INFO - Обробка URL: https://www.olx.pl/elektronika/sprzet-audio/glosniki-i-kolumny/q-magnat/?courier=1, JSON: magnat.json, Thread ID: 2
2025-06-24 11:23:11 - INFO - Знайдено старих оголошень: 684
2025-06-24 11:23:22 - INFO - Last page 4 is the same as this page. Stopping.
2025-06-24 11:23:22 - INFO - Знайдено актуальних оголошень: 0
2025-06-24 11:23:22 - INFO - ✅ HTML файл збережено: magnat.html
2025-06-24 11:23:22 - INFO - Обробка URL: https://www.olx.pl/elektronika/sprzet-audio/q-wzmaczniacz/?courier=1, JSON: wzmaczniacz.json, Thread ID: 5
2025-06-24 11:23:22 - INFO - Знайдено старих оголошень: 313
2025-06-24 11:23:38 - INFO - Знайдено актуальних оголошень: 0
2025-06-24 11:23:38 - INFO - ✅ HTML файл збережено: wzmaczniacz.html
2025-06-24 12:55:38 - INFO - Обробка URL: https://www.olx.pl/elektronika/sprzet-audio/glosniki-i-kolumny/q-magnat/?courier=1, JSON: magnat.json, Thread ID: 2
2025-06-24 12:55:38 - INFO - Знайдено старих оголошень: 684
2025-06-24 12:55:49 - INFO - Last page 4 is the same as this page. Stopping.
2025-06-24 12:55:49 - INFO - Знайдено актуальних оголошень: 0
2025-06-24 12:55:49 - INFO - ✅ HTML файл збережено: magnat.html
2025-06-24 12:55:49 - INFO - Обробка URL: https://www.olx.pl/elektronika/sprzet-audio/q-wzmaczniacz/?courier=1, JSON: wzmaczniacz.json, Thread ID: 5
2025-06-24 12:55:49 - INFO - Знайдено старих оголошень: 313
2025-06-24 12:55:55 - INFO - NEW {'title': 'Głośnik od hk audio alto ts312 tx312 sprawny 12 cali 200w okazja', 'link': 'https://www.olx.pl/d/oferta/glosnik-od-hk-audio-alto-ts312-tx312-sprawny-12-cali-200w-okazja-CID99-ID16ih95.html?reason=extended_search_extended_s2v', 'price': '150 zł', 'status': 'active', 'date_found': '2025-06-24 12:55', 'date_removed': None, 'description': 'Sprzedam głośnik 200w do alto tx312. Wszystko działa, parametry poprawne.', 'images': ['https://ireland.apollo.olxcdn.com:443/v1/files/8x6ilwf5ceef3-PL/image;s=1000x750', 'https://ireland.apollo.olxcdn.com:443/v1/files/xbzebujyii3o3-PL/image;s=1000x750', 'https://ireland.apollo.olxcdn.com:443/v1/files/7xb9ge4kbcoa-PL/image;s=1000x750', 'https://ireland.apollo.olxcdn.com:443/v1/files/v1egnjz7sy3b-PL/image;s=1000x750', 'https://ireland.apollo.olxcdn.com:443/v1/files/i4gq9j9y6ngk1-PL/image;s=1000x750', 'https://ireland.apollo.olxcdn.com:443/v1/files/67csq8ge4lnx-PL/image;s=1000x750'], 'published_date': '18 czerwca 2025', 'location': ''}
2025-06-24 12:55:55 - INFO - Parsed page 2, found 1 new ads.
2025-06-24 12:56:06 - INFO - Знайдено актуальних оголошень: 1
2025-06-24 12:56:06 - INFO - Додаємо https://www.olx.pl/d/oferta/glosnik-od-hk-audio-alto-ts312-tx312-sprawny-12-cali-200w-okazja-CID99-ID16ih95.html?reason=extended_search_extended_s2v.
2025-06-24 12:56:19 - INFO - Successfully sent message for ad: Głośnik od hk audio alto ts312 tx312 sprawny 12 cali 200w okazja
2025-06-24 12:56:19 - INFO - ✅ HTML файл збережено: wzmaczniacz.html
2025-06-24 13:39:32 - INFO - Обробка URL: https://www.olx.pl/elektronika/sprzet-audio/glosniki-i-kolumny/q-magnat/?courier=1, JSON: magnat.json, Thread ID: 2
2025-06-24 13:39:32 - INFO - Знайдено старих оголошень: 684
2025-06-24 13:39:47 - INFO - Last page 4 is the same as this page. Stopping.
2025-06-24 13:39:47 - INFO - Знайдено актуальних оголошень: 0
2025-06-24 13:39:47 - INFO - ✅ HTML файл збережено: magnat.html
2025-06-24 13:39:47 - INFO - Обробка URL: https://www.olx.pl/elektronika/sprzet-audio/q-wzmaczniacz/?courier=1, JSON: wzmaczniacz.json, Thread ID: 5
2025-06-24 13:39:47 - INFO - Знайдено старих оголошень: 314
2025-06-24 13:40:02 - INFO - Знайдено актуальних оголошень: 0
2025-06-24 13:40:02 - INFO - ✅ HTML файл збережено: wzmaczniacz.html
2025-06-24 14:27:35 - INFO - Обробка URL: https://www.olx.pl/elektronika/sprzet-audio/glosniki-i-kolumny/q-magnat/?courier=1, JSON: magnat.json, Thread ID: 2
2025-06-24 14:27:35 - INFO - Знайдено старих оголошень: 684
2025-06-24 14:27:45 - INFO - Last page 4 is the same as this page. Stopping.
2025-06-24 14:27:45 - INFO - Знайдено актуальних оголошень: 0
2025-06-24 14:27:45 - INFO - ✅ HTML файл збережено: magnat.html
2025-06-24 14:27:45 - INFO - Обробка URL: https://www.olx.pl/elektronika/sprzet-audio/q-wzmaczniacz/?courier=1, JSON: wzmaczniacz.json, Thread ID: 5
2025-06-24 14:27:45 - INFO - Знайдено старих оголошень: 314
2025-06-24 14:28:01 - INFO - Знайдено актуальних оголошень: 0
2025-06-24 14:28:01 - INFO - ✅ HTML файл збережено: wzmaczniacz.html
2025-06-24 15:29:29 - INFO - Обробка URL: https://www.olx.pl/elektronika/sprzet-audio/glosniki-i-kolumny/q-magnat/?courier=1, JSON: magnat.json, Thread ID: 2
2025-06-24 15:29:29 - INFO - Знайдено старих оголошень: 684
2025-06-24 15:29:39 - INFO - Last page 4 is the same as this page. Stopping.
2025-06-24 15:29:39 - INFO - Знайдено актуальних оголошень: 0
2025-06-24 15:29:39 - INFO - ✅ HTML файл збережено: magnat.html
2025-06-24 15:29:39 - INFO - Обробка URL: https://www.olx.pl/elektronika/sprzet-audio/q-wzmaczniacz/?courier=1, JSON: wzmaczniacz.json, Thread ID: 5
2025-06-24 15:29:39 - INFO - Знайдено старих оголошень: 314
2025-06-24 15:29:55 - INFO - Знайдено актуальних оголошень: 0
2025-06-24 15:29:55 - INFO - ✅ HTML файл збережено: wzmaczniacz.html
2025-06-24 16:34:22 - INFO - Обробка URL: https://www.olx.pl/elektronika/sprzet-audio/glosniki-i-kolumny/q-magnat/?courier=1, JSON: magnat.json, Thread ID: 2
2025-06-24 16:34:22 - INFO - Знайдено старих оголошень: 684
2025-06-24 16:34:32 - INFO - Last page 4 is the same as this page. Stopping.
2025-06-24 16:34:32 - INFO - Знайдено актуальних оголошень: 0
2025-06-24 16:34:32 - INFO - ✅ HTML файл збережено: magnat.html
2025-06-24 16:34:32 - INFO - Обробка URL: https://www.olx.pl/elektronika/sprzet-audio/q-wzmaczniacz/?courier=1, JSON: wzmaczniacz.json, Thread ID: 5
2025-06-24 16:34:32 - INFO - Знайдено старих оголошень: 314
2025-06-24 16:34:48 - INFO - Знайдено актуальних оголошень: 0
2025-06-24 16:34:48 - INFO - ✅ HTML файл збережено: wzmaczniacz.html
2025-06-24 17:25:44 - INFO - Обробка URL: https://www.olx.pl/elektronika/sprzet-audio/glosniki-i-kolumny/q-magnat/?courier=1, JSON: magnat.json, Thread ID: 2
2025-06-24 17:25:44 - INFO - Знайдено старих оголошень: 684
2025-06-24 17:25:59 - INFO - Last page 4 is the same as this page. Stopping.
2025-06-24 17:25:59 - INFO - Знайдено актуальних оголошень: 0
2025-06-24 17:25:59 - INFO - ✅ HTML файл збережено: magnat.html
2025-06-24 17:25:59 - INFO - Обробка URL: https://www.olx.pl/elektronika/sprzet-audio/q-wzmaczniacz/?courier=1, JSON: wzmaczniacz.json, Thread ID: 5
2025-06-24 17:25:59 - INFO - Знайдено старих оголошень: 314
2025-06-24 17:26:19 - INFO - Знайдено актуальних оголошень: 0
2025-06-24 17:26:19 - INFO - ✅ HTML файл збережено: wzmaczniacz.html
2025-06-24 18:37:11 - INFO - Обробка URL: https://www.olx.pl/elektronika/sprzet-audio/glosniki-i-kolumny/q-magnat/?courier=1, JSON: magnat.json, Thread ID: 2
2025-06-24 18:37:11 - INFO - Знайдено старих оголошень: 684
2025-06-24 18:37:16 - INFO - NEW {'title': 'Magnat Quantum 503', 'link': 'https://www.olx.pl/d/oferta/magnat-quantum-503-CID99-ID16fnL8.html', 'price': '400 zł', 'status': 'active', 'date_found': '2025-06-24 18:37', 'date_removed': None, 'description': 'Głośniki w bardzo dobrym stanie jak widać na zdjęciach, waga jednego ok 10 kilogramów2-drożny, bass reflexGłośniki: 170 mm TT, 25 mm HTWymiary (S x W x G) 200x350x280 mmMoc nominalna 90 WMoc makszmalna 150 WDolne odcięcie częstotliwości: 30 HzGórne odcięcie częstotliwości: 55000 HzCzęstotliwość podziału: 3200Impedancja 4-8 OhmCzułość: 90 dB', 'images': ['https://ireland.apollo.olxcdn.com:443/v1/files/qe1n5vynhyqi-PL/image;s=900x2000', 'https://ireland.apollo.olxcdn.com:443/v1/files/qn81ovmgilw82-PL/image;s=900x2000', 'https://ireland.apollo.olxcdn.com:443/v1/files/2hh64nu0yd6q-PL/image;s=738x1640', 'https://ireland.apollo.olxcdn.com:443/v1/files/ak81vmbkeenp3-PL/image;s=900x2000'], 'published_date': '15 czerwca 2025', 'location': ''}
2025-06-24 18:37:16 - INFO - Parsed page 1, found 1 new ads.
2025-06-24 18:37:25 - INFO - Last page 4 is the same as this page. Stopping.
2025-06-24 18:37:25 - INFO - Знайдено актуальних оголошень: 1
2025-06-24 18:37:25 - INFO - Додаємо https://www.olx.pl/d/oferta/magnat-quantum-503-CID99-ID16fnL8.html.
2025-06-24 18:37:33 - INFO - Successfully sent message for ad: Magnat Quantum 503
2025-06-24 18:37:34 - INFO - ✅ HTML файл збережено: magnat.html
2025-06-24 18:37:34 - INFO - Обробка URL: https://www.olx.pl/elektronika/sprzet-audio/q-wzmaczniacz/?courier=1, JSON: wzmaczniacz.json, Thread ID: 5
2025-06-24 18:37:34 - INFO - Знайдено старих оголошень: 314
2025-06-24 18:37:50 - INFO - Знайдено актуальних оголошень: 0
2025-06-24 18:37:50 - INFO - ✅ HTML файл збережено: wzmaczniacz.html
2025-06-24 19:21:02 - INFO - Обробка URL: https://www.olx.pl/elektronika/sprzet-audio/glosniki-i-kolumny/q-magnat/?courier=1, JSON: magnat.json, Thread ID: 2
2025-06-24 19:21:02 - INFO - Знайдено старих оголошень: 685
2025-06-24 19:21:16 - INFO - Last page 4 is the same as this page. Stopping.
2025-06-24 19:21:16 - INFO - Знайдено актуальних оголошень: 0
2025-06-24 19:21:16 - INFO - ✅ HTML файл збережено: magnat.html
2025-06-24 19:21:16 - INFO - Обробка URL: https://www.olx.pl/elektronika/sprzet-audio/q-wzmaczniacz/?courier=1, JSON: wzmaczniacz.json, Thread ID: 5
2025-06-24 19:21:16 - INFO - Знайдено старих оголошень: 314
2025-06-24 19:21:33 - INFO - Знайдено актуальних оголошень: 0
2025-06-24 19:21:33 - INFO - ✅ HTML файл збережено: wzmaczniacz.html
2025-06-24 20:29:27 - INFO - Обробка URL: https://www.olx.pl/elektronika/sprzet-audio/glosniki-i-kolumny/q-magnat/?courier=1, JSON: magnat.json, Thread ID: 2
2025-06-24 20:29:27 - INFO - Знайдено старих оголошень: 685
2025-06-24 20:29:41 - INFO - Last page 4 is the same as this page. Stopping.
2025-06-24 20:29:41 - INFO - Знайдено актуальних оголошень: 0
2025-06-24 20:29:41 - INFO - ✅ HTML файл збережено: magnat.html
2025-06-24 20:29:41 - INFO - Обробка URL: https://www.olx.pl/elektronika/sprzet-audio/q-wzmaczniacz/?courier=1, JSON: wzmaczniacz.json, Thread ID: 5
2025-06-24 20:29:41 - INFO - Знайдено старих оголошень: 314
2025-06-24 20:29:58 - INFO - Знайдено актуальних оголошень: 0
2025-06-24 20:29:58 - INFO - ✅ HTML файл збережено: wzmaczniacz.html
2025-06-24 21:25:23 - INFO - Обробка URL: https://www.olx.pl/elektronika/sprzet-audio/glosniki-i-kolumny/q-magnat/?courier=1, JSON: magnat.json, Thread ID: 2
2025-06-24 21:25:23 - INFO - Знайдено старих оголошень: 685
2025-06-24 21:25:36 - INFO - Last page 4 is the same as this page. Stopping.
2025-06-24 21:25:36 - INFO - Знайдено актуальних оголошень: 0
2025-06-24 21:25:36 - INFO - ✅ HTML файл збережено: magnat.html
2025-06-24 21:25:36 - INFO - Обробка URL: https://www.olx.pl/elektronika/sprzet-audio/q-wzmaczniacz/?courier=1, JSON: wzmaczniacz.json, Thread ID: 5
2025-06-24 21:25:36 - INFO - Знайдено старих оголошень: 314
2025-06-24 21:25:54 - INFO - Знайдено актуальних оголошень: 0
2025-06-24 21:25:54 - INFO - ✅ HTML файл збережено: wzmaczniacz.html
2025-06-24 22:25:43 - INFO - Обробка URL: https://www.olx.pl/elektronika/sprzet-audio/glosniki-i-kolumny/q-magnat/?courier=1, JSON: magnat.json, Thread ID: 2
2025-06-24 22:25:43 - INFO - Знайдено старих оголошень: 685
2025-06-24 22:25:56 - INFO - Last page 4 is the same as this page. Stopping.
2025-06-24 22:25:56 - INFO - Знайдено актуальних оголошень: 0
2025-06-24 22:25:56 - INFO - ✅ HTML файл збережено: magnat.html
2025-06-24 22:25:56 - INFO - Обробка URL: https://www.olx.pl/elektronika/sprzet-audio/q-wzmaczniacz/?courier=1, JSON: wzmaczniacz.json, Thread ID: 5
2025-06-24 22:25:56 - INFO - Знайдено старих оголошень: 314
2025-06-24 22:26:17 - INFO - Знайдено актуальних оголошень: 0
2025-06-24 22:26:17 - INFO - ✅ HTML файл збережено: wzmaczniacz.html
