2025-06-23 03:58:04 - INFO - Обробка URL: https://www.olx.pl/elektronika/sprzet-audio/glosniki-i-kolumny/q-magnat/?courier=1, JSON: magnat.json, Thread ID: 2
2025-06-23 03:58:04 - INFO - Знайдено старих оголошень: 681
2025-06-23 03:58:14 - INFO - Last page 4 is the same as this page. Stopping.
2025-06-23 03:58:14 - INFO - Знайдено актуальних оголошень: 0
2025-06-23 03:58:14 - INFO - ✅ HTML файл збережено: magnat.html
2025-06-23 03:58:14 - INFO - Обробка URL: https://www.olx.pl/elektronika/sprzet-audio/q-wzmaczniacz/?courier=1, JSON: wzmaczniacz.json, Thread ID: 5
2025-06-23 03:58:14 - INFO - Знайдено старих оголошень: 310
2025-06-23 03:58:30 - INFO - Знайдено актуальних оголошень: 0
2025-06-23 03:58:30 - INFO - ✅ HTML файл збережено: wzmaczniacz.html
2025-06-23 06:39:52 - INFO - Обробка URL: https://www.olx.pl/elektronika/sprzet-audio/glosniki-i-kolumny/q-magnat/?courier=1, JSON: magnat.json, Thread ID: 2
2025-06-23 06:39:52 - INFO - Знайдено старих оголошень: 681
2025-06-23 06:40:06 - INFO - Last page 4 is the same as this page. Stopping.
2025-06-23 06:40:06 - INFO - Знайдено актуальних оголошень: 0
2025-06-23 06:40:06 - INFO - ✅ HTML файл збережено: magnat.html
2025-06-23 06:40:06 - INFO - Обробка URL: https://www.olx.pl/elektronika/sprzet-audio/q-wzmaczniacz/?courier=1, JSON: wzmaczniacz.json, Thread ID: 5
2025-06-23 06:40:06 - INFO - Знайдено старих оголошень: 310
2025-06-23 06:40:23 - INFO - Знайдено актуальних оголошень: 0
2025-06-23 06:40:23 - INFO - ✅ HTML файл збережено: wzmaczniacz.html
2025-06-23 07:27:13 - INFO - Обробка URL: https://www.olx.pl/elektronika/sprzet-audio/glosniki-i-kolumny/q-magnat/?courier=1, JSON: magnat.json, Thread ID: 2
2025-06-23 07:27:13 - INFO - Знайдено старих оголошень: 681
2025-06-23 07:27:24 - INFO - Last page 4 is the same as this page. Stopping.
2025-06-23 07:27:24 - INFO - Знайдено актуальних оголошень: 0
2025-06-23 07:27:24 - INFO - ✅ HTML файл збережено: magnat.html
2025-06-23 07:27:24 - INFO - Обробка URL: https://www.olx.pl/elektronika/sprzet-audio/q-wzmaczniacz/?courier=1, JSON: wzmaczniacz.json, Thread ID: 5
2025-06-23 07:27:24 - INFO - Знайдено старих оголошень: 310
2025-06-23 07:27:40 - INFO - Знайдено актуальних оголошень: 0
2025-06-23 07:27:40 - INFO - ✅ HTML файл збережено: wzmaczniacz.html
2025-06-23 08:36:28 - INFO - Обробка URL: https://www.olx.pl/elektronika/sprzet-audio/glosniki-i-kolumny/q-magnat/?courier=1, JSON: magnat.json, Thread ID: 2
2025-06-23 08:36:28 - INFO - Знайдено старих оголошень: 681
2025-06-23 08:36:39 - INFO - Last page 4 is the same as this page. Stopping.
2025-06-23 08:36:39 - INFO - Знайдено актуальних оголошень: 0
2025-06-23 08:36:39 - INFO - ✅ HTML файл збережено: magnat.html
2025-06-23 08:36:39 - INFO - Обробка URL: https://www.olx.pl/elektronika/sprzet-audio/q-wzmaczniacz/?courier=1, JSON: wzmaczniacz.json, Thread ID: 5
2025-06-23 08:36:39 - INFO - Знайдено старих оголошень: 310
2025-06-23 08:36:55 - INFO - Знайдено актуальних оголошень: 0
2025-06-23 08:36:55 - INFO - ✅ HTML файл збережено: wzmaczniacz.html
