2025-05-02 03:41:00 - INFO - Found old 452 ads.
2025-05-02 03:41:59 - INFO - Last page 13 is the same as this page. Stopping.
2025-05-02 03:41:59 - INFO - Found actual 0 ads.
2025-05-02 03:41:59 - INFO - ✅ HTML файл збережено: index.html
2025-05-02 06:32:34 - INFO - Found old 452 ads.
2025-05-02 06:33:33 - INFO - Last page 13 is the same as this page. Stopping.
2025-05-02 06:33:33 - INFO - Found actual 0 ads.
2025-05-02 06:33:33 - INFO - ✅ HTML файл збережено: index.html
2025-05-02 07:22:17 - INFO - Found old 452 ads.
2025-05-02 07:23:11 - INFO - Last page 13 is the same as this page. Stopping.
2025-05-02 07:23:11 - INFO - Found actual 0 ads.
2025-05-02 07:23:11 - INFO - ✅ HTML файл збережено: index.html
2025-05-02 07:39:51 - INFO - Found old 452 ads.
2025-05-02 07:40:43 - INFO - Last page 13 is the same as this page. Stopping.
2025-05-02 07:40:43 - INFO - Found actual 0 ads.
2025-05-02 07:40:43 - INFO - ✅ HTML файл збережено: index.html
2025-05-02 08:29:53 - INFO - Found old 452 ads.
2025-05-02 08:29:53 - INFO - Found actual 0 ads.
2025-05-02 08:29:53 - INFO - ✅ HTML файл збережено: index.html
2025-05-02 08:50:04 - INFO - Found old 452 ads.
2025-05-02 08:50:07 - INFO - NEW {'title': 'Kolumny Magnat Monitor Supreme', 'link': 'https://www.olx.pl/d/oferta/kolumny-magnat-monitor-supreme-CID99-ID15DXuV.html', 'price': '900 zł', 'status': 'active', 'date_found': '2025-05-02', 'date_removed': None, 'description': 'Przedmiotem sprzedaży są kolumny Magnat Monitor Supreme 1000. Kolumny posiadam od nowości, nigdy nie naprawiane, posiadają normalne ślady użytkowania (rysy)Nie wysyłam, odbiór tylko osobisty', 'images': ['https://ireland.apollo.olxcdn.com:443/v1/files/e7t62505rf16-PL/image;s=3000x4000', 'https://ireland.apollo.olxcdn.com:443/v1/files/7rsovk6qrxtb2-PL/image;s=3000x4000', 'https://ireland.apollo.olxcdn.com:443/v1/files/l5wlopdj1lz03-PL/image;s=3000x4000'], 'published_date': '2025-05-02 o 08:41', 'location': ''}
2025-05-02 08:50:08 - INFO - NEW {'title': '2 szt Głośników basowych  do subwooferów Magnat 32 cm 1000 wat', 'link': 'https://www.olx.pl/d/oferta/2-szt-glosnikow-basowych-do-subwooferow-magnat-32-cm-1000-wat-CID99-ID15DFJp.html', 'price': '500 zł', 'status': 'active', 'date_found': '2025-05-02', 'date_removed': None, 'description': 'Witam posiadam dwa głośniki dużej mocy ważące 9 kg każdy Magnat 32 cm guma zewnętrzna szerokości 3,5 cm moc 1000 W każdy głośniki w dobrej kondycji odbiór osobisty można przyjechać i sprawdzić można wysłać kurierem ale trzeba sprawdzić ile to kosztuje dziękuję', 'images': ['https://ireland.apollo.olxcdn.com:443/v1/files/hgtuwnz8msde1-PL/image;s=867x1156', 'https://ireland.apollo.olxcdn.com:443/v1/files/2r4bmmvo9mk41-PL/image;s=867x1156', 'https://ireland.apollo.olxcdn.com:443/v1/files/i3psgnuylc7t2-PL/image;s=867x1156', 'https://ireland.apollo.olxcdn.com:443/v1/files/nimx0b6ubwcy2-PL/image;s=1156x867', 'https://ireland.apollo.olxcdn.com:443/v1/files/ndgglt6vfvzq1-PL/image;s=1156x867'], 'published_date': '01 maja 2025', 'location': ''}
2025-05-02 08:50:11 - INFO - Parsed page 1, found 2 new ads.
2025-05-02 08:50:52 - INFO - Last page 13 is the same as this page. Stopping.
2025-05-02 08:50:52 - INFO - Found actual 2 ads.
2025-05-02 08:50:52 - INFO - Додаємо https://www.olx.pl/d/oferta/kolumny-magnat-monitor-supreme-CID99-ID15DXuV.html.
2025-05-02 08:50:55 - INFO - Додаємо https://www.olx.pl/d/oferta/2-szt-glosnikow-basowych-do-subwooferow-magnat-32-cm-1000-wat-CID99-ID15DFJp.html.
2025-05-02 08:50:56 - INFO - ✅ HTML файл збережено: index.html
2025-05-02 10:55:28 - INFO - Found old 454 ads.
2025-05-02 10:56:19 - INFO - Last page 13 is the same as this page. Stopping.
2025-05-02 10:56:19 - INFO - Found actual 0 ads.
2025-05-02 10:56:19 - INFO - ✅ HTML файл збережено: index.html
2025-05-02 10:57:59 - INFO - Found old 454 ads.
2025-05-02 10:58:58 - INFO - Last page 13 is the same as this page. Stopping.
2025-05-02 10:58:58 - INFO - Found actual 0 ads.
2025-05-02 10:58:58 - INFO - ✅ HTML файл збережено: index.html
