2025-05-12 03:47:50 - INFO - Found old 544 ads.
2025-05-12 03:48:46 - INFO - Last page 13 is the same as this page. Stopping.
2025-05-12 03:48:46 - INFO - Found actual 0 ads.
2025-05-12 03:48:46 - INFO - ✅ HTML файл збережено: index.html
2025-05-12 06:37:32 - INFO - Found old 544 ads.
2025-05-12 06:37:55 - INFO - NEW {'title': 'Subwoofer aktywny Jamo sub subufer głośnik basowy', 'link': 'https://www.olx.pl/d/oferta/subwoofer-aktywny-jamo-sub-subufer-glosnik-basowy-CID99-ID15EKcw.html', 'price': '399 zł', 'status': 'active', 'date_found': '2025-05-12 06:37', 'date_removed': None, 'description': 'Potężny subwoofer aktywnyJamo PJ SW 6000APOWERED SUBWOOFER SYSTEMSubwoofer w Bardzo dobrym stanie, w 100% sprawny.Rewelacyjne wykonanie,Wejscia wysoko oraz niskopoziomowe - umożliwiające podłączenie subwoofera praktycznie do kazdego zestawu stereo lub kina domowego..Najlepiej dzwonić lub  napisać SMS:504  --996  -- 123..W zestawie kabel połaczeniowy do subwoofera ( RCA-RCA )Wejścia wysoko oraz nisko poziomowe, co sprawia że można podłączyć go pod każdy wzmacniacz stereo lub amplituner.Ma bardzo mocny i dynamiczny dźwięk, bardzo nisko potrafi zejść i od najniższych częstotliwości wzbogacać zarówno muzykę z płyt, z radia czy klasycznie filmy z DVD lub Blu RaySubwoofer ma bardzo dobre opinie w internecie.Moc: 100 WattPrzetwornik: Typ StożkowyTechnologia Bass-Reflex - Układ podwójnyPasmo przenoszenia: 28-200 Hz;Płynna regulacja:  25-200 HzRegulacja mocyWymiary:Szerokość: 29,0 cmWysokość:  35,5 cmGłębokość: 38,5 cmJeśli szukasz doskonałego Subwoofera, który poradzi sobie z każdym, nawet najtrudniejszym zadaniem  będzie strzałem w dziesiątkę.Przemyślana konstrukcja i doskonała jakość sprawiają, że produkt ten jest bezapelacyjnie wart swojej ceny.Dobry system audio musi mieć subwoofer – ta prosta prawda jest znana wszystkim posiadaczom sprzętu grającego na całym świecie.Potężny i głęboki bas pozwala sprawić, że dźwięk staje się nie tylko słyszalny, ale wręcz odczuwalny każdą częścią ciała.Często po podłączeniu subwoofera okazuje się, że gdy słuchamy swoich ulubionych utworów na naszej skórze pojawiają się ciarkikef dali jamo jbl  magnat tannoy tonsil heco elac yamaha canton pioneer technics focal  quadral infinity mission diora monitor audiotechnics pioneer yamaha denon marantz', 'images': ['https://ireland.apollo.olxcdn.com:443/v1/files/9ta4zr5356w2-PL/image;s=2163x1731', 'https://ireland.apollo.olxcdn.com:443/v1/files/lukue6uqjtq6-PL/image;s=2005x1504', 'https://ireland.apollo.olxcdn.com:443/v1/files/r0r2kuwgecvm-PL/image;s=2262x1697', 'https://ireland.apollo.olxcdn.com:443/v1/files/cos20gph76vc3-PL/image;s=2253x1690', 'https://ireland.apollo.olxcdn.com:443/v1/files/b2m6cd22ddyg1-PL/image;s=2360x1770', 'https://ireland.apollo.olxcdn.com:443/v1/files/hk3qiwgtcvau2-PL/image;s=2113x1585', 'https://ireland.apollo.olxcdn.com:443/v1/files/srq1qgaewg0a1-PL/image;s=2350x1763', 'https://ireland.apollo.olxcdn.com:443/v1/files/kw46mydasjgu-PL/image;s=2474x1650'], 'published_date': '03 maja 2025', 'location': ''}
2025-05-12 06:37:55 - INFO - Parsed page 4, found 1 new ads.
2025-05-12 06:37:59 - INFO - NEW {'title': 'Bardzo ładne duńskie kolumny Eltex głośniki do amplituner  wzmacniacz', 'link': 'https://www.olx.pl/d/oferta/bardzo-ladne-dunskie-kolumny-eltex-glosniki-do-amplituner-wzmacniacz-CID99-ID15MmUs.html', 'price': '399 zł', 'status': 'active', 'date_found': '2025-05-12 06:37', 'date_removed': None, 'description': 'Kolumny  duńskiej markiEltax model UniverseKolumny są w pełni sprawne bez uszkodzeń, grają bardzo czysto.Żaden z głośników nie zniekształca dźwięku.Kopułka wysoko tonowa jest wyjątkowo dobrej jakości, dzięki czemu wysokie tonu są ładnie słyszalne.Kolumny wyglądają bardzo ładnie i są wykończone z bardzo dobrych materiałów.Możliwe jest sprawdzenie kolumn i odsłuchanie w Gdańsku.POLECAM - grają bardzo ładnie i czysto.ODBIÓR tylko OSOBISTYZ pytaniami dzwonić lub SMS:504 --996 -- 123Kolumna głośnikowa zapewniająca dźwięk znakomitej jakości.Wyposażona w pasmo przenoszenia: 45Hz - 22kHz oraz uniwerslaną impedancję 8ohm, dzięki której można te kolumny podłączyć do każdego wzmacniacza czy amplitunera kina domowego.Ponadto, elegancki wygląd sprawia, że urządzenie pasuje do każdego stylowego wnętrza.Typ kolumny 2-drożny bass reflexMoc znamionowa RMS 100 WattMoc muzyczna 180 WattPasmo przenoszenia 45 Hz - 20 kHzImpedancja znamionowa 8 OhmSkuteczność 88 dBWymiaryWysokość: 83,5 cmSzerokość: 22,0 cmGłębokość: 25,0 cmkef dali jamo jbl  magnat tannoy tonsil heco elac yamaha canton pioneer technics focal  quadral infinity mission diora monitor audio vifadenon yamaha marantz technics onkyo', 'images': ['https://ireland.apollo.olxcdn.com:443/v1/files/fzwdvjonf8q21-PL/image;s=1880x2816', 'https://ireland.apollo.olxcdn.com:443/v1/files/pmmmt8w961fy2-PL/image;s=1573x2224', 'https://ireland.apollo.olxcdn.com:443/v1/files/nqh05d4zzyrw-PL/image;s=2209x3033', 'https://ireland.apollo.olxcdn.com:443/v1/files/lxodc0f2zrew1-PL/image;s=2201x3369', 'https://ireland.apollo.olxcdn.com:443/v1/files/6fxymbozodc5-PL/image;s=2377x3081', 'https://ireland.apollo.olxcdn.com:443/v1/files/w2g53jvldeo91-PL/image;s=1879x2634', 'https://ireland.apollo.olxcdn.com:443/v1/files/ncomgz4ki5jo-PL/image;s=1830x2269'], 'published_date': '2025-05-12 o 06:26', 'location': ''}
2025-05-12 06:37:59 - INFO - Parsed page 5, found 1 new ads.
2025-05-12 06:38:39 - INFO - Last page 13 is the same as this page. Stopping.
2025-05-12 06:38:39 - INFO - Found actual 2 ads.
2025-05-12 06:38:39 - INFO - Додаємо https://www.olx.pl/d/oferta/subwoofer-aktywny-jamo-sub-subufer-glosnik-basowy-CID99-ID15EKcw.html.
2025-05-12 06:38:43 - INFO - Додаємо https://www.olx.pl/d/oferta/bardzo-ladne-dunskie-kolumny-eltex-glosniki-do-amplituner-wzmacniacz-CID99-ID15MmUs.html.
2025-05-12 06:38:46 - INFO - ✅ HTML файл збережено: index.html
2025-05-12 07:25:29 - INFO - Found old 546 ads.
2025-05-12 07:26:38 - INFO - Last page 13 is the same as this page. Stopping.
2025-05-12 07:26:38 - INFO - Found actual 0 ads.
2025-05-12 07:26:38 - INFO - ✅ HTML файл збережено: index.html
2025-05-12 08:34:43 - INFO - Found old 546 ads.
2025-05-12 08:34:47 - INFO - NEW {'title': 'Kino domowe Yamaha', 'link': 'https://www.olx.pl/d/oferta/kino-domowe-yamaha-CID99-ID15Mpb5.html', 'price': '1 000 zł', 'status': 'active', 'date_found': '2025-05-12 08:34', 'date_removed': None, 'description': 'Sprzedam zestaw kina domowego z dodatkowo dokupionym subwooferem aktywnym Magnat 150W.Kino domowe 100W .Super stan praktycznie bez wad wizualnych no i oczywiście technicznych. POLECAM.', 'images': ['https://ireland.apollo.olxcdn.com:443/v1/files/6hhubw53zc9q1-PL/image;s=765x1020', 'https://ireland.apollo.olxcdn.com:443/v1/files/bopzyxn5ftwh1-PL/image;s=765x1020', 'https://ireland.apollo.olxcdn.com:443/v1/files/trllsetdky3p2-PL/image;s=1020x765', 'https://ireland.apollo.olxcdn.com:443/v1/files/0cr2hh3gbtpj2-PL/image;s=765x1020', 'https://ireland.apollo.olxcdn.com:443/v1/files/h4xj4y3srt8u1-PL/image;s=765x1020', 'https://ireland.apollo.olxcdn.com:443/v1/files/c5ht25z8yv963-PL/image;s=765x1020', 'https://ireland.apollo.olxcdn.com:443/v1/files/wwwmx41gpmrx2-PL/image;s=765x1020', 'https://ireland.apollo.olxcdn.com:443/v1/files/sj962ie6417g3-PL/image;s=765x1020'], 'published_date': '2025-05-12 o 07:28', 'location': ''}
2025-05-12 08:34:53 - INFO - Parsed page 1, found 1 new ads.
2025-05-12 08:35:34 - INFO - Last page 13 is the same as this page. Stopping.
2025-05-12 08:35:34 - INFO - Found actual 1 ads.
2025-05-12 08:35:34 - INFO - Додаємо https://www.olx.pl/d/oferta/kino-domowe-yamaha-CID99-ID15Mpb5.html.
2025-05-12 08:35:36 - INFO - ✅ HTML файл збережено: index.html
2025-05-12 09:29:05 - INFO - Found old 547 ads.
2025-05-12 09:29:50 - INFO - Last page 13 is the same as this page. Stopping.
2025-05-12 09:29:50 - INFO - Found actual 0 ads.
2025-05-12 09:29:50 - INFO - ✅ HTML файл збережено: index.html
2025-05-12 10:29:30 - INFO - Found old 547 ads.
2025-05-12 10:29:35 - INFO - NEW {'title': 'Wysokotonowe Magnat fMax 4 S 25', 'link': 'https://www.olx.pl/d/oferta/wysokotonowe-magnat-fmax-4-s-25-CID99-ID15MBuD.html', 'price': '250 zł', 'status': 'active', 'date_found': '2025-05-12 10:29', 'date_removed': None, 'description': 'Sprzedam dwa glosniki wyokotonowe Magnat . Stan idealny. Wiele lat temu kupiłem zestaw Magnat  Quantum 507 i odrazu wymieniałem na inne wysokotonowe. Te zostały.', 'images': ['https://ireland.apollo.olxcdn.com:443/v1/files/vh3232lv5c7i1-PL/image;s=1500x2000', 'https://ireland.apollo.olxcdn.com:443/v1/files/u6o07atb03w83-PL/image;s=2000x1500'], 'published_date': '2025-05-12 o 10:07', 'location': ''}
2025-05-12 10:29:39 - INFO - Parsed page 1, found 1 new ads.
2025-05-12 10:30:21 - INFO - Last page 13 is the same as this page. Stopping.
2025-05-12 10:30:21 - INFO - Found actual 1 ads.
2025-05-12 10:30:21 - INFO - Додаємо https://www.olx.pl/d/oferta/wysokotonowe-magnat-fmax-4-s-25-CID99-ID15MBuD.html.
2025-05-12 10:30:24 - INFO - ✅ HTML файл збережено: index.html
2025-05-12 11:22:17 - INFO - Found old 548 ads.
2025-05-12 11:23:09 - INFO - Last page 13 is the same as this page. Stopping.
2025-05-12 11:23:09 - INFO - Found actual 0 ads.
2025-05-12 11:23:09 - INFO - ✅ HTML файл збережено: index.html
2025-05-12 12:54:22 - INFO - Found old 548 ads.
2025-05-12 12:55:06 - INFO - Last page 13 is the same as this page. Stopping.
2025-05-12 12:55:06 - INFO - Found actual 0 ads.
2025-05-12 12:55:06 - INFO - ✅ HTML файл збережено: index.html
2025-05-12 13:37:02 - INFO - Found old 548 ads.
2025-05-12 13:37:56 - INFO - Last page 13 is the same as this page. Stopping.
2025-05-12 13:37:56 - INFO - Found actual 0 ads.
2025-05-12 13:37:56 - INFO - ✅ HTML файл збережено: index.html
2025-05-12 14:27:18 - INFO - Found old 548 ads.
2025-05-12 14:27:23 - INFO - NEW {'title': 'MAGNAT Monitor S14 C\nKolumna centralna kolor Czarny', 'link': 'https://www.olx.pl/d/oferta/magnat-monitor-s14-ckolumna-centralna-kolor-czarny-CID99-ID15MXoY.html', 'price': '480 zł', 'status': 'active', 'date_found': '2025-05-12 14:27', 'date_removed': None, 'description': '2,5-drożny głośnik centralnyPRZETWORNIKIGłośnik niskotonowy 2 x 4,5 cala1,1-calowy kopułkowy głośnik wysokotonowy2 x 4,5-calowy głośnik niskotonowy średniotonowyOBSŁUGA MOCY (RMS/MAKS.)100 / 200 watówCZUŁOŚĆ (2,8 V/1 M)90dBIMPEDANCJA4 – 8 omówPASMO PRZENOSZENIA38 – 38.000 HzCZĘSTOTLIWOŚCI ZWROTNICY500Hz, 2.700HzZALECANE WYJŚCIE WZMACNIACZA30 - 200 watówWYMIARY (SXWXG)700 x 150 x 190 mmWAGA7 kgStan techniczny i wizualny idealnyna gwarancji (paragon)odbiur osobisty lub wysyłka DPD - 20 zł', 'images': ['https://ireland.apollo.olxcdn.com:443/v1/files/uv8ezsl9gxmr2-PL/image;s=1865x543', 'https://ireland.apollo.olxcdn.com:443/v1/files/vcatbwc2ehfm2-PL/image;s=1865x543', 'https://ireland.apollo.olxcdn.com:443/v1/files/ph6p259gf43r2-PL/image;s=1925x543'], 'published_date': '2025-05-12 o 14:20', 'location': ''}
2025-05-12 14:27:23 - INFO - NEW {'title': 'Głośniki Pioneer , wzmacniacz Magnat classic 4000', 'link': 'https://www.olx.pl/d/oferta/glosniki-pioneer-wzmacniacz-magnat-classic-4000-CID99-ID15MWt4.html', 'price': '200 zł', 'status': 'active', 'date_found': '2025-05-12 14:27', 'date_removed': None, 'description': 'Sprzedam komplet głośników Pioneer wraz z zmacniaczem Magnat. 100% sprawne.', 'images': ['https://ireland.apollo.olxcdn.com:443/v1/files/iaaui95qp0de1-PL/image;s=1500x2000', 'https://ireland.apollo.olxcdn.com:443/v1/files/br22kzx80bol2-PL/image;s=1500x2000', 'https://ireland.apollo.olxcdn.com:443/v1/files/jbfvlt2vdefx2-PL/image;s=1500x2000', 'https://ireland.apollo.olxcdn.com:443/v1/files/fbo7eylnu1ku2-PL/image;s=1500x2000', 'https://ireland.apollo.olxcdn.com:443/v1/files/h4x82x4guocx2-PL/image;s=2000x1500', 'https://ireland.apollo.olxcdn.com:443/v1/files/p052op0jkihu3-PL/image;s=2000x1500', 'https://ireland.apollo.olxcdn.com:443/v1/files/qdedhaq9004s2-PL/image;s=1500x2000'], 'published_date': '2025-05-12 o 13:56', 'location': ''}
2025-05-12 14:27:26 - INFO - Parsed page 1, found 2 new ads.
2025-05-12 14:28:12 - INFO - Last page 13 is the same as this page. Stopping.
2025-05-12 14:28:12 - INFO - Found actual 2 ads.
2025-05-12 14:28:12 - INFO - Додаємо https://www.olx.pl/d/oferta/magnat-monitor-s14-ckolumna-centralna-kolor-czarny-CID99-ID15MXoY.html.
2025-05-12 14:28:14 - INFO - Додаємо https://www.olx.pl/d/oferta/glosniki-pioneer-wzmacniacz-magnat-classic-4000-CID99-ID15MWt4.html.
2025-05-12 14:28:18 - INFO - ✅ HTML файл збережено: index.html
2025-05-12 15:29:56 - INFO - Found old 550 ads.
2025-05-12 15:30:44 - INFO - NEW {'title': 'MAGNAT TRANSPULS 26b VINTAGE west germany aktywne !', 'link': 'https://www.olx.pl/d/oferta/magnat-transpuls-26b-vintage-west-germany-aktywne-CID99-IDlE6Hk.html', 'price': '1 400 zł', 'status': 'active', 'date_found': '2025-05-12 15:30', 'date_removed': None, 'description': 'UNIKAT NA RYNKU WTÓRNYM ,KOLUMNY AKTYWNE MAGNAT TRANSPULS 26b.wszystko sprawne i oryginalne.wiecej danych tu - http://www.magnat.tv/b4.shtml.zainteresowanym wiecej  foto na priv.', 'images': ['https://ireland.apollo.olxcdn.com:443/v1/files/788mf5kgfv903-PL/image;s=933x700', 'https://ireland.apollo.olxcdn.com:443/v1/files/9982esbs2x843-PL/image;s=933x700', 'https://ireland.apollo.olxcdn.com:443/v1/files/rpr2mc3x1grf-PL/image;s=933x700'], 'published_date': '2025-05-12 o 15:11', 'location': ''}
2025-05-12 15:30:48 - INFO - Parsed page 11, found 1 new ads.
2025-05-12 15:31:00 - INFO - Last page 13 is the same as this page. Stopping.
2025-05-12 15:31:00 - INFO - Found actual 1 ads.
2025-05-12 15:31:00 - INFO - Додаємо https://www.olx.pl/d/oferta/magnat-transpuls-26b-vintage-west-germany-aktywne-CID99-IDlE6Hk.html.
2025-05-12 15:31:03 - INFO - ✅ HTML файл збережено: index.html
2025-05-12 16:33:18 - INFO - Found old 551 ads.
2025-05-12 16:33:23 - INFO - NEW {'title': 'subwoofer subufer głośnik basowy skrzynia basowa magnat 30 cm', 'link': 'https://www.olx.pl/d/oferta/subwoofer-subufer-glosnik-basowy-skrzynia-basowa-magnat-30-cm-CID99-ID15N4Hh.html', 'price': '270 zł', 'status': 'active', 'date_found': '2025-05-12 16:33', 'date_removed': None, 'description': 'Subwoofer wyposażony w bardzo przyjemnej jakości głośnik magna serii classic (proszę nie porównywać tego do jakichkolwiek sprzetów typu blaupunkt ect .) średnica 30 cm w stosunkowo małej obudowie nie chciałem zagrać auta z racji ,faktu ,że sprzedałem autko sub mi pozostał . Nie odpowiadam na żadne wiadomości czy sms ! Głośnik w bardzo dobrym stanie technicznym grał niespełna 70 h !', 'images': ['https://ireland.apollo.olxcdn.com:443/v1/files/g3eliq82mj6j3-PL/image;s=1512x1512', 'https://ireland.apollo.olxcdn.com:443/v1/files/2w8r2l5twz531-PL/image;s=1512x1512', 'https://ireland.apollo.olxcdn.com:443/v1/files/psi9c5onaomv2-PL/image;s=1512x1512', 'https://ireland.apollo.olxcdn.com:443/v1/files/hjaqy55whbmj2-PL/image;s=1512x1512', 'https://ireland.apollo.olxcdn.com:443/v1/files/xxsi4chiv4k2-PL/image;s=1512x1512', 'https://ireland.apollo.olxcdn.com:443/v1/files/bwli4z9bhfz21-PL/image;s=1512x1512', 'https://ireland.apollo.olxcdn.com:443/v1/files/8u3z17swucb4-PL/image;s=1512x1512', 'https://ireland.apollo.olxcdn.com:443/v1/files/wpdg8fisfj5l2-PL/image;s=1512x1512'], 'published_date': '2025-05-12 o 15:51', 'location': ''}
2025-05-12 16:33:24 - INFO - NEW {'title': 'Kolumny podłogowe Magnat duże 250 wat', 'link': 'https://www.olx.pl/d/oferta/kolumny-podlogowe-magnat-duze-250-wat-CID99-ID15N3Xa.html', 'price': '430 zł', 'status': 'active', 'date_found': '2025-05-12 16:33', 'date_removed': None, 'description': 'Do sprzedania posiadam fajne duże i mocne kolumny podłogowe Magnat art 145 000. Stan kolumn widoczny na zdjęciach, bardzo ładne niezniszczone, maskownice w komplecie materiał ładny , cena za komplet. głośniki oryginalne i sprawne. Moc 140 / 250 watt i 4-8 ohm. Polecam do stereo i do kina na fronty. Zapraszam tylko odbiór osobisty połączony z odsłuchem i sprawdzeniem', 'images': ['https://ireland.apollo.olxcdn.com:443/v1/files/tzrd033smzu82-PL/image;s=2000x2667', 'https://ireland.apollo.olxcdn.com:443/v1/files/5node3fokv833-PL/image;s=2000x2667', 'https://ireland.apollo.olxcdn.com:443/v1/files/1c7u1jzqr5kk2-PL/image;s=2000x2667', 'https://ireland.apollo.olxcdn.com:443/v1/files/dogigwisw57r-PL/image;s=2000x2667', 'https://ireland.apollo.olxcdn.com:443/v1/files/77erj1sho5su1-PL/image;s=7680x5760', 'https://ireland.apollo.olxcdn.com:443/v1/files/xxs9ybtczzv32-PL/image;s=706x942', 'https://ireland.apollo.olxcdn.com:443/v1/files/ezmxoa8wocxl-PL/image;s=2000x2667', 'https://ireland.apollo.olxcdn.com:443/v1/files/j6nz8gko8lq62-PL/image;s=7680x5760'], 'published_date': '2025-05-12 o 15:40', 'location': ''}
2025-05-12 16:33:26 - INFO - Parsed page 1, found 2 new ads.
2025-05-12 16:34:14 - INFO - Last page 13 is the same as this page. Stopping.
2025-05-12 16:34:14 - INFO - Found actual 2 ads.
2025-05-12 16:34:14 - INFO - Додаємо https://www.olx.pl/d/oferta/subwoofer-subufer-glosnik-basowy-skrzynia-basowa-magnat-30-cm-CID99-ID15N4Hh.html.
2025-05-12 16:34:18 - INFO - Додаємо https://www.olx.pl/d/oferta/kolumny-podlogowe-magnat-duze-250-wat-CID99-ID15N3Xa.html.
2025-05-12 16:34:20 - ERROR - ❌ Помилка надсилання фото: Failed to send message #8 with the error message "webpage_curl_failed"
2025-05-12 16:34:20 - INFO - ✅ HTML файл збережено: index.html
2025-05-12 17:22:53 - INFO - Found old 553 ads.
2025-05-12 17:23:44 - INFO - Last page 13 is the same as this page. Stopping.
2025-05-12 17:23:44 - INFO - Found actual 0 ads.
2025-05-12 17:23:44 - INFO - ✅ HTML файл збережено: index.html
2025-05-12 18:35:40 - INFO - Found old 553 ads.
2025-05-12 18:36:27 - INFO - Last page 13 is the same as this page. Stopping.
2025-05-12 18:36:27 - INFO - Found actual 0 ads.
2025-05-12 18:36:27 - INFO - ✅ HTML файл збережено: index.html
2025-05-12 19:20:49 - INFO - Found old 553 ads.
2025-05-12 19:21:39 - INFO - Last page 13 is the same as this page. Stopping.
2025-05-12 19:21:39 - INFO - Found actual 0 ads.
2025-05-12 19:21:39 - INFO - ✅ HTML файл збережено: index.html
