2025-06-20 03:50:23 - INFO - Обробка URL: https://www.olx.pl/elektronika/sprzet-audio/glosniki-i-kolumny/q-magnat/?courier=1, JSON: magnat.json, Thread ID: 2
2025-06-20 03:50:23 - INFO - Знайдено старих оголошень: 674
2025-06-20 03:50:35 - INFO - Last page 4 is the same as this page. Stopping.
2025-06-20 03:50:35 - INFO - Знайдено актуальних оголошень: 0
2025-06-20 03:50:35 - INFO - ✅ HTML файл збережено: magnat.html
2025-06-20 03:50:35 - INFO - Обробка URL: https://www.olx.pl/elektronika/sprzet-audio/q-wzmaczniacz/?courier=1, JSON: wzmaczniacz.json, Thread ID: 5
2025-06-20 03:50:35 - INFO - Знайдено старих оголошень: 306
2025-06-20 03:50:53 - INFO - Знайдено актуальних оголошень: 0
2025-06-20 03:50:53 - INFO - ✅ HTML файл збережено: wzmaczniacz.html
2025-06-20 06:37:44 - INFO - Обробка URL: https://www.olx.pl/elektronika/sprzet-audio/glosniki-i-kolumny/q-magnat/?courier=1, JSON: magnat.json, Thread ID: 2
2025-06-20 06:37:44 - INFO - Знайдено старих оголошень: 674
2025-06-20 06:37:59 - INFO - Last page 4 is the same as this page. Stopping.
2025-06-20 06:37:59 - INFO - Знайдено актуальних оголошень: 0
2025-06-20 06:37:59 - INFO - ✅ HTML файл збережено: magnat.html
2025-06-20 06:37:59 - INFO - Обробка URL: https://www.olx.pl/elektronika/sprzet-audio/q-wzmaczniacz/?courier=1, JSON: wzmaczniacz.json, Thread ID: 5
2025-06-20 06:37:59 - INFO - Знайдено старих оголошень: 306
2025-06-20 06:38:33 - INFO - Знайдено актуальних оголошень: 0
2025-06-20 06:38:33 - INFO - ✅ HTML файл збережено: wzmaczniacz.html
2025-06-20 07:25:14 - INFO - Обробка URL: https://www.olx.pl/elektronika/sprzet-audio/glosniki-i-kolumny/q-magnat/?courier=1, JSON: magnat.json, Thread ID: 2
2025-06-20 07:25:14 - INFO - Знайдено старих оголошень: 674
2025-06-20 07:25:25 - INFO - Last page 4 is the same as this page. Stopping.
2025-06-20 07:25:25 - INFO - Знайдено актуальних оголошень: 0
2025-06-20 07:25:25 - INFO - ✅ HTML файл збережено: magnat.html
2025-06-20 07:25:25 - INFO - Обробка URL: https://www.olx.pl/elektronika/sprzet-audio/q-wzmaczniacz/?courier=1, JSON: wzmaczniacz.json, Thread ID: 5
2025-06-20 07:25:25 - INFO - Знайдено старих оголошень: 306
2025-06-20 07:25:42 - INFO - Знайдено актуальних оголошень: 0
2025-06-20 07:25:42 - INFO - ✅ HTML файл збережено: wzmaczniacz.html
2025-06-20 08:34:23 - INFO - Обробка URL: https://www.olx.pl/elektronika/sprzet-audio/glosniki-i-kolumny/q-magnat/?courier=1, JSON: magnat.json, Thread ID: 2
2025-06-20 08:34:23 - INFO - Знайдено старих оголошень: 674
2025-06-20 08:34:36 - INFO - Last page 4 is the same as this page. Stopping.
2025-06-20 08:34:36 - INFO - Знайдено актуальних оголошень: 0
2025-06-20 08:34:36 - INFO - ✅ HTML файл збережено: magnat.html
2025-06-20 08:34:36 - INFO - Обробка URL: https://www.olx.pl/elektronika/sprzet-audio/q-wzmaczniacz/?courier=1, JSON: wzmaczniacz.json, Thread ID: 5
2025-06-20 08:34:36 - INFO - Знайдено старих оголошень: 306
2025-06-20 08:34:53 - INFO - Знайдено актуальних оголошень: 0
2025-06-20 08:34:53 - INFO - ✅ HTML файл збережено: wzmaczniacz.html
2025-06-20 09:28:14 - INFO - Обробка URL: https://www.olx.pl/elektronika/sprzet-audio/glosniki-i-kolumny/q-magnat/?courier=1, JSON: magnat.json, Thread ID: 2
2025-06-20 09:28:14 - INFO - Знайдено старих оголошень: 674
2025-06-20 09:28:24 - INFO - Last page 4 is the same as this page. Stopping.
2025-06-20 09:28:24 - INFO - Знайдено актуальних оголошень: 0
2025-06-20 09:28:24 - INFO - ✅ HTML файл збережено: magnat.html
2025-06-20 09:28:24 - INFO - Обробка URL: https://www.olx.pl/elektronika/sprzet-audio/q-wzmaczniacz/?courier=1, JSON: wzmaczniacz.json, Thread ID: 5
2025-06-20 09:28:24 - INFO - Знайдено старих оголошень: 306
2025-06-20 09:28:38 - INFO - Знайдено актуальних оголошень: 0
2025-06-20 09:28:38 - INFO - ✅ HTML файл збережено: wzmaczniacz.html
2025-06-20 10:28:49 - INFO - Обробка URL: https://www.olx.pl/elektronika/sprzet-audio/glosniki-i-kolumny/q-magnat/?courier=1, JSON: magnat.json, Thread ID: 2
2025-06-20 10:28:49 - INFO - Знайдено старих оголошень: 674
2025-06-20 10:28:59 - INFO - Last page 4 is the same as this page. Stopping.
2025-06-20 10:28:59 - INFO - Знайдено актуальних оголошень: 0
2025-06-20 10:28:59 - INFO - ✅ HTML файл збережено: magnat.html
2025-06-20 10:28:59 - INFO - Обробка URL: https://www.olx.pl/elektronika/sprzet-audio/q-wzmaczniacz/?courier=1, JSON: wzmaczniacz.json, Thread ID: 5
2025-06-20 10:28:59 - INFO - Знайдено старих оголошень: 306
2025-06-20 10:29:25 - INFO - Знайдено актуальних оголошень: 0
2025-06-20 10:29:25 - INFO - ✅ HTML файл збережено: wzmaczniacz.html
2025-06-20 11:22:39 - INFO - Обробка URL: https://www.olx.pl/elektronika/sprzet-audio/glosniki-i-kolumny/q-magnat/?courier=1, JSON: magnat.json, Thread ID: 2
2025-06-20 11:22:39 - INFO - Знайдено старих оголошень: 674
2025-06-20 11:22:50 - INFO - Last page 4 is the same as this page. Stopping.
2025-06-20 11:22:50 - INFO - Знайдено актуальних оголошень: 0
2025-06-20 11:22:50 - INFO - ✅ HTML файл збережено: magnat.html
2025-06-20 11:22:50 - INFO - Обробка URL: https://www.olx.pl/elektronika/sprzet-audio/q-wzmaczniacz/?courier=1, JSON: wzmaczniacz.json, Thread ID: 5
2025-06-20 11:22:50 - INFO - Знайдено старих оголошень: 306
2025-06-20 11:23:06 - INFO - Знайдено актуальних оголошень: 0
2025-06-20 11:23:06 - INFO - ✅ HTML файл збережено: wzmaczniacz.html
2025-06-20 12:54:11 - INFO - Обробка URL: https://www.olx.pl/elektronika/sprzet-audio/glosniki-i-kolumny/q-magnat/?courier=1, JSON: magnat.json, Thread ID: 2
2025-06-20 12:54:11 - INFO - Знайдено старих оголошень: 674
2025-06-20 12:54:27 - INFO - Знайдено актуальних оголошень: 0
2025-06-20 12:54:27 - INFO - ✅ HTML файл збережено: magnat.html
2025-06-20 12:54:27 - INFO - Обробка URL: https://www.olx.pl/elektronika/sprzet-audio/q-wzmaczniacz/?courier=1, JSON: wzmaczniacz.json, Thread ID: 5
2025-06-20 12:54:27 - INFO - Знайдено старих оголошень: 306
2025-06-20 12:54:42 - INFO - Знайдено актуальних оголошень: 0
2025-06-20 12:54:42 - INFO - ✅ HTML файл збережено: wzmaczniacz.html
2025-06-20 13:36:03 - INFO - Обробка URL: https://www.olx.pl/elektronika/sprzet-audio/glosniki-i-kolumny/q-magnat/?courier=1, JSON: magnat.json, Thread ID: 2
2025-06-20 13:36:03 - INFO - Знайдено старих оголошень: 674
2025-06-20 13:36:16 - INFO - Last page 4 is the same as this page. Stopping.
2025-06-20 13:36:16 - INFO - Знайдено актуальних оголошень: 0
2025-06-20 13:36:16 - INFO - ✅ HTML файл збережено: magnat.html
2025-06-20 13:36:16 - INFO - Обробка URL: https://www.olx.pl/elektronika/sprzet-audio/q-wzmaczniacz/?courier=1, JSON: wzmaczniacz.json, Thread ID: 5
2025-06-20 13:36:16 - INFO - Знайдено старих оголошень: 306
2025-06-20 13:36:33 - INFO - Знайдено актуальних оголошень: 0
2025-06-20 13:36:33 - INFO - ✅ HTML файл збережено: wzmaczniacz.html
2025-06-20 14:25:40 - INFO - Обробка URL: https://www.olx.pl/elektronika/sprzet-audio/glosniki-i-kolumny/q-magnat/?courier=1, JSON: magnat.json, Thread ID: 2
2025-06-20 14:25:40 - INFO - Знайдено старих оголошень: 674
2025-06-20 14:25:51 - INFO - Last page 4 is the same as this page. Stopping.
2025-06-20 14:25:51 - INFO - Знайдено актуальних оголошень: 0
2025-06-20 14:25:51 - INFO - ✅ HTML файл збережено: magnat.html
2025-06-20 14:25:51 - INFO - Обробка URL: https://www.olx.pl/elektronika/sprzet-audio/q-wzmaczniacz/?courier=1, JSON: wzmaczniacz.json, Thread ID: 5
2025-06-20 14:25:51 - INFO - Знайдено старих оголошень: 306
2025-06-20 14:26:06 - INFO - Знайдено актуальних оголошень: 0
2025-06-20 14:26:06 - INFO - ✅ HTML файл збережено: wzmaczniacz.html
2025-06-20 15:27:29 - INFO - Обробка URL: https://www.olx.pl/elektronika/sprzet-audio/glosniki-i-kolumny/q-magnat/?courier=1, JSON: magnat.json, Thread ID: 2
2025-06-20 15:27:29 - INFO - Знайдено старих оголошень: 674
2025-06-20 15:27:41 - INFO - Last page 4 is the same as this page. Stopping.
2025-06-20 15:27:41 - INFO - Знайдено актуальних оголошень: 0
2025-06-20 15:27:41 - INFO - ✅ HTML файл збережено: magnat.html
2025-06-20 15:27:41 - INFO - Обробка URL: https://www.olx.pl/elektronika/sprzet-audio/q-wzmaczniacz/?courier=1, JSON: wzmaczniacz.json, Thread ID: 5
2025-06-20 15:27:41 - INFO - Знайдено старих оголошень: 306
2025-06-20 15:27:56 - INFO - Знайдено актуальних оголошень: 0
2025-06-20 15:27:56 - INFO - ✅ HTML файл збережено: wzmaczniacz.html
