2025-06-19 03:51:39 - INFO - Обробка URL: https://www.olx.pl/elektronika/sprzet-audio/glosniki-i-kolumny/q-magnat/?courier=1, JSON: magnat.json, Thread ID: 2
2025-06-19 03:51:39 - INFO - Знайдено старих оголошень: 672
2025-06-19 03:52:00 - INFO - Last page 4 is the same as this page. Stopping.
2025-06-19 03:52:00 - INFO - Знайдено актуальних оголошень: 0
2025-06-19 03:52:00 - INFO - ✅ HTML файл збережено: magnat.html
2025-06-19 03:52:00 - INFO - Обробка URL: https://www.olx.pl/elektronika/sprzet-audio/q-wzmaczniacz/?courier=1, JSON: wzmaczniacz.json, Thread ID: 5
2025-06-19 03:52:00 - INFO - Знайдено старих оголошень: 301
2025-06-19 03:52:17 - INFO - Знайдено актуальних оголошень: 0
2025-06-19 03:52:17 - INFO - ✅ HTML файл збережено: wzmaczniacz.html
2025-06-19 06:37:48 - INFO - Обробка URL: https://www.olx.pl/elektronika/sprzet-audio/glosniki-i-kolumny/q-magnat/?courier=1, JSON: magnat.json, Thread ID: 2
2025-06-19 06:37:48 - INFO - Знайдено старих оголошень: 672
2025-06-19 06:37:58 - INFO - Last page 4 is the same as this page. Stopping.
2025-06-19 06:37:58 - INFO - Знайдено актуальних оголошень: 0
2025-06-19 06:37:59 - INFO - ✅ HTML файл збережено: magnat.html
2025-06-19 06:37:59 - INFO - Обробка URL: https://www.olx.pl/elektronika/sprzet-audio/q-wzmaczniacz/?courier=1, JSON: wzmaczniacz.json, Thread ID: 5
2025-06-19 06:37:59 - INFO - Знайдено старих оголошень: 301
2025-06-19 06:38:15 - INFO - Знайдено актуальних оголошень: 0
2025-06-19 06:38:15 - INFO - ✅ HTML файл збережено: wzmaczniacz.html
2025-06-19 07:25:23 - INFO - Обробка URL: https://www.olx.pl/elektronika/sprzet-audio/glosniki-i-kolumny/q-magnat/?courier=1, JSON: magnat.json, Thread ID: 2
2025-06-19 07:25:23 - INFO - Знайдено старих оголошень: 672
2025-06-19 07:25:34 - INFO - Last page 4 is the same as this page. Stopping.
2025-06-19 07:25:34 - INFO - Знайдено актуальних оголошень: 0
2025-06-19 07:25:34 - INFO - ✅ HTML файл збережено: magnat.html
2025-06-19 07:25:34 - INFO - Обробка URL: https://www.olx.pl/elektronika/sprzet-audio/q-wzmaczniacz/?courier=1, JSON: wzmaczniacz.json, Thread ID: 5
2025-06-19 07:25:34 - INFO - Знайдено старих оголошень: 301
2025-06-19 07:25:49 - INFO - Знайдено актуальних оголошень: 0
2025-06-19 07:25:49 - INFO - ✅ HTML файл збережено: wzmaczniacz.html
