2025-06-08 03:55:43 - INFO - Обробка URL: https://www.olx.pl/elektronika/sprzet-audio/glosniki-i-kolumny/q-magnat/?courier=1, JSON: magnat.json, Thread ID: 2
2025-06-08 03:55:43 - INFO - Знайдено старих оголошень: 650
2025-06-08 03:55:54 - INFO - Last page 4 is the same as this page. Stopping.
2025-06-08 03:55:54 - INFO - Знайдено актуальних оголошень: 0
2025-06-08 03:55:54 - INFO - ✅ HTML файл збережено: magnat.html
2025-06-08 03:55:54 - INFO - Обробка URL: https://www.olx.pl/elektronika/sprzet-audio/q-wzmaczniacz/?courier=1, JSON: wzmaczniacz.json, Thread ID: 5
2025-06-08 03:55:54 - INFO - Знайдено старих оголошень: 271
2025-06-08 03:56:12 - INFO - Знайдено актуальних оголошень: 0
2025-06-08 03:56:12 - INFO - ✅ HTML файл збережено: wzmaczniacz.html
2025-06-08 06:35:41 - INFO - Обробка URL: https://www.olx.pl/elektronika/sprzet-audio/glosniki-i-kolumny/q-magnat/?courier=1, JSON: magnat.json, Thread ID: 2
2025-06-08 06:35:41 - INFO - Знайдено старих оголошень: 650
2025-06-08 06:35:51 - INFO - Last page 4 is the same as this page. Stopping.
2025-06-08 06:35:51 - INFO - Знайдено актуальних оголошень: 0
2025-06-08 06:35:51 - INFO - ✅ HTML файл збережено: magnat.html
2025-06-08 06:35:51 - INFO - Обробка URL: https://www.olx.pl/elektronika/sprzet-audio/q-wzmaczniacz/?courier=1, JSON: wzmaczniacz.json, Thread ID: 5
2025-06-08 06:35:51 - INFO - Знайдено старих оголошень: 271
2025-06-08 06:36:09 - INFO - Знайдено актуальних оголошень: 0
2025-06-08 06:36:09 - INFO - ✅ HTML файл збережено: wzmaczniacz.html
2025-06-08 07:22:51 - INFO - Обробка URL: https://www.olx.pl/elektronika/sprzet-audio/glosniki-i-kolumny/q-magnat/?courier=1, JSON: magnat.json, Thread ID: 2
2025-06-08 07:22:51 - INFO - Знайдено старих оголошень: 650
2025-06-08 07:22:55 - INFO - NEW {'title': 'Subwoofer Magnat Betasub 20A', 'link': 'https://www.olx.pl/d/oferta/subwoofer-magnat-betasub-20a-CID99-ID1699On.html', 'price': '400 zł', 'status': 'active', 'date_found': '2025-06-08 07:22', 'date_removed': None, 'description': 'Subwoofer Magnat Betasub 20A, stan techniczny, 100% sprawny, stan wizualny świetny.Wysyłka lub odbiór osobisty w Komorów (26-220).', 'images': ['https://ireland.apollo.olxcdn.com:443/v1/files/bsq28v0n8it52-PL/image;s=3000x4000', 'https://ireland.apollo.olxcdn.com:443/v1/files/n2k2g0hnpwa52-PL/image;s=3000x4000', 'https://ireland.apollo.olxcdn.com:443/v1/files/fqxhhlsyub1x1-PL/image;s=3000x4000'], 'published_date': '2025-06-08 o 06:41', 'location': ''}
2025-06-08 07:22:56 - INFO - NEW {'title': 'Subwoofer Magnat Monitor Supreme Sub 201A', 'link': 'https://www.olx.pl/d/oferta/subwoofer-magnat-monitor-supreme-sub-201a-CID99-ID167SkK.html', 'price': '350 zł', 'status': 'active', 'date_found': '2025-06-08 07:22', 'date_removed': None, 'description': 'Sprzęt zachowany w stanie niemalże idealnym ( na zdjeciu widać znikome naruszenie narożnika), 100% sprawny. Dorzucam przewód zasilający oraz przewod rca -> rca pojedynczy do podłączenia sygnału. Poniżej opis od producenta.Magnat Monitor Supreme Sub 201A to aktywny subwoofer o konstrukcji bass-reflex, przeznaczony do użytku domowego.  Dzięki solidnej obudowie z MDF i 8-calowemu przetwornikowi niskotonowemu, oferuje głębokie i dynamiczne basy, które wzbogacają doświadczenia podczas słuchania muzyki czy oglądania filmów.Specyfikacja techniczna:Typ: Aktywny subwoofer z bass-reflexMoc RMS: 75 WMoc maksymalna: 160 WPasmo przenoszenia: 20 – 200 HzŚrednica głośnika: 200 mm (8")Regulacja: Głośności, częstotliwości odcięcia (50–150 Hz), fazy (normalna/odwrócona)Złącza: Wejścia RCA (liniowe), wejścia/wyjścia wysokopoziomowe (klemowe)Wymiary (SxWxG): 265 x 365 x 345 mmWaga: 9,5 kgKolorystyka: Czarny, mocca, wiśniaZasilanie: 115/230 VDodatkowe funkcje: Automatyczne włączanie/wyłączanie, zdejmowana maskownica', 'images': ['https://ireland.apollo.olxcdn.com:443/v1/files/qopeu06428xn3-PL/image;s=2000x1126', 'https://ireland.apollo.olxcdn.com:443/v1/files/pbbada3dvpij3-PL/image;s=2000x1126', 'https://ireland.apollo.olxcdn.com:443/v1/files/xznmfu0klvbx1-PL/image;s=2000x1126', 'https://ireland.apollo.olxcdn.com:443/v1/files/v28jajt3o5m5-PL/image;s=2000x1126', 'https://ireland.apollo.olxcdn.com:443/v1/files/64ps09oq486k3-PL/image;s=2000x1126'], 'published_date': '06 czerwca 2025', 'location': ''}
2025-06-08 07:22:56 - INFO - Parsed page 1, found 2 new ads.
2025-06-08 07:23:05 - INFO - Last page 4 is the same as this page. Stopping.
2025-06-08 07:23:05 - INFO - Знайдено актуальних оголошень: 2
2025-06-08 07:23:05 - INFO - Додаємо https://www.olx.pl/d/oferta/subwoofer-magnat-betasub-20a-CID99-ID1699On.html.
2025-06-08 07:23:10 - INFO - Successfully sent message for ad: Subwoofer Magnat Betasub 20A
2025-06-08 07:23:10 - INFO - Додаємо https://www.olx.pl/d/oferta/subwoofer-magnat-monitor-supreme-sub-201a-CID99-ID167SkK.html.
2025-06-08 07:23:18 - INFO - Successfully sent message for ad: Subwoofer Magnat Monitor Supreme Sub 201A
2025-06-08 07:23:18 - INFO - ✅ HTML файл збережено: magnat.html
2025-06-08 07:23:18 - INFO - Обробка URL: https://www.olx.pl/elektronika/sprzet-audio/q-wzmaczniacz/?courier=1, JSON: wzmaczniacz.json, Thread ID: 5
2025-06-08 07:23:18 - INFO - Знайдено старих оголошень: 271
2025-06-08 07:23:33 - INFO - Знайдено актуальних оголошень: 0
2025-06-08 07:23:33 - INFO - ✅ HTML файл збережено: wzmaczniacz.html
2025-06-08 08:30:39 - INFO - Обробка URL: https://www.olx.pl/elektronika/sprzet-audio/glosniki-i-kolumny/q-magnat/?courier=1, JSON: magnat.json, Thread ID: 2
2025-06-08 08:30:39 - INFO - Знайдено старих оголошень: 652
2025-06-08 08:30:53 - INFO - Last page 4 is the same as this page. Stopping.
2025-06-08 08:30:53 - INFO - Знайдено актуальних оголошень: 0
2025-06-08 08:30:53 - INFO - ✅ HTML файл збережено: magnat.html
2025-06-08 08:30:53 - INFO - Обробка URL: https://www.olx.pl/elektronika/sprzet-audio/q-wzmaczniacz/?courier=1, JSON: wzmaczniacz.json, Thread ID: 5
2025-06-08 08:30:53 - INFO - Знайдено старих оголошень: 271
2025-06-08 08:31:15 - INFO - Знайдено актуальних оголошень: 0
2025-06-08 08:31:15 - INFO - ✅ HTML файл збережено: wzmaczniacz.html
2025-06-08 09:25:35 - INFO - Обробка URL: https://www.olx.pl/elektronika/sprzet-audio/glosniki-i-kolumny/q-magnat/?courier=1, JSON: magnat.json, Thread ID: 2
2025-06-08 09:25:35 - INFO - Знайдено старих оголошень: 652
2025-06-08 09:25:50 - INFO - Last page 4 is the same as this page. Stopping.
2025-06-08 09:25:50 - INFO - Знайдено актуальних оголошень: 0
2025-06-08 09:25:51 - INFO - ✅ HTML файл збережено: magnat.html
2025-06-08 09:25:51 - INFO - Обробка URL: https://www.olx.pl/elektronika/sprzet-audio/q-wzmaczniacz/?courier=1, JSON: wzmaczniacz.json, Thread ID: 5
2025-06-08 09:25:51 - INFO - Знайдено старих оголошень: 271
2025-06-08 09:26:13 - INFO - Знайдено актуальних оголошень: 0
2025-06-08 09:26:13 - INFO - ✅ HTML файл збережено: wzmaczniacz.html
2025-06-08 10:25:46 - INFO - Обробка URL: https://www.olx.pl/elektronika/sprzet-audio/glosniki-i-kolumny/q-magnat/?courier=1, JSON: magnat.json, Thread ID: 2
2025-06-08 10:25:46 - INFO - Знайдено старих оголошень: 652
2025-06-08 10:25:56 - INFO - Last page 4 is the same as this page. Stopping.
2025-06-08 10:25:56 - INFO - Знайдено актуальних оголошень: 0
2025-06-08 10:25:56 - INFO - ✅ HTML файл збережено: magnat.html
2025-06-08 10:25:56 - INFO - Обробка URL: https://www.olx.pl/elektronika/sprzet-audio/q-wzmaczniacz/?courier=1, JSON: wzmaczniacz.json, Thread ID: 5
2025-06-08 10:25:56 - INFO - Знайдено старих оголошень: 271
2025-06-08 10:26:11 - INFO - Знайдено актуальних оголошень: 0
2025-06-08 10:26:11 - INFO - ✅ HTML файл збережено: wzmaczniacz.html
2025-06-08 11:19:26 - INFO - Обробка URL: https://www.olx.pl/elektronika/sprzet-audio/glosniki-i-kolumny/q-magnat/?courier=1, JSON: magnat.json, Thread ID: 2
2025-06-08 11:19:26 - INFO - Знайдено старих оголошень: 652
2025-06-08 11:19:38 - INFO - Last page 4 is the same as this page. Stopping.
2025-06-08 11:19:38 - INFO - Знайдено актуальних оголошень: 0
2025-06-08 11:19:38 - INFO - ✅ HTML файл збережено: magnat.html
2025-06-08 11:19:38 - INFO - Обробка URL: https://www.olx.pl/elektronika/sprzet-audio/q-wzmaczniacz/?courier=1, JSON: wzmaczniacz.json, Thread ID: 5
2025-06-08 11:19:38 - INFO - Знайдено старих оголошень: 271
2025-06-08 11:19:42 - INFO - NEW {'title': 'Wzmaczniacz sygnału wifi D-link', 'link': 'https://www.olx.pl/d/oferta/wzmaczniacz-sygnalu-wifi-d-link-CID99-ID169jvX.html', 'price': '30 zł', 'status': 'active', 'date_found': '2025-06-08 11:19', 'date_removed': None, 'description': 'Używany wzmacniacz sygnału wifi. Poprawia zasięg i stabilność sieci bezprzewodowej. Idealny do domu lub biura, gdzie sygnał jest słaby. Prosty w instalacji i obsłudze.', 'images': ['https://ireland.apollo.olxcdn.com:443/v1/files/13lh7q8gihl01-PL/image;s=750x1000', 'https://ireland.apollo.olxcdn.com:443/v1/files/frte07bfbjjf2-PL/image;s=750x1000', 'https://ireland.apollo.olxcdn.com:443/v1/files/1eklx752vrs41-PL/image;s=750x1000'], 'published_date': '2025-06-08 o 10:34', 'location': ''}
2025-06-08 11:19:42 - INFO - Parsed page 1, found 1 new ads.
2025-06-08 11:19:57 - INFO - Знайдено актуальних оголошень: 1
2025-06-08 11:19:57 - INFO - Додаємо https://www.olx.pl/d/oferta/wzmaczniacz-sygnalu-wifi-d-link-CID99-ID169jvX.html.
2025-06-08 11:20:03 - INFO - Successfully sent message for ad: Wzmaczniacz sygnału wifi D-link
2025-06-08 11:20:03 - INFO - ✅ HTML файл збережено: wzmaczniacz.html
2025-06-08 12:49:22 - INFO - Обробка URL: https://www.olx.pl/elektronika/sprzet-audio/glosniki-i-kolumny/q-magnat/?courier=1, JSON: magnat.json, Thread ID: 2
2025-06-08 12:49:22 - INFO - Знайдено старих оголошень: 652
2025-06-08 12:49:32 - INFO - Last page 4 is the same as this page. Stopping.
2025-06-08 12:49:32 - INFO - Знайдено актуальних оголошень: 0
2025-06-08 12:49:32 - INFO - ✅ HTML файл збережено: magnat.html
2025-06-08 12:49:32 - INFO - Обробка URL: https://www.olx.pl/elektronika/sprzet-audio/q-wzmaczniacz/?courier=1, JSON: wzmaczniacz.json, Thread ID: 5
2025-06-08 12:49:32 - INFO - Знайдено старих оголошень: 272
2025-06-08 12:49:48 - INFO - Знайдено актуальних оголошень: 0
2025-06-08 12:49:48 - INFO - ✅ HTML файл збережено: wzmaczniacz.html
2025-06-08 13:31:43 - INFO - Обробка URL: https://www.olx.pl/elektronika/sprzet-audio/glosniki-i-kolumny/q-magnat/?courier=1, JSON: magnat.json, Thread ID: 2
2025-06-08 13:31:43 - INFO - Знайдено старих оголошень: 652
2025-06-08 13:31:53 - INFO - Last page 4 is the same as this page. Stopping.
2025-06-08 13:31:53 - INFO - Знайдено актуальних оголошень: 0
2025-06-08 13:31:53 - INFO - ✅ HTML файл збережено: magnat.html
2025-06-08 13:31:53 - INFO - Обробка URL: https://www.olx.pl/elektronika/sprzet-audio/q-wzmaczniacz/?courier=1, JSON: wzmaczniacz.json, Thread ID: 5
2025-06-08 13:31:53 - INFO - Знайдено старих оголошень: 272
2025-06-08 13:32:10 - INFO - Знайдено актуальних оголошень: 0
2025-06-08 13:32:10 - INFO - ✅ HTML файл збережено: wzmaczniacz.html
2025-06-08 14:22:22 - INFO - Обробка URL: https://www.olx.pl/elektronika/sprzet-audio/glosniki-i-kolumny/q-magnat/?courier=1, JSON: magnat.json, Thread ID: 2
2025-06-08 14:22:22 - INFO - Знайдено старих оголошень: 652
2025-06-08 14:22:34 - INFO - Last page 4 is the same as this page. Stopping.
2025-06-08 14:22:34 - INFO - Знайдено актуальних оголошень: 0
2025-06-08 14:22:34 - INFO - ✅ HTML файл збережено: magnat.html
2025-06-08 14:22:34 - INFO - Обробка URL: https://www.olx.pl/elektronika/sprzet-audio/q-wzmaczniacz/?courier=1, JSON: wzmaczniacz.json, Thread ID: 5
2025-06-08 14:22:34 - INFO - Знайдено старих оголошень: 272
2025-06-08 14:22:49 - INFO - Знайдено актуальних оголошень: 0
2025-06-08 14:22:49 - INFO - ✅ HTML файл збережено: wzmaczniacz.html
2025-06-08 15:27:38 - INFO - Обробка URL: https://www.olx.pl/elektronika/sprzet-audio/glosniki-i-kolumny/q-magnat/?courier=1, JSON: magnat.json, Thread ID: 2
2025-06-08 15:27:38 - INFO - Знайдено старих оголошень: 652
2025-06-08 15:27:50 - INFO - Last page 4 is the same as this page. Stopping.
2025-06-08 15:27:50 - INFO - Знайдено актуальних оголошень: 0
2025-06-08 15:27:50 - INFO - ✅ HTML файл збережено: magnat.html
2025-06-08 15:27:50 - INFO - Обробка URL: https://www.olx.pl/elektronika/sprzet-audio/q-wzmaczniacz/?courier=1, JSON: wzmaczniacz.json, Thread ID: 5
2025-06-08 15:27:50 - INFO - Знайдено старих оголошень: 272
2025-06-08 15:28:05 - INFO - Знайдено актуальних оголошень: 0
2025-06-08 15:28:05 - INFO - ✅ HTML файл збережено: wzmaczniacz.html
2025-06-08 16:29:31 - INFO - Обробка URL: https://www.olx.pl/elektronika/sprzet-audio/glosniki-i-kolumny/q-magnat/?courier=1, JSON: magnat.json, Thread ID: 2
2025-06-08 16:29:31 - INFO - Знайдено старих оголошень: 652
2025-06-08 16:29:44 - INFO - Last page 4 is the same as this page. Stopping.
2025-06-08 16:29:44 - INFO - Знайдено актуальних оголошень: 0
2025-06-08 16:29:44 - INFO - ✅ HTML файл збережено: magnat.html
2025-06-08 16:29:44 - INFO - Обробка URL: https://www.olx.pl/elektronika/sprzet-audio/q-wzmaczniacz/?courier=1, JSON: wzmaczniacz.json, Thread ID: 5
2025-06-08 16:29:44 - INFO - Знайдено старих оголошень: 272
2025-06-08 16:30:01 - INFO - Знайдено актуальних оголошень: 0
2025-06-08 16:30:01 - INFO - ✅ HTML файл збережено: wzmaczniacz.html
2025-06-08 17:21:14 - INFO - Обробка URL: https://www.olx.pl/elektronika/sprzet-audio/glosniki-i-kolumny/q-magnat/?courier=1, JSON: magnat.json, Thread ID: 2
2025-06-08 17:21:14 - INFO - Знайдено старих оголошень: 652
2025-06-08 17:21:24 - INFO - Last page 4 is the same as this page. Stopping.
2025-06-08 17:21:24 - INFO - Знайдено актуальних оголошень: 0
2025-06-08 17:21:24 - INFO - ✅ HTML файл збережено: magnat.html
2025-06-08 17:21:24 - INFO - Обробка URL: https://www.olx.pl/elektronika/sprzet-audio/q-wzmaczniacz/?courier=1, JSON: wzmaczniacz.json, Thread ID: 5
2025-06-08 17:21:24 - INFO - Знайдено старих оголошень: 272
2025-06-08 17:21:39 - INFO - Знайдено актуальних оголошень: 0
2025-06-08 17:21:39 - INFO - ✅ HTML файл збережено: wzmaczniacz.html
2025-06-08 18:33:00 - INFO - Обробка URL: https://www.olx.pl/elektronika/sprzet-audio/glosniki-i-kolumny/q-magnat/?courier=1, JSON: magnat.json, Thread ID: 2
2025-06-08 18:33:00 - INFO - Знайдено старих оголошень: 652
2025-06-08 18:33:12 - INFO - Last page 4 is the same as this page. Stopping.
2025-06-08 18:33:12 - INFO - Знайдено актуальних оголошень: 0
2025-06-08 18:33:12 - INFO - ✅ HTML файл збережено: magnat.html
2025-06-08 18:33:12 - INFO - Обробка URL: https://www.olx.pl/elektronika/sprzet-audio/q-wzmaczniacz/?courier=1, JSON: wzmaczniacz.json, Thread ID: 5
2025-06-08 18:33:12 - INFO - Знайдено старих оголошень: 272
2025-06-08 18:33:30 - INFO - Знайдено актуальних оголошень: 0
2025-06-08 18:33:30 - INFO - ✅ HTML файл збережено: wzmaczniacz.html
2025-06-08 19:19:43 - INFO - Обробка URL: https://www.olx.pl/elektronika/sprzet-audio/glosniki-i-kolumny/q-magnat/?courier=1, JSON: magnat.json, Thread ID: 2
2025-06-08 19:19:43 - INFO - Знайдено старих оголошень: 652
2025-06-08 19:19:55 - INFO - Last page 4 is the same as this page. Stopping.
2025-06-08 19:19:55 - INFO - Знайдено актуальних оголошень: 0
2025-06-08 19:19:55 - INFO - ✅ HTML файл збережено: magnat.html
2025-06-08 19:19:55 - INFO - Обробка URL: https://www.olx.pl/elektronika/sprzet-audio/q-wzmaczniacz/?courier=1, JSON: wzmaczniacz.json, Thread ID: 5
2025-06-08 19:19:55 - INFO - Знайдено старих оголошень: 272
2025-06-08 19:20:13 - INFO - Знайдено актуальних оголошень: 0
2025-06-08 19:20:13 - INFO - ✅ HTML файл збережено: wzmaczniacz.html
2025-06-08 20:26:36 - INFO - Обробка URL: https://www.olx.pl/elektronika/sprzet-audio/glosniki-i-kolumny/q-magnat/?courier=1, JSON: magnat.json, Thread ID: 2
2025-06-08 20:26:36 - INFO - Знайдено старих оголошень: 652
2025-06-08 20:26:45 - INFO - Last page 4 is the same as this page. Stopping.
2025-06-08 20:26:45 - INFO - Знайдено актуальних оголошень: 0
2025-06-08 20:26:45 - INFO - ✅ HTML файл збережено: magnat.html
2025-06-08 20:26:45 - INFO - Обробка URL: https://www.olx.pl/elektronika/sprzet-audio/q-wzmaczniacz/?courier=1, JSON: wzmaczniacz.json, Thread ID: 5
2025-06-08 20:26:45 - INFO - Знайдено старих оголошень: 272
2025-06-08 20:26:59 - INFO - Знайдено актуальних оголошень: 0
2025-06-08 20:26:59 - INFO - ✅ HTML файл збережено: wzmaczniacz.html
2025-06-08 21:22:22 - INFO - Обробка URL: https://www.olx.pl/elektronika/sprzet-audio/glosniki-i-kolumny/q-magnat/?courier=1, JSON: magnat.json, Thread ID: 2
2025-06-08 21:22:22 - INFO - Знайдено старих оголошень: 652
2025-06-08 21:22:34 - INFO - Last page 4 is the same as this page. Stopping.
2025-06-08 21:22:34 - INFO - Знайдено актуальних оголошень: 0
2025-06-08 21:22:34 - INFO - ✅ HTML файл збережено: magnat.html
2025-06-08 21:22:34 - INFO - Обробка URL: https://www.olx.pl/elektronika/sprzet-audio/q-wzmaczniacz/?courier=1, JSON: wzmaczniacz.json, Thread ID: 5
2025-06-08 21:22:34 - INFO - Знайдено старих оголошень: 272
2025-06-08 21:22:49 - INFO - Знайдено актуальних оголошень: 0
2025-06-08 21:22:49 - INFO - ✅ HTML файл збережено: wzmaczniacz.html
2025-06-08 22:23:59 - INFO - Обробка URL: https://www.olx.pl/elektronika/sprzet-audio/glosniki-i-kolumny/q-magnat/?courier=1, JSON: magnat.json, Thread ID: 2
2025-06-08 22:23:59 - INFO - Знайдено старих оголошень: 652
2025-06-08 22:24:10 - INFO - Last page 4 is the same as this page. Stopping.
2025-06-08 22:24:10 - INFO - Знайдено актуальних оголошень: 0
2025-06-08 22:24:10 - INFO - ✅ HTML файл збережено: magnat.html
2025-06-08 22:24:10 - INFO - Обробка URL: https://www.olx.pl/elektronika/sprzet-audio/q-wzmaczniacz/?courier=1, JSON: wzmaczniacz.json, Thread ID: 5
2025-06-08 22:24:10 - INFO - Знайдено старих оголошень: 272
2025-06-08 22:24:25 - INFO - Знайдено актуальних оголошень: 0
2025-06-08 22:24:25 - INFO - ✅ HTML файл збережено: wzmaczniacz.html
2025-06-08 23:23:41 - INFO - Обробка URL: https://www.olx.pl/elektronika/sprzet-audio/glosniki-i-kolumny/q-magnat/?courier=1, JSON: magnat.json, Thread ID: 2
2025-06-08 23:23:41 - INFO - Знайдено старих оголошень: 652
2025-06-08 23:23:53 - INFO - Last page 4 is the same as this page. Stopping.
2025-06-08 23:23:53 - INFO - Знайдено актуальних оголошень: 0
2025-06-08 23:23:53 - INFO - ✅ HTML файл збережено: magnat.html
2025-06-08 23:23:53 - INFO - Обробка URL: https://www.olx.pl/elektronika/sprzet-audio/q-wzmaczniacz/?courier=1, JSON: wzmaczniacz.json, Thread ID: 5
2025-06-08 23:23:53 - INFO - Знайдено старих оголошень: 272
2025-06-08 23:24:10 - INFO - Знайдено актуальних оголошень: 0
2025-06-08 23:24:10 - INFO - ✅ HTML файл збережено: wzmaczniacz.html
