2025-05-31 03:43:45 - INFO - Обробка URL: https://www.olx.pl/elektronika/sprzet-audio/glosniki-i-kolumny/q-magnat/?courier=1, JSON: magnat.json, Thread ID: 2
2025-05-31 03:43:45 - INFO - Знайдено старих оголошень: 645
2025-05-31 03:43:59 - INFO - Last page 4 is the same as this page. Stopping.
2025-05-31 03:43:59 - INFO - Знайдено актуальних оголошень: 0
2025-05-31 03:43:59 - INFO - ✅ HTML файл збережено: magnat.html
2025-05-31 03:43:59 - INFO - Обробка URL: https://www.olx.pl/elektronika/sprzet-audio/q-wzmaczniacz/?courier=1, JSON: wzmaczniacz.json, Thread ID: 5
2025-05-31 03:43:59 - INFO - Знайдено старих оголошень: 248
2025-05-31 03:44:16 - INFO - Знайдено актуальних оголошень: 0
2025-05-31 03:44:16 - INFO - ✅ HTML файл збережено: wzmaczniacz.html
2025-05-31 06:34:12 - INFO - Обробка URL: https://www.olx.pl/elektronika/sprzet-audio/glosniki-i-kolumny/q-magnat/?courier=1, JSON: magnat.json, Thread ID: 2
2025-05-31 06:34:12 - INFO - Знайдено старих оголошень: 645
2025-05-31 06:34:20 - INFO - NEW {'title': 'Sprzedam zestaw Zestaw Audio', 'link': 'https://www.olx.pl/d/oferta/sprzedam-zestaw-zestaw-audio-CID99-ID14BGqi.html', 'price': '4 800 zł', 'status': 'active', 'date_found': '2025-05-31 06:34', 'date_removed': None, 'description': 'Witam po długim zastanowieniu czy  sprzedać czy jednak zostawić mam do zaoferowania nietypowy sprzet car audio przerobiony na domowy ktory też można poprostu zdemontować i wrzucić do auta sprzet był sporadycznie używany gdy byłem w domu a bywam niestety rzadko  parametry podaje Preferpwany odbior osobisty.radio alpine ute-200BT zasilacz impulsowy SP-750-1212v 62.5A wzmacniacz  cadance Q8000m monoblok 800watt rms wzmacniacz excursion Hxa-20 o mocy 2x100watt rms 4ohm 2x125watt rms 2ohm 250watt rms mostek 4ohm przy tym wzmacniaczu niestety tylko jeden kanał działa drugi niby jest spalony nie miałem czasu tego zobaczyć to też była jedyna rzecz co była kupiona uzywana z zestawu reszta rzeczy jest nowe i posiada kartony. czesciowo w skład wchodzom też 2 kolumny samorobione excursion 165mm mid woofer i twetery 98mm oraz 2drożne zwrotnice pasywne 150watt rms 500max do tego jest jeszcze skrzynia bandpass magnat transforce reference 1000watt max 400rms.zapraszam do ogledzin i odsłuchu cena 4800zł do małej negocjacji kto sie zna to wie ile to jest warte pozdrawiam', 'images': ['https://ireland.apollo.olxcdn.com:443/v1/files/3yrg6f5befmd3-PL/image;s=1080x1920', 'https://ireland.apollo.olxcdn.com:443/v1/files/4f6eze7pgs9v1-PL/image;s=1080x1920', 'https://ireland.apollo.olxcdn.com:443/v1/files/djlxn5js7lbx-PL/image;s=1080x1920'], 'published_date': '2025-05-31 o 05:59', 'location': ''}
2025-05-31 06:34:20 - INFO - Parsed page 2, found 1 new ads.
2025-05-31 06:34:27 - INFO - Last page 4 is the same as this page. Stopping.
2025-05-31 06:34:27 - INFO - Знайдено актуальних оголошень: 1
2025-05-31 06:34:27 - INFO - Додаємо https://www.olx.pl/d/oferta/sprzedam-zestaw-zestaw-audio-CID99-ID14BGqi.html.
2025-05-31 06:34:33 - INFO - Successfully sent message for ad: Sprzedam zestaw Zestaw Audio
2025-05-31 06:34:33 - INFO - ✅ HTML файл збережено: magnat.html
2025-05-31 06:34:33 - INFO - Обробка URL: https://www.olx.pl/elektronika/sprzet-audio/q-wzmaczniacz/?courier=1, JSON: wzmaczniacz.json, Thread ID: 5
2025-05-31 06:34:33 - INFO - Знайдено старих оголошень: 248
2025-05-31 06:34:51 - INFO - Знайдено актуальних оголошень: 0
2025-05-31 06:34:51 - INFO - ✅ HTML файл збережено: wzmaczniacz.html
2025-05-31 07:22:55 - INFO - Обробка URL: https://www.olx.pl/elektronika/sprzet-audio/glosniki-i-kolumny/q-magnat/?courier=1, JSON: magnat.json, Thread ID: 2
2025-05-31 07:22:55 - INFO - Знайдено старих оголошень: 646
2025-05-31 07:23:09 - INFO - Last page 4 is the same as this page. Stopping.
2025-05-31 07:23:09 - INFO - Знайдено актуальних оголошень: 0
2025-05-31 07:23:09 - INFO - ✅ HTML файл збережено: magnat.html
2025-05-31 07:23:09 - INFO - Обробка URL: https://www.olx.pl/elektronika/sprzet-audio/q-wzmaczniacz/?courier=1, JSON: wzmaczniacz.json, Thread ID: 5
2025-05-31 07:23:09 - INFO - Знайдено старих оголошень: 248
2025-05-31 07:23:26 - INFO - Знайдено актуальних оголошень: 0
2025-05-31 07:23:26 - INFO - ✅ HTML файл збережено: wzmaczniacz.html
2025-05-31 08:31:01 - INFO - Обробка URL: https://www.olx.pl/elektronika/sprzet-audio/glosniki-i-kolumny/q-magnat/?courier=1, JSON: magnat.json, Thread ID: 2
2025-05-31 08:31:02 - INFO - Знайдено старих оголошень: 646
2025-05-31 08:31:15 - INFO - Last page 4 is the same as this page. Stopping.
2025-05-31 08:31:15 - INFO - Знайдено актуальних оголошень: 0
2025-05-31 08:31:15 - INFO - ✅ HTML файл збережено: magnat.html
2025-05-31 08:31:15 - INFO - Обробка URL: https://www.olx.pl/elektronika/sprzet-audio/q-wzmaczniacz/?courier=1, JSON: wzmaczniacz.json, Thread ID: 5
2025-05-31 08:31:15 - INFO - Знайдено старих оголошень: 248
2025-05-31 08:31:32 - INFO - Знайдено актуальних оголошень: 0
2025-05-31 08:31:32 - INFO - ✅ HTML файл збережено: wzmaczniacz.html
2025-05-31 09:24:57 - INFO - Обробка URL: https://www.olx.pl/elektronika/sprzet-audio/glosniki-i-kolumny/q-magnat/?courier=1, JSON: magnat.json, Thread ID: 2
2025-05-31 09:24:57 - INFO - Знайдено старих оголошень: 646
2025-05-31 09:25:08 - INFO - Last page 4 is the same as this page. Stopping.
2025-05-31 09:25:08 - INFO - Знайдено актуальних оголошень: 0
2025-05-31 09:25:08 - INFO - ✅ HTML файл збережено: magnat.html
2025-05-31 09:25:08 - INFO - Обробка URL: https://www.olx.pl/elektronika/sprzet-audio/q-wzmaczniacz/?courier=1, JSON: wzmaczniacz.json, Thread ID: 5
2025-05-31 09:25:08 - INFO - Знайдено старих оголошень: 248
2025-05-31 09:25:28 - INFO - Знайдено актуальних оголошень: 0
2025-05-31 09:25:28 - INFO - ✅ HTML файл збережено: wzmaczniacz.html
2025-05-31 10:25:48 - INFO - Обробка URL: https://www.olx.pl/elektronika/sprzet-audio/glosniki-i-kolumny/q-magnat/?courier=1, JSON: magnat.json, Thread ID: 2
2025-05-31 10:25:48 - INFO - Знайдено старих оголошень: 646
2025-05-31 10:26:02 - INFO - Last page 4 is the same as this page. Stopping.
2025-05-31 10:26:02 - INFO - Знайдено актуальних оголошень: 0
2025-05-31 10:26:02 - INFO - ✅ HTML файл збережено: magnat.html
2025-05-31 10:26:02 - INFO - Обробка URL: https://www.olx.pl/elektronika/sprzet-audio/q-wzmaczniacz/?courier=1, JSON: wzmaczniacz.json, Thread ID: 5
2025-05-31 10:26:02 - INFO - Знайдено старих оголошень: 248
2025-05-31 10:26:18 - INFO - Знайдено актуальних оголошень: 0
2025-05-31 10:26:18 - INFO - ✅ HTML файл збережено: wzmaczniacz.html
2025-05-31 11:19:25 - INFO - Обробка URL: https://www.olx.pl/elektronika/sprzet-audio/glosniki-i-kolumny/q-magnat/?courier=1, JSON: magnat.json, Thread ID: 2
2025-05-31 11:19:25 - INFO - Знайдено старих оголошень: 646
2025-05-31 11:19:36 - INFO - Last page 4 is the same as this page. Stopping.
2025-05-31 11:19:36 - INFO - Знайдено актуальних оголошень: 0
2025-05-31 11:19:36 - INFO - ✅ HTML файл збережено: magnat.html
2025-05-31 11:19:36 - INFO - Обробка URL: https://www.olx.pl/elektronika/sprzet-audio/q-wzmaczniacz/?courier=1, JSON: wzmaczniacz.json, Thread ID: 5
2025-05-31 11:19:36 - INFO - Знайдено старих оголошень: 248
2025-05-31 11:19:51 - INFO - Знайдено актуальних оголошень: 0
2025-05-31 11:19:51 - INFO - ✅ HTML файл збережено: wzmaczniacz.html
2025-05-31 12:49:00 - INFO - Обробка URL: https://www.olx.pl/elektronika/sprzet-audio/glosniki-i-kolumny/q-magnat/?courier=1, JSON: magnat.json, Thread ID: 2
2025-05-31 12:49:01 - INFO - Знайдено старих оголошень: 646
2025-05-31 12:49:13 - INFO - Last page 4 is the same as this page. Stopping.
2025-05-31 12:49:13 - INFO - Знайдено актуальних оголошень: 0
2025-05-31 12:49:13 - INFO - ✅ HTML файл збережено: magnat.html
2025-05-31 12:49:13 - INFO - Обробка URL: https://www.olx.pl/elektronika/sprzet-audio/q-wzmaczniacz/?courier=1, JSON: wzmaczniacz.json, Thread ID: 5
2025-05-31 12:49:13 - INFO - Знайдено старих оголошень: 248
2025-05-31 12:49:32 - INFO - Знайдено актуальних оголошень: 0
2025-05-31 12:49:32 - INFO - ✅ HTML файл збережено: wzmaczniacz.html
2025-05-31 13:32:41 - INFO - Обробка URL: https://www.olx.pl/elektronika/sprzet-audio/glosniki-i-kolumny/q-magnat/?courier=1, JSON: magnat.json, Thread ID: 2
2025-05-31 13:32:41 - INFO - Знайдено старих оголошень: 646
2025-05-31 13:32:51 - INFO - Last page 4 is the same as this page. Stopping.
2025-05-31 13:32:51 - INFO - Знайдено актуальних оголошень: 0
2025-05-31 13:32:51 - INFO - ✅ HTML файл збережено: magnat.html
2025-05-31 13:32:51 - INFO - Обробка URL: https://www.olx.pl/elektronika/sprzet-audio/q-wzmaczniacz/?courier=1, JSON: wzmaczniacz.json, Thread ID: 5
2025-05-31 13:32:51 - INFO - Знайдено старих оголошень: 248
2025-05-31 13:33:07 - INFO - Знайдено актуальних оголошень: 0
2025-05-31 13:33:07 - INFO - ✅ HTML файл збережено: wzmaczniacz.html
2025-05-31 14:22:08 - INFO - Обробка URL: https://www.olx.pl/elektronika/sprzet-audio/glosniki-i-kolumny/q-magnat/?courier=1, JSON: magnat.json, Thread ID: 2
2025-05-31 14:22:08 - INFO - Знайдено старих оголошень: 646
2025-05-31 14:22:22 - INFO - Last page 4 is the same as this page. Stopping.
2025-05-31 14:22:22 - INFO - Знайдено актуальних оголошень: 0
2025-05-31 14:22:22 - INFO - ✅ HTML файл збережено: magnat.html
2025-05-31 14:22:22 - INFO - Обробка URL: https://www.olx.pl/elektronika/sprzet-audio/q-wzmaczniacz/?courier=1, JSON: wzmaczniacz.json, Thread ID: 5
2025-05-31 14:22:22 - INFO - Знайдено старих оголошень: 248
2025-05-31 14:22:39 - INFO - Знайдено актуальних оголошень: 0
2025-05-31 14:22:39 - INFO - ✅ HTML файл збережено: wzmaczniacz.html
2025-05-31 15:24:12 - INFO - Обробка URL: https://www.olx.pl/elektronika/sprzet-audio/glosniki-i-kolumny/q-magnat/?courier=1, JSON: magnat.json, Thread ID: 2
2025-05-31 15:24:12 - INFO - Знайдено старих оголошень: 646
2025-05-31 15:24:24 - INFO - Last page 4 is the same as this page. Stopping.
2025-05-31 15:24:24 - INFO - Знайдено актуальних оголошень: 0
2025-05-31 15:24:24 - INFO - ✅ HTML файл збережено: magnat.html
2025-05-31 15:24:24 - INFO - Обробка URL: https://www.olx.pl/elektronika/sprzet-audio/q-wzmaczniacz/?courier=1, JSON: wzmaczniacz.json, Thread ID: 5
2025-05-31 15:24:24 - INFO - Знайдено старих оголошень: 248
2025-05-31 15:24:27 - INFO - NEW {'title': 'Wzmaczniacz Djora', 'link': 'https://www.olx.pl/d/oferta/wzmaczniacz-djora-CID99-ID163vAg.html', 'price': '150 zł', 'status': 'active', 'date_found': '2025-05-31 15:24', 'date_removed': None, 'description': 'Używany wzmacniacz Djora do sprzedaży. Idealny dla miłośników muzyki. Doskonała jakość dźwięku i solidna konstrukcja. Model ws4421 dziala uszkodzony potencjometr od glosu pszerywa zezi brak pszycisku od wlanczania sprzedaje jako uszkodzony bez mozliwosci zwrotu prosba o pszemyslany zakup', 'images': ['https://ireland.apollo.olxcdn.com:443/v1/files/8ej5b28sho1w3-PL/image;s=1020x765', 'https://ireland.apollo.olxcdn.com:443/v1/files/viq1qkoeio0s3-PL/image;s=1020x765', 'https://ireland.apollo.olxcdn.com:443/v1/files/x1ff3rc6idm13-PL/image;s=1020x765', 'https://ireland.apollo.olxcdn.com:443/v1/files/b1cw5ktf8vmf3-PL/image;s=1020x765'], 'published_date': '2025-05-31 o 15:01', 'location': ''}
2025-05-31 15:24:27 - INFO - Parsed page 1, found 1 new ads.
2025-05-31 15:24:40 - INFO - Знайдено актуальних оголошень: 1
2025-05-31 15:24:40 - INFO - Додаємо https://www.olx.pl/d/oferta/wzmaczniacz-djora-CID99-ID163vAg.html.
2025-05-31 15:24:47 - INFO - Successfully sent message for ad: Wzmaczniacz Djora
2025-05-31 15:24:47 - INFO - ✅ HTML файл збережено: wzmaczniacz.html
2025-05-31 16:29:39 - INFO - Обробка URL: https://www.olx.pl/elektronika/sprzet-audio/glosniki-i-kolumny/q-magnat/?courier=1, JSON: magnat.json, Thread ID: 2
2025-05-31 16:29:39 - INFO - Знайдено старих оголошень: 646
2025-05-31 16:29:56 - INFO - Last page 4 is the same as this page. Stopping.
2025-05-31 16:29:56 - INFO - Знайдено актуальних оголошень: 0
2025-05-31 16:29:56 - INFO - ✅ HTML файл збережено: magnat.html
2025-05-31 16:29:56 - INFO - Обробка URL: https://www.olx.pl/elektronika/sprzet-audio/q-wzmaczniacz/?courier=1, JSON: wzmaczniacz.json, Thread ID: 5
2025-05-31 16:29:56 - INFO - Знайдено старих оголошень: 249
2025-05-31 16:30:15 - INFO - Знайдено актуальних оголошень: 0
2025-05-31 16:30:15 - INFO - ✅ HTML файл збережено: wzmaczniacz.html
2025-05-31 17:20:51 - INFO - Обробка URL: https://www.olx.pl/elektronika/sprzet-audio/glosniki-i-kolumny/q-magnat/?courier=1, JSON: magnat.json, Thread ID: 2
2025-05-31 17:20:51 - INFO - Знайдено старих оголошень: 646
2025-05-31 17:21:05 - INFO - Last page 4 is the same as this page. Stopping.
2025-05-31 17:21:05 - INFO - Знайдено актуальних оголошень: 0
2025-05-31 17:21:05 - INFO - ✅ HTML файл збережено: magnat.html
2025-05-31 17:21:05 - INFO - Обробка URL: https://www.olx.pl/elektronika/sprzet-audio/q-wzmaczniacz/?courier=1, JSON: wzmaczniacz.json, Thread ID: 5
2025-05-31 17:21:05 - INFO - Знайдено старих оголошень: 249
2025-05-31 17:21:31 - INFO - Знайдено актуальних оголошень: 0
2025-05-31 17:21:31 - INFO - ✅ HTML файл збережено: wzmaczniacz.html
2025-05-31 18:33:01 - INFO - Обробка URL: https://www.olx.pl/elektronika/sprzet-audio/glosniki-i-kolumny/q-magnat/?courier=1, JSON: magnat.json, Thread ID: 2
2025-05-31 18:33:01 - INFO - Знайдено старих оголошень: 646
2025-05-31 18:33:13 - INFO - Last page 4 is the same as this page. Stopping.
2025-05-31 18:33:13 - INFO - Знайдено актуальних оголошень: 0
2025-05-31 18:33:13 - INFO - ✅ HTML файл збережено: magnat.html
2025-05-31 18:33:13 - INFO - Обробка URL: https://www.olx.pl/elektronika/sprzet-audio/q-wzmaczniacz/?courier=1, JSON: wzmaczniacz.json, Thread ID: 5
2025-05-31 18:33:13 - INFO - Знайдено старих оголошень: 249
2025-05-31 18:33:30 - INFO - Знайдено актуальних оголошень: 0
2025-05-31 18:33:30 - INFO - ✅ HTML файл збережено: wzmaczniacz.html
2025-05-31 19:18:40 - INFO - Обробка URL: https://www.olx.pl/elektronika/sprzet-audio/glosniki-i-kolumny/q-magnat/?courier=1, JSON: magnat.json, Thread ID: 2
2025-05-31 19:18:40 - INFO - Знайдено старих оголошень: 646
2025-05-31 19:18:53 - INFO - Last page 4 is the same as this page. Stopping.
2025-05-31 19:18:53 - INFO - Знайдено актуальних оголошень: 0
2025-05-31 19:18:53 - INFO - ✅ HTML файл збережено: magnat.html
2025-05-31 19:18:53 - INFO - Обробка URL: https://www.olx.pl/elektronika/sprzet-audio/q-wzmaczniacz/?courier=1, JSON: wzmaczniacz.json, Thread ID: 5
2025-05-31 19:18:53 - INFO - Знайдено старих оголошень: 249
2025-05-31 19:19:10 - INFO - Знайдено актуальних оголошень: 0
2025-05-31 19:19:10 - INFO - ✅ HTML файл збережено: wzmaczniacz.html
2025-05-31 20:25:47 - INFO - Обробка URL: https://www.olx.pl/elektronika/sprzet-audio/glosniki-i-kolumny/q-magnat/?courier=1, JSON: magnat.json, Thread ID: 2
2025-05-31 20:25:47 - INFO - Знайдено старих оголошень: 646
2025-05-31 20:25:58 - INFO - Last page 4 is the same as this page. Stopping.
2025-05-31 20:25:58 - INFO - Знайдено актуальних оголошень: 0
2025-05-31 20:25:58 - INFO - ✅ HTML файл збережено: magnat.html
2025-05-31 20:25:58 - INFO - Обробка URL: https://www.olx.pl/elektronika/sprzet-audio/q-wzmaczniacz/?courier=1, JSON: wzmaczniacz.json, Thread ID: 5
2025-05-31 20:25:58 - INFO - Знайдено старих оголошень: 249
2025-05-31 20:26:16 - INFO - Знайдено актуальних оголошень: 0
2025-05-31 20:26:16 - INFO - ✅ HTML файл збережено: wzmaczniacz.html
2025-05-31 21:22:09 - INFO - Обробка URL: https://www.olx.pl/elektronika/sprzet-audio/glosniki-i-kolumny/q-magnat/?courier=1, JSON: magnat.json, Thread ID: 2
2025-05-31 21:22:09 - INFO - Знайдено старих оголошень: 646
2025-05-31 21:22:21 - INFO - Last page 4 is the same as this page. Stopping.
2025-05-31 21:22:21 - INFO - Знайдено актуальних оголошень: 0
2025-05-31 21:22:21 - INFO - ✅ HTML файл збережено: magnat.html
2025-05-31 21:22:21 - INFO - Обробка URL: https://www.olx.pl/elektronika/sprzet-audio/q-wzmaczniacz/?courier=1, JSON: wzmaczniacz.json, Thread ID: 5
2025-05-31 21:22:21 - INFO - Знайдено старих оголошень: 249
2025-05-31 21:22:38 - INFO - Знайдено актуальних оголошень: 0
2025-05-31 21:22:38 - INFO - ✅ HTML файл збережено: wzmaczniacz.html
2025-05-31 22:23:47 - INFO - Обробка URL: https://www.olx.pl/elektronika/sprzet-audio/glosniki-i-kolumny/q-magnat/?courier=1, JSON: magnat.json, Thread ID: 2
2025-05-31 22:23:47 - INFO - Знайдено старих оголошень: 646
2025-05-31 22:23:58 - INFO - Last page 4 is the same as this page. Stopping.
2025-05-31 22:23:58 - INFO - Знайдено актуальних оголошень: 0
2025-05-31 22:23:58 - INFO - ✅ HTML файл збережено: magnat.html
2025-05-31 22:23:58 - INFO - Обробка URL: https://www.olx.pl/elektronika/sprzet-audio/q-wzmaczniacz/?courier=1, JSON: wzmaczniacz.json, Thread ID: 5
2025-05-31 22:23:58 - INFO - Знайдено старих оголошень: 249
2025-05-31 22:24:16 - INFO - Знайдено актуальних оголошень: 0
2025-05-31 22:24:16 - INFO - ✅ HTML файл збережено: wzmaczniacz.html
