2025-06-29 03:59:41 - INFO - Обробка URL: https://www.olx.pl/elektronika/sprzet-audio/glosniki-i-kolumny/q-magnat/?courier=1, JSON: magnat.json, Thread ID: 2
2025-06-29 03:59:41 - INFO - Знайдено старих оголошень: 688
2025-06-29 03:59:53 - INFO - Last page 4 is the same as this page. Stopping.
2025-06-29 03:59:53 - INFO - Знайдено актуальних оголошень: 0
2025-06-29 03:59:53 - INFO - ✅ HTML файл збережено: magnat.html
2025-06-29 03:59:53 - INFO - Обробка URL: https://www.olx.pl/elektronika/sprzet-audio/q-wzmaczniacz/?courier=1, JSON: wzmaczniacz.json, Thread ID: 5
2025-06-29 03:59:53 - INFO - Знайдено старих оголошень: 323
2025-06-29 04:00:11 - INFO - Знайдено актуальних оголошень: 0
2025-06-29 04:00:11 - INFO - ✅ HTML файл збережено: wzmaczniacz.html
2025-06-29 06:36:37 - INFO - Обробка URL: https://www.olx.pl/elektronika/sprzet-audio/glosniki-i-kolumny/q-magnat/?courier=1, JSON: magnat.json, Thread ID: 2
2025-06-29 06:36:37 - INFO - Знайдено старих оголошень: 688
2025-06-29 06:36:41 - INFO - NEW {'title': '100 Watt! Kolumny głośnikowe MAGNAT Art. 144102', 'link': 'https://www.olx.pl/d/oferta/100-watt-kolumny-glosnikowe-magnat-art-144102-CID99-ID16pCGL.html', 'price': '399 zł', 'status': 'active', 'date_found': '2025-06-29 06:36', 'date_removed': None, 'description': 'Zobacz wszystkie moje ogłoszenia, duży wybór sprzętu. W pełni sprawny, sprawdzony i przetestowany.Stan techniczny - bardzo dobry (testowany, sprawny).Stan wizualny - dobry (real photo)-Cena jest ostateczna, bez negocjacji.MAGNAT Art. 144102 – Wyjątkowość i cechy szczególneKolumny głośnikowe MAGNAT Art. 144102 to połączenie niemieckiej precyzji, klasycznego wzornictwa oraz nowoczesnej technologii dźwięku. Zostały stworzone z myślą o wymagających miłośnikach muzyki, którzy cenią sobie zarówno estetykę, jak i jakość brzmienia.Wyjątkowość modelu:Naturalne i czyste brzmienie – dzięki 2-drożnemu systemowi bass reflex oraz wysokiej czułości 90 dB, kolumny oferują głębokie basy i klarowne tony wysokie w całym paśmie przenoszenia 36 – 25 000 Hz.Solidne wykonanie – kompaktowe, lecz masywne (4,5 kg/szt.) obudowy o wymiarach 220 x 350 x 280 mm zapewniają stabilność oraz eliminują niepożądane rezonanse.Elastyczność podłączenia – dzięki impedancji 4–8 Ω, kolumny są kompatybilne z szeroką gamą wzmacniaczy i systemów audio.Moc z zapasem – nominalna moc 80 W i maksymalna 100 W umożliwiają dynamiczne odtwarzanie muzyki nawet w większych pomieszczeniach.To nie tylko sprzęt audio – to wyrafinowany element wnętrza, który wzbogaca przestrzeń zarówno dźwiękiem, jak i wyglądem. MAGNAT Art. 144102 to idealny wybór dla tych, którzy szukają harmonii pomiędzy formą a funkcją.MAGNAT Art. 144102 : Zwykle Producent: Magnat Model: Art.-Nr. 144102 Wymiary: 220 x 350 x 280 mm (szer. x wys. x gł.) Waga: 4,5 kg / sztuka Specyfikacje Typ: 2-drożny bass reflex Średnica głośnika: Bas: 160 mm Głośnik wysokotonowy: 25 mm Pobór mocy: 80/100 W (obsługa mocy) Czułość: 90 dB Pasmo przenoszenia: 36 - 25 000 Hz Impedancja: 4 - 8 omów', 'images': ['https://ireland.apollo.olxcdn.com:443/v1/files/c2ur4mbn9sjl2-PL/image;s=960x1280', 'https://ireland.apollo.olxcdn.com:443/v1/files/elzqcg0jhhat2-PL/image;s=960x1280', 'https://ireland.apollo.olxcdn.com:443/v1/files/gyqicoijgxxm3-PL/image;s=960x1280', 'https://ireland.apollo.olxcdn.com:443/v1/files/al33zqlhdrv42-PL/image;s=960x1280', 'https://ireland.apollo.olxcdn.com:443/v1/files/p7prejkn6d1x-PL/image;s=960x1280', 'https://ireland.apollo.olxcdn.com:443/v1/files/5kx6brik31r82-PL/image;s=960x1280', 'https://ireland.apollo.olxcdn.com:443/v1/files/biy0x5mzr06v3-PL/image;s=960x1280'], 'published_date': '2025-06-29 o 05:59', 'location': ''}
2025-06-29 06:36:41 - INFO - Parsed page 1, found 1 new ads.
2025-06-29 06:36:48 - INFO - Last page 4 is the same as this page. Stopping.
2025-06-29 06:36:48 - INFO - Знайдено актуальних оголошень: 1
2025-06-29 06:36:48 - INFO - Додаємо https://www.olx.pl/d/oferta/100-watt-kolumny-glosnikowe-magnat-art-144102-CID99-ID16pCGL.html.
2025-06-29 06:37:01 - INFO - Successfully sent message for ad: 100 Watt! Kolumny głośnikowe MAGNAT Art. 144102
2025-06-29 06:37:01 - INFO - ✅ HTML файл збережено: magnat.html
2025-06-29 06:37:01 - INFO - Обробка URL: https://www.olx.pl/elektronika/sprzet-audio/q-wzmaczniacz/?courier=1, JSON: wzmaczniacz.json, Thread ID: 5
2025-06-29 06:37:01 - INFO - Знайдено старих оголошень: 323
2025-06-29 06:37:18 - INFO - Знайдено актуальних оголошень: 0
2025-06-29 06:37:18 - INFO - ✅ HTML файл збережено: wzmaczniacz.html
2025-06-29 07:24:43 - INFO - Обробка URL: https://www.olx.pl/elektronika/sprzet-audio/glosniki-i-kolumny/q-magnat/?courier=1, JSON: magnat.json, Thread ID: 2
2025-06-29 07:24:43 - INFO - Знайдено старих оголошень: 689
2025-06-29 07:24:57 - INFO - Last page 4 is the same as this page. Stopping.
2025-06-29 07:24:57 - INFO - Знайдено актуальних оголошень: 0
2025-06-29 07:24:57 - INFO - ✅ HTML файл збережено: magnat.html
2025-06-29 07:24:57 - INFO - Обробка URL: https://www.olx.pl/elektronika/sprzet-audio/q-wzmaczniacz/?courier=1, JSON: wzmaczniacz.json, Thread ID: 5
2025-06-29 07:24:57 - INFO - Знайдено старих оголошень: 323
2025-06-29 07:25:16 - INFO - Знайдено актуальних оголошень: 0
2025-06-29 07:25:16 - INFO - ✅ HTML файл збережено: wzmaczniacz.html
2025-06-29 08:32:12 - INFO - Обробка URL: https://www.olx.pl/elektronika/sprzet-audio/glosniki-i-kolumny/q-magnat/?courier=1, JSON: magnat.json, Thread ID: 2
2025-06-29 08:32:12 - INFO - Знайдено старих оголошень: 689
2025-06-29 08:32:24 - INFO - Last page 4 is the same as this page. Stopping.
2025-06-29 08:32:24 - INFO - Знайдено актуальних оголошень: 0
2025-06-29 08:32:24 - INFO - ✅ HTML файл збережено: magnat.html
2025-06-29 08:32:24 - INFO - Обробка URL: https://www.olx.pl/elektronika/sprzet-audio/q-wzmaczniacz/?courier=1, JSON: wzmaczniacz.json, Thread ID: 5
2025-06-29 08:32:24 - INFO - Знайдено старих оголошень: 323
2025-06-29 08:32:40 - INFO - Знайдено актуальних оголошень: 0
2025-06-29 08:32:40 - INFO - ✅ HTML файл збережено: wzmaczniacz.html
2025-06-29 09:25:44 - INFO - Обробка URL: https://www.olx.pl/elektronika/sprzet-audio/glosniki-i-kolumny/q-magnat/?courier=1, JSON: magnat.json, Thread ID: 2
2025-06-29 09:25:44 - INFO - Знайдено старих оголошень: 689
2025-06-29 09:25:54 - INFO - Last page 4 is the same as this page. Stopping.
2025-06-29 09:25:54 - INFO - Знайдено актуальних оголошень: 0
2025-06-29 09:25:54 - INFO - ✅ HTML файл збережено: magnat.html
2025-06-29 09:25:54 - INFO - Обробка URL: https://www.olx.pl/elektronika/sprzet-audio/q-wzmaczniacz/?courier=1, JSON: wzmaczniacz.json, Thread ID: 5
2025-06-29 09:25:54 - INFO - Знайдено старих оголошень: 323
2025-06-29 09:26:09 - INFO - Знайдено актуальних оголошень: 0
2025-06-29 09:26:09 - INFO - ✅ HTML файл збережено: wzmaczniacz.html
