2025-05-09 03:43:08 - INFO - Found old 524 ads.
2025-05-09 03:43:59 - INFO - Last page 13 is the same as this page. Stopping.
2025-05-09 03:43:59 - INFO - Found actual 0 ads.
2025-05-09 03:43:59 - INFO - ✅ HTML файл збережено: index.html
2025-05-09 06:36:19 - INFO - Found old 524 ads.
2025-05-09 06:37:08 - INFO - Last page 13 is the same as this page. Stopping.
2025-05-09 06:37:08 - INFO - Found actual 0 ads.
2025-05-09 06:37:08 - INFO - ✅ HTML файл збережено: index.html
2025-05-09 07:25:01 - INFO - Found old 524 ads.
2025-05-09 07:25:48 - INFO - Last page 13 is the same as this page. Stopping.
2025-05-09 07:25:48 - INFO - Found actual 0 ads.
2025-05-09 07:25:48 - INFO - ✅ HTML файл збережено: index.html
2025-05-09 08:33:31 - INFO - Found old 524 ads.
2025-05-09 08:34:22 - INFO - Last page 13 is the same as this page. Stopping.
2025-05-09 08:34:22 - INFO - Found actual 0 ads.
2025-05-09 08:34:22 - INFO - ✅ HTML файл збережено: index.html
2025-05-09 09:26:59 - INFO - Found old 524 ads.
2025-05-09 09:27:03 - INFO - NEW {'title': 'Głośniki "Magnat" Monitor Supreme 100', 'link': 'https://www.olx.pl/d/oferta/glosniki-magnat-monitor-supreme-100-CID99-ID15K0aR.html', 'price': '170 zł', 'status': 'active', 'date_found': '2025-05-09 09:27', 'date_removed': None, 'description': 'Witam na sprzedaż Mam 2 głośniki firmy "MAGNAT " Stan techniczny jest idealny.Jak na zdjęciach widać dwa zanieczyszczenia napewno można wyczyścić. Polecam.', 'images': ['https://ireland.apollo.olxcdn.com:443/v1/files/szhrf18b643f1-PL/image;s=471x1020', 'https://ireland.apollo.olxcdn.com:443/v1/files/llzjwupe3utv-PL/image;s=471x1020', 'https://ireland.apollo.olxcdn.com:443/v1/files/2pfec4h4my0i1-PL/image;s=471x1020', 'https://ireland.apollo.olxcdn.com:443/v1/files/2rd99sa7l7ad-PL/image;s=471x1020', 'https://ireland.apollo.olxcdn.com:443/v1/files/ank8slsia1hh1-PL/image;s=471x1020', 'https://ireland.apollo.olxcdn.com:443/v1/files/nu4e2768aq4b-PL/image;s=1020x471', 'https://ireland.apollo.olxcdn.com:443/v1/files/wfjoz9qhjnma-PL/image;s=471x1020'], 'published_date': '2025-05-09 o 08:51', 'location': ''}
2025-05-09 09:27:06 - INFO - Parsed page 1, found 1 new ads.
2025-05-09 09:27:44 - INFO - Last page 13 is the same as this page. Stopping.
2025-05-09 09:27:44 - INFO - Found actual 1 ads.
2025-05-09 09:27:44 - INFO - Додаємо https://www.olx.pl/d/oferta/glosniki-magnat-monitor-supreme-100-CID99-ID15K0aR.html.
2025-05-09 09:27:47 - INFO - ✅ HTML файл збережено: index.html
2025-05-09 10:27:16 - INFO - Found old 525 ads.
2025-05-09 10:28:05 - INFO - Last page 13 is the same as this page. Stopping.
2025-05-09 10:28:05 - INFO - Found actual 0 ads.
2025-05-09 10:28:05 - INFO - ✅ HTML файл збережено: index.html
2025-05-09 11:20:49 - INFO - Found old 525 ads.
2025-05-09 11:21:46 - INFO - Last page 13 is the same as this page. Stopping.
2025-05-09 11:21:46 - INFO - Found actual 0 ads.
2025-05-09 11:21:46 - INFO - ✅ HTML файл збережено: index.html
2025-05-09 12:51:21 - INFO - Found old 525 ads.
2025-05-09 12:52:06 - INFO - Last page 13 is the same as this page. Stopping.
2025-05-09 12:52:06 - INFO - Found actual 0 ads.
2025-05-09 12:52:06 - INFO - ✅ HTML файл збережено: index.html
