2025-06-01 04:01:52 - INFO - Обробка URL: https://www.olx.pl/elektronika/sprzet-audio/glosniki-i-kolumny/q-magnat/?courier=1, JSON: magnat.json, Thread ID: 2
2025-06-01 04:01:52 - INFO - Знайдено старих оголошень: 646
2025-06-01 04:02:04 - INFO - Last page 4 is the same as this page. Stopping.
2025-06-01 04:02:04 - INFO - Знайдено актуальних оголошень: 0
2025-06-01 04:02:04 - INFO - ✅ HTML файл збережено: magnat.html
2025-06-01 04:02:04 - INFO - Обробка URL: https://www.olx.pl/elektronika/sprzet-audio/q-wzmaczniacz/?courier=1, JSON: wzmaczniacz.json, Thread ID: 5
2025-06-01 04:02:04 - INFO - Знайдено старих оголошень: 249
2025-06-01 04:02:30 - INFO - Знайдено актуальних оголошень: 0
2025-06-01 04:02:30 - INFO - ✅ HTML файл збережено: wzmaczniacz.html
2025-06-01 06:35:24 - INFO - Обробка URL: https://www.olx.pl/elektronika/sprzet-audio/glosniki-i-kolumny/q-magnat/?courier=1, JSON: magnat.json, Thread ID: 2
2025-06-01 06:35:24 - INFO - Знайдено старих оголошень: 646
2025-06-01 06:35:34 - INFO - Last page 4 is the same as this page. Stopping.
2025-06-01 06:35:34 - INFO - Знайдено актуальних оголошень: 0
2025-06-01 06:35:34 - INFO - ✅ HTML файл збережено: magnat.html
2025-06-01 06:35:34 - INFO - Обробка URL: https://www.olx.pl/elektronika/sprzet-audio/q-wzmaczniacz/?courier=1, JSON: wzmaczniacz.json, Thread ID: 5
2025-06-01 06:35:34 - INFO - Знайдено старих оголошень: 249
2025-06-01 06:35:50 - INFO - Знайдено актуальних оголошень: 0
2025-06-01 06:35:50 - INFO - ✅ HTML файл збережено: wzmaczniacz.html
2025-06-01 07:24:16 - INFO - Обробка URL: https://www.olx.pl/elektronika/sprzet-audio/glosniki-i-kolumny/q-magnat/?courier=1, JSON: magnat.json, Thread ID: 2
2025-06-01 07:24:16 - INFO - Знайдено старих оголошень: 646
2025-06-01 07:24:28 - INFO - Last page 4 is the same as this page. Stopping.
2025-06-01 07:24:28 - INFO - Знайдено актуальних оголошень: 0
2025-06-01 07:24:28 - INFO - ✅ HTML файл збережено: magnat.html
2025-06-01 07:24:28 - INFO - Обробка URL: https://www.olx.pl/elektronika/sprzet-audio/q-wzmaczniacz/?courier=1, JSON: wzmaczniacz.json, Thread ID: 5
2025-06-01 07:24:28 - INFO - Знайдено старих оголошень: 249
2025-06-01 07:24:43 - INFO - Знайдено актуальних оголошень: 0
2025-06-01 07:24:43 - INFO - ✅ HTML файл збережено: wzmaczniacz.html
2025-06-01 08:31:38 - INFO - Обробка URL: https://www.olx.pl/elektronika/sprzet-audio/glosniki-i-kolumny/q-magnat/?courier=1, JSON: magnat.json, Thread ID: 2
2025-06-01 08:31:38 - INFO - Знайдено старих оголошень: 646
2025-06-01 08:31:49 - INFO - Last page 4 is the same as this page. Stopping.
2025-06-01 08:31:49 - INFO - Знайдено актуальних оголошень: 0
2025-06-01 08:31:49 - INFO - ✅ HTML файл збережено: magnat.html
2025-06-01 08:31:49 - INFO - Обробка URL: https://www.olx.pl/elektronika/sprzet-audio/q-wzmaczniacz/?courier=1, JSON: wzmaczniacz.json, Thread ID: 5
2025-06-01 08:31:49 - INFO - Знайдено старих оголошень: 249
2025-06-01 08:32:06 - INFO - Знайдено актуальних оголошень: 0
2025-06-01 08:32:06 - INFO - ✅ HTML файл збережено: wzmaczniacz.html
2025-06-01 09:25:44 - INFO - Обробка URL: https://www.olx.pl/elektronika/sprzet-audio/glosniki-i-kolumny/q-magnat/?courier=1, JSON: magnat.json, Thread ID: 2
2025-06-01 09:25:44 - INFO - Знайдено старих оголошень: 646
2025-06-01 09:25:57 - INFO - Last page 4 is the same as this page. Stopping.
2025-06-01 09:25:57 - INFO - Знайдено актуальних оголошень: 0
2025-06-01 09:25:57 - INFO - ✅ HTML файл збережено: magnat.html
2025-06-01 09:25:57 - INFO - Обробка URL: https://www.olx.pl/elektronika/sprzet-audio/q-wzmaczniacz/?courier=1, JSON: wzmaczniacz.json, Thread ID: 5
2025-06-01 09:25:57 - INFO - Знайдено старих оголошень: 249
2025-06-01 09:26:16 - INFO - Знайдено актуальних оголошень: 0
2025-06-01 09:26:16 - INFO - ✅ HTML файл збережено: wzmaczniacz.html
2025-06-01 10:26:38 - INFO - Обробка URL: https://www.olx.pl/elektronika/sprzet-audio/glosniki-i-kolumny/q-magnat/?courier=1, JSON: magnat.json, Thread ID: 2
2025-06-01 10:26:38 - INFO - Знайдено старих оголошень: 646
2025-06-01 10:26:51 - INFO - Last page 4 is the same as this page. Stopping.
2025-06-01 10:26:51 - INFO - Знайдено актуальних оголошень: 0
2025-06-01 10:26:51 - INFO - ✅ HTML файл збережено: magnat.html
2025-06-01 10:26:51 - INFO - Обробка URL: https://www.olx.pl/elektronika/sprzet-audio/q-wzmaczniacz/?courier=1, JSON: wzmaczniacz.json, Thread ID: 5
2025-06-01 10:26:51 - INFO - Знайдено старих оголошень: 249
2025-06-01 10:27:00 - INFO - NEW {'title': 'Głośnik Beyma 12"GU uszkodzony', 'link': 'https://www.olx.pl/d/oferta/glosnik-beyma-12-gu-uszkodzony-CID99-ID160myD.html?reason=extended_search_extended_s2v', 'price': '100 zł', 'status': 'active', 'date_found': '2025-06-01 10:26', 'date_removed': None, 'description': 'Do sprzedania uszkodzony głośnik Beyma 12"GU', 'images': ['https://ireland.apollo.olxcdn.com:443/v1/files/b9wy3m30hgc93-PL/image;s=4160x3120', 'https://ireland.apollo.olxcdn.com:443/v1/files/7hmj1raw55lf1-PL/image;s=4160x3120;r=90'], 'published_date': '27 maja 2025', 'location': ''}
2025-06-01 10:27:00 - INFO - Parsed page 2, found 1 new ads.
2025-06-01 10:27:14 - INFO - Знайдено актуальних оголошень: 1
2025-06-01 10:27:14 - INFO - Додаємо https://www.olx.pl/d/oferta/glosnik-beyma-12-gu-uszkodzony-CID99-ID160myD.html?reason=extended_search_extended_s2v.
2025-06-01 10:27:23 - INFO - Successfully sent message for ad: Głośnik Beyma 12"GU uszkodzony
2025-06-01 10:27:23 - INFO - ✅ HTML файл збережено: wzmaczniacz.html
2025-06-01 11:19:56 - INFO - Обробка URL: https://www.olx.pl/elektronika/sprzet-audio/glosniki-i-kolumny/q-magnat/?courier=1, JSON: magnat.json, Thread ID: 2
2025-06-01 11:19:56 - INFO - Знайдено старих оголошень: 646
2025-06-01 11:20:07 - INFO - Last page 4 is the same as this page. Stopping.
2025-06-01 11:20:07 - INFO - Знайдено актуальних оголошень: 0
2025-06-01 11:20:07 - INFO - ✅ HTML файл збережено: magnat.html
2025-06-01 11:20:07 - INFO - Обробка URL: https://www.olx.pl/elektronika/sprzet-audio/q-wzmaczniacz/?courier=1, JSON: wzmaczniacz.json, Thread ID: 5
2025-06-01 11:20:07 - INFO - Знайдено старих оголошень: 250
2025-06-01 11:20:21 - INFO - Знайдено актуальних оголошень: 0
2025-06-01 11:20:21 - INFO - ✅ HTML файл збережено: wzmaczniacz.html
2025-06-01 12:50:14 - INFO - Обробка URL: https://www.olx.pl/elektronika/sprzet-audio/glosniki-i-kolumny/q-magnat/?courier=1, JSON: magnat.json, Thread ID: 2
2025-06-01 12:50:14 - INFO - Знайдено старих оголошень: 646
2025-06-01 12:50:17 - INFO - NEW {'title': 'Sprzedam Kolumny Magnat.', 'link': 'https://www.olx.pl/d/oferta/sprzedam-kolumny-magnat-CID99-ID163VfN.html', 'price': '1 000 zł', 'status': 'active', 'date_found': '2025-06-01 12:50', 'date_removed': None, 'description': 'Sprzedam mocne głośniki Magnat. Oba sprawne', 'images': ['https://ireland.apollo.olxcdn.com:443/v1/files/zxz8ht0ghg5d3-PL/image;s=868x1156', 'https://ireland.apollo.olxcdn.com:443/v1/files/rf51l0i6h0gq2-PL/image;s=868x1156', 'https://ireland.apollo.olxcdn.com:443/v1/files/9gl8txhspmp63-PL/image;s=868x1156', 'https://ireland.apollo.olxcdn.com:443/v1/files/urdgmzidgsul-PL/image;s=1736x1767', 'https://ireland.apollo.olxcdn.com:443/v1/files/pbbi7fxusug12-PL/image;s=1736x1033', 'https://ireland.apollo.olxcdn.com:443/v1/files/21krajvhhs4u-PL/image;s=868x1156'], 'published_date': '2025-06-01 o 11:33', 'location': ''}
2025-06-01 12:50:17 - INFO - Parsed page 1, found 1 new ads.
2025-06-01 12:50:26 - INFO - Last page 4 is the same as this page. Stopping.
2025-06-01 12:50:26 - INFO - Знайдено актуальних оголошень: 1
2025-06-01 12:50:26 - INFO - Додаємо https://www.olx.pl/d/oferta/sprzedam-kolumny-magnat-CID99-ID163VfN.html.
2025-06-01 12:50:40 - INFO - Successfully sent message for ad: Sprzedam Kolumny Magnat.
2025-06-01 12:50:40 - INFO - ✅ HTML файл збережено: magnat.html
2025-06-01 12:50:40 - INFO - Обробка URL: https://www.olx.pl/elektronika/sprzet-audio/q-wzmaczniacz/?courier=1, JSON: wzmaczniacz.json, Thread ID: 5
2025-06-01 12:50:40 - INFO - Знайдено старих оголошень: 250
2025-06-01 12:50:55 - INFO - Знайдено актуальних оголошень: 0
2025-06-01 12:50:55 - INFO - ✅ HTML файл збережено: wzmaczniacz.html
2025-06-01 13:31:38 - INFO - Обробка URL: https://www.olx.pl/elektronika/sprzet-audio/glosniki-i-kolumny/q-magnat/?courier=1, JSON: magnat.json, Thread ID: 2
2025-06-01 13:31:38 - INFO - Знайдено старих оголошень: 647
2025-06-01 13:31:49 - INFO - Last page 4 is the same as this page. Stopping.
2025-06-01 13:31:49 - INFO - Знайдено актуальних оголошень: 0
2025-06-01 13:31:49 - INFO - ✅ HTML файл збережено: magnat.html
2025-06-01 13:31:49 - INFO - Обробка URL: https://www.olx.pl/elektronika/sprzet-audio/q-wzmaczniacz/?courier=1, JSON: wzmaczniacz.json, Thread ID: 5
2025-06-01 13:31:49 - INFO - Знайдено старих оголошень: 250
2025-06-01 13:32:04 - INFO - Знайдено актуальних оголошень: 0
2025-06-01 13:32:04 - INFO - ✅ HTML файл збережено: wzmaczniacz.html
2025-06-01 14:22:30 - INFO - Обробка URL: https://www.olx.pl/elektronika/sprzet-audio/glosniki-i-kolumny/q-magnat/?courier=1, JSON: magnat.json, Thread ID: 2
2025-06-01 14:22:30 - INFO - Знайдено старих оголошень: 647
2025-06-01 14:22:42 - INFO - Last page 4 is the same as this page. Stopping.
2025-06-01 14:22:42 - INFO - Знайдено актуальних оголошень: 0
2025-06-01 14:22:42 - INFO - ✅ HTML файл збережено: magnat.html
2025-06-01 14:22:42 - INFO - Обробка URL: https://www.olx.pl/elektronika/sprzet-audio/q-wzmaczniacz/?courier=1, JSON: wzmaczniacz.json, Thread ID: 5
2025-06-01 14:22:42 - INFO - Знайдено старих оголошень: 250
2025-06-01 14:22:59 - INFO - Знайдено актуальних оголошень: 0
2025-06-01 14:22:59 - INFO - ✅ HTML файл збережено: wzmaczniacz.html
