2025-05-25 03:50:38 - INFO - Обробка URL: https://www.olx.pl/elektronika/sprzet-audio/glosniki-i-kolumny/q-magnat/?courier=1, JSON: magnat.json, Thread ID: 2
2025-05-25 03:50:38 - INFO - Знайдено старих оголошень: 629
2025-05-25 03:50:53 - INFO - Last page 4 is the same as this page. Stopping.
2025-05-25 03:50:53 - INFO - Знайдено актуальних оголошень: 0
2025-05-25 03:50:53 - INFO - ✅ HTML файл збережено: magnat.html
2025-05-25 03:50:53 - INFO - Обробка URL: https://www.olx.pl/elektronika/sprzet-audio/q-wzmaczniacz/?courier=1, JSON: wzmaczniacz.json, Thread ID: 5
2025-05-25 03:50:53 - INFO - Знайдено старих оголошень: 222
2025-05-25 03:51:11 - INFO - Знайдено актуальних оголошень: 0
2025-05-25 03:51:11 - INFO - ✅ HTML файл збережено: wzmaczniacz.html
2025-05-25 06:33:48 - INFO - Обробка URL: https://www.olx.pl/elektronika/sprzet-audio/glosniki-i-kolumny/q-magnat/?courier=1, JSON: magnat.json, Thread ID: 2
2025-05-25 06:33:48 - INFO - Знайдено старих оголошень: 629
2025-05-25 06:33:58 - INFO - Last page 4 is the same as this page. Stopping.
2025-05-25 06:33:58 - INFO - Знайдено актуальних оголошень: 0
2025-05-25 06:33:58 - INFO - ✅ HTML файл збережено: magnat.html
2025-05-25 06:33:58 - INFO - Обробка URL: https://www.olx.pl/elektronika/sprzet-audio/q-wzmaczniacz/?courier=1, JSON: wzmaczniacz.json, Thread ID: 5
2025-05-25 06:33:58 - INFO - Знайдено старих оголошень: 222
2025-05-25 06:34:13 - INFO - Знайдено актуальних оголошень: 0
2025-05-25 06:34:13 - INFO - ✅ HTML файл збережено: wzmaczniacz.html
2025-05-25 07:22:49 - INFO - Обробка URL: https://www.olx.pl/elektronika/sprzet-audio/glosniki-i-kolumny/q-magnat/?courier=1, JSON: magnat.json, Thread ID: 2
2025-05-25 07:22:49 - INFO - Знайдено старих оголошень: 629
2025-05-25 07:23:00 - INFO - Last page 4 is the same as this page. Stopping.
2025-05-25 07:23:00 - INFO - Знайдено актуальних оголошень: 0
2025-05-25 07:23:00 - INFO - ✅ HTML файл збережено: magnat.html
2025-05-25 07:23:00 - INFO - Обробка URL: https://www.olx.pl/elektronika/sprzet-audio/q-wzmaczniacz/?courier=1, JSON: wzmaczniacz.json, Thread ID: 5
2025-05-25 07:23:00 - INFO - Знайдено старих оголошень: 222
2025-05-25 07:23:17 - INFO - Знайдено актуальних оголошень: 0
2025-05-25 07:23:17 - INFO - ✅ HTML файл збережено: wzmaczniacz.html
