2025-06-25 03:54:09 - INFO - Обробка URL: https://www.olx.pl/elektronika/sprzet-audio/glosniki-i-kolumny/q-magnat/?courier=1, JSON: magnat.json, Thread ID: 2
2025-06-25 03:54:09 - INFO - Знайдено старих оголошень: 685
2025-06-25 03:54:21 - INFO - Last page 4 is the same as this page. Stopping.
2025-06-25 03:54:21 - INFO - Знайдено актуальних оголошень: 0
2025-06-25 03:54:21 - INFO - ✅ HTML файл збережено: magnat.html
2025-06-25 03:54:21 - INFO - Обробка URL: https://www.olx.pl/elektronika/sprzet-audio/q-wzmaczniacz/?courier=1, JSON: wzmaczniacz.json, Thread ID: 5
2025-06-25 03:54:21 - INFO - Знайдено старих оголошень: 314
2025-06-25 03:54:40 - INFO - Знайдено актуальних оголошень: 0
2025-06-25 03:54:40 - INFO - ✅ HTML файл збережено: wzmaczniacz.html
2025-06-25 06:38:53 - INFO - Обробка URL: https://www.olx.pl/elektronika/sprzet-audio/glosniki-i-kolumny/q-magnat/?courier=1, JSON: magnat.json, Thread ID: 2
2025-06-25 06:38:53 - INFO - Знайдено старих оголошень: 685
2025-06-25 06:39:06 - INFO - Last page 4 is the same as this page. Stopping.
2025-06-25 06:39:06 - INFO - Знайдено актуальних оголошень: 0
2025-06-25 06:39:06 - INFO - ✅ HTML файл збережено: magnat.html
2025-06-25 06:39:06 - INFO - Обробка URL: https://www.olx.pl/elektronika/sprzet-audio/q-wzmaczniacz/?courier=1, JSON: wzmaczniacz.json, Thread ID: 5
2025-06-25 06:39:06 - INFO - Знайдено старих оголошень: 314
2025-06-25 06:39:13 - INFO - NEW {'title': 'Głośnik Basowy Subwoofer 25cm 10" 300W Samochodowy', 'link': 'https://www.olx.pl/d/oferta/glosnik-basowy-subwoofer-25cm-10-300w-samochodowy-CID99-ID16ijzy.html?reason=extended_search_extended_s2v', 'price': '100 zł', 'status': 'active', 'date_found': '2025-06-25 06:39', 'date_removed': None, 'description': 'Używany subwoofer basowy o średnicy 25cm (10 cali) i mocy 300W. Doskonały do budowy systemu dźwiękowego o głębokim i mocnym basie.Stan jak nowy. Moge na coś zamienić', 'images': ['https://ireland.apollo.olxcdn.com:443/v1/files/4owv8ppxmmw12-PL/image;s=532x446', 'https://ireland.apollo.olxcdn.com:443/v1/files/cdheptzjjual1-PL/image;s=478x403', 'https://ireland.apollo.olxcdn.com:443/v1/files/camwbo32c4jj3-PL/image;s=720x612', 'https://ireland.apollo.olxcdn.com:443/v1/files/w1e220pr800n1-PL/image;s=607x514'], 'published_date': '19 czerwca 2025', 'location': ''}
2025-06-25 06:39:13 - INFO - Parsed page 2, found 1 new ads.
2025-06-25 06:39:24 - INFO - Знайдено актуальних оголошень: 1
2025-06-25 06:39:24 - INFO - Додаємо https://www.olx.pl/d/oferta/glosnik-basowy-subwoofer-25cm-10-300w-samochodowy-CID99-ID16ijzy.html?reason=extended_search_extended_s2v.
2025-06-25 06:39:31 - INFO - Successfully sent message for ad: Głośnik Basowy Subwoofer 25cm 10" 300W Samochodowy
2025-06-25 06:39:31 - INFO - ✅ HTML файл збережено: wzmaczniacz.html
2025-06-25 07:26:43 - INFO - Обробка URL: https://www.olx.pl/elektronika/sprzet-audio/glosniki-i-kolumny/q-magnat/?courier=1, JSON: magnat.json, Thread ID: 2
2025-06-25 07:26:43 - INFO - Знайдено старих оголошень: 685
2025-06-25 07:26:57 - INFO - Last page 4 is the same as this page. Stopping.
2025-06-25 07:26:57 - INFO - Знайдено актуальних оголошень: 0
2025-06-25 07:26:57 - INFO - ✅ HTML файл збережено: magnat.html
2025-06-25 07:26:57 - INFO - Обробка URL: https://www.olx.pl/elektronika/sprzet-audio/q-wzmaczniacz/?courier=1, JSON: wzmaczniacz.json, Thread ID: 5
2025-06-25 07:26:57 - INFO - Знайдено старих оголошень: 315
2025-06-25 07:27:18 - INFO - Знайдено актуальних оголошень: 0
2025-06-25 07:27:18 - INFO - ✅ HTML файл збережено: wzmaczniacz.html
2025-06-25 08:36:03 - INFO - Обробка URL: https://www.olx.pl/elektronika/sprzet-audio/glosniki-i-kolumny/q-magnat/?courier=1, JSON: magnat.json, Thread ID: 2
2025-06-25 08:36:03 - INFO - Знайдено старих оголошень: 685
2025-06-25 08:36:13 - INFO - Last page 4 is the same as this page. Stopping.
2025-06-25 08:36:13 - INFO - Знайдено актуальних оголошень: 0
2025-06-25 08:36:13 - INFO - ✅ HTML файл збережено: magnat.html
2025-06-25 08:36:13 - INFO - Обробка URL: https://www.olx.pl/elektronika/sprzet-audio/q-wzmaczniacz/?courier=1, JSON: wzmaczniacz.json, Thread ID: 5
2025-06-25 08:36:13 - INFO - Знайдено старих оголошень: 315
2025-06-25 08:36:28 - INFO - Знайдено актуальних оголошень: 0
2025-06-25 08:36:28 - INFO - ✅ HTML файл збережено: wzmaczniacz.html
2025-06-25 09:30:58 - INFO - Обробка URL: https://www.olx.pl/elektronika/sprzet-audio/glosniki-i-kolumny/q-magnat/?courier=1, JSON: magnat.json, Thread ID: 2
2025-06-25 09:30:58 - INFO - Знайдено старих оголошень: 685
2025-06-25 09:31:15 - INFO - Last page 4 is the same as this page. Stopping.
2025-06-25 09:31:15 - INFO - Знайдено актуальних оголошень: 0
2025-06-25 09:31:15 - INFO - ✅ HTML файл збережено: magnat.html
2025-06-25 09:31:15 - INFO - Обробка URL: https://www.olx.pl/elektronika/sprzet-audio/q-wzmaczniacz/?courier=1, JSON: wzmaczniacz.json, Thread ID: 5
2025-06-25 09:31:15 - INFO - Знайдено старих оголошень: 315
2025-06-25 09:31:34 - INFO - Знайдено актуальних оголошень: 0
2025-06-25 09:31:34 - INFO - ✅ HTML файл збережено: wzmaczniacz.html
2025-06-25 10:29:57 - INFO - Обробка URL: https://www.olx.pl/elektronika/sprzet-audio/glosniki-i-kolumny/q-magnat/?courier=1, JSON: magnat.json, Thread ID: 2
2025-06-25 10:29:57 - INFO - Знайдено старих оголошень: 685
2025-06-25 10:30:12 - INFO - Last page 4 is the same as this page. Stopping.
2025-06-25 10:30:12 - INFO - Знайдено актуальних оголошень: 0
2025-06-25 10:30:12 - INFO - ✅ HTML файл збережено: magnat.html
2025-06-25 10:30:12 - INFO - Обробка URL: https://www.olx.pl/elektronika/sprzet-audio/q-wzmaczniacz/?courier=1, JSON: wzmaczniacz.json, Thread ID: 5
2025-06-25 10:30:12 - INFO - Знайдено старих оголошень: 315
2025-06-25 10:30:38 - INFO - Знайдено актуальних оголошень: 0
2025-06-25 10:30:38 - INFO - ✅ HTML файл збережено: wzmaczniacz.html
2025-06-25 11:23:26 - INFO - Обробка URL: https://www.olx.pl/elektronika/sprzet-audio/glosniki-i-kolumny/q-magnat/?courier=1, JSON: magnat.json, Thread ID: 2
2025-06-25 11:23:26 - INFO - Знайдено старих оголошень: 685
2025-06-25 11:23:36 - INFO - Last page 4 is the same as this page. Stopping.
2025-06-25 11:23:36 - INFO - Знайдено актуальних оголошень: 0
2025-06-25 11:23:36 - INFO - ✅ HTML файл збережено: magnat.html
2025-06-25 11:23:36 - INFO - Обробка URL: https://www.olx.pl/elektronika/sprzet-audio/q-wzmaczniacz/?courier=1, JSON: wzmaczniacz.json, Thread ID: 5
2025-06-25 11:23:36 - INFO - Знайдено старих оголошень: 315
2025-06-25 11:23:53 - INFO - Знайдено актуальних оголошень: 0
2025-06-25 11:23:53 - INFO - ✅ HTML файл збережено: wzmaczniacz.html
2025-06-25 12:56:27 - INFO - Обробка URL: https://www.olx.pl/elektronika/sprzet-audio/glosniki-i-kolumny/q-magnat/?courier=1, JSON: magnat.json, Thread ID: 2
2025-06-25 12:56:27 - INFO - Знайдено старих оголошень: 685
2025-06-25 12:56:38 - INFO - Last page 4 is the same as this page. Stopping.
2025-06-25 12:56:38 - INFO - Знайдено актуальних оголошень: 0
2025-06-25 12:56:38 - INFO - ✅ HTML файл збережено: magnat.html
2025-06-25 12:56:38 - INFO - Обробка URL: https://www.olx.pl/elektronika/sprzet-audio/q-wzmaczniacz/?courier=1, JSON: wzmaczniacz.json, Thread ID: 5
2025-06-25 12:56:38 - INFO - Знайдено старих оголошень: 315
2025-06-25 12:56:52 - INFO - Знайдено актуальних оголошень: 0
2025-06-25 12:56:52 - INFO - ✅ HTML файл збережено: wzmaczniacz.html
2025-06-25 13:40:18 - INFO - Обробка URL: https://www.olx.pl/elektronika/sprzet-audio/glosniki-i-kolumny/q-magnat/?courier=1, JSON: magnat.json, Thread ID: 2
2025-06-25 13:40:18 - INFO - Знайдено старих оголошень: 685
2025-06-25 13:40:30 - INFO - Last page 4 is the same as this page. Stopping.
2025-06-25 13:40:30 - INFO - Знайдено актуальних оголошень: 0
2025-06-25 13:40:30 - INFO - ✅ HTML файл збережено: magnat.html
2025-06-25 13:40:30 - INFO - Обробка URL: https://www.olx.pl/elektronika/sprzet-audio/q-wzmaczniacz/?courier=1, JSON: wzmaczniacz.json, Thread ID: 5
2025-06-25 13:40:30 - INFO - Знайдено старих оголошень: 315
2025-06-25 13:40:48 - INFO - Знайдено актуальних оголошень: 0
2025-06-25 13:40:49 - INFO - ✅ HTML файл збережено: wzmaczniacz.html
2025-06-25 14:27:32 - INFO - Обробка URL: https://www.olx.pl/elektronika/sprzet-audio/glosniki-i-kolumny/q-magnat/?courier=1, JSON: magnat.json, Thread ID: 2
2025-06-25 14:27:32 - INFO - Знайдено старих оголошень: 685
2025-06-25 14:27:42 - INFO - Last page 4 is the same as this page. Stopping.
2025-06-25 14:27:42 - INFO - Знайдено актуальних оголошень: 0
2025-06-25 14:27:42 - INFO - ✅ HTML файл збережено: magnat.html
2025-06-25 14:27:42 - INFO - Обробка URL: https://www.olx.pl/elektronika/sprzet-audio/q-wzmaczniacz/?courier=1, JSON: wzmaczniacz.json, Thread ID: 5
2025-06-25 14:27:42 - INFO - Знайдено старих оголошень: 315
2025-06-25 14:27:57 - INFO - Знайдено актуальних оголошень: 0
2025-06-25 14:27:57 - INFO - ✅ HTML файл збережено: wzmaczniacz.html
2025-06-25 15:30:29 - INFO - Обробка URL: https://www.olx.pl/elektronika/sprzet-audio/glosniki-i-kolumny/q-magnat/?courier=1, JSON: magnat.json, Thread ID: 2
2025-06-25 15:30:29 - INFO - Знайдено старих оголошень: 685
2025-06-25 15:30:46 - INFO - Last page 4 is the same as this page. Stopping.
2025-06-25 15:30:46 - INFO - Знайдено актуальних оголошень: 0
2025-06-25 15:30:46 - INFO - ✅ HTML файл збережено: magnat.html
2025-06-25 15:30:46 - INFO - Обробка URL: https://www.olx.pl/elektronika/sprzet-audio/q-wzmaczniacz/?courier=1, JSON: wzmaczniacz.json, Thread ID: 5
2025-06-25 15:30:46 - INFO - Знайдено старих оголошень: 315
2025-06-25 15:31:05 - INFO - Знайдено актуальних оголошень: 0
2025-06-25 15:31:05 - INFO - ✅ HTML файл збережено: wzmaczniacz.html
2025-06-25 16:34:56 - INFO - Обробка URL: https://www.olx.pl/elektronika/sprzet-audio/glosniki-i-kolumny/q-magnat/?courier=1, JSON: magnat.json, Thread ID: 2
2025-06-25 16:34:56 - INFO - Знайдено старих оголошень: 685
2025-06-25 16:35:00 - INFO - NEW {'title': 'Zestaw Stereo Kolumny pasywne wykonane z dębu oraz skóry naturalnej.', 'link': 'https://www.olx.pl/d/oferta/zestaw-stereo-kolumny-pasywne-wykonane-z-debu-oraz-skory-naturalnej-CID99-ID16noTg.html', 'price': '4 000 zł', 'status': 'active', 'date_found': '2025-06-25 16:34', 'date_removed': None, 'description': 'Dzień dobry,Na sprzedaż posiadam pasywne kolumny wykonane własnoręcznie z dbałością o każdy detal. Obudowy bass reflex powstały z połączenia MDF o grubości 18\u202fmm, litego dębu i wykończenia z naturalnej skóry wraz z przeszyciem, co nadaje im elegancki i unikalny charakter. Drewno oraz skóra zostały zabezpieczone na długie lata.Za brzmienie odpowiadają wstęgowe tweetery AMT (Air Motion Transformer) oraz 5‑calowe przetworniki z membraną z włókna szklanego. Dzięki temu kolumny grają niezwykle czysto i selektywnie, wypełniając pomieszczenie muzyką o znakomitej scenie i detaliczności. Świetnie sprawdzają się zarówno w klasycznym stereo, jak i w zestawie kina domowego – idealne do słuchania muzyki w salonie czy pokoju odsłuchowym.Kolumny zostały starannie wystrojone i posiadają dedykowane zwrotnice zbudowane na wysokiej jakości podzespołach, co gwarantuje spójne i naturalne brzmienie w całym paśmie.Moc maksymalna: 150WRMS: 90WWymiary:Wysokość 30cmGłębokość 25.2cmSzerokość: 20cmW razie pytań chętnie udzielę dodatkowych informacji.Zapraszam do kontaktu!#JBL #BW #Yamaha #KolumnyHiFi #KolumnyPodłogowe #KolumnyPodstawkowe #KolumnyDIY  #Stereo #KinoDomowe #WzmacniaczStereo #Amplituner #ZestawHiFi #Dali #BowersWilkins #Klipsch #MonitorAudio #Focal #KEF #Wharfedale #JBL #Magnat #Canton #SonusFaber #Heco #TagaHarmony #QAcoustics #Triangle #PolkAudio #Yamaha #Onkyo #Denon #Marantz #Audiovector #PylonAudio #AudioPhysic', 'images': ['https://ireland.apollo.olxcdn.com:443/v1/files/n08rggm3qaqf-PL/image;s=2000x2667', 'https://ireland.apollo.olxcdn.com:443/v1/files/ralkt6xisy79-PL/image;s=3000x4000', 'https://ireland.apollo.olxcdn.com:443/v1/files/pvb9jbdz1rbp2-PL/image;s=3000x4000', 'https://ireland.apollo.olxcdn.com:443/v1/files/ssgfyp48m16g-PL/image;s=2000x2667', 'https://ireland.apollo.olxcdn.com:443/v1/files/fibdry5yzw731-PL/image;s=3000x4000'], 'published_date': '2025-06-25 o 15:22', 'location': ''}
2025-06-25 16:35:00 - INFO - Parsed page 1, found 1 new ads.
2025-06-25 16:35:08 - INFO - Last page 4 is the same as this page. Stopping.
2025-06-25 16:35:08 - INFO - Знайдено актуальних оголошень: 1
2025-06-25 16:35:08 - INFO - Додаємо https://www.olx.pl/d/oferta/zestaw-stereo-kolumny-pasywne-wykonane-z-debu-oraz-skory-naturalnej-CID99-ID16noTg.html.
2025-06-25 16:35:19 - INFO - Successfully sent message for ad: Zestaw Stereo Kolumny pasywne wykonane z dębu oraz skóry naturalnej.
2025-06-25 16:35:19 - INFO - ✅ HTML файл збережено: magnat.html
2025-06-25 16:35:19 - INFO - Обробка URL: https://www.olx.pl/elektronika/sprzet-audio/q-wzmaczniacz/?courier=1, JSON: wzmaczniacz.json, Thread ID: 5
2025-06-25 16:35:19 - INFO - Знайдено старих оголошень: 315
2025-06-25 16:35:36 - INFO - Знайдено актуальних оголошень: 0
2025-06-25 16:35:36 - INFO - ✅ HTML файл збережено: wzmaczniacz.html
