2025-05-23 03:44:55 - INFO - Обробка URL: https://www.olx.pl/elektronika/sprzet-audio/glosniki-i-kolumny/q-magnat/?courier=1, JSON: magnat.json, Thread ID: 2
2025-05-23 03:44:55 - INFO - Знайдено старих оголошень: 623
2025-05-23 03:45:11 - INFO - Last page 4 is the same as this page. Stopping.
2025-05-23 03:45:11 - INFO - Знайдено актуальних оголошень: 0
2025-05-23 03:45:11 - INFO - ✅ HTML файл збережено: magnat.html
2025-05-23 03:45:11 - INFO - Обробка URL: https://www.olx.pl/elektronika/sprzet-audio/q-wzmaczniacz/?courier=1, JSON: wzmaczniacz.json, Thread ID: 5
2025-05-23 03:45:11 - INFO - Знайдено старих оголошень: 206
2025-05-23 03:45:28 - INFO - Знайдено актуальних оголошень: 0
2025-05-23 03:45:28 - INFO - ✅ HTML файл збережено: wzmaczniacz.html
2025-05-23 06:36:08 - INFO - Обробка URL: https://www.olx.pl/elektronika/sprzet-audio/glosniki-i-kolumny/q-magnat/?courier=1, JSON: magnat.json, Thread ID: 2
2025-05-23 06:36:08 - INFO - Знайдено старих оголошень: 623
2025-05-23 06:36:20 - INFO - Last page 4 is the same as this page. Stopping.
2025-05-23 06:36:20 - INFO - Знайдено актуальних оголошень: 0
2025-05-23 06:36:20 - INFO - ✅ HTML файл збережено: magnat.html
2025-05-23 06:36:20 - INFO - Обробка URL: https://www.olx.pl/elektronika/sprzet-audio/q-wzmaczniacz/?courier=1, JSON: wzmaczniacz.json, Thread ID: 5
2025-05-23 06:36:20 - INFO - Знайдено старих оголошень: 206
2025-05-23 06:36:36 - INFO - Знайдено актуальних оголошень: 0
2025-05-23 06:36:36 - INFO - ✅ HTML файл збережено: wzmaczniacz.html
2025-05-23 07:25:14 - INFO - Обробка URL: https://www.olx.pl/elektronika/sprzet-audio/glosniki-i-kolumny/q-magnat/?courier=1, JSON: magnat.json, Thread ID: 2
2025-05-23 07:25:14 - INFO - Знайдено старих оголошень: 623
2025-05-23 07:25:26 - INFO - Last page 4 is the same as this page. Stopping.
2025-05-23 07:25:26 - INFO - Знайдено актуальних оголошень: 0
2025-05-23 07:25:26 - INFO - ✅ HTML файл збережено: magnat.html
2025-05-23 07:25:26 - INFO - Обробка URL: https://www.olx.pl/elektronika/sprzet-audio/q-wzmaczniacz/?courier=1, JSON: wzmaczniacz.json, Thread ID: 5
2025-05-23 07:25:26 - INFO - Знайдено старих оголошень: 206
2025-05-23 07:25:45 - INFO - Знайдено актуальних оголошень: 0
2025-05-23 07:25:45 - INFO - ✅ HTML файл збережено: wzmaczniacz.html
2025-05-23 08:34:06 - INFO - Обробка URL: https://www.olx.pl/elektronika/sprzet-audio/glosniki-i-kolumny/q-magnat/?courier=1, JSON: magnat.json, Thread ID: 2
2025-05-23 08:34:06 - INFO - Знайдено старих оголошень: 623
2025-05-23 08:34:20 - INFO - Last page 4 is the same as this page. Stopping.
2025-05-23 08:34:20 - INFO - Знайдено актуальних оголошень: 0
2025-05-23 08:34:20 - INFO - ✅ HTML файл збережено: magnat.html
2025-05-23 08:34:20 - INFO - Обробка URL: https://www.olx.pl/elektronika/sprzet-audio/q-wzmaczniacz/?courier=1, JSON: wzmaczniacz.json, Thread ID: 5
2025-05-23 08:34:20 - INFO - Знайдено старих оголошень: 206
2025-05-23 08:34:27 - INFO - NEW {'title': 'Głośnik niskotonowy HK Audio Sica 8 Ohms 12"', 'link': 'https://www.olx.pl/d/oferta/glosnik-niskotonowy-hk-audio-sica-8-ohms-12-CID99-ID15QOVs.html?reason=extended_search_extended_s2v', 'price': '350 zł', 'status': 'active', 'date_found': '2025-05-23 08:34', 'date_removed': None, 'description': 'Szanowni Państwo,Oferuję dwa głośniki niskotonowe do HK Audio Sica 12" 8 Ohms 9940315. Są w pełni sprawne. Odbiór osobisty Warszawa/Mokotów lub wysyłka na ternie Polski. Posiadam 2 sztuki, cena za 1 sztukę.Zapraszam,Marcin', 'images': ['https://ireland.apollo.olxcdn.com:443/v1/files/u3vrq52tmrog2-PL/image;s=4096x2304', 'https://ireland.apollo.olxcdn.com:443/v1/files/nbms7sizm6xe-PL/image;s=4096x2304'], 'published_date': '16 maja 2025', 'location': ''}
2025-05-23 08:34:27 - INFO - Parsed page 2, found 1 new ads.
2025-05-23 08:34:40 - INFO - Знайдено актуальних оголошень: 1
2025-05-23 08:34:40 - INFO - Додаємо https://www.olx.pl/d/oferta/glosnik-niskotonowy-hk-audio-sica-8-ohms-12-CID99-ID15QOVs.html?reason=extended_search_extended_s2v.
2025-05-23 08:34:45 - INFO - Successfully sent message for ad: Głośnik niskotonowy HK Audio Sica 8 Ohms 12"
2025-05-23 08:34:45 - INFO - ✅ HTML файл збережено: wzmaczniacz.html
2025-05-23 09:28:10 - INFO - Обробка URL: https://www.olx.pl/elektronika/sprzet-audio/glosniki-i-kolumny/q-magnat/?courier=1, JSON: magnat.json, Thread ID: 2
2025-05-23 09:28:10 - INFO - Знайдено старих оголошень: 623
2025-05-23 09:28:21 - INFO - Last page 4 is the same as this page. Stopping.
2025-05-23 09:28:21 - INFO - Знайдено актуальних оголошень: 0
2025-05-23 09:28:21 - INFO - ✅ HTML файл збережено: magnat.html
2025-05-23 09:28:21 - INFO - Обробка URL: https://www.olx.pl/elektronika/sprzet-audio/q-wzmaczniacz/?courier=1, JSON: wzmaczniacz.json, Thread ID: 5
2025-05-23 09:28:21 - INFO - Знайдено старих оголошень: 207
2025-05-23 09:28:37 - INFO - Знайдено актуальних оголошень: 0
2025-05-23 09:28:37 - INFO - ✅ HTML файл збережено: wzmaczniacz.html
2025-05-23 10:28:07 - INFO - Обробка URL: https://www.olx.pl/elektronika/sprzet-audio/glosniki-i-kolumny/q-magnat/?courier=1, JSON: magnat.json, Thread ID: 2
2025-05-23 10:28:07 - INFO - Знайдено старих оголошень: 623
2025-05-23 10:28:17 - INFO - Last page 4 is the same as this page. Stopping.
2025-05-23 10:28:17 - INFO - Знайдено актуальних оголошень: 0
2025-05-23 10:28:17 - INFO - ✅ HTML файл збережено: magnat.html
2025-05-23 10:28:17 - INFO - Обробка URL: https://www.olx.pl/elektronika/sprzet-audio/q-wzmaczniacz/?courier=1, JSON: wzmaczniacz.json, Thread ID: 5
2025-05-23 10:28:17 - INFO - Знайдено старих оголошень: 207
2025-05-23 10:28:32 - INFO - Знайдено актуальних оголошень: 0
2025-05-23 10:28:32 - INFO - ✅ HTML файл збережено: wzmaczniacz.html
2025-05-23 11:21:04 - INFO - Обробка URL: https://www.olx.pl/elektronika/sprzet-audio/glosniki-i-kolumny/q-magnat/?courier=1, JSON: magnat.json, Thread ID: 2
2025-05-23 11:21:04 - INFO - Знайдено старих оголошень: 623
2025-05-23 11:21:07 - INFO - NEW {'title': 'Subwoofer Magnat Supreme 202A', 'link': 'https://www.olx.pl/d/oferta/subwoofer-magnat-supreme-202a-CID99-ID15VUPQ.html', 'price': '400 zł', 'status': 'active', 'date_found': '2025-05-23 11:21', 'date_removed': None, 'description': 'Subwoofer Magnat Supreme 202A używany. Doskonałe rozszerzenie basu dla systemu audio. Wysoka jakość dźwięku i solidna konstrukcja. Idealny do uzupełnienia brzmienia w domu, do zestawu dołączam przewód melodika oraz podstawki wkręcane, całość w oryginalnym opakowaniu stan bardzo dobry.', 'images': ['https://ireland.apollo.olxcdn.com:443/v1/files/ekwxswqhipgy-PL/image;s=867x1156', 'https://ireland.apollo.olxcdn.com:443/v1/files/wqvlqtkyuxf82-PL/image;s=867x1156', 'https://ireland.apollo.olxcdn.com:443/v1/files/sdts05jaceda3-PL/image;s=867x1156', 'https://ireland.apollo.olxcdn.com:443/v1/files/qyhiu33gstxw2-PL/image;s=867x1156', 'https://ireland.apollo.olxcdn.com:443/v1/files/sc59my2uqpzq3-PL/image;s=867x1156', 'https://ireland.apollo.olxcdn.com:443/v1/files/5i3zjqbl5k963-PL/image;s=867x1156', 'https://ireland.apollo.olxcdn.com:443/v1/files/h785p0vsz34q-PL/image;s=867x1156', 'https://ireland.apollo.olxcdn.com:443/v1/files/0jlucgogz1pv-PL/image;s=867x1156'], 'published_date': '2025-05-23 o 11:14', 'location': ''}
2025-05-23 11:21:07 - INFO - Parsed page 1, found 1 new ads.
2025-05-23 11:21:16 - INFO - Last page 4 is the same as this page. Stopping.
2025-05-23 11:21:16 - INFO - Знайдено актуальних оголошень: 1
2025-05-23 11:21:16 - INFO - Додаємо https://www.olx.pl/d/oferta/subwoofer-magnat-supreme-202a-CID99-ID15VUPQ.html.
2025-05-23 11:21:30 - INFO - Successfully sent message for ad: Subwoofer Magnat Supreme 202A
2025-05-23 11:21:30 - INFO - ✅ HTML файл збережено: magnat.html
2025-05-23 11:21:30 - INFO - Обробка URL: https://www.olx.pl/elektronika/sprzet-audio/q-wzmaczniacz/?courier=1, JSON: wzmaczniacz.json, Thread ID: 5
2025-05-23 11:21:30 - INFO - Знайдено старих оголошень: 207
2025-05-23 11:21:46 - INFO - Знайдено актуальних оголошень: 0
2025-05-23 11:21:46 - INFO - ✅ HTML файл збережено: wzmaczniacz.html
2025-05-23 12:52:16 - INFO - Обробка URL: https://www.olx.pl/elektronika/sprzet-audio/glosniki-i-kolumny/q-magnat/?courier=1, JSON: magnat.json, Thread ID: 2
2025-05-23 12:52:16 - INFO - Знайдено старих оголошень: 624
2025-05-23 12:52:27 - INFO - Last page 4 is the same as this page. Stopping.
2025-05-23 12:52:27 - INFO - Знайдено актуальних оголошень: 0
2025-05-23 12:52:27 - INFO - ✅ HTML файл збережено: magnat.html
2025-05-23 12:52:27 - INFO - Обробка URL: https://www.olx.pl/elektronika/sprzet-audio/q-wzmaczniacz/?courier=1, JSON: wzmaczniacz.json, Thread ID: 5
2025-05-23 12:52:27 - INFO - Знайдено старих оголошень: 207
2025-05-23 12:52:43 - INFO - Знайдено актуальних оголошень: 0
2025-05-23 12:52:43 - INFO - ✅ HTML файл збережено: wzmaczniacz.html
2025-05-23 13:34:35 - INFO - Обробка URL: https://www.olx.pl/elektronika/sprzet-audio/glosniki-i-kolumny/q-magnat/?courier=1, JSON: magnat.json, Thread ID: 2
2025-05-23 13:34:35 - INFO - Знайдено старих оголошень: 624
2025-05-23 13:34:39 - INFO - NEW {'title': 'Kolumny surround Magnat', 'link': 'https://www.olx.pl/d/oferta/kolumny-surround-magnat-CID99-ID15X47c.html', 'price': '160 zł', 'status': 'active', 'date_found': '2025-05-23 13:34', 'date_removed': None, 'description': 'Kolumny całkowicie sprawne technicznie , grają naprawdę dobrze , czysto bez zniekształceń wizualnie noszą minimalne  ślady użytkowania widoczne na zdjęciachPosiadamy sporo sprzętu audio z różnych lat, zapraszamy do sklepu w Chorzowie przy ulicy 3 Maja 4 oraz na pozostałe ogłoszeniaPrzy wysyłce cena nie podlega negocjacji. Kontakt telefoniczny tylko w godzinach pracy sklepuZapraszamy.Przed wizytą w sklepie prosimy o potwierdzenie telefoniczne że produkt jest nadal dostępny', 'images': ['https://ireland.apollo.olxcdn.com:443/v1/files/kwudob0mlar6-PL/image;s=2048x1536', 'https://ireland.apollo.olxcdn.com:443/v1/files/2qkhq0cg6nte1-PL/image;s=2048x1536', 'https://ireland.apollo.olxcdn.com:443/v1/files/c3ocgo2azhp3-PL/image;s=2048x1536', 'https://ireland.apollo.olxcdn.com:443/v1/files/owr4vroowhc12-PL/image;s=2048x1536'], 'published_date': '2025-05-23 o 13:17', 'location': ''}
2025-05-23 13:34:40 - INFO - NEW {'title': 'Kolumna centralna Magnat Tristar Center 80', 'link': 'https://www.olx.pl/d/oferta/kolumna-centralna-magnat-tristar-center-80-CID99-ID15X4iW.html', 'price': '180 zł', 'status': 'active', 'date_found': '2025-05-23 13:34', 'date_removed': None, 'description': 'Kolumna całkowicie sprawna technicznie , gra naprawdę dobrze , czysto bez zniekształceń wizualnie nosi ślady użytkowania widoczne na zdjęciach  , w zestawie maskownica .Posiadamy sporo sprzętu audio z różnych lat, zapraszamy do sklepu w Chorzowie przy ulicy 3 Maja 4 oraz na pozostałe ogłoszenia Przy wysyłce cena nie podlega negocjacji.Kontakt telefoniczny tylko w godzinach pracy sklepuZapraszamy.Przed wizytą w sklepie prosimy o potwierdzenie telefoniczne że produkt jest nadal dostępny', 'images': ['https://ireland.apollo.olxcdn.com:443/v1/files/us6tyopl5lfm3-PL/image;s=2048x1536', 'https://ireland.apollo.olxcdn.com:443/v1/files/qvfkbc3lr48x-PL/image;s=2048x1536', 'https://ireland.apollo.olxcdn.com:443/v1/files/kg0w5hw6fdoh-PL/image;s=2048x1536', 'https://ireland.apollo.olxcdn.com:443/v1/files/mvu9bafvmcyk1-PL/image;s=2048x1536', 'https://ireland.apollo.olxcdn.com:443/v1/files/u1s9vlljbhaa-PL/image;s=2048x1536'], 'published_date': '2025-05-23 o 13:19', 'location': ''}
2025-05-23 13:34:40 - INFO - Parsed page 1, found 2 new ads.
2025-05-23 13:34:50 - INFO - Last page 4 is the same as this page. Stopping.
2025-05-23 13:34:50 - INFO - Знайдено актуальних оголошень: 2
2025-05-23 13:34:50 - INFO - Додаємо https://www.olx.pl/d/oferta/kolumny-surround-magnat-CID99-ID15X47c.html.
2025-05-23 13:34:56 - INFO - Successfully sent message for ad: Kolumny surround Magnat
2025-05-23 13:34:56 - INFO - Додаємо https://www.olx.pl/d/oferta/kolumna-centralna-magnat-tristar-center-80-CID99-ID15X4iW.html.
2025-05-23 13:35:09 - INFO - Successfully sent message for ad: Kolumna centralna Magnat Tristar Center 80
2025-05-23 13:35:09 - INFO - ✅ HTML файл збережено: magnat.html
2025-05-23 13:35:09 - INFO - Обробка URL: https://www.olx.pl/elektronika/sprzet-audio/q-wzmaczniacz/?courier=1, JSON: wzmaczniacz.json, Thread ID: 5
2025-05-23 13:35:09 - INFO - Знайдено старих оголошень: 207
2025-05-23 13:35:24 - INFO - Знайдено актуальних оголошень: 0
2025-05-23 13:35:24 - INFO - ✅ HTML файл збережено: wzmaczniacz.html
2025-05-23 14:25:29 - INFO - Обробка URL: https://www.olx.pl/elektronika/sprzet-audio/glosniki-i-kolumny/q-magnat/?courier=1, JSON: magnat.json, Thread ID: 2
2025-05-23 14:25:29 - INFO - Знайдено старих оголошень: 626
2025-05-23 14:25:39 - INFO - Last page 4 is the same as this page. Stopping.
2025-05-23 14:25:39 - INFO - Знайдено актуальних оголошень: 0
2025-05-23 14:25:39 - INFO - ✅ HTML файл збережено: magnat.html
2025-05-23 14:25:39 - INFO - Обробка URL: https://www.olx.pl/elektronika/sprzet-audio/q-wzmaczniacz/?courier=1, JSON: wzmaczniacz.json, Thread ID: 5
2025-05-23 14:25:39 - INFO - Знайдено старих оголошень: 207
2025-05-23 14:25:55 - INFO - Знайдено актуальних оголошень: 0
2025-05-23 14:25:55 - INFO - ✅ HTML файл збережено: wzmaczniacz.html
