2025-05-04 03:47:52 - INFO - Found old 471 ads.
2025-05-04 03:48:00 - INFO - NEW {'title': 'Kolumny magnat sprawne', 'link': 'https://www.olx.pl/d/oferta/kolumny-magnat-sprawne-CID99-ID15DcLG.html', 'price': '349 zł', 'status': 'active', 'date_found': '2025-05-04 03:48', 'date_removed': None, 'description': 'Sprzedam wpełni sprawne kolumny marki Magnat. Więcej informacji udzielę wyłącznie telefonicznych nie odpowiadam na sms-y emaile telefon 531_ 002 _659. Pozdrawiam', 'images': ['https://ireland.apollo.olxcdn.com:443/v1/files/jc7vsc8l9n831-PL/image;s=868x1160', 'https://ireland.apollo.olxcdn.com:443/v1/files/1rqrcpx3yd5g2-PL/image;s=868x1160', 'https://ireland.apollo.olxcdn.com:443/v1/files/6894h6c6akbu2-PL/image;s=868x1160'], 'published_date': '2025-05-04 o 01:30', 'location': ''}
2025-05-04 03:48:02 - INFO - Parsed page 2, found 1 new ads.
2025-05-04 03:48:46 - INFO - Last page 13 is the same as this page. Stopping.
2025-05-04 03:48:46 - INFO - Found actual 1 ads.
2025-05-04 03:48:46 - INFO - Додаємо https://www.olx.pl/d/oferta/kolumny-magnat-sprawne-CID99-ID15DcLG.html.
2025-05-04 03:48:48 - INFO - ✅ HTML файл збережено: index.html
2025-05-04 06:34:04 - INFO - Found old 472 ads.
2025-05-04 06:34:55 - INFO - Last page 13 is the same as this page. Stopping.
2025-05-04 06:34:55 - INFO - Found actual 0 ads.
2025-05-04 06:34:55 - INFO - ✅ HTML файл збережено: index.html
2025-05-04 07:22:28 - INFO - Found old 472 ads.
2025-05-04 07:22:47 - INFO - NEW {'title': 'Wybitne kolumny Wharfedale Diamond 10.5 głośniki kevlarowe', 'link': 'https://www.olx.pl/d/oferta/wybitne-kolumny-wharfedale-diamond-10-5-glosniki-kevlarowe-CID99-ID15F8OD.html', 'price': '999 zł', 'status': 'active', 'date_found': '2025-05-04 07:22', 'date_removed': None, 'description': 'Wyjątkowe głośniki marki Wharfedale Diamond 10.5 z kevlarowymi membranami. Doskonała jakość dźwięku i precyzja wykonania. Idealne dBrytyjskie kolumny Wharfedale Diamond 10.5Trójdrożna kolumna głośnikowaDiamond jest to bardzo dobra seria kolumn firmy Wharfedale,jako nowe kosztowały 2500 złModel jest bardzo rzadko spotykany.Niesamowicie piękny dźwięk, głośniki są bardzo muzykalne, jedyne w swoim rodzaju.Sten techniczny:Kolumny są w pełni sprawne, głośniki nie mają wad,wszystkie głośniki grają czysto, bez zniekształceń dźwięku.Membrany są w stanie IDEALNYM, bez wadWizualnie kolumny są ładne oraz bardzo solidnie wykonane.Głośniki są wykończone z bardzo dobrych materiałów.Odbiór tyko OSOBISTY...Można dzwonić lub SMS:504 --996 -- 123..Głośnik basowy - 1x 16.5 cmGłośnik średniotonowy - 1x 50 mmTweeter - 1x 25mm texMoc - 150 WattImpedancja: - 6 OhmSkuteczność - 86 dBZakres częstotliwości - 35Hz-24kHzZwrotnica - 600 Hz, 3.8 kHzMax peak SPL 108 dBWymiary:Wysokość: 90,0 cmSzerokość: 22,5 cmGłębokość: 30,0 cmRekomendowana moc wzmacniacza: 25-150 WattDiamond to słynna seria kolumn od Wharfedale kontynuacja dążenia do wprowadzania komponentów, materiałów i metod produkcji, które normalnie zarezerwowane są dla głośników high-endowych,Oraz produkowania głośników, które są nie tylko dostępne cenowo i praktyczne, ale są także doskonałą wartością same w sobie.Większość udoskonaleń wprowadzonych w serii dokonana została wewnętrznie, poprzez wykorzystanie zaawansowanych technik, materiałów i komponentów lepszej jakości. Ale to właśnie przywiązanie uwagi do najdrobniejszych szczegółów sprawia, że ta seria głośników jest tak bardzo pożądana.Estetycznie głośniki bardzo nieznacznie różnią się od poprzedników: gładkie linie i nowoczesny styl pozwalają głośnikom na dopasowanie się to gustów dzisiejszych entuzjastów hi-fi, nie wspominając już o niezrównanych możliwościach zarówno przy odtwarzaniu filmów jak i muzyki.Głośniki Wharfedale’a od wielu lat cieszą się uznaniem na całym świecie.Zarówno produkty budżetowe jak i high-end, w konfiguracjach stereo i kina domowego, stanowią przedmiot pożądania entuzjastów dobrego brzmienia.Kolumny tej marki od lat charakteryzują się detalicznością, subtelnością, dokładnością i szerokim zakresem przetwarzanych częstotliwości.kef dali jamo jbl  magnat tannoy tonsil heco elac yamaha canton pioneer technics focal  quadral infinity mission diora monitor audio vifadenon yamaha marantz technics onkyo', 'images': ['https://ireland.apollo.olxcdn.com:443/v1/files/m4272rjt1x0m1-PL/image;s=850x638', 'https://ireland.apollo.olxcdn.com:443/v1/files/61ytt3wye0163-PL/image;s=742x982', 'https://ireland.apollo.olxcdn.com:443/v1/files/6rrnnbwz4yf42-PL/image;s=779x1087', 'https://ireland.apollo.olxcdn.com:443/v1/files/f4iuhxcivx811-PL/image;s=450x300', 'https://ireland.apollo.olxcdn.com:443/v1/files/85gcs0fu9sn22-PL/image;s=450x338', 'https://ireland.apollo.olxcdn.com:443/v1/files/wanb3dcu3odz1-PL/image;s=800x800'], 'published_date': '2025-05-04 o 07:06', 'location': ''}
2025-05-04 07:22:47 - INFO - Parsed page 5, found 1 new ads.
2025-05-04 07:23:15 - INFO - Last page 13 is the same as this page. Stopping.
2025-05-04 07:23:15 - INFO - Found actual 1 ads.
2025-05-04 07:23:15 - INFO - Додаємо https://www.olx.pl/d/oferta/wybitne-kolumny-wharfedale-diamond-10-5-glosniki-kevlarowe-CID99-ID15F8OD.html.
2025-05-04 07:23:17 - INFO - ✅ HTML файл збережено: index.html
2025-05-04 08:29:34 - INFO - Found old 473 ads.
2025-05-04 08:29:56 - INFO - NEW {'title': 'Kolumna centralna Wharfedale KEVLAROWY głośnik centralny  Piano Black', 'link': 'https://www.olx.pl/d/oferta/kolumna-centralna-wharfedale-kevlarowy-glosnik-centralny-piano-black-CID99-ID15Fbjc.html', 'price': '399 zł', 'status': 'active', 'date_found': '2025-05-04 08:29', 'date_removed': None, 'description': 'Wharfedale DIAMOND 10.CC głośnik centralny posiadający bardzo wysokiej jakości głośniki kevlaroweObecnie jest nowa seria kolumn kolumn 12,głośnik centralny podobnej jakości kosztuje Aż 1599 zł za sztukę,co świadczy o bardzo wysokiej jakości tej seriiStan techniczny: bardzo dobry- w pełni sprawna technicznie, bez jakichkolwiek wad,- wszystkie głośniki bardzo ładnie grają,żaden nie jest przepalony oraz żaden nie zniekształca dźwiękuStan wizualny:- bardzo ładny, bez rys i bez uszkodzeń- maskownica również nie jest zniszczona:brak dziur, zaciągnięć czy jakiejkolwiek uszkodzenia.Kolumna ta pozwala doświadczyć solidnego, bardzo czystego i dynamicznego brzmienia.Najlepiej dzwonić lub napisać SMS:504 --996 -- 123.Dwa 10-centymetrowe głośniki niskośredniotonowe z czarnego kewlaru25 mm tekstylna kopułka wysokotonowaZalecana moc wzmacniacza 15 – 120 WattPasmo przenoszenia 75 – 24 kHzObudowa bass-reflexImpedencja 6 OhmEkranowane magnetycznieWymiary:wysokość: 13,0 cmSzerokość: 34,0 cmGłębokość: 14,0 cmkef dali jamo jbl magnat tannoy tonsil heco elac yamahacanton pioneer technics focal paradigm quadral infinity mission diora monitor audio', 'images': ['https://ireland.apollo.olxcdn.com:443/v1/files/gf2bt5eex8sc2-PL/image;s=1600x1197', 'https://ireland.apollo.olxcdn.com:443/v1/files/iufgs3ivc7x21-PL/image;s=1600x1197', 'https://ireland.apollo.olxcdn.com:443/v1/files/e46ja371ea3y1-PL/image;s=1600x1197', 'https://ireland.apollo.olxcdn.com:443/v1/files/nacwqurs4xhs-PL/image;s=1600x1197', 'https://ireland.apollo.olxcdn.com:443/v1/files/q76f2xl2wkw22-PL/image;s=1600x1197', 'https://ireland.apollo.olxcdn.com:443/v1/files/uayhpet1a3hk2-PL/image;s=1600x1197', 'https://ireland.apollo.olxcdn.com:443/v1/files/7v159iwdo3cv-PL/image;s=1600x1197', 'https://ireland.apollo.olxcdn.com:443/v1/files/t1svg05cujwz1-PL/image;s=1600x1197'], 'published_date': '2025-05-04 o 08:20', 'location': ''}
2025-05-04 08:29:56 - INFO - Parsed page 5, found 1 new ads.
2025-05-04 08:30:37 - INFO - Last page 13 is the same as this page. Stopping.
2025-05-04 08:30:37 - INFO - Found actual 1 ads.
2025-05-04 08:30:37 - INFO - Додаємо https://www.olx.pl/d/oferta/kolumna-centralna-wharfedale-kevlarowy-glosnik-centralny-piano-black-CID99-ID15Fbjc.html.
2025-05-04 08:30:39 - INFO - ✅ HTML файл збережено: index.html
2025-05-04 09:24:11 - INFO - Found old 474 ads.
2025-05-04 09:25:02 - INFO - Last page 13 is the same as this page. Stopping.
2025-05-04 09:25:02 - INFO - Found actual 0 ads.
2025-05-04 09:25:02 - INFO - ✅ HTML файл збережено: index.html
2025-05-04 10:25:20 - INFO - Found old 474 ads.
2025-05-04 10:26:12 - INFO - Last page 13 is the same as this page. Stopping.
2025-05-04 10:26:12 - INFO - Found actual 0 ads.
2025-05-04 10:26:12 - INFO - ✅ HTML файл збережено: index.html
