2025-05-28 03:47:24 - INFO - Обробка URL: https://www.olx.pl/elektronika/sprzet-audio/glosniki-i-kolumny/q-magnat/?courier=1, JSON: magnat.json, Thread ID: 2
2025-05-28 03:47:24 - INFO - Знайдено старих оголошень: 637
2025-05-28 03:47:36 - INFO - Last page 4 is the same as this page. Stopping.
2025-05-28 03:47:36 - INFO - Знайдено актуальних оголошень: 0
2025-05-28 03:47:36 - INFO - ✅ HTML файл збережено: magnat.html
2025-05-28 03:47:36 - INFO - Обробка URL: https://www.olx.pl/elektronika/sprzet-audio/q-wzmaczniacz/?courier=1, JSON: wzmaczniacz.json, Thread ID: 5
2025-05-28 03:47:36 - INFO - Знайдено старих оголошень: 237
2025-05-28 03:47:55 - INFO - Знайдено актуальних оголошень: 0
2025-05-28 03:47:55 - INFO - ✅ HTML файл збережено: wzmaczniacz.html
2025-05-28 06:36:40 - INFO - Обробка URL: https://www.olx.pl/elektronika/sprzet-audio/glosniki-i-kolumny/q-magnat/?courier=1, JSON: magnat.json, Thread ID: 2
2025-05-28 06:36:40 - INFO - Знайдено старих оголошень: 637
2025-05-28 06:36:51 - INFO - Last page 4 is the same as this page. Stopping.
2025-05-28 06:36:51 - INFO - Знайдено актуальних оголошень: 0
2025-05-28 06:36:51 - INFO - ✅ HTML файл збережено: magnat.html
2025-05-28 06:36:51 - INFO - Обробка URL: https://www.olx.pl/elektronika/sprzet-audio/q-wzmaczniacz/?courier=1, JSON: wzmaczniacz.json, Thread ID: 5
2025-05-28 06:36:51 - INFO - Знайдено старих оголошень: 237
2025-05-28 06:37:07 - INFO - Знайдено актуальних оголошень: 0
2025-05-28 06:37:07 - INFO - ✅ HTML файл збережено: wzmaczniacz.html
2025-05-28 07:25:28 - INFO - Обробка URL: https://www.olx.pl/elektronika/sprzet-audio/glosniki-i-kolumny/q-magnat/?courier=1, JSON: magnat.json, Thread ID: 2
2025-05-28 07:25:28 - INFO - Знайдено старих оголошень: 637
2025-05-28 07:25:40 - INFO - Last page 4 is the same as this page. Stopping.
2025-05-28 07:25:40 - INFO - Знайдено актуальних оголошень: 0
2025-05-28 07:25:40 - INFO - ✅ HTML файл збережено: magnat.html
2025-05-28 07:25:40 - INFO - Обробка URL: https://www.olx.pl/elektronika/sprzet-audio/q-wzmaczniacz/?courier=1, JSON: wzmaczniacz.json, Thread ID: 5
2025-05-28 07:25:40 - INFO - Знайдено старих оголошень: 237
2025-05-28 07:25:55 - INFO - Знайдено актуальних оголошень: 0
2025-05-28 07:25:55 - INFO - ✅ HTML файл збережено: wzmaczniacz.html
