2025-05-30 03:45:58 - INFO - Обробка URL: https://www.olx.pl/elektronika/sprzet-audio/glosniki-i-kolumny/q-magnat/?courier=1, JSON: magnat.json, Thread ID: 2
2025-05-30 03:45:58 - INFO - Знайдено старих оголошень: 642
2025-05-30 03:46:09 - INFO - Last page 4 is the same as this page. Stopping.
2025-05-30 03:46:09 - INFO - Знайдено актуальних оголошень: 0
2025-05-30 03:46:09 - INFO - ✅ HTML файл збережено: magnat.html
2025-05-30 03:46:09 - INFO - Обробка URL: https://www.olx.pl/elektronika/sprzet-audio/q-wzmaczniacz/?courier=1, JSON: wzmaczniacz.json, Thread ID: 5
2025-05-30 03:46:09 - INFO - Знайдено старих оголошень: 244
2025-05-30 03:46:27 - INFO - Знайдено актуальних оголошень: 0
2025-05-30 03:46:27 - INFO - ✅ HTML файл збережено: wzmaczniacz.html
2025-05-30 06:36:17 - INFO - Обробка URL: https://www.olx.pl/elektronika/sprzet-audio/glosniki-i-kolumny/q-magnat/?courier=1, JSON: magnat.json, Thread ID: 2
2025-05-30 06:36:17 - INFO - Знайдено старих оголошень: 642
2025-05-30 06:36:30 - INFO - Last page 4 is the same as this page. Stopping.
2025-05-30 06:36:30 - INFO - Знайдено актуальних оголошень: 0
2025-05-30 06:36:30 - INFO - ✅ HTML файл збережено: magnat.html
2025-05-30 06:36:30 - INFO - Обробка URL: https://www.olx.pl/elektronika/sprzet-audio/q-wzmaczniacz/?courier=1, JSON: wzmaczniacz.json, Thread ID: 5
2025-05-30 06:36:30 - INFO - Знайдено старих оголошень: 244
2025-05-30 06:36:47 - INFO - Знайдено актуальних оголошень: 0
2025-05-30 06:36:47 - INFO - ✅ HTML файл збережено: wzmaczniacz.html
2025-05-30 07:24:50 - INFO - Обробка URL: https://www.olx.pl/elektronika/sprzet-audio/glosniki-i-kolumny/q-magnat/?courier=1, JSON: magnat.json, Thread ID: 2
2025-05-30 07:24:50 - INFO - Знайдено старих оголошень: 642
2025-05-30 07:25:05 - INFO - Last page 4 is the same as this page. Stopping.
2025-05-30 07:25:05 - INFO - Знайдено актуальних оголошень: 0
2025-05-30 07:25:05 - INFO - ✅ HTML файл збережено: magnat.html
2025-05-30 07:25:05 - INFO - Обробка URL: https://www.olx.pl/elektronika/sprzet-audio/q-wzmaczniacz/?courier=1, JSON: wzmaczniacz.json, Thread ID: 5
2025-05-30 07:25:05 - INFO - Знайдено старих оголошень: 244
2025-05-30 07:25:23 - INFO - Знайдено актуальних оголошень: 0
2025-05-30 07:25:23 - INFO - ✅ HTML файл збережено: wzmaczniacz.html
2025-05-30 08:33:34 - INFO - Обробка URL: https://www.olx.pl/elektronika/sprzet-audio/glosniki-i-kolumny/q-magnat/?courier=1, JSON: magnat.json, Thread ID: 2
2025-05-30 08:33:34 - INFO - Знайдено старих оголошень: 642
2025-05-30 08:33:50 - INFO - Last page 4 is the same as this page. Stopping.
2025-05-30 08:33:50 - INFO - Знайдено актуальних оголошень: 0
2025-05-30 08:33:50 - INFO - ✅ HTML файл збережено: magnat.html
2025-05-30 08:33:50 - INFO - Обробка URL: https://www.olx.pl/elektronika/sprzet-audio/q-wzmaczniacz/?courier=1, JSON: wzmaczniacz.json, Thread ID: 5
2025-05-30 08:33:50 - INFO - Знайдено старих оголошень: 244
2025-05-30 08:34:10 - INFO - Знайдено актуальних оголошень: 0
2025-05-30 08:34:10 - INFO - ✅ HTML файл збережено: wzmaczniacz.html
2025-05-30 09:27:27 - INFO - Обробка URL: https://www.olx.pl/elektronika/sprzet-audio/glosniki-i-kolumny/q-magnat/?courier=1, JSON: magnat.json, Thread ID: 2
2025-05-30 09:27:27 - INFO - Знайдено старих оголошень: 642
2025-05-30 09:27:39 - INFO - Last page 4 is the same as this page. Stopping.
2025-05-30 09:27:39 - INFO - Знайдено актуальних оголошень: 0
2025-05-30 09:27:39 - INFO - ✅ HTML файл збережено: magnat.html
2025-05-30 09:27:39 - INFO - Обробка URL: https://www.olx.pl/elektronika/sprzet-audio/q-wzmaczniacz/?courier=1, JSON: wzmaczniacz.json, Thread ID: 5
2025-05-30 09:27:39 - INFO - Знайдено старих оголошень: 244
2025-05-30 09:27:56 - INFO - Знайдено актуальних оголошень: 0
2025-05-30 09:27:56 - INFO - ✅ HTML файл збережено: wzmaczniacz.html
2025-05-30 10:27:51 - INFO - Обробка URL: https://www.olx.pl/elektronika/sprzet-audio/glosniki-i-kolumny/q-magnat/?courier=1, JSON: magnat.json, Thread ID: 2
2025-05-30 10:27:51 - INFO - Знайдено старих оголошень: 642
2025-05-30 10:28:02 - INFO - Last page 4 is the same as this page. Stopping.
2025-05-30 10:28:02 - INFO - Знайдено актуальних оголошень: 0
2025-05-30 10:28:02 - INFO - ✅ HTML файл збережено: magnat.html
2025-05-30 10:28:02 - INFO - Обробка URL: https://www.olx.pl/elektronika/sprzet-audio/q-wzmaczniacz/?courier=1, JSON: wzmaczniacz.json, Thread ID: 5
2025-05-30 10:28:02 - INFO - Знайдено старих оголошень: 244
2025-05-30 10:28:17 - INFO - Знайдено актуальних оголошень: 0
2025-05-30 10:28:17 - INFO - ✅ HTML файл збережено: wzmaczniacz.html
2025-05-30 11:20:58 - INFO - Обробка URL: https://www.olx.pl/elektronika/sprzet-audio/glosniki-i-kolumny/q-magnat/?courier=1, JSON: magnat.json, Thread ID: 2
2025-05-30 11:20:58 - INFO - Знайдено старих оголошень: 642
2025-05-30 11:21:23 - INFO - Last page 4 is the same as this page. Stopping.
2025-05-30 11:21:23 - INFO - Знайдено актуальних оголошень: 0
2025-05-30 11:21:23 - INFO - ✅ HTML файл збережено: magnat.html
2025-05-30 11:21:23 - INFO - Обробка URL: https://www.olx.pl/elektronika/sprzet-audio/q-wzmaczniacz/?courier=1, JSON: wzmaczniacz.json, Thread ID: 5
2025-05-30 11:21:23 - INFO - Знайдено старих оголошень: 244
2025-05-30 11:21:31 - INFO - NEW {'title': 'Blaupunkt BT12 głośnik bluetooth', 'link': 'https://www.olx.pl/d/oferta/blaupunkt-bt12-glosnik-bluetooth-CID99-ID14SWxK.html?reason=extended_search_extended_s2v', 'price': '39 zł', 'status': 'active', 'date_found': '2025-05-30 11:21', 'date_removed': None, 'description': 'Witam. Na sprzedaż głośnik bluetooth Blaupunkt BT 12. Głośnik działa włącza się gra. Nic nie harczy bateria trzyma w miarę dobrze. Spr,edaję jako uszkodzony ponieważ ma często problem z połączeniem bluetooth. Rozparowuje się. Jak się połączy to działa. (real foto) Po wyłączeniu może ale nie musi mieć problemu z parowaniem. Wielokrotne próby zparowania dają czasami efekt pozytywny. Z przeznaczeniem na części lub do naprawy. Nie przyjmuję zwrotów.Zapraszam na inne moje ogłoszenia.', 'images': ['https://ireland.apollo.olxcdn.com:443/v1/files/omdoniwtt3a3-PL/image;s=2000x924', 'https://ireland.apollo.olxcdn.com:443/v1/files/ij0uzqabibaw2-PL/image;s=2000x924', 'https://ireland.apollo.olxcdn.com:443/v1/files/oeesfv3o893e2-PL/image;s=2000x924', 'https://ireland.apollo.olxcdn.com:443/v1/files/jbravdn7me3z1-PL/image;s=2000x924', 'https://ireland.apollo.olxcdn.com:443/v1/files/4qaeunimztle3-PL/image;s=924x2000', 'https://ireland.apollo.olxcdn.com:443/v1/files/5pbz5lydpk7k3-PL/image;s=924x2000'], 'published_date': '25 maja 2025', 'location': ''}
2025-05-30 11:21:31 - INFO - Parsed page 2, found 1 new ads.
2025-05-30 11:21:46 - INFO - Знайдено актуальних оголошень: 1
2025-05-30 11:21:46 - INFO - Додаємо https://www.olx.pl/d/oferta/blaupunkt-bt12-glosnik-bluetooth-CID99-ID14SWxK.html?reason=extended_search_extended_s2v.
2025-05-30 11:22:00 - INFO - Successfully sent message for ad: Blaupunkt BT12 głośnik bluetooth
2025-05-30 11:22:00 - INFO - ✅ HTML файл збережено: wzmaczniacz.html
2025-05-30 12:55:07 - INFO - Обробка URL: https://www.olx.pl/elektronika/sprzet-audio/glosniki-i-kolumny/q-magnat/?courier=1, JSON: magnat.json, Thread ID: 2
2025-05-30 12:55:07 - INFO - Знайдено старих оголошень: 642
2025-05-30 12:55:18 - INFO - Last page 4 is the same as this page. Stopping.
2025-05-30 12:55:18 - INFO - Знайдено актуальних оголошень: 0
2025-05-30 12:55:18 - INFO - ✅ HTML файл збережено: magnat.html
2025-05-30 12:55:18 - INFO - Обробка URL: https://www.olx.pl/elektronika/sprzet-audio/q-wzmaczniacz/?courier=1, JSON: wzmaczniacz.json, Thread ID: 5
2025-05-30 12:55:18 - INFO - Знайдено старих оголошень: 245
2025-05-30 12:55:23 - INFO - NEW {'title': 'Subwoofer głośnik kenwood 12" 30cm 600w', 'link': 'https://www.olx.pl/d/oferta/subwoofer-glosnik-kenwood-12-30cm-600w-CID99-ID15YVHo.html?reason=extended_search_extended_s2v', 'price': '135 zł', 'status': 'active', 'date_found': '2025-05-30 12:55', 'date_removed': None, 'description': 'Witam. Sprzedam głośnik 30cm firmy Kenwood. Głośnik jest całkowicie sprawny. Gra czysto i mocno. Wizualnie jak na zdjęciach, ze śladami użytkowania. Technicznie w pełni sprawny. Moc 600w max 4 ohm. W razie pytań zapraszam do kontaktu. Pozdrawiam.', 'images': ['https://ireland.apollo.olxcdn.com:443/v1/files/ye52s2510bkm1-PL/image;s=768x1020', 'https://ireland.apollo.olxcdn.com:443/v1/files/xrp4i0kkozmw2-PL/image;s=768x1020', 'https://ireland.apollo.olxcdn.com:443/v1/files/01tru84gy03h2-PL/image;s=768x1020', 'https://ireland.apollo.olxcdn.com:443/v1/files/0lj4i0fo6ewl-PL/image;s=768x1020', 'https://ireland.apollo.olxcdn.com:443/v1/files/yjisc0v9b0it1-PL/image;s=768x1020', 'https://ireland.apollo.olxcdn.com:443/v1/files/29825ms0mc062-PL/image;s=768x1020'], 'published_date': '26 maja 2025', 'location': ''}
2025-05-30 12:55:23 - INFO - Parsed page 2, found 1 new ads.
2025-05-30 12:55:33 - INFO - Знайдено актуальних оголошень: 1
2025-05-30 12:55:33 - INFO - Додаємо https://www.olx.pl/d/oferta/subwoofer-glosnik-kenwood-12-30cm-600w-CID99-ID15YVHo.html?reason=extended_search_extended_s2v.
2025-05-30 12:55:46 - INFO - Successfully sent message for ad: Subwoofer głośnik kenwood 12" 30cm 600w
2025-05-30 12:55:46 - INFO - ✅ HTML файл збережено: wzmaczniacz.html
2025-05-30 13:35:13 - INFO - Обробка URL: https://www.olx.pl/elektronika/sprzet-audio/glosniki-i-kolumny/q-magnat/?courier=1, JSON: magnat.json, Thread ID: 2
2025-05-30 13:35:13 - INFO - Знайдено старих оголошень: 642
2025-05-30 13:35:24 - INFO - Last page 4 is the same as this page. Stopping.
2025-05-30 13:35:24 - INFO - Знайдено актуальних оголошень: 0
2025-05-30 13:35:24 - INFO - ✅ HTML файл збережено: magnat.html
2025-05-30 13:35:24 - INFO - Обробка URL: https://www.olx.pl/elektronika/sprzet-audio/q-wzmaczniacz/?courier=1, JSON: wzmaczniacz.json, Thread ID: 5
2025-05-30 13:35:24 - INFO - Знайдено старих оголошень: 246
2025-05-30 13:35:39 - INFO - Знайдено актуальних оголошень: 0
2025-05-30 13:35:39 - INFO - ✅ HTML файл збережено: wzmaczniacz.html
