2025-06-11 03:51:19 - INFO - Обробка URL: https://www.olx.pl/elektronika/sprzet-audio/glosniki-i-kolumny/q-magnat/?courier=1, JSON: magnat.json, Thread ID: 2
2025-06-11 03:51:19 - INFO - Знайдено старих оголошень: 658
2025-06-11 03:51:30 - INFO - Last page 4 is the same as this page. Stopping.
2025-06-11 03:51:30 - INFO - Знайдено актуальних оголошень: 0
2025-06-11 03:51:30 - INFO - ✅ HTML файл збережено: magnat.html
2025-06-11 03:51:30 - INFO - Обробка URL: https://www.olx.pl/elektronika/sprzet-audio/q-wzmaczniacz/?courier=1, JSON: wzmaczniacz.json, Thread ID: 5
2025-06-11 03:51:30 - INFO - Знайдено старих оголошень: 277
2025-06-11 03:51:46 - INFO - Знайдено актуальних оголошень: 0
2025-06-11 03:51:46 - INFO - ✅ HTML файл збережено: wzmaczniacz.html
2025-06-11 06:37:58 - INFO - Обробка URL: https://www.olx.pl/elektronika/sprzet-audio/glosniki-i-kolumny/q-magnat/?courier=1, JSON: magnat.json, Thread ID: 2
2025-06-11 06:37:58 - INFO - Знайдено старих оголошень: 658
2025-06-11 06:38:11 - INFO - Last page 4 is the same as this page. Stopping.
2025-06-11 06:38:11 - INFO - Знайдено актуальних оголошень: 0
2025-06-11 06:38:11 - INFO - ✅ HTML файл збережено: magnat.html
2025-06-11 06:38:11 - INFO - Обробка URL: https://www.olx.pl/elektronika/sprzet-audio/q-wzmaczniacz/?courier=1, JSON: wzmaczniacz.json, Thread ID: 5
2025-06-11 06:38:11 - INFO - Знайдено старих оголошень: 277
2025-06-11 06:38:26 - INFO - Знайдено актуальних оголошень: 0
2025-06-11 06:38:26 - INFO - ✅ HTML файл збережено: wzmaczniacz.html
2025-06-11 07:25:34 - INFO - Обробка URL: https://www.olx.pl/elektronika/sprzet-audio/glosniki-i-kolumny/q-magnat/?courier=1, JSON: magnat.json, Thread ID: 2
2025-06-11 07:25:34 - INFO - Знайдено старих оголошень: 658
2025-06-11 07:25:44 - INFO - Last page 4 is the same as this page. Stopping.
2025-06-11 07:25:44 - INFO - Знайдено актуальних оголошень: 0
2025-06-11 07:25:44 - INFO - ✅ HTML файл збережено: magnat.html
2025-06-11 07:25:44 - INFO - Обробка URL: https://www.olx.pl/elektronika/sprzet-audio/q-wzmaczniacz/?courier=1, JSON: wzmaczniacz.json, Thread ID: 5
2025-06-11 07:25:44 - INFO - Знайдено старих оголошень: 277
2025-06-11 07:26:01 - INFO - Знайдено актуальних оголошень: 0
2025-06-11 07:26:01 - INFO - ✅ HTML файл збережено: wzmaczniacz.html
2025-06-11 08:35:06 - INFO - Обробка URL: https://www.olx.pl/elektronika/sprzet-audio/glosniki-i-kolumny/q-magnat/?courier=1, JSON: magnat.json, Thread ID: 2
2025-06-11 08:35:06 - INFO - Знайдено старих оголошень: 658
2025-06-11 08:35:17 - INFO - Last page 4 is the same as this page. Stopping.
2025-06-11 08:35:17 - INFO - Знайдено актуальних оголошень: 0
2025-06-11 08:35:17 - INFO - ✅ HTML файл збережено: magnat.html
2025-06-11 08:35:17 - INFO - Обробка URL: https://www.olx.pl/elektronika/sprzet-audio/q-wzmaczniacz/?courier=1, JSON: wzmaczniacz.json, Thread ID: 5
2025-06-11 08:35:17 - INFO - Знайдено старих оголошень: 277
2025-06-11 08:35:33 - INFO - Знайдено актуальних оголошень: 0
2025-06-11 08:35:33 - INFO - ✅ HTML файл збережено: wzmaczniacz.html
2025-06-11 09:28:51 - INFO - Обробка URL: https://www.olx.pl/elektronika/sprzet-audio/glosniki-i-kolumny/q-magnat/?courier=1, JSON: magnat.json, Thread ID: 2
2025-06-11 09:28:51 - INFO - Знайдено старих оголошень: 658
2025-06-11 09:29:02 - INFO - Last page 4 is the same as this page. Stopping.
2025-06-11 09:29:02 - INFO - Знайдено актуальних оголошень: 0
2025-06-11 09:29:02 - INFO - ✅ HTML файл збережено: magnat.html
2025-06-11 09:29:02 - INFO - Обробка URL: https://www.olx.pl/elektronika/sprzet-audio/q-wzmaczniacz/?courier=1, JSON: wzmaczniacz.json, Thread ID: 5
2025-06-11 09:29:02 - INFO - Знайдено старих оголошень: 277
2025-06-11 09:29:15 - INFO - NEW {'title': 'Głośnik niskotonowy HK Audio Sica 8 Ohms 12" LP318.65/1430SWTK', 'link': 'https://www.olx.pl/d/oferta/glosnik-niskotonowy-hk-audio-sica-8-ohms-12-lp318-65-1430swtk-CID99-ID15QOVs.html?reason=extended_search_extended_s2v', 'price': '250 zł', 'status': 'active', 'date_found': '2025-06-11 09:29', 'date_removed': None, 'description': 'Szanowni Państwo,Oferuję dwa głośniki niskotonowe do HK Audio Sica 12" 8 Ohms 9940315. Są w pełni sprawne. Odbiór osobisty Warszawa/Mokotów lub wysyłka na ternie Polski. Posiadam 2 sztuki, cena za 1 sztukę.Głośnik HK Audio Sica 12" 8 Ohm (nr katalogowy 9940315) to 12-calowy woofer o impedancji 8 Ω i mocy 500 W RMS, zaprojektowany przez włoską firmę Sica specjalnie dla subwooferów HK Audio Linear SUB 2000 i Linear SUB 2000 A.Specyfikacja techniczna:- Model przetwornika: Sica LP318.65/1430SWTK- Średnica: 12 cali- Impedancja: 8 Ω- Moc RMS: 500 W- Magnes: ferrytowy- Waga: około 5,7 kgZapraszam,Marcin', 'images': ['https://ireland.apollo.olxcdn.com:443/v1/files/u3vrq52tmrog2-PL/image;s=4096x2304', 'https://ireland.apollo.olxcdn.com:443/v1/files/nbms7sizm6xe-PL/image;s=4096x2304'], 'published_date': '16 maja 2025', 'location': ''}
2025-06-11 09:29:16 - INFO - NEW {'title': 'Głośnik niskośredniotonowy HK Audio Sica 12" 5 Ohms LP318.65/140WT', 'link': 'https://www.olx.pl/d/oferta/glosnik-niskosredniotonowy-hk-audio-sica-12-5-ohms-lp318-65-140wt-CID99-ID15QOOA.html?reason=extended_search_extended_s2v', 'price': '250 zł', 'status': 'active', 'date_found': '2025-06-11 09:29', 'date_removed': None, 'description': 'Szanowni Państwo,Oferuję dwa głośniki niskośredniotonowe do HK Audio Sica 12" 5 Ohms E 9940312. Są w pełni sprawne. Odbiór osobisty Warszawa/Mokotów lub wysyłka na ternie Polski. Posiadam 2 sztuki, cena za 1 sztukę.Głośnik HK Audio Sica 12" 5 Ohm (nr katalogowy 9940312) to 12-calowy woofer o impedancji 5Ω, zaprojektowany przez włoską firmę Sica specjalnie dla kolumn HK Audio z serii Linear 5, takich jak L5 112 FA i L5 112 XA.Specyfikacja techniczna:- Model przetwornika: Sica LP318.65/140WT- Średnica: 12 cali (305 mm)- Impedancja: 5 Ω- Moc RMS: 500 W- Magnes: ferrytowy- Waga: około 5,4 kg- Zastosowanie: oryginalny woofer w modelach HK Audio Linear 5 112 FA i Linear 5 112 XAZastosowanie:Ten głośnik niskotonowy jest przeznaczony jako oryginalna część zamienna do kolumn HK Audio z serii Linear 5. Dzięki swojej konstrukcji zapewnia wysoką jakość dźwięku, charakterystyczną dla produktów HK Audio.Zapraszam,Marcin', 'images': ['https://ireland.apollo.olxcdn.com:443/v1/files/qen7e9bpgn6r1-PL/image;s=1024x576', 'https://ireland.apollo.olxcdn.com:443/v1/files/hdv7klftr6hm3-PL/image;s=1024x576'], 'published_date': '16 maja 2025', 'location': ''}
2025-06-11 09:29:16 - INFO - Parsed page 4, found 2 new ads.
2025-06-11 09:29:21 - INFO - Знайдено актуальних оголошень: 2
2025-06-11 09:29:21 - INFO - Додаємо https://www.olx.pl/d/oferta/glosnik-niskotonowy-hk-audio-sica-8-ohms-12-lp318-65-1430swtk-CID99-ID15QOVs.html?reason=extended_search_extended_s2v.
2025-06-11 09:29:22 - INFO - Successfully sent message for ad: Głośnik niskotonowy HK Audio Sica 8 Ohms 12" LP318.65/1430SWTK
2025-06-11 09:29:22 - INFO - Додаємо https://www.olx.pl/d/oferta/glosnik-niskosredniotonowy-hk-audio-sica-12-5-ohms-lp318-65-140wt-CID99-ID15QOOA.html?reason=extended_search_extended_s2v.
2025-06-11 09:29:30 - INFO - Successfully sent message for ad: Głośnik niskośredniotonowy HK Audio Sica 12" 5 Ohms LP318.65/140WT
2025-06-11 09:29:30 - INFO - ✅ HTML файл збережено: wzmaczniacz.html
2025-06-11 10:29:09 - INFO - Обробка URL: https://www.olx.pl/elektronika/sprzet-audio/glosniki-i-kolumny/q-magnat/?courier=1, JSON: magnat.json, Thread ID: 2
2025-06-11 10:29:09 - INFO - Знайдено старих оголошень: 658
2025-06-11 10:29:18 - INFO - Last page 4 is the same as this page. Stopping.
2025-06-11 10:29:18 - INFO - Знайдено актуальних оголошень: 0
2025-06-11 10:29:18 - INFO - ✅ HTML файл збережено: magnat.html
2025-06-11 10:29:18 - INFO - Обробка URL: https://www.olx.pl/elektronika/sprzet-audio/q-wzmaczniacz/?courier=1, JSON: wzmaczniacz.json, Thread ID: 5
2025-06-11 10:29:18 - INFO - Знайдено старих оголошень: 279
2025-06-11 10:29:33 - INFO - Знайдено актуальних оголошень: 0
2025-06-11 10:29:33 - INFO - ✅ HTML файл збережено: wzmaczniacz.html
2025-06-11 11:22:52 - INFO - Обробка URL: https://www.olx.pl/elektronika/sprzet-audio/glosniki-i-kolumny/q-magnat/?courier=1, JSON: magnat.json, Thread ID: 2
2025-06-11 11:22:52 - INFO - Знайдено старих оголошень: 658
2025-06-11 11:23:06 - INFO - Last page 4 is the same as this page. Stopping.
2025-06-11 11:23:06 - INFO - Знайдено актуальних оголошень: 0
2025-06-11 11:23:06 - INFO - ✅ HTML файл збережено: magnat.html
2025-06-11 11:23:06 - INFO - Обробка URL: https://www.olx.pl/elektronika/sprzet-audio/q-wzmaczniacz/?courier=1, JSON: wzmaczniacz.json, Thread ID: 5
2025-06-11 11:23:06 - INFO - Знайдено старих оголошень: 279
2025-06-11 11:23:22 - INFO - Знайдено актуальних оголошень: 0
2025-06-11 11:23:22 - INFO - ✅ HTML файл збережено: wzmaczniacz.html
2025-06-11 12:55:11 - INFO - Обробка URL: https://www.olx.pl/elektronika/sprzet-audio/glosniki-i-kolumny/q-magnat/?courier=1, JSON: magnat.json, Thread ID: 2
2025-06-11 12:55:11 - INFO - Знайдено старих оголошень: 658
2025-06-11 12:55:18 - INFO - Знайдено актуальних оголошень: 0
2025-06-11 12:55:18 - INFO - ✅ HTML файл збережено: magnat.html
2025-06-11 12:55:18 - INFO - Обробка URL: https://www.olx.pl/elektronika/sprzet-audio/q-wzmaczniacz/?courier=1, JSON: wzmaczniacz.json, Thread ID: 5
2025-06-11 12:55:18 - INFO - Знайдено старих оголошень: 279
2025-06-11 12:55:33 - INFO - Знайдено актуальних оголошень: 0
2025-06-11 12:55:33 - INFO - ✅ HTML файл збережено: wzmaczniacz.html
2025-06-11 13:38:17 - INFO - Обробка URL: https://www.olx.pl/elektronika/sprzet-audio/glosniki-i-kolumny/q-magnat/?courier=1, JSON: magnat.json, Thread ID: 2
2025-06-11 13:38:17 - INFO - Знайдено старих оголошень: 658
2025-06-11 13:38:30 - INFO - Last page 4 is the same as this page. Stopping.
2025-06-11 13:38:30 - INFO - Знайдено актуальних оголошень: 0
2025-06-11 13:38:30 - INFO - ✅ HTML файл збережено: magnat.html
2025-06-11 13:38:30 - INFO - Обробка URL: https://www.olx.pl/elektronika/sprzet-audio/q-wzmaczniacz/?courier=1, JSON: wzmaczniacz.json, Thread ID: 5
2025-06-11 13:38:30 - INFO - Знайдено старих оголошень: 279
2025-06-11 13:38:49 - INFO - Знайдено актуальних оголошень: 0
2025-06-11 13:38:49 - INFO - ✅ HTML файл збережено: wzmaczniacz.html
2025-06-11 14:25:28 - INFO - Обробка URL: https://www.olx.pl/elektronika/sprzet-audio/glosniki-i-kolumny/q-magnat/?courier=1, JSON: magnat.json, Thread ID: 2
2025-06-11 14:25:28 - INFO - Знайдено старих оголошень: 658
2025-06-11 14:25:39 - INFO - Last page 4 is the same as this page. Stopping.
2025-06-11 14:25:39 - INFO - Знайдено актуальних оголошень: 0
2025-06-11 14:25:39 - INFO - ✅ HTML файл збережено: magnat.html
2025-06-11 14:25:39 - INFO - Обробка URL: https://www.olx.pl/elektronika/sprzet-audio/q-wzmaczniacz/?courier=1, JSON: wzmaczniacz.json, Thread ID: 5
2025-06-11 14:25:39 - INFO - Знайдено старих оголошень: 279
2025-06-11 14:25:54 - INFO - Знайдено актуальних оголошень: 0
2025-06-11 14:25:54 - INFO - ✅ HTML файл збережено: wzmaczniacz.html
2025-06-11 15:29:04 - INFO - Обробка URL: https://www.olx.pl/elektronika/sprzet-audio/glosniki-i-kolumny/q-magnat/?courier=1, JSON: magnat.json, Thread ID: 2
2025-06-11 15:29:04 - INFO - Знайдено старих оголошень: 658
2025-06-11 15:29:14 - INFO - Last page 4 is the same as this page. Stopping.
2025-06-11 15:29:14 - INFO - Знайдено актуальних оголошень: 0
2025-06-11 15:29:14 - INFO - ✅ HTML файл збережено: magnat.html
2025-06-11 15:29:14 - INFO - Обробка URL: https://www.olx.pl/elektronika/sprzet-audio/q-wzmaczniacz/?courier=1, JSON: wzmaczniacz.json, Thread ID: 5
2025-06-11 15:29:14 - INFO - Знайдено старих оголошень: 279
2025-06-11 15:29:32 - INFO - Знайдено актуальних оголошень: 0
2025-06-11 15:29:32 - INFO - ✅ HTML файл збережено: wzmaczniacz.html
2025-06-11 16:34:05 - INFO - Обробка URL: https://www.olx.pl/elektronika/sprzet-audio/glosniki-i-kolumny/q-magnat/?courier=1, JSON: magnat.json, Thread ID: 2
2025-06-11 16:34:05 - INFO - Знайдено старих оголошень: 658
2025-06-11 16:34:17 - INFO - Last page 4 is the same as this page. Stopping.
2025-06-11 16:34:17 - INFO - Знайдено актуальних оголошень: 0
2025-06-11 16:34:17 - INFO - ✅ HTML файл збережено: magnat.html
2025-06-11 16:34:17 - INFO - Обробка URL: https://www.olx.pl/elektronika/sprzet-audio/q-wzmaczniacz/?courier=1, JSON: wzmaczniacz.json, Thread ID: 5
2025-06-11 16:34:17 - INFO - Знайдено старих оголошень: 279
2025-06-11 16:34:32 - INFO - Знайдено актуальних оголошень: 0
2025-06-11 16:34:32 - INFO - ✅ HTML файл збережено: wzmaczniacz.html
2025-06-11 17:23:43 - INFO - Обробка URL: https://www.olx.pl/elektronika/sprzet-audio/glosniki-i-kolumny/q-magnat/?courier=1, JSON: magnat.json, Thread ID: 2
2025-06-11 17:23:43 - INFO - Знайдено старих оголошень: 658
2025-06-11 17:23:54 - INFO - Last page 4 is the same as this page. Stopping.
2025-06-11 17:23:54 - INFO - Знайдено актуальних оголошень: 0
2025-06-11 17:23:54 - INFO - ✅ HTML файл збережено: magnat.html
2025-06-11 17:23:54 - INFO - Обробка URL: https://www.olx.pl/elektronika/sprzet-audio/q-wzmaczniacz/?courier=1, JSON: wzmaczniacz.json, Thread ID: 5
2025-06-11 17:23:54 - INFO - Знайдено старих оголошень: 279
2025-06-11 17:23:58 - INFO - NEW {'title': 'Wzmaczniacz sygnału wi-fi', 'link': 'https://www.olx.pl/d/oferta/wzmaczniacz-sygnalu-wi-fi-CID99-ID16coBf.html', 'price': '10 zł', 'status': 'active', 'date_found': '2025-06-11 17:23', 'date_removed': None, 'description': 'Tylko wysylaka Sprzedam używany wzmacniacz sygnału wi-fi. Doskonałe rozwiązanie dla osób, które chcą poprawić jakość połączenia internetowego w swoim domu. Prosty w obsłudze i skuteczny w działaniu. Polecam!', 'images': ['https://ireland.apollo.olxcdn.com:443/v1/files/ah1r3bfd4kr5-PL/image;s=765x1020'], 'published_date': '2025-06-11 o 17:17', 'location': ''}
2025-06-11 17:23:58 - INFO - Parsed page 1, found 1 new ads.
2025-06-11 17:24:11 - INFO - Знайдено актуальних оголошень: 1
2025-06-11 17:24:11 - INFO - Додаємо https://www.olx.pl/d/oferta/wzmaczniacz-sygnalu-wi-fi-CID99-ID16coBf.html.
2025-06-11 17:24:12 - INFO - Successfully sent message for ad: Wzmaczniacz sygnału wi-fi
2025-06-11 17:24:12 - INFO - ✅ HTML файл збережено: wzmaczniacz.html
2025-06-11 18:37:08 - INFO - Обробка URL: https://www.olx.pl/elektronika/sprzet-audio/glosniki-i-kolumny/q-magnat/?courier=1, JSON: magnat.json, Thread ID: 2
2025-06-11 18:37:08 - INFO - Знайдено старих оголошень: 658
2025-06-11 18:37:22 - INFO - Last page 4 is the same as this page. Stopping.
2025-06-11 18:37:22 - INFO - Знайдено актуальних оголошень: 0
2025-06-11 18:37:22 - INFO - ✅ HTML файл збережено: magnat.html
2025-06-11 18:37:22 - INFO - Обробка URL: https://www.olx.pl/elektronika/sprzet-audio/q-wzmaczniacz/?courier=1, JSON: wzmaczniacz.json, Thread ID: 5
2025-06-11 18:37:22 - INFO - Знайдено старих оголошень: 280
2025-06-11 18:37:42 - INFO - Знайдено актуальних оголошень: 0
2025-06-11 18:37:42 - INFO - ✅ HTML файл збережено: wzmaczniacz.html
2025-06-11 19:20:33 - INFO - Обробка URL: https://www.olx.pl/elektronika/sprzet-audio/glosniki-i-kolumny/q-magnat/?courier=1, JSON: magnat.json, Thread ID: 2
2025-06-11 19:20:33 - INFO - Знайдено старих оголошень: 658
2025-06-11 19:20:44 - INFO - Last page 4 is the same as this page. Stopping.
2025-06-11 19:20:44 - INFO - Знайдено актуальних оголошень: 0
2025-06-11 19:20:44 - INFO - ✅ HTML файл збережено: magnat.html
2025-06-11 19:20:44 - INFO - Обробка URL: https://www.olx.pl/elektronika/sprzet-audio/q-wzmaczniacz/?courier=1, JSON: wzmaczniacz.json, Thread ID: 5
2025-06-11 19:20:44 - INFO - Знайдено старих оголошень: 280
2025-06-11 19:21:18 - INFO - Знайдено актуальних оголошень: 0
2025-06-11 19:21:18 - INFO - ✅ HTML файл збережено: wzmaczniacz.html
2025-06-11 20:27:58 - INFO - Обробка URL: https://www.olx.pl/elektronika/sprzet-audio/glosniki-i-kolumny/q-magnat/?courier=1, JSON: magnat.json, Thread ID: 2
2025-06-11 20:27:58 - INFO - Знайдено старих оголошень: 658
2025-06-11 20:28:11 - INFO - Last page 4 is the same as this page. Stopping.
2025-06-11 20:28:11 - INFO - Знайдено актуальних оголошень: 0
2025-06-11 20:28:11 - INFO - ✅ HTML файл збережено: magnat.html
2025-06-11 20:28:11 - INFO - Обробка URL: https://www.olx.pl/elektronika/sprzet-audio/q-wzmaczniacz/?courier=1, JSON: wzmaczniacz.json, Thread ID: 5
2025-06-11 20:28:11 - INFO - Знайдено старих оголошень: 280
2025-06-11 20:28:29 - INFO - Знайдено актуальних оголошень: 0
2025-06-11 20:28:29 - INFO - ✅ HTML файл збережено: wzmaczniacz.html
2025-06-11 21:24:36 - INFO - Обробка URL: https://www.olx.pl/elektronika/sprzet-audio/glosniki-i-kolumny/q-magnat/?courier=1, JSON: magnat.json, Thread ID: 2
2025-06-11 21:24:36 - INFO - Знайдено старих оголошень: 658
2025-06-11 21:24:47 - INFO - Last page 4 is the same as this page. Stopping.
2025-06-11 21:24:47 - INFO - Знайдено актуальних оголошень: 0
2025-06-11 21:24:47 - INFO - ✅ HTML файл збережено: magnat.html
2025-06-11 21:24:47 - INFO - Обробка URL: https://www.olx.pl/elektronika/sprzet-audio/q-wzmaczniacz/?courier=1, JSON: wzmaczniacz.json, Thread ID: 5
2025-06-11 21:24:47 - INFO - Знайдено старих оголошень: 280
2025-06-11 21:25:05 - INFO - Знайдено актуальних оголошень: 0
2025-06-11 21:25:05 - INFO - ✅ HTML файл збережено: wzmaczniacz.html
2025-06-11 22:25:20 - INFO - Обробка URL: https://www.olx.pl/elektronika/sprzet-audio/glosniki-i-kolumny/q-magnat/?courier=1, JSON: magnat.json, Thread ID: 2
2025-06-11 22:25:20 - INFO - Знайдено старих оголошень: 658
2025-06-11 22:25:30 - INFO - Last page 4 is the same as this page. Stopping.
2025-06-11 22:25:30 - INFO - Знайдено актуальних оголошень: 0
2025-06-11 22:25:30 - INFO - ✅ HTML файл збережено: magnat.html
2025-06-11 22:25:30 - INFO - Обробка URL: https://www.olx.pl/elektronika/sprzet-audio/q-wzmaczniacz/?courier=1, JSON: wzmaczniacz.json, Thread ID: 5
2025-06-11 22:25:30 - INFO - Знайдено старих оголошень: 280
2025-06-11 22:25:44 - INFO - Знайдено актуальних оголошень: 0
2025-06-11 22:25:44 - INFO - ✅ HTML файл збережено: wzmaczniacz.html
2025-06-11 23:26:09 - INFO - Обробка URL: https://www.olx.pl/elektronika/sprzet-audio/glosniki-i-kolumny/q-magnat/?courier=1, JSON: magnat.json, Thread ID: 2
2025-06-11 23:26:09 - INFO - Знайдено старих оголошень: 658
2025-06-11 23:26:20 - INFO - Last page 4 is the same as this page. Stopping.
2025-06-11 23:26:20 - INFO - Знайдено актуальних оголошень: 0
2025-06-11 23:26:20 - INFO - ✅ HTML файл збережено: magnat.html
2025-06-11 23:26:20 - INFO - Обробка URL: https://www.olx.pl/elektronika/sprzet-audio/q-wzmaczniacz/?courier=1, JSON: wzmaczniacz.json, Thread ID: 5
2025-06-11 23:26:20 - INFO - Знайдено старих оголошень: 280
2025-06-11 23:26:37 - INFO - Знайдено актуальних оголошень: 0
2025-06-11 23:26:37 - INFO - ✅ HTML файл збережено: wzmaczniacz.html
