2025-05-08 03:44:52 - INFO - Found old 514 ads.
2025-05-08 03:45:43 - INFO - Last page 13 is the same as this page. Stopping.
2025-05-08 03:45:43 - INFO - Found actual 0 ads.
2025-05-08 03:45:43 - INFO - ✅ HTML файл збережено: index.html
2025-05-08 06:36:32 - INFO - Found old 514 ads.
2025-05-08 06:37:24 - INFO - Last page 13 is the same as this page. Stopping.
2025-05-08 06:37:24 - INFO - Found actual 0 ads.
2025-05-08 06:37:24 - INFO - ✅ HTML файл збережено: index.html
2025-05-08 07:25:29 - INFO - Found old 514 ads.
2025-05-08 07:25:33 - INFO - NEW {'title': 'Kino domowe onkyo,magnat,samsung', 'link': 'https://www.olx.pl/d/oferta/kino-domowe-onkyo-magnat-samsung-CID99-ID15IX4P.html', 'price': '2 200 zł', 'status': 'active', 'date_found': '2025-05-08 07:25', 'date_removed': None, 'description': 'Witam sprzedam zestaw widoczny na zdjęciach-ONKYO TX-NR656dolby atmos ,Dolby vision,hdr,dts-x,4k,wi-fi,bluetooth,internet radio ,pilot,instrukcja,mikrofon do kalibracji,oryginalny karton .-BLURAY SAMSUNG HT-C6930Pilot zastępczy, kabel hdmiU mnie służył jako odtwarzacz bluray ale można do niego podłączyć dodatkowo zestaw głośników 7.1 bo jest to amplituner kina domowego-2 SUBY MAGNAT MONITOR SUPREME 302Aokablowanie ,przewody sieciowe-ONKYO SK 101 2X SATELITY 1X CENTRALNY-M-AUDIO HTS-800 4X KOLUMNY ,1X CENTRALNYSprzęt jest zadbany i 100% sprawny gra naprawdę potężnie i glosno , u mnie w konfiguracji do dolby atmos 5.2.2. Odbior tylko osobisty że względu na ilość i wagę sprzętu cena do niewielkiej negocjacjiMożliwość sprawdzenia i osłuch na miejscu sprzedaje bez kabli głośnikowych kable rca tylko do subwoferowSprzedaje tylko calosc !!!', 'images': ['https://ireland.apollo.olxcdn.com:443/v1/files/eswfkfpgf3cj-PL/image;s=2000x1500', 'https://ireland.apollo.olxcdn.com:443/v1/files/viz7jt9gdy3l-PL/image;s=2000x1500', 'https://ireland.apollo.olxcdn.com:443/v1/files/ho6klpkykjv5-PL/image;s=2000x1500', 'https://ireland.apollo.olxcdn.com:443/v1/files/rs6xatnfo0vv2-PL/image;s=1440x1440', 'https://ireland.apollo.olxcdn.com:443/v1/files/qkn32wt7q90j2-PL/image;s=1500x2000', 'https://ireland.apollo.olxcdn.com:443/v1/files/zgzklob6crnf-PL/image;s=1500x2000', 'https://ireland.apollo.olxcdn.com:443/v1/files/04otdqbsrt1v2-PL/image;s=1500x2000', 'https://ireland.apollo.olxcdn.com:443/v1/files/3j9870bzxj981-PL/image;s=1440x1440'], 'published_date': '2025-05-08 o 06:47', 'location': ''}
2025-05-08 07:25:36 - INFO - Parsed page 1, found 1 new ads.
2025-05-08 07:26:32 - INFO - Last page 13 is the same as this page. Stopping.
2025-05-08 07:26:32 - INFO - Found actual 1 ads.
2025-05-08 07:26:32 - INFO - Додаємо https://www.olx.pl/d/oferta/kino-domowe-onkyo-magnat-samsung-CID99-ID15IX4P.html.
2025-05-08 07:26:36 - INFO - ✅ HTML файл збережено: index.html
2025-05-08 08:33:37 - INFO - Found old 515 ads.
2025-05-08 08:34:24 - INFO - Last page 13 is the same as this page. Stopping.
2025-05-08 08:34:24 - INFO - Found actual 0 ads.
2025-05-08 08:34:24 - INFO - ✅ HTML файл збережено: index.html
2025-05-08 09:27:28 - INFO - Found old 515 ads.
2025-05-08 09:27:47 - INFO - NEW {'title': 'Magnat Center Art. Nr 144 431b\xa0 \xa0\xa0 Centralny Kolumna Głośnik', 'link': 'https://www.olx.pl/d/oferta/magnat-center-art-nr-144-431b-centralny-kolumna-glosnik-CID99-ID14AEbV.html', 'price': '120 zł', 'status': 'active', 'date_found': '2025-05-08 09:27', 'date_removed': None, 'description': 'WitamMam do sprzedania  głośnik centralny  MAGNAT MOTION CENTER SPEAKER nr. 144431B.Jest on pozostałością  mojego byłego systemu audio 6.1 .Stan idealny ( real foto - maskownica niezdejmowalna).Oto jego parametry ściągnięte z:industrie.de.com/i181192839667_magnat-motion-center-speaker-buche-no-144431b.htmlProduktinformationMarke \tMagnatModell \tMotion Center 1MPN \tMAGMOTc1, MAGMOTc1buUPC \t40188*****108, 40188*****321HaupteigenschaftenBauform \tCenterlautsprecherBefestigung \tRegallautsprecherBauart \t2 WegeTechnische DetailsSpitzenleistung   160 wattNennbelastbarkeit \t55 wattFrequenzbereich \t36 Hz - 20 kHzImpedanz \t4-8 ohmEmpfindlichkeit \t90 dBMagnetische Abschirmung \tMagnetisch abgeschirmtVerbindung \tKabelgebundenAbmessungenBreite \t35.99 cmTiefe \t13.59 cmHöhe \t15 cmHochtöner \t1.3 cm.Zapraszam', 'images': ['https://ireland.apollo.olxcdn.com:443/v1/files/sbvlaofw0ler-PL/image;s=1600x1200', 'https://ireland.apollo.olxcdn.com:443/v1/files/ks8yj25ap2xx1-PL/image;s=1600x1200', 'https://ireland.apollo.olxcdn.com:443/v1/files/h86a2lw2yy5z2-PL/image;s=1600x1200', 'https://ireland.apollo.olxcdn.com:443/v1/files/mmr7rm6usw9k-PL/image;s=1600x1200', 'https://ireland.apollo.olxcdn.com:443/v1/files/d1aumlm7u3jq-PL/image;s=1600x1200', 'https://ireland.apollo.olxcdn.com:443/v1/files/6wpj3j0rgqro-PL/image;s=1600x1200', 'https://ireland.apollo.olxcdn.com:443/v1/files/4mcqdran8ruv1-PL/image;s=1600x1200', 'https://ireland.apollo.olxcdn.com:443/v1/files/1y7x7fpyaemi1-PL/image;s=1600x1200'], 'published_date': '2025-05-08 o 09:05', 'location': ''}
2025-05-08 09:27:47 - INFO - Parsed page 5, found 1 new ads.
2025-05-08 09:28:17 - INFO - Last page 14 is the same as this page. Stopping.
2025-05-08 09:28:17 - INFO - Found actual 1 ads.
2025-05-08 09:28:17 - INFO - Додаємо https://www.olx.pl/d/oferta/magnat-center-art-nr-144-431b-centralny-kolumna-glosnik-CID99-ID14AEbV.html.
2025-05-08 09:28:21 - INFO - ✅ HTML файл збережено: index.html
2025-05-08 10:28:21 - INFO - Found old 516 ads.
2025-05-08 10:28:27 - INFO - NEW {'title': 'Głośnik centralny MAGNAT vintage center 4', 'link': 'https://www.olx.pl/d/oferta/glosnik-centralny-magnat-vintage-center-4-CID99-ID15J5nY.html', 'price': '200 zł', 'status': 'active', 'date_found': '2025-05-08 10:28', 'date_removed': None, 'description': 'Głośnik sprawny w dobrym stanie. Kupiony przy okazji subwoofera.', 'images': ['https://ireland.apollo.olxcdn.com:443/v1/files/m3t04dz88lo13-PL/image;s=3024x4032', 'https://ireland.apollo.olxcdn.com:443/v1/files/kmk7jb1dp9w83-PL/image;s=3024x4032', 'https://ireland.apollo.olxcdn.com:443/v1/files/wsuqaeq6pzqh1-PL/image;s=3024x4032', 'https://ireland.apollo.olxcdn.com:443/v1/files/sgol8d81qivk1-PL/image;s=3024x4032', 'https://ireland.apollo.olxcdn.com:443/v1/files/ym75k0hqyv37-PL/image;s=3024x4032'], 'published_date': '2025-05-08 o 09:44', 'location': ''}
2025-05-08 10:28:28 - INFO - NEW {'title': 'Subwoofer Magnat 302 A stan bdb', 'link': 'https://www.olx.pl/d/oferta/subwoofer-magnat-302-a-stan-bdb-CID99-ID15J3X9.html', 'price': '490 zł', 'status': 'active', 'date_found': '2025-05-08 10:28', 'date_removed': None, 'description': 'Sprzedam subwoofer firmy Magnat model 302 A . Stan bdb. Odbiór osobisty lub przesyłka.', 'images': ['https://ireland.apollo.olxcdn.com:443/v1/files/dfukbl7qka8p2-PL/image;s=423x564', 'https://ireland.apollo.olxcdn.com:443/v1/files/pc3t9a7ywun41-PL/image;s=423x564'], 'published_date': '2025-05-08 o 09:19', 'location': ''}
2025-05-08 10:28:30 - INFO - Parsed page 1, found 2 new ads.
2025-05-08 10:29:13 - INFO - Last page 13 is the same as this page. Stopping.
2025-05-08 10:29:13 - INFO - Found actual 2 ads.
2025-05-08 10:29:13 - INFO - Додаємо https://www.olx.pl/d/oferta/glosnik-centralny-magnat-vintage-center-4-CID99-ID15J5nY.html.
2025-05-08 10:29:17 - INFO - Додаємо https://www.olx.pl/d/oferta/subwoofer-magnat-302-a-stan-bdb-CID99-ID15J3X9.html.
2025-05-08 10:29:20 - INFO - ✅ HTML файл збережено: index.html
2025-05-08 11:21:35 - INFO - Found old 518 ads.
2025-05-08 11:21:45 - INFO - NEW {'title': 'Subwoofer pasywny 250wat', 'link': 'https://www.olx.pl/d/oferta/subwoofer-pasywny-250wat-CID99-ID15J9R4.html', 'price': '200 zł', 'status': 'active', 'date_found': '2025-05-08 11:21', 'date_removed': None, 'description': 'Subwoofer pasywny magnat S2 unikat można do niego podłączyć satelity działa bez zarzutu.tel 79*******24 nie wysyłam', 'images': ['https://ireland.apollo.olxcdn.com:443/v1/files/p3eho7a3grdp-PL/image;s=1500x2000', 'https://ireland.apollo.olxcdn.com:443/v1/files/rl8poqfax2il3-PL/image;s=1500x2000'], 'published_date': '2025-05-08 o 10:58', 'location': ''}
2025-05-08 11:21:47 - INFO - Parsed page 2, found 1 new ads.
2025-05-08 11:22:24 - INFO - Last page 13 is the same as this page. Stopping.
2025-05-08 11:22:24 - INFO - Found actual 1 ads.
2025-05-08 11:22:24 - INFO - Додаємо https://www.olx.pl/d/oferta/subwoofer-pasywny-250wat-CID99-ID15J9R4.html.
2025-05-08 11:22:28 - INFO - ✅ HTML файл збережено: index.html
2025-05-08 12:52:53 - INFO - Found old 519 ads.
2025-05-08 12:53:58 - INFO - Last page 13 is the same as this page. Stopping.
2025-05-08 12:53:58 - INFO - Found actual 0 ads.
2025-05-08 12:53:58 - INFO - ✅ HTML файл збережено: index.html
2025-05-08 13:34:13 - INFO - Found old 519 ads.
2025-05-08 13:34:59 - INFO - Last page 13 is the same as this page. Stopping.
2025-05-08 13:34:59 - INFO - Found actual 0 ads.
2025-05-08 13:34:59 - INFO - ✅ HTML файл збережено: index.html
