2025-06-27 03:52:40 - INFO - Обробка URL: https://www.olx.pl/elektronika/sprzet-audio/glosniki-i-kolumny/q-magnat/?courier=1, JSON: magnat.json, Thread ID: 2
2025-06-27 03:52:40 - INFO - Знайдено старих оголошень: 687
2025-06-27 03:52:53 - INFO - Last page 4 is the same as this page. Stopping.
2025-06-27 03:52:53 - INFO - Знайдено актуальних оголошень: 0
2025-06-27 03:52:53 - INFO - ✅ HTML файл збережено: magnat.html
2025-06-27 03:52:53 - INFO - Обробка URL: https://www.olx.pl/elektronika/sprzet-audio/q-wzmaczniacz/?courier=1, JSON: wzmaczniacz.json, Thread ID: 5
2025-06-27 03:52:53 - INFO - Знайдено старих оголошень: 318
2025-06-27 03:53:11 - INFO - Знайдено актуальних оголошень: 0
2025-06-27 03:53:11 - INFO - ✅ HTML файл збережено: wzmaczniacz.html
2025-06-27 06:38:33 - INFO - Обробка URL: https://www.olx.pl/elektronika/sprzet-audio/glosniki-i-kolumny/q-magnat/?courier=1, JSON: magnat.json, Thread ID: 2
2025-06-27 06:38:33 - INFO - Знайдено старих оголошень: 687
2025-06-27 06:38:48 - INFO - Last page 4 is the same as this page. Stopping.
2025-06-27 06:38:48 - INFO - Знайдено актуальних оголошень: 0
2025-06-27 06:38:48 - INFO - ✅ HTML файл збережено: magnat.html
2025-06-27 06:38:48 - INFO - Обробка URL: https://www.olx.pl/elektronika/sprzet-audio/q-wzmaczniacz/?courier=1, JSON: wzmaczniacz.json, Thread ID: 5
2025-06-27 06:38:48 - INFO - Знайдено старих оголошень: 318
2025-06-27 06:39:05 - INFO - Знайдено актуальних оголошень: 0
2025-06-27 06:39:05 - INFO - ✅ HTML файл збережено: wzmaczniacz.html
2025-06-27 07:25:57 - INFO - Обробка URL: https://www.olx.pl/elektronika/sprzet-audio/glosniki-i-kolumny/q-magnat/?courier=1, JSON: magnat.json, Thread ID: 2
2025-06-27 07:25:57 - INFO - Знайдено старих оголошень: 687
2025-06-27 07:26:08 - INFO - Last page 4 is the same as this page. Stopping.
2025-06-27 07:26:08 - INFO - Знайдено актуальних оголошень: 0
2025-06-27 07:26:08 - INFO - ✅ HTML файл збережено: magnat.html
2025-06-27 07:26:08 - INFO - Обробка URL: https://www.olx.pl/elektronika/sprzet-audio/q-wzmaczniacz/?courier=1, JSON: wzmaczniacz.json, Thread ID: 5
2025-06-27 07:26:08 - INFO - Знайдено старих оголошень: 318
2025-06-27 07:26:25 - INFO - Знайдено актуальних оголошень: 0
2025-06-27 07:26:25 - INFO - ✅ HTML файл збережено: wzmaczniacz.html
