2025-06-06 03:50:09 - INFO - Обробка URL: https://www.olx.pl/elektronika/sprzet-audio/glosniki-i-kolumny/q-magnat/?courier=1, JSON: magnat.json, Thread ID: 2
2025-06-06 03:50:09 - INFO - Знайдено старих оголошень: 649
2025-06-06 03:50:20 - INFO - Last page 4 is the same as this page. Stopping.
2025-06-06 03:50:20 - INFO - Знайдено актуальних оголошень: 0
2025-06-06 03:50:20 - INFO - ✅ HTML файл збережено: magnat.html
2025-06-06 03:50:20 - INFO - Обробка URL: https://www.olx.pl/elektronika/sprzet-audio/q-wzmaczniacz/?courier=1, JSON: wzmaczniacz.json, Thread ID: 5
2025-06-06 03:50:20 - INFO - Знайдено старих оголошень: 265
2025-06-06 03:50:35 - INFO - Знайдено актуальних оголошень: 0
2025-06-06 03:50:35 - INFO - ✅ HTML файл збережено: wzmaczniacz.html
2025-06-06 06:38:35 - INFO - Обробка URL: https://www.olx.pl/elektronika/sprzet-audio/glosniki-i-kolumny/q-magnat/?courier=1, JSON: magnat.json, Thread ID: 2
2025-06-06 06:38:35 - INFO - Знайдено старих оголошень: 649
2025-06-06 06:38:47 - INFO - Last page 4 is the same as this page. Stopping.
2025-06-06 06:38:47 - INFO - Знайдено актуальних оголошень: 0
2025-06-06 06:38:47 - INFO - ✅ HTML файл збережено: magnat.html
2025-06-06 06:38:47 - INFO - Обробка URL: https://www.olx.pl/elektronika/sprzet-audio/q-wzmaczniacz/?courier=1, JSON: wzmaczniacz.json, Thread ID: 5
2025-06-06 06:38:47 - INFO - Знайдено старих оголошень: 265
2025-06-06 06:38:53 - INFO - NEW {'title': 'Amplituner wzmacniacz Pioneer VSX-322-K  5.1 HDMI ARC sprawny 100%', 'link': 'https://www.olx.pl/d/oferta/amplituner-wzmacniacz-pioneer-vsx-322-k-5-1-hdmi-arc-sprawny-100-CID99-ID162dm3.html?reason=extended_search_extended_s2v', 'price': '520 zł', 'status': 'active', 'date_found': '2025-06-06 06:38', 'date_removed': None, 'description': 'Sprzedam amplituner 5.1 Pioneer VSX-322-KWszystko sprawne, ładny dźwięk. pilot w zestawie.Używany był z telewizorem, dzięki hdmi zwrotnemu ARC, dźwięk z telewizora idzie spowrotem do amplitunera i na głośniki.Serdecznie polecam to rozwiązanie.odbior osobisty lub wysyłka.', 'images': ['https://ireland.apollo.olxcdn.com:443/v1/files/d3rozzjuhxbs-PL/image;s=1020x768', 'https://ireland.apollo.olxcdn.com:443/v1/files/uaturwf0wxai-PL/image;s=1020x768', 'https://ireland.apollo.olxcdn.com:443/v1/files/al2dd526x5rl3-PL/image;s=1020x768', 'https://ireland.apollo.olxcdn.com:443/v1/files/xb3qzueokp471-PL/image;s=1020x768', 'https://ireland.apollo.olxcdn.com:443/v1/files/3cvwal4uw8542-PL/image;s=1020x768', 'https://ireland.apollo.olxcdn.com:443/v1/files/r4c27oeudyav2-PL/image;s=1020x768', 'https://ireland.apollo.olxcdn.com:443/v1/files/wglf76yp0u8k3-PL/image;s=1020x768', 'https://ireland.apollo.olxcdn.com:443/v1/files/18tel7d03uyf3-PL/image;s=1020x768'], 'published_date': '29 maja 2025', 'location': ''}
2025-06-06 06:38:53 - INFO - Parsed page 2, found 1 new ads.
2025-06-06 06:39:03 - INFO - Знайдено актуальних оголошень: 1
2025-06-06 06:39:03 - INFO - Додаємо https://www.olx.pl/d/oferta/amplituner-wzmacniacz-pioneer-vsx-322-k-5-1-hdmi-arc-sprawny-100-CID99-ID162dm3.html?reason=extended_search_extended_s2v.
2025-06-06 06:39:09 - INFO - Successfully sent message for ad: Amplituner wzmacniacz Pioneer VSX-322-K  5.1 HDMI ARC sprawny 100%
2025-06-06 06:39:09 - INFO - ✅ HTML файл збережено: wzmaczniacz.html
2025-06-06 07:24:42 - INFO - Обробка URL: https://www.olx.pl/elektronika/sprzet-audio/glosniki-i-kolumny/q-magnat/?courier=1, JSON: magnat.json, Thread ID: 2
2025-06-06 07:24:42 - INFO - Знайдено старих оголошень: 649
2025-06-06 07:24:55 - INFO - Last page 4 is the same as this page. Stopping.
2025-06-06 07:24:55 - INFO - Знайдено актуальних оголошень: 0
2025-06-06 07:24:55 - INFO - ✅ HTML файл збережено: magnat.html
2025-06-06 07:24:55 - INFO - Обробка URL: https://www.olx.pl/elektronika/sprzet-audio/q-wzmaczniacz/?courier=1, JSON: wzmaczniacz.json, Thread ID: 5
2025-06-06 07:24:55 - INFO - Знайдено старих оголошень: 266
2025-06-06 07:25:12 - INFO - Знайдено актуальних оголошень: 0
2025-06-06 07:25:12 - INFO - ✅ HTML файл збережено: wzmaczniacz.html
2025-06-06 08:33:47 - INFO - Обробка URL: https://www.olx.pl/elektronika/sprzet-audio/glosniki-i-kolumny/q-magnat/?courier=1, JSON: magnat.json, Thread ID: 2
2025-06-06 08:33:47 - INFO - Знайдено старих оголошень: 649
2025-06-06 08:33:57 - INFO - Last page 4 is the same as this page. Stopping.
2025-06-06 08:33:57 - INFO - Знайдено актуальних оголошень: 0
2025-06-06 08:33:57 - INFO - ✅ HTML файл збережено: magnat.html
2025-06-06 08:33:57 - INFO - Обробка URL: https://www.olx.pl/elektronika/sprzet-audio/q-wzmaczniacz/?courier=1, JSON: wzmaczniacz.json, Thread ID: 5
2025-06-06 08:33:57 - INFO - Знайдено старих оголошень: 266
2025-06-06 08:34:03 - INFO - NEW {'title': 'Głośnik 12" 8 ohm 100W.', 'link': 'https://www.olx.pl/d/oferta/glosnik-12-8-ohm-100w-CID99-ID163KFn.html?reason=extended_search_extended_s2v', 'price': '80 zł', 'status': 'active', 'date_found': '2025-06-06 08:34', 'date_removed': None, 'description': 'Głośnik dynamiczny,12" (30 cm) , 8 ohm,100 W, sprawny, praktycznie nie używany, z półki. Głośnik o charakterystyce nisko/szeroko pasmowej. Wysyłka.', 'images': ['https://ireland.apollo.olxcdn.com:443/v1/files/6e19bztz0hp41-PL/image;s=525x700', 'https://ireland.apollo.olxcdn.com:443/v1/files/py0yxbuk5pde-PL/image;s=525x700'], 'published_date': '01 czerwca 2025', 'location': ''}
2025-06-06 08:34:03 - INFO - Parsed page 2, found 1 new ads.
2025-06-06 08:34:14 - INFO - Знайдено актуальних оголошень: 1
2025-06-06 08:34:14 - INFO - Додаємо https://www.olx.pl/d/oferta/glosnik-12-8-ohm-100w-CID99-ID163KFn.html?reason=extended_search_extended_s2v.
2025-06-06 08:34:21 - INFO - Successfully sent message for ad: Głośnik 12" 8 ohm 100W.
2025-06-06 08:34:21 - INFO - ✅ HTML файл збережено: wzmaczniacz.html
